[ 2018-08-13T09:42:42+08:00 ] 111.193.201.126 //index.php/Home/Order/Order
INFO: [ app_init ] --START--
INFO: Run Behavior\BuildLiteBehavior [ RunTime:0.000000s ]
INFO: [ app_init ] --END-- [ RunTime:0.000000s ]
INFO: [ app_begin ] --START--
INFO: Run Behavior\ReadHtmlCacheBehavior [ RunTime:0.000000s ]
INFO: Run Behavior\CheckLangBehavior [ RunTime:0.000000s ]
INFO: [ app_begin ] --END-- [ RunTime:0.000000s ]
NOTIC: [8192] mysql_connect(): The mysql extension is deprecated and will be removed in the future: use mysqli or PDO instead E:\phpstudy\WWW\intelligencemine\ThinkPHP\Library\Think\Db\Driver\Mysql.class.php 第 52 行.
SQL: SHOW COLUMNS FROM `pa_personal` [ RunTime:0.000000s ]
SQL: SELECT `user_id` FROM `pa_personal` WHERE ( access_token = "e003d732454076c3fa759a6d7dbee884" ) LIMIT 1   [ RunTime:0.000000s ]

[ 2018-08-13T09:42:44+08:00 ] 111.193.201.126 //index.php/Home/Order/Order
INFO: [ app_init ] --START--
INFO: Run Behavior\BuildLiteBehavior [ RunTime:0.000000s ]
INFO: [ app_init ] --END-- [ RunTime:0.015625s ]
INFO: [ app_begin ] --START--
INFO: Run Behavior\ReadHtmlCacheBehavior [ RunTime:0.000000s ]
INFO: Run Behavior\CheckLangBehavior [ RunTime:0.000000s ]
INFO: [ app_begin ] --END-- [ RunTime:0.000000s ]
NOTIC: [8192] mysql_connect(): The mysql extension is deprecated and will be removed in the future: use mysqli or PDO instead E:\phpstudy\WWW\intelligencemine\ThinkPHP\Library\Think\Db\Driver\Mysql.class.php 第 52 行.
SQL: SHOW COLUMNS FROM `pa_personal` [ RunTime:0.015625s ]
SQL: SELECT `user_id` FROM `pa_personal` WHERE ( access_token = "e003d732454076c3fa759a6d7dbee884" ) LIMIT 1   [ RunTime:0.000000s ]

[ 2018-08-13T09:42:55+08:00 ] 111.193.201.126 /index.php/Home/Transaction/complain_list
INFO: [ app_init ] --START--
INFO: Run Behavior\BuildLiteBehavior [ RunTime:0.000000s ]
INFO: [ app_init ] --END-- [ RunTime:0.000000s ]
INFO: [ app_begin ] --START--
INFO: Run Behavior\ReadHtmlCacheBehavior [ RunTime:0.000000s ]
INFO: Run Behavior\CheckLangBehavior [ RunTime:0.015625s ]
INFO: [ app_begin ] --END-- [ RunTime:0.015625s ]
NOTIC: [8192] mysql_connect(): The mysql extension is deprecated and will be removed in the future: use mysqli or PDO instead E:\phpstudy\WWW\intelligencemine\ThinkPHP\Library\Think\Db\Driver\Mysql.class.php 第 52 行.
SQL: SHOW COLUMNS FROM `pa_personal` [ RunTime:0.000000s ]
SQL: SELECT `user_id` FROM `pa_personal` WHERE ( access_token = "e003d732454076c3fa759a6d7dbee884" ) LIMIT 1   [ RunTime:0.000000s ]

[ 2018-08-13T09:43:05+08:00 ] 111.193.201.126 //index.php/Home/Order/Order
INFO: [ app_init ] --START--
INFO: Run Behavior\BuildLiteBehavior [ RunTime:0.000000s ]
INFO: [ app_init ] --END-- [ RunTime:0.000000s ]
INFO: [ app_begin ] --START--
INFO: Run Behavior\ReadHtmlCacheBehavior [ RunTime:0.000000s ]
INFO: Run Behavior\CheckLangBehavior [ RunTime:0.000000s ]
INFO: [ app_begin ] --END-- [ RunTime:0.000000s ]
NOTIC: [8192] mysql_connect(): The mysql extension is deprecated and will be removed in the future: use mysqli or PDO instead E:\phpstudy\WWW\intelligencemine\ThinkPHP\Library\Think\Db\Driver\Mysql.class.php 第 52 行.
SQL: SHOW COLUMNS FROM `pa_personal` [ RunTime:0.000000s ]
SQL: SELECT `user_id` FROM `pa_personal` WHERE ( access_token = "e003d732454076c3fa759a6d7dbee884" ) LIMIT 1   [ RunTime:0.000000s ]

[ 2018-08-13T15:20:27+08:00 ] 111.193.201.126 /index.php/Home/Index/exchange_apply
INFO: [ app_init ] --START--
INFO: Run Behavior\BuildLiteBehavior [ RunTime:0.000000s ]
INFO: [ app_init ] --END-- [ RunTime:0.000000s ]
INFO: [ app_begin ] --START--
INFO: Run Behavior\ReadHtmlCacheBehavior [ RunTime:0.015625s ]
INFO: Run Behavior\CheckLangBehavior [ RunTime:0.000000s ]
INFO: [ app_begin ] --END-- [ RunTime:0.015625s ]
NOTIC: [8192] mysql_connect(): The mysql extension is deprecated and will be removed in the future: use mysqli or PDO instead E:\phpstudy\WWW\intelligencemine\ThinkPHP\Library\Think\Db\Driver\Mysql.class.php 第 52 行.
SQL: SHOW COLUMNS FROM `pa_personal` [ RunTime:0.000000s ]
SQL: SELECT `user_id` FROM `pa_personal` WHERE ( access_token = "e003d732454076c3fa759a6d7dbee884" ) LIMIT 1   [ RunTime:0.000000s ]

[ 2018-08-13T15:20:28+08:00 ] 111.193.201.126 /index.php/Home/Index/exchange_apply
INFO: [ app_init ] --START--
INFO: Run Behavior\BuildLiteBehavior [ RunTime:0.000000s ]
INFO: [ app_init ] --END-- [ RunTime:0.000000s ]
INFO: [ app_begin ] --START--
INFO: Run Behavior\ReadHtmlCacheBehavior [ RunTime:0.000000s ]
INFO: Run Behavior\CheckLangBehavior [ RunTime:0.000000s ]
INFO: [ app_begin ] --END-- [ RunTime:0.000000s ]
NOTIC: [8192] mysql_connect(): The mysql extension is deprecated and will be removed in the future: use mysqli or PDO instead E:\phpstudy\WWW\intelligencemine\ThinkPHP\Library\Think\Db\Driver\Mysql.class.php 第 52 行.
SQL: SHOW COLUMNS FROM `pa_personal` [ RunTime:0.015624s ]
SQL: SELECT `user_id` FROM `pa_personal` WHERE ( access_token = "e003d732454076c3fa759a6d7dbee884" ) LIMIT 1   [ RunTime:0.000000s ]

[ 2018-08-13T15:20:30+08:00 ] 111.193.201.126 /index.php/Home/Index/exchange_apply
INFO: [ app_init ] --START--
INFO: Run Behavior\BuildLiteBehavior [ RunTime:0.000000s ]
INFO: [ app_init ] --END-- [ RunTime:0.000000s ]
INFO: [ app_begin ] --START--
INFO: Run Behavior\ReadHtmlCacheBehavior [ RunTime:0.000000s ]
INFO: Run Behavior\CheckLangBehavior [ RunTime:0.000000s ]
INFO: [ app_begin ] --END-- [ RunTime:0.000000s ]
NOTIC: [8192] mysql_connect(): The mysql extension is deprecated and will be removed in the future: use mysqli or PDO instead E:\phpstudy\WWW\intelligencemine\ThinkPHP\Library\Think\Db\Driver\Mysql.class.php 第 52 行.
SQL: SHOW COLUMNS FROM `pa_personal` [ RunTime:0.000000s ]
SQL: SELECT `user_id` FROM `pa_personal` WHERE ( access_token = "e003d732454076c3fa759a6d7dbee884" ) LIMIT 1   [ RunTime:0.000000s ]

[ 2018-08-13T15:20:32+08:00 ] 111.193.201.126 /index.php/Home/Index/exchange_apply
INFO: [ app_init ] --START--
INFO: Run Behavior\BuildLiteBehavior [ RunTime:0.000000s ]
INFO: [ app_init ] --END-- [ RunTime:0.000000s ]
INFO: [ app_begin ] --START--
INFO: Run Behavior\ReadHtmlCacheBehavior [ RunTime:0.000000s ]
INFO: Run Behavior\CheckLangBehavior [ RunTime:0.000000s ]
INFO: [ app_begin ] --END-- [ RunTime:0.000000s ]
NOTIC: [8192] mysql_connect(): The mysql extension is deprecated and will be removed in the future: use mysqli or PDO instead E:\phpstudy\WWW\intelligencemine\ThinkPHP\Library\Think\Db\Driver\Mysql.class.php 第 52 行.
SQL: SHOW COLUMNS FROM `pa_personal` [ RunTime:0.000000s ]
SQL: SELECT `user_id` FROM `pa_personal` WHERE ( access_token = "e003d732454076c3fa759a6d7dbee884" ) LIMIT 1   [ RunTime:0.000000s ]

[ 2018-08-13T15:20:34+08:00 ] 111.193.201.126 /index.php/Home/Index/exchange_apply
INFO: [ app_init ] --START--
INFO: Run Behavior\BuildLiteBehavior [ RunTime:0.000000s ]
INFO: [ app_init ] --END-- [ RunTime:0.000000s ]
INFO: [ app_begin ] --START--
INFO: Run Behavior\ReadHtmlCacheBehavior [ RunTime:0.000000s ]
INFO: Run Behavior\CheckLangBehavior [ RunTime:0.000000s ]
INFO: [ app_begin ] --END-- [ RunTime:0.000000s ]
NOTIC: [8192] mysql_connect(): The mysql extension is deprecated and will be removed in the future: use mysqli or PDO instead E:\phpstudy\WWW\intelligencemine\ThinkPHP\Library\Think\Db\Driver\Mysql.class.php 第 52 行.
SQL: SHOW COLUMNS FROM `pa_personal` [ RunTime:0.000000s ]
SQL: SELECT `user_id` FROM `pa_personal` WHERE ( access_token = "e003d732454076c3fa759a6d7dbee884" ) LIMIT 1   [ RunTime:0.000000s ]

[ 2018-08-13T15:20:36+08:00 ] 111.193.201.126 /index.php/Home/Index/multiplayertransaction
INFO: [ app_init ] --START--
INFO: Run Behavior\BuildLiteBehavior [ RunTime:0.000000s ]
INFO: [ app_init ] --END-- [ RunTime:0.000000s ]
INFO: [ app_begin ] --START--
INFO: Run Behavior\ReadHtmlCacheBehavior [ RunTime:0.000000s ]
INFO: Run Behavior\CheckLangBehavior [ RunTime:0.000000s ]
INFO: [ app_begin ] --END-- [ RunTime:0.000000s ]
NOTIC: [8192] mysql_connect(): The mysql extension is deprecated and will be removed in the future: use mysqli or PDO instead E:\phpstudy\WWW\intelligencemine\ThinkPHP\Library\Think\Db\Driver\Mysql.class.php 第 52 行.
SQL: SHOW COLUMNS FROM `pa_personal` [ RunTime:0.000000s ]
SQL: SELECT `user_id`,`datakey` FROM `pa_personal` WHERE ( access_token = "e003d732454076c3fa759a6d7dbee884" ) LIMIT 1   [ RunTime:0.000000s ]

[ 2018-08-13T15:20:40+08:00 ] 111.193.201.126 /index.php/Home/Index/exchange_apply
INFO: [ app_init ] --START--
INFO: Run Behavior\BuildLiteBehavior [ RunTime:0.000000s ]
INFO: [ app_init ] --END-- [ RunTime:0.000000s ]
INFO: [ app_begin ] --START--
INFO: Run Behavior\ReadHtmlCacheBehavior [ RunTime:0.000000s ]
INFO: Run Behavior\CheckLangBehavior [ RunTime:0.000000s ]
INFO: [ app_begin ] --END-- [ RunTime:0.000000s ]
NOTIC: [8192] mysql_connect(): The mysql extension is deprecated and will be removed in the future: use mysqli or PDO instead E:\phpstudy\WWW\intelligencemine\ThinkPHP\Library\Think\Db\Driver\Mysql.class.php 第 52 行.
SQL: SHOW COLUMNS FROM `pa_personal` [ RunTime:0.000000s ]
SQL: SELECT `user_id` FROM `pa_personal` WHERE ( access_token = "e003d732454076c3fa759a6d7dbee884" ) LIMIT 1   [ RunTime:0.000000s ]

[ 2018-08-13T15:20:42+08:00 ] 111.193.201.126 /index.php/Home/Index/exchange_apply
INFO: [ app_init ] --START--
INFO: Run Behavior\BuildLiteBehavior [ RunTime:0.000000s ]
INFO: [ app_init ] --END-- [ RunTime:0.000000s ]
INFO: [ app_begin ] --START--
INFO: Run Behavior\ReadHtmlCacheBehavior [ RunTime:0.000000s ]
INFO: Run Behavior\CheckLangBehavior [ RunTime:0.000000s ]
INFO: [ app_begin ] --END-- [ RunTime:0.000000s ]
NOTIC: [8192] mysql_connect(): The mysql extension is deprecated and will be removed in the future: use mysqli or PDO instead E:\phpstudy\WWW\intelligencemine\ThinkPHP\Library\Think\Db\Driver\Mysql.class.php 第 52 行.
SQL: SHOW COLUMNS FROM `pa_personal` [ RunTime:0.000000s ]
SQL: SELECT `user_id` FROM `pa_personal` WHERE ( access_token = "e003d732454076c3fa759a6d7dbee884" ) LIMIT 1   [ RunTime:0.000000s ]

[ 2018-08-13T15:51:37+08:00 ] 111.193.201.126 /index.php/Home/Index/exchange_apply
INFO: [ app_init ] --START--
INFO: Run Behavior\BuildLiteBehavior [ RunTime:0.000000s ]
INFO: [ app_init ] --END-- [ RunTime:0.000000s ]
INFO: [ app_begin ] --START--
INFO: Run Behavior\ReadHtmlCacheBehavior [ RunTime:0.000000s ]
INFO: Run Behavior\CheckLangBehavior [ RunTime:0.000000s ]
INFO: [ app_begin ] --END-- [ RunTime:0.000000s ]
NOTIC: [8192] mysql_connect(): The mysql extension is deprecated and will be removed in the future: use mysqli or PDO instead E:\phpstudy\WWW\intelligencemine\ThinkPHP\Library\Think\Db\Driver\Mysql.class.php 第 52 行.
SQL: SHOW COLUMNS FROM `pa_personal` [ RunTime:0.000000s ]
SQL: SELECT `user_id` FROM `pa_personal` WHERE ( access_token = "e003d732454076c3fa759a6d7dbee884" ) LIMIT 1   [ RunTime:0.000000s ]

[ 2018-08-13T18:44:44+08:00 ] 101.38.88.158 /index.php/Home/Index/
INFO: [ app_init ] --START--
INFO: Run Behavior\BuildLiteBehavior [ RunTime:0.000000s ]
INFO: [ app_init ] --END-- [ RunTime:0.000976s ]
INFO: [ app_begin ] --START--
INFO: Run Behavior\ReadHtmlCacheBehavior [ RunTime:0.000976s ]
INFO: Run Behavior\CheckLangBehavior [ RunTime:0.001953s ]
INFO: [ app_begin ] --END-- [ RunTime:0.002929s ]
NOTIC: [8192] mysql_connect(): The mysql extension is deprecated and will be removed in the future: use mysqli or PDO instead E:\phpstudy\WWW\intelligencemine\ThinkPHP\Library\Think\Db\Driver\Mysql.class.php 第 52 行.
SQL: SHOW COLUMNS FROM `pa_personal` [ RunTime:0.008788s ]
SQL: SELECT `user_id`,`user_img`,`mineral`,`user_tel`,`suanli`,`user_nickname`,`user_number`,`user_jine`,`dig` FROM `pa_personal` WHERE ( access_token = "4c6b824ba27940e9dd4fe7693d7b7dc5" ) LIMIT 1   [ RunTime:0.000977s ]
SQL: SHOW COLUMNS FROM `pa_mining` [ RunTime:0.006835s ]
SQL: INSERT INTO `pa_mining` (`user_id`,`createtime`,`receive`,`title`,`bid`,`number`) VALUES (86,1534157083,0,'BOW',3,0.0058) [ RunTime:0.002930s ]
SQL: INSERT INTO `pa_mining` (`user_id`,`createtime`,`receive`,`title`,`bid`,`number`) VALUES (86,1534157083,0,'BOW',3,0.00608) [ RunTime:0.001953s ]
SQL: SHOW COLUMNS FROM `pa_computing` [ RunTime:0.010741s ]
SQL: SELECT * FROM `pa_computing` WHERE ( user_id = "86" and type = "sign" and createtime > "1534089600" ) LIMIT 1   [ RunTime:0.008789s ]
SQL: SHOW COLUMNS FROM `pa_liveset` [ RunTime:0.012694s ]
SQL: SELECT * FROM `pa_liveset` LIMIT 1   [ RunTime:0.000000s ]
SQL: SELECT `user_id`,`suanli`,`user_nickname` FROM `pa_personal` ORDER BY suanli desc  [ RunTime:0.000976s ]
SQL: SELECT COUNT(*) AS tp_count FROM `pa_mining` WHERE ( receive_time > "1534089600" ) LIMIT 1   [ RunTime:0.001953s ]
SQL: SELECT COUNT(*) AS tp_count FROM `pa_mining` LIMIT 1   [ RunTime:0.003906s ]
SQL: SELECT `number`,`title`,`id` FROM `pa_mining` WHERE ( user_id = "86" and receive = 0 ) ORDER BY createtime desc  [ RunTime:0.001953s ]
SQL: SELECT number insur,`receive_time`,`title` FROM `pa_mining` WHERE ( user_id = "86" and receive = 1 ) ORDER BY receive_time desc LIMIT 4   [ RunTime:0.001953s ]

[ 2018-08-13T18:44:44+08:00 ] 101.38.88.158 /Index/article
INFO: [ app_init ] --START--
INFO: Run Behavior\BuildLiteBehavior [ RunTime:0.000976s ]
INFO: [ app_init ] --END-- [ RunTime:0.000976s ]
INFO: [ app_begin ] --START--
INFO: Run Behavior\ReadHtmlCacheBehavior [ RunTime:0.000976s ]
INFO: Run Behavior\CheckLangBehavior [ RunTime:0.001953s ]
INFO: [ app_begin ] --END-- [ RunTime:0.002929s ]
NOTIC: [8192] mysql_connect(): The mysql extension is deprecated and will be removed in the future: use mysqli or PDO instead E:\phpstudy\WWW\intelligencemine\ThinkPHP\Library\Think\Db\Driver\Mysql.class.php 第 52 行.
SQL: SHOW COLUMNS FROM pa_news n [ RunTime:0.000000s ]
ERR: 1064:You have an error in your SQL syntax; check the manual that corresponds to your MySQL server version for the right syntax to use near 'n' at line 1
 [ SQL语句 ] : SHOW COLUMNS FROM pa_news n
SQL: SELECT * FROM pa_news n INNER JOIN pa_category c on c.cid = n.cid  WHERE ( c.name = "头条新闻" )  [ RunTime:0.038083s ]

[ 2018-08-13T18:44:45+08:00 ] 101.38.88.158 /index.php/Home/index/sign/
INFO: [ app_init ] --START--
INFO: Run Behavior\BuildLiteBehavior [ RunTime:0.000000s ]
INFO: [ app_init ] --END-- [ RunTime:0.000976s ]
INFO: [ app_begin ] --START--
INFO: Run Behavior\ReadHtmlCacheBehavior [ RunTime:0.000976s ]
INFO: Run Behavior\CheckLangBehavior [ RunTime:0.000977s ]
INFO: [ app_begin ] --END-- [ RunTime:0.001953s ]
NOTIC: [8192] mysql_connect(): The mysql extension is deprecated and will be removed in the future: use mysqli or PDO instead E:\phpstudy\WWW\intelligencemine\ThinkPHP\Library\Think\Db\Driver\Mysql.class.php 第 52 行.
SQL: SHOW COLUMNS FROM `pa_personal` [ RunTime:0.012694s ]
SQL: SELECT `user_id` FROM `pa_personal` WHERE ( access_token = "4c6b824ba27940e9dd4fe7693d7b7dc5" ) LIMIT 1   [ RunTime:0.000977s ]
SQL: SHOW COLUMNS FROM `pa_computing` [ RunTime:0.011718s ]
SQL: SELECT * FROM `pa_computing` WHERE ( user_id = "86" and type = "sign" and createtime > "1534089600" ) LIMIT 1   [ RunTime:0.009765s ]
SQL: INSERT INTO `pa_computing` (`user_id`,`suanli`,`type`,`inout`,`currency`,`createtime`) VALUES (86,1,'签到','in','suanli',1534157085) [ RunTime:0.002929s ]

[ 2018-08-13T18:44:46+08:00 ] 101.38.88.158 /index.php/Home/My/myMessage/
INFO: [ app_init ] --START--
INFO: Run Behavior\BuildLiteBehavior [ RunTime:0.000000s ]
INFO: [ app_init ] --END-- [ RunTime:0.000000s ]
INFO: [ app_begin ] --START--
INFO: Run Behavior\ReadHtmlCacheBehavior [ RunTime:0.000000s ]
INFO: Run Behavior\CheckLangBehavior [ RunTime:0.001953s ]
INFO: [ app_begin ] --END-- [ RunTime:0.001953s ]
NOTIC: [8192] mysql_connect(): The mysql extension is deprecated and will be removed in the future: use mysqli or PDO instead E:\phpstudy\WWW\intelligencemine\ThinkPHP\Library\Think\Db\Driver\Mysql.class.php 第 52 行.
SQL: SHOW COLUMNS FROM `pa_personal` [ RunTime:0.011718s ]
SQL: SELECT `user_id`,`user_number`,`user_img`,`user_nickname`,`suanli`,`flowsuanli`,`mineral`,`identity`,`user_tel`,`payword` FROM `pa_personal` WHERE ( access_token = "4c6b824ba27940e9dd4fe7693d7b7dc5" ) LIMIT 1   [ RunTime:0.000976s ]

[ 2018-08-13T18:44:49+08:00 ] 101.38.88.158 /index.php/Home/Index/Mypay
INFO: [ app_init ] --START--
INFO: Run Behavior\BuildLiteBehavior [ RunTime:0.000000s ]
INFO: [ app_init ] --END-- [ RunTime:0.000000s ]
INFO: [ app_begin ] --START--
INFO: Run Behavior\ReadHtmlCacheBehavior [ RunTime:0.000976s ]
INFO: Run Behavior\CheckLangBehavior [ RunTime:0.001953s ]
INFO: [ app_begin ] --END-- [ RunTime:0.002929s ]
NOTIC: [8192] mysql_connect(): The mysql extension is deprecated and will be removed in the future: use mysqli or PDO instead E:\phpstudy\WWW\intelligencemine\ThinkPHP\Library\Think\Db\Driver\Mysql.class.php 第 52 行.
SQL: SHOW COLUMNS FROM `pa_personal` [ RunTime:0.007812s ]
SQL: SELECT `user_id`,`user_password`,`payword` FROM `pa_personal` WHERE ( access_token = "4c6b824ba27940e9dd4fe7693d7b7dc5" ) LIMIT 1   [ RunTime:0.000977s ]
SQL: SHOW COLUMNS FROM `pa_account` [ RunTime:0.011718s ]
SQL: SELECT * FROM `pa_account` WHERE ( user_id = "86" and account_number_name=1 ) LIMIT 1   [ RunTime:0.000976s ]
SQL: SELECT * FROM `pa_account` WHERE ( user_id = "86" and account_number_name=2 ) LIMIT 1   [ RunTime:0.000000s ]
SQL: SHOW COLUMNS FROM `pa_bankinfo` [ RunTime:0.022460s ]
SQL: SELECT * FROM `pa_bankinfo` WHERE ( user_id = "86" ) LIMIT 1   [ RunTime:0.000976s ]

[ 2018-08-13T18:45:08+08:00 ] 101.38.88.158 /index.php/Home/My/myMessage/
INFO: [ app_init ] --START--
INFO: Run Behavior\BuildLiteBehavior [ RunTime:0.000000s ]
INFO: [ app_init ] --END-- [ RunTime:0.000000s ]
INFO: [ app_begin ] --START--
INFO: Run Behavior\ReadHtmlCacheBehavior [ RunTime:0.000977s ]
INFO: Run Behavior\CheckLangBehavior [ RunTime:0.000976s ]
INFO: [ app_begin ] --END-- [ RunTime:0.001953s ]
NOTIC: [8192] mysql_connect(): The mysql extension is deprecated and will be removed in the future: use mysqli or PDO instead E:\phpstudy\WWW\intelligencemine\ThinkPHP\Library\Think\Db\Driver\Mysql.class.php 第 52 行.
SQL: SHOW COLUMNS FROM `pa_personal` [ RunTime:0.009765s ]
SQL: SELECT `user_id`,`user_number`,`user_img`,`user_nickname`,`suanli`,`flowsuanli`,`mineral`,`identity`,`user_tel`,`payword` FROM `pa_personal` WHERE ( access_token = "4c6b824ba27940e9dd4fe7693d7b7dc5" ) LIMIT 1   [ RunTime:0.000977s ]

[ 2018-08-13T18:45:17+08:00 ] 101.38.88.158 /Index/block
INFO: [ app_init ] --START--
INFO: Run Behavior\BuildLiteBehavior [ RunTime:0.000000s ]
INFO: [ app_init ] --END-- [ RunTime:0.000000s ]
INFO: [ app_begin ] --START--
INFO: Run Behavior\ReadHtmlCacheBehavior [ RunTime:0.000000s ]
INFO: Run Behavior\CheckLangBehavior [ RunTime:0.000977s ]
INFO: [ app_begin ] --END-- [ RunTime:0.000977s ]
NOTIC: [8192] mysql_connect(): The mysql extension is deprecated and will be removed in the future: use mysqli or PDO instead E:\phpstudy\WWW\intelligencemine\ThinkPHP\Library\Think\Db\Driver\Mysql.class.php 第 52 行.
SQL: SHOW COLUMNS FROM `pa_personal` [ RunTime:0.006836s ]
SQL: SELECT COUNT(*) AS tp_count FROM `pa_personal` LIMIT 1   [ RunTime:0.000000s ]
SQL: SELECT COUNT(*) AS tp_count FROM `pa_personal` WHERE ( user_type != 1 ) LIMIT 1   [ RunTime:0.000000s ]
SQL: SHOW COLUMNS FROM `pa_ad` [ RunTime:0.023436s ]
SQL: SELECT `id`,`ad_link`,`ad_img` FROM `pa_ad` WHERE ( position = "blockworld" ) ORDER BY sort desc LIMIT 1   [ RunTime:0.000976s ]
SQL: SELECT `ad_link`,`ad_img` FROM `pa_ad` WHERE ( position = "banner" ) ORDER BY sort desc  [ RunTime:0.000000s ]
SQL: SHOW COLUMNS FROM pa_news n [ RunTime:0.000977s ]
ERR: 1064:You have an error in your SQL syntax; check the manual that corresponds to your MySQL server version for the right syntax to use near 'n' at line 1
 [ SQL语句 ] : SHOW COLUMNS FROM pa_news n
SQL: SELECT `title`,`id` FROM pa_news n INNER JOIN pa_category c on c.cid = n.cid  WHERE ( c.name = "城市公告" )  [ RunTime:0.000000s ]
SQL: SELECT `title`,`id` FROM pa_news n INNER JOIN pa_category c on c.cid = n.cid  WHERE ( c.name = "BlockWorld挖矿简介" )  [ RunTime:0.000976s ]

