[ 2018-09-29T19:01:17+08:00 ] 27.18.114.183 /wakuang/font/iconfont.css
INFO: [ app_init ] --START--
INFO: Run Behavior\BuildLiteBehavior [ RunTime:0.000000s ]
INFO: [ app_init ] --END-- [ RunTime:0.000000s ]
INFO: [ app_begin ] --START--
INFO: Run Behavior\ReadHtmlCacheBehavior [ RunTime:0.000000s ]
INFO: Run Behavior\CheckLangBehavior [ RunTime:0.000000s ]
INFO: [ app_begin ] --END-- [ RunTime:0.000000s ]
ERR: 无法加载控制器:Wakuang

[ 2018-09-29T19:01:19+08:00 ] 27.18.114.183 /index.php/Home/Index/enterprise
INFO: [ app_init ] --START--
INFO: Run Behavior\BuildLiteBehavior [ RunTime:0.000000s ]
INFO: [ app_init ] --END-- [ RunTime:0.000000s ]
INFO: [ app_begin ] --START--
INFO: Run Behavior\ReadHtmlCacheBehavior [ RunTime:0.000000s ]
INFO: Run Behavior\CheckLangBehavior [ RunTime:0.000000s ]
INFO: [ app_begin ] --END-- [ RunTime:0.000000s ]
NOTIC: [8192] mysql_connect(): The mysql extension is deprecated and will be removed in the future: use mysqli or PDO instead E:\phpstudy\WWW\intelligencemine\ThinkPHP\Library\Think\Db\Driver\Mysql.class.php 第 52 行.
SQL: SHOW COLUMNS FROM `pa_enterprise` [ RunTime:0.000000s ]
SQL: SELECT * FROM `pa_enterprise` WHERE ( moren=1 ) LIMIT 1   [ RunTime:0.015624s ]

[ 2018-09-29T19:01:20+08:00 ] 27.18.114.183 /index.php/My/with_set
INFO: [ app_init ] --START--
INFO: Run Behavior\BuildLiteBehavior [ RunTime:0.000000s ]
INFO: [ app_init ] --END-- [ RunTime:0.000000s ]
INFO: [ app_begin ] --START--
INFO: Run Behavior\ReadHtmlCacheBehavior [ RunTime:0.000000s ]
INFO: Run Behavior\CheckLangBehavior [ RunTime:0.000000s ]
INFO: [ app_begin ] --END-- [ RunTime:0.000000s ]
NOTIC: [8192] mysql_connect(): The mysql extension is deprecated and will be removed in the future: use mysqli or PDO instead E:\phpstudy\WWW\intelligencemine\ThinkPHP\Library\Think\Db\Driver\Mysql.class.php 第 52 行.
SQL: SHOW COLUMNS FROM `pa_personal` [ RunTime:0.000000s ]
SQL: SELECT * FROM `pa_personal` WHERE ( access_token = "5eb61d0cdb1fdca0ed8dd9c3f684924f" ) LIMIT 1   [ RunTime:0.000000s ]
SQL: SHOW COLUMNS FROM `pa_liveset` [ RunTime:0.015625s ]
SQL: SELECT `service_fee`,`zec_ratio` FROM `pa_liveset` LIMIT 1   [ RunTime:0.000000s ]
SQL: SHOW COLUMNS FROM `pa_e_wallet` [ RunTime:0.015625s ]
SQL: SELECT * FROM `pa_e_wallet` WHERE ( id = (null) ) LIMIT 1   [ RunTime:0.000000s ]

[ 2018-09-29T19:01:38+08:00 ] 27.18.114.183 /wakuang/font/iconfont.css
INFO: [ app_init ] --START--
INFO: Run Behavior\BuildLiteBehavior [ RunTime:0.000000s ]
INFO: [ app_init ] --END-- [ RunTime:0.000000s ]
INFO: [ app_begin ] --START--
INFO: Run Behavior\ReadHtmlCacheBehavior [ RunTime:0.000000s ]
INFO: Run Behavior\CheckLangBehavior [ RunTime:0.000000s ]
INFO: [ app_begin ] --END-- [ RunTime:0.000000s ]
ERR: 无法加载控制器:Wakuang

[ 2018-09-29T19:01:39+08:00 ] 27.18.114.183 /index.php/My/with_set
INFO: [ app_init ] --START--
INFO: Run Behavior\BuildLiteBehavior [ RunTime:0.000000s ]
INFO: [ app_init ] --END-- [ RunTime:0.000000s ]
INFO: [ app_begin ] --START--
INFO: Run Behavior\ReadHtmlCacheBehavior [ RunTime:0.000000s ]
INFO: Run Behavior\CheckLangBehavior [ RunTime:0.000000s ]
INFO: [ app_begin ] --END-- [ RunTime:0.000000s ]
NOTIC: [8192] mysql_connect(): The mysql extension is deprecated and will be removed in the future: use mysqli or PDO instead E:\phpstudy\WWW\intelligencemine\ThinkPHP\Library\Think\Db\Driver\Mysql.class.php 第 52 行.
SQL: SHOW COLUMNS FROM `pa_personal` [ RunTime:0.015624s ]
SQL: SELECT * FROM `pa_personal` WHERE ( access_token = "5eb61d0cdb1fdca0ed8dd9c3f684924f" ) LIMIT 1   [ RunTime:0.000000s ]
SQL: SHOW COLUMNS FROM `pa_liveset` [ RunTime:0.015625s ]
SQL: SELECT `service_fee`,`zec_ratio` FROM `pa_liveset` LIMIT 1   [ RunTime:0.000000s ]
SQL: SHOW COLUMNS FROM `pa_e_wallet` [ RunTime:0.000000s ]
SQL: SELECT * FROM `pa_e_wallet` WHERE ( user_id = 2 and moren=1 ) LIMIT 1   [ RunTime:0.000000s ]

[ 2018-09-29T19:01:41+08:00 ] 27.18.114.183 /wakuang/font/iconfont.css
INFO: [ app_init ] --START--
INFO: Run Behavior\BuildLiteBehavior [ RunTime:0.000000s ]
INFO: [ app_init ] --END-- [ RunTime:0.000000s ]
INFO: [ app_begin ] --START--
INFO: Run Behavior\ReadHtmlCacheBehavior [ RunTime:0.000000s ]
INFO: Run Behavior\CheckLangBehavior [ RunTime:0.000000s ]
INFO: [ app_begin ] --END-- [ RunTime:0.000000s ]
ERR: 无法加载控制器:Wakuang

[ 2018-09-29T19:01:42+08:00 ] 27.18.114.183 /index.php/Home/Index/enterprise
INFO: [ app_init ] --START--
INFO: Run Behavior\BuildLiteBehavior [ RunTime:0.000000s ]
INFO: [ app_init ] --END-- [ RunTime:0.000000s ]
INFO: [ app_begin ] --START--
INFO: Run Behavior\ReadHtmlCacheBehavior [ RunTime:0.000000s ]
INFO: Run Behavior\CheckLangBehavior [ RunTime:0.015625s ]
INFO: [ app_begin ] --END-- [ RunTime:0.015625s ]
NOTIC: [8192] mysql_connect(): The mysql extension is deprecated and will be removed in the future: use mysqli or PDO instead E:\phpstudy\WWW\intelligencemine\ThinkPHP\Library\Think\Db\Driver\Mysql.class.php 第 52 行.
SQL: SHOW COLUMNS FROM `pa_enterprise` [ RunTime:0.000000s ]
SQL: SELECT * FROM `pa_enterprise` WHERE ( moren=1 ) LIMIT 1   [ RunTime:0.000000s ]

[ 2018-09-29T19:01:43+08:00 ] 27.18.114.183 /index.php/My/with_set
INFO: [ app_init ] --START--
INFO: Run Behavior\BuildLiteBehavior [ RunTime:0.000000s ]
INFO: [ app_init ] --END-- [ RunTime:0.000000s ]
INFO: [ app_begin ] --START--
INFO: Run Behavior\ReadHtmlCacheBehavior [ RunTime:0.000000s ]
INFO: Run Behavior\CheckLangBehavior [ RunTime:0.000000s ]
INFO: [ app_begin ] --END-- [ RunTime:0.000000s ]
NOTIC: [8192] mysql_connect(): The mysql extension is deprecated and will be removed in the future: use mysqli or PDO instead E:\phpstudy\WWW\intelligencemine\ThinkPHP\Library\Think\Db\Driver\Mysql.class.php 第 52 行.
SQL: SHOW COLUMNS FROM `pa_personal` [ RunTime:0.000000s ]
SQL: SELECT * FROM `pa_personal` WHERE ( access_token = "5eb61d0cdb1fdca0ed8dd9c3f684924f" ) LIMIT 1   [ RunTime:0.000000s ]
SQL: SHOW COLUMNS FROM `pa_liveset` [ RunTime:0.015624s ]
SQL: SELECT `service_fee`,`zec_ratio` FROM `pa_liveset` LIMIT 1   [ RunTime:0.000000s ]
SQL: SHOW COLUMNS FROM `pa_e_wallet` [ RunTime:0.015625s ]
SQL: SELECT * FROM `pa_e_wallet` WHERE ( id = (null) ) LIMIT 1   [ RunTime:0.000000s ]

[ 2018-09-29T19:02:14+08:00 ] 27.18.114.183 /index.php/My/top_up
INFO: [ app_init ] --START--
INFO: Run Behavior\BuildLiteBehavior [ RunTime:0.000000s ]
INFO: [ app_init ] --END-- [ RunTime:0.000000s ]
INFO: [ app_begin ] --START--
INFO: Run Behavior\ReadHtmlCacheBehavior [ RunTime:0.000000s ]
INFO: Run Behavior\CheckLangBehavior [ RunTime:0.000000s ]
INFO: [ app_begin ] --END-- [ RunTime:0.000000s ]
NOTIC: [8192] mysql_connect(): The mysql extension is deprecated and will be removed in the future: use mysqli or PDO instead E:\phpstudy\WWW\intelligencemine\ThinkPHP\Library\Think\Db\Driver\Mysql.class.php 第 52 行.
SQL: SHOW COLUMNS FROM `pa_personal` [ RunTime:0.000000s ]
SQL: SELECT * FROM `pa_personal` WHERE ( access_token = "5eb61d0cdb1fdca0ed8dd9c3f684924f" ) LIMIT 1   [ RunTime:0.000000s ]
SQL: SHOW COLUMNS FROM `pa_top_up` [ RunTime:0.015625s ]
SQL: INSERT INTO `pa_top_up` (`bow_money`,`zec_money`,`enterprise`,`number`,`is_voucher`,`status`,`createtime`,`save_time`,`user_id`) VALUES ('10000','12.5',1,'7BA9B07273A4CF',0,0,1538218934,1538218934,2) [ RunTime:0.000000s ]

[ 2018-09-29T19:02:16+08:00 ] 27.18.114.183 /index.php/Home/Transaction/exchange_apply_info
INFO: [ app_init ] --START--
INFO: Run Behavior\BuildLiteBehavior [ RunTime:0.000000s ]
INFO: [ app_init ] --END-- [ RunTime:0.000000s ]
INFO: [ app_begin ] --START--
INFO: Run Behavior\ReadHtmlCacheBehavior [ RunTime:0.000000s ]
INFO: Run Behavior\CheckLangBehavior [ RunTime:0.000000s ]
INFO: [ app_begin ] --END-- [ RunTime:0.000000s ]
NOTIC: [8192] mysql_connect(): The mysql extension is deprecated and will be removed in the future: use mysqli or PDO instead E:\phpstudy\WWW\intelligencemine\ThinkPHP\Library\Think\Db\Driver\Mysql.class.php 第 52 行.
SQL: SHOW COLUMNS FROM `pa_personal` [ RunTime:0.000000s ]
SQL: SELECT * FROM `pa_personal` WHERE ( access_token = "5eb61d0cdb1fdca0ed8dd9c3f684924f" ) LIMIT 1   [ RunTime:0.000000s ]
SQL: SHOW COLUMNS FROM `pa_apply` [ RunTime:0.000000s ]
SQL: SELECT `applynumbers`,`applyzongjia`,`beexchangenumber`,`state` FROM `pa_apply` WHERE ( user_id = "2" and applynumber = "7BA9B07273A4CF" ) LIMIT 1   [ RunTime:0.000000s ]
SQL: SHOW COLUMNS FROM `pa_exchange` [ RunTime:0.015625s ]
SQL: SELECT `userid`,`exnum`,`extype`,`exprice` FROM `pa_exchange` WHERE ( exnumber = "" ) LIMIT 1   [ RunTime:0.000000s ]
SQL: SELECT `user_nickname` FROM `pa_personal` WHERE ( user_id = "" ) LIMIT 1   [ RunTime:0.000000s ]
NOTIC: [2] array_merge(): Argument #1 is not an array E:\phpstudy\WWW\intelligencemine\Application\Home\Controller\TransactionController.class.php 第 236 行.
NOTIC: [8] Undefined index: extype E:\phpstudy\WWW\intelligencemine\Application\Home\Controller\TransactionController.class.php 第 240 行.
NOTIC: [8] Undefined index: extype E:\phpstudy\WWW\intelligencemine\Application\Home\Controller\TransactionController.class.php 第 242 行.

[ 2018-09-29T19:02:37+08:00 ] 27.18.114.183 /index.php/My/top_up_voucher
INFO: [ app_init ] --START--
INFO: Run Behavior\BuildLiteBehavior [ RunTime:0.000000s ]
INFO: [ app_init ] --END-- [ RunTime:0.000000s ]
INFO: [ app_begin ] --START--
INFO: Run Behavior\ReadHtmlCacheBehavior [ RunTime:0.000000s ]
INFO: Run Behavior\CheckLangBehavior [ RunTime:0.000000s ]
INFO: [ app_begin ] --END-- [ RunTime:0.000000s ]
NOTIC: [8192] mysql_connect(): The mysql extension is deprecated and will be removed in the future: use mysqli or PDO instead E:\phpstudy\WWW\intelligencemine\ThinkPHP\Library\Think\Db\Driver\Mysql.class.php 第 52 行.
SQL: SHOW COLUMNS FROM `pa_personal` [ RunTime:0.000000s ]
SQL: SELECT * FROM `pa_personal` WHERE ( access_token = "5eb61d0cdb1fdca0ed8dd9c3f684924f" ) LIMIT 1   [ RunTime:0.000000s ]
SQL: SHOW COLUMNS FROM `pa_top_up` [ RunTime:0.015625s ]
SQL: SELECT * FROM `pa_top_up` WHERE ( number = '7BA9B07273A4CF' and is_voucher=0 ) LIMIT 1   [ RunTime:0.000000s ]
SQL: SHOW COLUMNS FROM `pa_voucher` [ RunTime:0.000000s ]
SQL: INSERT INTO `pa_voucher` (`voucher_path`,`user_id`,`createtime`,`apply_number`,`type`) VALUES ('/Uploads/Upload/msectime/2018-09-29/316295baf5bcd00520.png',2,1538218957,'7BA9B07273A4CF',3) [ RunTime:0.000000s ]
SQL: UPDATE `pa_top_up` SET `is_voucher`=1,`save_time`=1538218957 WHERE ( number = '7BA9B07273A4CF' and is_voucher=0 ) [ RunTime:0.000000s ]

[ 2018-09-29T19:02:38+08:00 ] 27.18.114.183 /index.php/My/top_up_list
INFO: [ app_init ] --START--
INFO: Run Behavior\BuildLiteBehavior [ RunTime:0.000000s ]
INFO: [ app_init ] --END-- [ RunTime:0.000000s ]
INFO: [ app_begin ] --START--
INFO: Run Behavior\ReadHtmlCacheBehavior [ RunTime:0.000000s ]
INFO: Run Behavior\CheckLangBehavior [ RunTime:0.000000s ]
INFO: [ app_begin ] --END-- [ RunTime:0.000000s ]
NOTIC: [8192] mysql_connect(): The mysql extension is deprecated and will be removed in the future: use mysqli or PDO instead E:\phpstudy\WWW\intelligencemine\ThinkPHP\Library\Think\Db\Driver\Mysql.class.php 第 52 行.
SQL: SHOW COLUMNS FROM `pa_personal` [ RunTime:0.000000s ]
SQL: SELECT * FROM `pa_personal` WHERE ( access_token = "5eb61d0cdb1fdca0ed8dd9c3f684924f" ) LIMIT 1   [ RunTime:0.000000s ]
NOTIC: [8] Undefined index: status E:\phpstudy\WWW\intelligencemine\Application\Home\Controller\MyController.class.php 第 634 行.
SQL: SHOW COLUMNS FROM `pa_top_up` [ RunTime:0.000000s ]
SQL: SELECT * FROM `pa_top_up` WHERE ( `user_id` = 2 )  [ RunTime:0.000000s ]

[ 2018-09-29T19:02:56+08:00 ] 27.18.114.183 /Index/block
INFO: [ app_init ] --START--
INFO: Run Behavior\BuildLiteBehavior [ RunTime:0.000000s ]
INFO: [ app_init ] --END-- [ RunTime:0.000000s ]
INFO: [ app_begin ] --START--
INFO: Run Behavior\ReadHtmlCacheBehavior [ RunTime:0.000000s ]
INFO: Run Behavior\CheckLangBehavior [ RunTime:0.000000s ]
INFO: [ app_begin ] --END-- [ RunTime:0.000000s ]
NOTIC: [8192] mysql_connect(): The mysql extension is deprecated and will be removed in the future: use mysqli or PDO instead E:\phpstudy\WWW\intelligencemine\ThinkPHP\Library\Think\Db\Driver\Mysql.class.php 第 52 行.
SQL: SHOW COLUMNS FROM `pa_personal` [ RunTime:0.000000s ]
SQL: SELECT * FROM `pa_personal` WHERE ( access_token = "5eb61d0cdb1fdca0ed8dd9c3f684924f" ) LIMIT 1   [ RunTime:0.000000s ]
SQL: SELECT COUNT(*) AS tp_count FROM `pa_personal` LIMIT 1   [ RunTime:0.000000s ]
SQL: SELECT COUNT(*) AS tp_count FROM `pa_personal` WHERE ( user_type != 1 ) LIMIT 1   [ RunTime:0.000000s ]
SQL: SHOW COLUMNS FROM `pa_ad` [ RunTime:0.015625s ]
SQL: SELECT `id`,`ad_link`,`ad_img` FROM `pa_ad` WHERE ( position = "blockworld" ) ORDER BY sort desc LIMIT 1   [ RunTime:0.000000s ]
SQL: SELECT `ad_link`,`ad_img` FROM `pa_ad` WHERE ( position = "banner" ) ORDER BY sort desc  [ RunTime:0.000000s ]
SQL: SHOW COLUMNS FROM pa_news n [ RunTime:0.000000s ]
ERR: 1064:You have an error in your SQL syntax; check the manual that corresponds to your MySQL server version for the right syntax to use near 'n' at line 1
 [ SQL语句 ] : SHOW COLUMNS FROM pa_news n
SQL: SELECT `title`,`id` FROM pa_news n INNER JOIN pa_category c on c.cid = n.cid  WHERE ( c.name = "城市公告" )  [ RunTime:0.000000s ]
SQL: SELECT `title`,`id` FROM pa_news n INNER JOIN pa_category c on c.cid = n.cid  WHERE ( c.name = "BlockWorld挖矿简介" )  [ RunTime:0.000000s ]
SQL: SHOW COLUMNS FROM `pa_liveset` [ RunTime:0.000000s ]
SQL: SELECT * FROM `pa_liveset` LIMIT 1   [ RunTime:0.000000s ]

[ 2018-09-29T19:02:59+08:00 ] 27.18.114.183 /wakuang/font/iconfont.css
INFO: [ app_init ] --START--
INFO: Run Behavior\BuildLiteBehavior [ RunTime:0.000000s ]
INFO: [ app_init ] --END-- [ RunTime:0.000000s ]
INFO: [ app_begin ] --START--
INFO: Run Behavior\ReadHtmlCacheBehavior [ RunTime:0.000000s ]
INFO: Run Behavior\CheckLangBehavior [ RunTime:0.000000s ]
INFO: [ app_begin ] --END-- [ RunTime:0.000000s ]
ERR: 无法加载控制器:Wakuang

[ 2018-09-29T19:03:01+08:00 ] 27.18.114.183 /index.php/Home/Index/enterprise
INFO: [ app_init ] --START--
INFO: Run Behavior\BuildLiteBehavior [ RunTime:0.000000s ]
INFO: [ app_init ] --END-- [ RunTime:0.000000s ]
INFO: [ app_begin ] --START--
INFO: Run Behavior\ReadHtmlCacheBehavior [ RunTime:0.000000s ]
INFO: Run Behavior\CheckLangBehavior [ RunTime:0.000000s ]
INFO: [ app_begin ] --END-- [ RunTime:0.000000s ]
NOTIC: [8192] mysql_connect(): The mysql extension is deprecated and will be removed in the future: use mysqli or PDO instead E:\phpstudy\WWW\intelligencemine\ThinkPHP\Library\Think\Db\Driver\Mysql.class.php 第 52 行.
SQL: SHOW COLUMNS FROM `pa_enterprise` [ RunTime:0.015624s ]
SQL: SELECT * FROM `pa_enterprise` WHERE ( moren=1 ) LIMIT 1   [ RunTime:0.000000s ]

[ 2018-09-29T19:03:02+08:00 ] 27.18.114.183 /index.php/My/with_set
INFO: [ app_init ] --START--
INFO: Run Behavior\BuildLiteBehavior [ RunTime:0.000000s ]
INFO: [ app_init ] --END-- [ RunTime:0.000000s ]
INFO: [ app_begin ] --START--
INFO: Run Behavior\ReadHtmlCacheBehavior [ RunTime:0.000000s ]
INFO: Run Behavior\CheckLangBehavior [ RunTime:0.000000s ]
INFO: [ app_begin ] --END-- [ RunTime:0.000000s ]
NOTIC: [8192] mysql_connect(): The mysql extension is deprecated and will be removed in the future: use mysqli or PDO instead E:\phpstudy\WWW\intelligencemine\ThinkPHP\Library\Think\Db\Driver\Mysql.class.php 第 52 行.
SQL: SHOW COLUMNS FROM `pa_personal` [ RunTime:0.000000s ]
SQL: SELECT * FROM `pa_personal` WHERE ( access_token = "5eb61d0cdb1fdca0ed8dd9c3f684924f" ) LIMIT 1   [ RunTime:0.000000s ]
SQL: SHOW COLUMNS FROM `pa_liveset` [ RunTime:0.015625s ]
SQL: SELECT `service_fee`,`zec_ratio` FROM `pa_liveset` LIMIT 1   [ RunTime:0.000000s ]
SQL: SHOW COLUMNS FROM `pa_e_wallet` [ RunTime:0.015624s ]
SQL: SELECT * FROM `pa_e_wallet` WHERE ( id = (null) ) LIMIT 1   [ RunTime:0.000000s ]

[ 2018-09-29T19:03:04+08:00 ] 27.18.114.183 /index.php/My/top_up_list
INFO: [ app_init ] --START--
INFO: Run Behavior\BuildLiteBehavior [ RunTime:0.000000s ]
INFO: [ app_init ] --END-- [ RunTime:0.000000s ]
INFO: [ app_begin ] --START--
INFO: Run Behavior\ReadHtmlCacheBehavior [ RunTime:0.000000s ]
INFO: Run Behavior\CheckLangBehavior [ RunTime:0.000000s ]
INFO: [ app_begin ] --END-- [ RunTime:0.000000s ]
NOTIC: [8192] mysql_connect(): The mysql extension is deprecated and will be removed in the future: use mysqli or PDO instead E:\phpstudy\WWW\intelligencemine\ThinkPHP\Library\Think\Db\Driver\Mysql.class.php 第 52 行.
SQL: SHOW COLUMNS FROM `pa_personal` [ RunTime:0.000000s ]
SQL: SELECT * FROM `pa_personal` WHERE ( access_token = "5eb61d0cdb1fdca0ed8dd9c3f684924f" ) LIMIT 1   [ RunTime:0.000000s ]
NOTIC: [8] Undefined index: status E:\phpstudy\WWW\intelligencemine\Application\Home\Controller\MyController.class.php 第 634 行.
SQL: SHOW COLUMNS FROM `pa_top_up` [ RunTime:0.015624s ]
SQL: SELECT * FROM `pa_top_up` WHERE ( `user_id` = 2 )  [ RunTime:0.000000s ]

[ 2018-09-29T19:04:22+08:00 ] 27.18.114.183 /Index/block
INFO: [ app_init ] --START--
INFO: Run Behavior\BuildLiteBehavior [ RunTime:0.000000s ]
INFO: [ app_init ] --END-- [ RunTime:0.000000s ]
INFO: [ app_begin ] --START--
INFO: Run Behavior\ReadHtmlCacheBehavior [ RunTime:0.000000s ]
INFO: Run Behavior\CheckLangBehavior [ RunTime:0.000000s ]
INFO: [ app_begin ] --END-- [ RunTime:0.000000s ]
NOTIC: [8192] mysql_connect(): The mysql extension is deprecated and will be removed in the future: use mysqli or PDO instead E:\phpstudy\WWW\intelligencemine\ThinkPHP\Library\Think\Db\Driver\Mysql.class.php 第 52 行.
SQL: SHOW COLUMNS FROM `pa_personal` [ RunTime:0.000000s ]
SQL: SELECT * FROM `pa_personal` WHERE ( access_token = "5eb61d0cdb1fdca0ed8dd9c3f684924f" ) LIMIT 1   [ RunTime:0.000000s ]
SQL: SELECT COUNT(*) AS tp_count FROM `pa_personal` LIMIT 1   [ RunTime:0.000000s ]
SQL: SELECT COUNT(*) AS tp_count FROM `pa_personal` WHERE ( user_type != 1 ) LIMIT 1   [ RunTime:0.000000s ]
SQL: SHOW COLUMNS FROM `pa_ad` [ RunTime:0.015625s ]
SQL: SELECT `id`,`ad_link`,`ad_img` FROM `pa_ad` WHERE ( position = "blockworld" ) ORDER BY sort desc LIMIT 1   [ RunTime:0.000000s ]
SQL: SELECT `ad_link`,`ad_img` FROM `pa_ad` WHERE ( position = "banner" ) ORDER BY sort desc  [ RunTime:0.000000s ]
SQL: SHOW COLUMNS FROM pa_news n [ RunTime:0.000000s ]
ERR: 1064:You have an error in your SQL syntax; check the manual that corresponds to your MySQL server version for the right syntax to use near 'n' at line 1
 [ SQL语句 ] : SHOW COLUMNS FROM pa_news n
SQL: SELECT `title`,`id` FROM pa_news n INNER JOIN pa_category c on c.cid = n.cid  WHERE ( c.name = "城市公告" )  [ RunTime:0.000000s ]
SQL: SELECT `title`,`id` FROM pa_news n INNER JOIN pa_category c on c.cid = n.cid  WHERE ( c.name = "BlockWorld挖矿简介" )  [ RunTime:0.000000s ]
SQL: SHOW COLUMNS FROM `pa_liveset` [ RunTime:0.000000s ]
SQL: SELECT * FROM `pa_liveset` LIMIT 1   [ RunTime:0.000000s ]

[ 2018-09-29T19:04:23+08:00 ] 27.18.114.183 /wakuang/font/iconfont.css
INFO: [ app_init ] --START--
INFO: Run Behavior\BuildLiteBehavior [ RunTime:0.000000s ]
INFO: [ app_init ] --END-- [ RunTime:0.000000s ]
INFO: [ app_begin ] --START--
INFO: Run Behavior\ReadHtmlCacheBehavior [ RunTime:0.000000s ]
INFO: Run Behavior\CheckLangBehavior [ RunTime:0.000000s ]
INFO: [ app_begin ] --END-- [ RunTime:0.000000s ]
ERR: 无法加载控制器:Wakuang

[ 2018-09-29T19:04:25+08:00 ] 27.18.114.183 /index.php/My/with_set
INFO: [ app_init ] --START--
INFO: Run Behavior\BuildLiteBehavior [ RunTime:0.000000s ]
INFO: [ app_init ] --END-- [ RunTime:0.000000s ]
INFO: [ app_begin ] --START--
INFO: Run Behavior\ReadHtmlCacheBehavior [ RunTime:0.000000s ]
INFO: Run Behavior\CheckLangBehavior [ RunTime:0.000000s ]
INFO: [ app_begin ] --END-- [ RunTime:0.000000s ]
NOTIC: [8192] mysql_connect(): The mysql extension is deprecated and will be removed in the future: use mysqli or PDO instead E:\phpstudy\WWW\intelligencemine\ThinkPHP\Library\Think\Db\Driver\Mysql.class.php 第 52 行.
SQL: SHOW COLUMNS FROM `pa_personal` [ RunTime:0.000000s ]
SQL: SELECT * FROM `pa_personal` WHERE ( access_token = "5eb61d0cdb1fdca0ed8dd9c3f684924f" ) LIMIT 1   [ RunTime:0.015625s ]
SQL: SHOW COLUMNS FROM `pa_liveset` [ RunTime:0.000000s ]
SQL: SELECT `service_fee`,`zec_ratio` FROM `pa_liveset` LIMIT 1   [ RunTime:0.000000s ]
SQL: SHOW COLUMNS FROM `pa_e_wallet` [ RunTime:0.015624s ]
SQL: SELECT * FROM `pa_e_wallet` WHERE ( user_id = 2 and moren=1 ) LIMIT 1   [ RunTime:0.000000s ]

[ 2018-09-29T19:04:27+08:00 ] 27.18.114.183 /index.php/My/with_list
INFO: [ app_init ] --START--
INFO: Run Behavior\BuildLiteBehavior [ RunTime:0.000000s ]
INFO: [ app_init ] --END-- [ RunTime:0.000000s ]
INFO: [ app_begin ] --START--
INFO: Run Behavior\ReadHtmlCacheBehavior [ RunTime:0.000000s ]
INFO: Run Behavior\CheckLangBehavior [ RunTime:0.000000s ]
INFO: [ app_begin ] --END-- [ RunTime:0.000000s ]
NOTIC: [8192] mysql_connect(): The mysql extension is deprecated and will be removed in the future: use mysqli or PDO instead E:\phpstudy\WWW\intelligencemine\ThinkPHP\Library\Think\Db\Driver\Mysql.class.php 第 52 行.
SQL: SHOW COLUMNS FROM `pa_personal` [ RunTime:0.000000s ]
SQL: SELECT * FROM `pa_personal` WHERE ( access_token = "5eb61d0cdb1fdca0ed8dd9c3f684924f" ) LIMIT 1   [ RunTime:0.000000s ]
NOTIC: [8] Undefined index: status E:\phpstudy\WWW\intelligencemine\Application\Home\Controller\MyController.class.php 第 720 行.
SQL: SHOW COLUMNS FROM `pa_withdrawals` [ RunTime:0.015625s ]
SQL: SELECT * FROM `pa_withdrawals` WHERE ( `user_id` = 2 )  [ RunTime:0.000000s ]
SQL: SHOW COLUMNS FROM `pa_e_wallet` [ RunTime:0.000000s ]
SQL: SELECT * FROM `pa_e_wallet` WHERE ( id = 1454684 ) LIMIT 1   [ RunTime:0.000000s ]
SQL: SELECT * FROM `pa_e_wallet` WHERE ( id = 123486 ) LIMIT 1   [ RunTime:0.000000s ]
SQL: SELECT * FROM `pa_e_wallet` WHERE ( id = 1454684 ) LIMIT 1   [ RunTime:0.000000s ]
SQL: SELECT * FROM `pa_e_wallet` WHERE ( id = 1454684 ) LIMIT 1   [ RunTime:0.000000s ]
SQL: SELECT * FROM `pa_e_wallet` WHERE ( id = 123486 ) LIMIT 1   [ RunTime:0.000000s ]
SQL: SELECT * FROM `pa_e_wallet` WHERE ( id = 2147483647 ) LIMIT 1   [ RunTime:0.000000s ]
SQL: SELECT * FROM `pa_e_wallet` WHERE ( id = 2147483647 ) LIMIT 1   [ RunTime:0.000000s ]
SQL: SELECT * FROM `pa_e_wallet` WHERE ( id = 2147483647 ) LIMIT 1   [ RunTime:0.000000s ]
SQL: SELECT * FROM `pa_e_wallet` WHERE ( id = 123486 ) LIMIT 1   [ RunTime:0.000000s ]
SQL: SELECT * FROM `pa_e_wallet` WHERE ( id = 123486 ) LIMIT 1   [ RunTime:0.000000s ]
SQL: SELECT * FROM `pa_e_wallet` WHERE ( id = 1454684 ) LIMIT 1   [ RunTime:0.000000s ]
SQL: SELECT * FROM `pa_e_wallet` WHERE ( id = 1454684 ) LIMIT 1   [ RunTime:0.000000s ]
SQL: SELECT * FROM `pa_e_wallet` WHERE ( id = 1454684 ) LIMIT 1   [ RunTime:0.000000s ]
SQL: SELECT * FROM `pa_e_wallet` WHERE ( id = 2147483647 ) LIMIT 1   [ RunTime:0.000000s ]
SQL: SELECT * FROM `pa_e_wallet` WHERE ( id = 123486 ) LIMIT 1   [ RunTime:0.000000s ]
SQL: SELECT * FROM `pa_e_wallet` WHERE ( id = 123486 ) LIMIT 1   [ RunTime:0.000000s ]
SQL: SELECT * FROM `pa_e_wallet` WHERE ( id = 2147483647 ) LIMIT 1   [ RunTime:0.015624s ]
SQL: SELECT * FROM `pa_e_wallet` WHERE ( id = 1454684 ) LIMIT 1   [ RunTime:0.000000s ]
SQL: SELECT * FROM `pa_e_wallet` WHERE ( id = 17 ) LIMIT 1   [ RunTime:0.000000s ]
SQL: SELECT * FROM `pa_e_wallet` WHERE ( id = 17 ) LIMIT 1   [ RunTime:0.000000s ]
SQL: SELECT * FROM `pa_e_wallet` WHERE ( id = 17 ) LIMIT 1   [ RunTime:0.000000s ]
SQL: SELECT * FROM `pa_e_wallet` WHERE ( id = 17 ) LIMIT 1   [ RunTime:0.000000s ]
SQL: SELECT * FROM `pa_e_wallet` WHERE ( id = 17 ) LIMIT 1   [ RunTime:0.000000s ]
SQL: SELECT * FROM `pa_e_wallet` WHERE ( id = 17 ) LIMIT 1   [ RunTime:0.000000s ]
SQL: SELECT * FROM `pa_e_wallet` WHERE ( id = 17 ) LIMIT 1   [ RunTime:0.000000s ]

[ 2018-09-29T19:04:30+08:00 ] 27.18.114.183 /wakuang/font/iconfont.css
INFO: [ app_init ] --START--
INFO: Run Behavior\BuildLiteBehavior [ RunTime:0.000000s ]
INFO: [ app_init ] --END-- [ RunTime:0.000000s ]
INFO: [ app_begin ] --START--
INFO: Run Behavior\ReadHtmlCacheBehavior [ RunTime:0.000000s ]
INFO: Run Behavior\CheckLangBehavior [ RunTime:0.000000s ]
INFO: [ app_begin ] --END-- [ RunTime:0.000000s ]
ERR: 无法加载控制器:Wakuang

[ 2018-09-29T19:04:31+08:00 ] 27.18.114.183 /index.php/My/with_set
INFO: [ app_init ] --START--
INFO: Run Behavior\BuildLiteBehavior [ RunTime:0.000000s ]
INFO: [ app_init ] --END-- [ RunTime:0.000000s ]
INFO: [ app_begin ] --START--
INFO: Run Behavior\ReadHtmlCacheBehavior [ RunTime:0.000000s ]
INFO: Run Behavior\CheckLangBehavior [ RunTime:0.000000s ]
INFO: [ app_begin ] --END-- [ RunTime:0.000000s ]
NOTIC: [8192] mysql_connect(): The mysql extension is deprecated and will be removed in the future: use mysqli or PDO instead E:\phpstudy\WWW\intelligencemine\ThinkPHP\Library\Think\Db\Driver\Mysql.class.php 第 52 行.
SQL: SHOW COLUMNS FROM `pa_personal` [ RunTime:0.015625s ]
SQL: SELECT * FROM `pa_personal` WHERE ( access_token = "5eb61d0cdb1fdca0ed8dd9c3f684924f" ) LIMIT 1   [ RunTime:0.000000s ]
SQL: SHOW COLUMNS FROM `pa_liveset` [ RunTime:0.015624s ]
SQL: SELECT `service_fee`,`zec_ratio` FROM `pa_liveset` LIMIT 1   [ RunTime:0.000000s ]
SQL: SHOW COLUMNS FROM `pa_e_wallet` [ RunTime:0.000000s ]
SQL: SELECT * FROM `pa_e_wallet` WHERE ( user_id = 2 and moren=1 ) LIMIT 1   [ RunTime:0.000000s ]

[ 2018-09-29T20:51:15+08:00 ] 117.136.81.199 /Index/block
INFO: [ app_init ] --START--
INFO: Run Behavior\BuildLiteBehavior [ RunTime:0.000000s ]
INFO: [ app_init ] --END-- [ RunTime:0.000000s ]
INFO: [ app_begin ] --START--
INFO: Run Behavior\ReadHtmlCacheBehavior [ RunTime:0.015625s ]
INFO: Run Behavior\CheckLangBehavior [ RunTime:0.000000s ]
INFO: [ app_begin ] --END-- [ RunTime:0.015625s ]
NOTIC: [8192] mysql_connect(): The mysql extension is deprecated and will be removed in the future: use mysqli or PDO instead E:\phpstudy\WWW\intelligencemine\ThinkPHP\Library\Think\Db\Driver\Mysql.class.php 第 52 行.
SQL: SHOW COLUMNS FROM `pa_personal` [ RunTime:0.000000s ]
SQL: SELECT * FROM `pa_personal` WHERE ( access_token = "5eb61d0cdb1fdca0ed8dd9c3f684924f" ) LIMIT 1   [ RunTime:0.000000s ]
SQL: SELECT COUNT(*) AS tp_count FROM `pa_personal` LIMIT 1   [ RunTime:0.000000s ]
SQL: SELECT COUNT(*) AS tp_count FROM `pa_personal` WHERE ( user_type != 1 ) LIMIT 1   [ RunTime:0.000000s ]
SQL: SHOW COLUMNS FROM `pa_ad` [ RunTime:0.015624s ]
SQL: SELECT `id`,`ad_link`,`ad_img` FROM `pa_ad` WHERE ( position = "blockworld" ) ORDER BY sort desc LIMIT 1   [ RunTime:0.000000s ]
SQL: SELECT `ad_link`,`ad_img` FROM `pa_ad` WHERE ( position = "banner" ) ORDER BY sort desc  [ RunTime:0.000000s ]
SQL: SHOW COLUMNS FROM pa_news n [ RunTime:0.000000s ]
ERR: 1064:You have an error in your SQL syntax; check the manual that corresponds to your MySQL server version for the right syntax to use near 'n' at line 1
 [ SQL语句 ] : SHOW COLUMNS FROM pa_news n
SQL: SELECT `title`,`id` FROM pa_news n INNER JOIN pa_category c on c.cid = n.cid  WHERE ( c.name = "城市公告" )  [ RunTime:0.000000s ]
SQL: SELECT `title`,`id` FROM pa_news n INNER JOIN pa_category c on c.cid = n.cid  WHERE ( c.name = "BlockWorld挖矿简介" )  [ RunTime:0.000000s ]
SQL: SHOW COLUMNS FROM `pa_liveset` [ RunTime:0.015625s ]
SQL: SELECT * FROM `pa_liveset` LIMIT 1   [ RunTime:0.000000s ]

[ 2018-09-29T20:51:19+08:00 ] 117.136.81.199 /Index/invite
INFO: [ app_init ] --START--
INFO: Run Behavior\BuildLiteBehavior [ RunTime:0.000000s ]
INFO: [ app_init ] --END-- [ RunTime:0.000000s ]
INFO: [ app_begin ] --START--
INFO: Run Behavior\ReadHtmlCacheBehavior [ RunTime:0.000000s ]
INFO: Run Behavior\CheckLangBehavior [ RunTime:0.000000s ]
INFO: [ app_begin ] --END-- [ RunTime:0.000000s ]
NOTIC: [8192] mysql_connect(): The mysql extension is deprecated and will be removed in the future: use mysqli or PDO instead E:\phpstudy\WWW\intelligencemine\ThinkPHP\Library\Think\Db\Driver\Mysql.class.php 第 52 行.
SQL: SHOW COLUMNS FROM `pa_personal` [ RunTime:0.000000s ]
SQL: SELECT `user_id`,`user_number` FROM `pa_personal` WHERE ( access_token = "5eb61d0cdb1fdca0ed8dd9c3f684924f" ) LIMIT 1   [ RunTime:0.000000s ]
SQL: SHOW COLUMNS FROM `pa_ad` [ RunTime:0.015624s ]
SQL: SELECT * FROM `pa_ad` WHERE ( ad_name="邀请卡大图" and position = "invite" ) LIMIT 1   [ RunTime:0.000000s ]

[ 2018-09-29T20:51:24+08:00 ] 117.136.81.199 /Index/block
INFO: [ app_init ] --START--
INFO: Run Behavior\BuildLiteBehavior [ RunTime:0.000000s ]
INFO: [ app_init ] --END-- [ RunTime:0.000000s ]
INFO: [ app_begin ] --START--
INFO: Run Behavior\ReadHtmlCacheBehavior [ RunTime:0.000000s ]
INFO: Run Behavior\CheckLangBehavior [ RunTime:0.000000s ]
INFO: [ app_begin ] --END-- [ RunTime:0.000000s ]
NOTIC: [8192] mysql_connect(): The mysql extension is deprecated and will be removed in the future: use mysqli or PDO instead E:\phpstudy\WWW\intelligencemine\ThinkPHP\Library\Think\Db\Driver\Mysql.class.php 第 52 行.
SQL: SHOW COLUMNS FROM `pa_personal` [ RunTime:0.000000s ]
SQL: SELECT * FROM `pa_personal` WHERE ( access_token = "5eb61d0cdb1fdca0ed8dd9c3f684924f" ) LIMIT 1   [ RunTime:0.000000s ]
SQL: SELECT COUNT(*) AS tp_count FROM `pa_personal` LIMIT 1   [ RunTime:0.000000s ]
SQL: SELECT COUNT(*) AS tp_count FROM `pa_personal` WHERE ( user_type != 1 ) LIMIT 1   [ RunTime:0.000000s ]
SQL: SHOW COLUMNS FROM `pa_ad` [ RunTime:0.015625s ]
SQL: SELECT `id`,`ad_link`,`ad_img` FROM `pa_ad` WHERE ( position = "blockworld" ) ORDER BY sort desc LIMIT 1   [ RunTime:0.000000s ]
SQL: SELECT `ad_link`,`ad_img` FROM `pa_ad` WHERE ( position = "banner" ) ORDER BY sort desc  [ RunTime:0.000000s ]
SQL: SHOW COLUMNS FROM pa_news n [ RunTime:0.000000s ]
ERR: 1064:You have an error in your SQL syntax; check the manual that corresponds to your MySQL server version for the right syntax to use near 'n' at line 1
 [ SQL语句 ] : SHOW COLUMNS FROM pa_news n
SQL: SELECT `title`,`id` FROM pa_news n INNER JOIN pa_category c on c.cid = n.cid  WHERE ( c.name = "城市公告" )  [ RunTime:0.000000s ]
SQL: SELECT `title`,`id` FROM pa_news n INNER JOIN pa_category c on c.cid = n.cid  WHERE ( c.name = "BlockWorld挖矿简介" )  [ RunTime:0.000000s ]
SQL: SHOW COLUMNS FROM `pa_liveset` [ RunTime:0.000000s ]
SQL: SELECT * FROM `pa_liveset` LIMIT 1   [ RunTime:0.000000s ]

[ 2018-09-29T20:55:08+08:00 ] 117.136.81.199 /index.php/Home/My/Sel_Bankcard
INFO: [ app_init ] --START--
INFO: Run Behavior\BuildLiteBehavior [ RunTime:0.000000s ]
INFO: [ app_init ] --END-- [ RunTime:0.000000s ]
INFO: [ app_begin ] --START--
INFO: Run Behavior\ReadHtmlCacheBehavior [ RunTime:0.000000s ]
INFO: Run Behavior\CheckLangBehavior [ RunTime:0.000000s ]
INFO: [ app_begin ] --END-- [ RunTime:0.000000s ]
NOTIC: [8192] mysql_connect(): The mysql extension is deprecated and will be removed in the future: use mysqli or PDO instead E:\phpstudy\WWW\intelligencemine\ThinkPHP\Library\Think\Db\Driver\Mysql.class.php 第 52 行.
SQL: SHOW COLUMNS FROM `pa_personal` [ RunTime:0.000000s ]
SQL: SELECT `user_id`,`user_password`,`payword` FROM `pa_personal` WHERE ( access_token = "5eb61d0cdb1fdca0ed8dd9c3f684924f" ) LIMIT 1   [ RunTime:0.000000s ]
SQL: SHOW COLUMNS FROM `pa_bankinfo` [ RunTime:0.015624s ]
SQL: SELECT * FROM `pa_bankinfo` WHERE ( user_id = "2" )  [ RunTime:0.000000s ]

[ 2018-09-29T20:55:09+08:00 ] 117.136.81.199 /index.php/Home/Index/buylist
INFO: [ app_init ] --START--
INFO: Run Behavior\BuildLiteBehavior [ RunTime:0.000000s ]
INFO: [ app_init ] --END-- [ RunTime:0.000000s ]
INFO: [ app_begin ] --START--
INFO: Run Behavior\ReadHtmlCacheBehavior [ RunTime:0.000000s ]
INFO: Run Behavior\CheckLangBehavior [ RunTime:0.000000s ]
INFO: [ app_begin ] --END-- [ RunTime:0.000000s ]
NOTIC: [8192] mysql_connect(): The mysql extension is deprecated and will be removed in the future: use mysqli or PDO instead E:\phpstudy\WWW\intelligencemine\ThinkPHP\Library\Think\Db\Driver\Mysql.class.php 第 52 行.
SQL: SHOW COLUMNS FROM `pa_ad` [ RunTime:0.000000s ]
SQL: SELECT `ad_img` FROM `pa_ad` WHERE ( position = "shop" ) ORDER BY sort desc  [ RunTime:0.000000s ]
SQL: SHOW COLUMNS FROM `pa_liveset` [ RunTime:0.015625s ]
SQL: SELECT * FROM `pa_liveset` LIMIT 1   [ RunTime:0.000000s ]
SQL: SHOW COLUMNS FROM pa_product p [ RunTime:0.000000s ]
ERR: 1064:You have an error in your SQL syntax; check the manual that corresponds to your MySQL server version for the right syntax to use near 'p' at line 1
 [ SQL语句 ] : SHOW COLUMNS FROM pa_product p
SQL: SELECT p.id,p.title,p.price,p.image_id FROM pa_product p WHERE ( `cid` = '13' )  [ RunTime:0.000000s ]
SQL: SHOW COLUMNS FROM `pa_images` [ RunTime:0.015624s ]
SQL: SELECT * FROM `pa_images` WHERE ( id = "189" ) LIMIT 1   [ RunTime:0.000000s ]

[ 2018-09-29T20:55:25+08:00 ] 117.136.81.199 /index.php/Home/My/Sel_Bankcard
INFO: [ app_init ] --START--
INFO: Run Behavior\BuildLiteBehavior [ RunTime:0.000000s ]
INFO: [ app_init ] --END-- [ RunTime:0.000000s ]
INFO: [ app_begin ] --START--
INFO: Run Behavior\ReadHtmlCacheBehavior [ RunTime:0.000000s ]
INFO: Run Behavior\CheckLangBehavior [ RunTime:0.000000s ]
INFO: [ app_begin ] --END-- [ RunTime:0.000000s ]
NOTIC: [8192] mysql_connect(): The mysql extension is deprecated and will be removed in the future: use mysqli or PDO instead E:\phpstudy\WWW\intelligencemine\ThinkPHP\Library\Think\Db\Driver\Mysql.class.php 第 52 行.
SQL: SHOW COLUMNS FROM `pa_personal` [ RunTime:0.000000s ]
SQL: SELECT `user_id`,`user_password`,`payword` FROM `pa_personal` WHERE ( access_token = "5eb61d0cdb1fdca0ed8dd9c3f684924f" ) LIMIT 1   [ RunTime:0.000000s ]
SQL: SHOW COLUMNS FROM `pa_bankinfo` [ RunTime:0.015624s ]
SQL: SELECT * FROM `pa_bankinfo` WHERE ( user_id = "2" )  [ RunTime:0.000000s ]

[ 2018-09-29T20:55:26+08:00 ] 117.136.81.199 /index.php/Home/Index/buylist
INFO: [ app_init ] --START--
INFO: Run Behavior\BuildLiteBehavior [ RunTime:0.000000s ]
INFO: [ app_init ] --END-- [ RunTime:0.000000s ]
INFO: [ app_begin ] --START--
INFO: Run Behavior\ReadHtmlCacheBehavior [ RunTime:0.000000s ]
INFO: Run Behavior\CheckLangBehavior [ RunTime:0.000000s ]
INFO: [ app_begin ] --END-- [ RunTime:0.000000s ]
NOTIC: [8192] mysql_connect(): The mysql extension is deprecated and will be removed in the future: use mysqli or PDO instead E:\phpstudy\WWW\intelligencemine\ThinkPHP\Library\Think\Db\Driver\Mysql.class.php 第 52 行.
SQL: SHOW COLUMNS FROM `pa_ad` [ RunTime:0.000000s ]
SQL: SELECT `ad_img` FROM `pa_ad` WHERE ( position = "shop" ) ORDER BY sort desc  [ RunTime:0.000000s ]
SQL: SHOW COLUMNS FROM `pa_liveset` [ RunTime:0.015625s ]
SQL: SELECT * FROM `pa_liveset` LIMIT 1   [ RunTime:0.000000s ]
SQL: SHOW COLUMNS FROM pa_product p [ RunTime:0.000000s ]
ERR: 1064:You have an error in your SQL syntax; check the manual that corresponds to your MySQL server version for the right syntax to use near 'p' at line 1
 [ SQL语句 ] : SHOW COLUMNS FROM pa_product p
SQL: SELECT p.id,p.title,p.price,p.image_id FROM pa_product p WHERE ( `cid` = '14' )  [ RunTime:0.000000s ]
SQL: SHOW COLUMNS FROM `pa_images` [ RunTime:0.015624s ]
SQL: SELECT * FROM `pa_images` WHERE ( id = "202" ) LIMIT 1   [ RunTime:0.000000s ]
SQL: SELECT * FROM `pa_images` WHERE ( id = "200" ) LIMIT 1   [ RunTime:0.000000s ]
SQL: SELECT * FROM `pa_images` WHERE ( id = "201" ) LIMIT 1   [ RunTime:0.000000s ]
SQL: SELECT * FROM `pa_images` WHERE ( id = "193" ) LIMIT 1   [ RunTime:0.000000s ]
SQL: SELECT * FROM `pa_images` WHERE ( id = "194" ) LIMIT 1   [ RunTime:0.000000s ]
SQL: SELECT * FROM `pa_images` WHERE ( id = "195" ) LIMIT 1   [ RunTime:0.000000s ]
SQL: SELECT * FROM `pa_images` WHERE ( id = "196" ) LIMIT 1   [ RunTime:0.000000s ]
SQL: SELECT * FROM `pa_images` WHERE ( id = "197" ) LIMIT 1   [ RunTime:0.000000s ]
SQL: SELECT * FROM `pa_images` WHERE ( id = "198" ) LIMIT 1   [ RunTime:0.000000s ]
SQL: SELECT * FROM `pa_images` WHERE ( id = "199" ) LIMIT 1   [ RunTime:0.000000s ]
SQL: SELECT * FROM `pa_images` WHERE ( id = "203" ) LIMIT 1   [ RunTime:0.000000s ]
SQL: SELECT * FROM `pa_images` WHERE ( id = "204" ) LIMIT 1   [ RunTime:0.000000s ]
SQL: SELECT * FROM `pa_images` WHERE ( id = "205" ) LIMIT 1   [ RunTime:0.000000s ]
SQL: SELECT * FROM `pa_images` WHERE ( id = "206" ) LIMIT 1   [ RunTime:0.000000s ]
SQL: SELECT * FROM `pa_images` WHERE ( id = "207" ) LIMIT 1   [ RunTime:0.000000s ]
SQL: SELECT * FROM `pa_images` WHERE ( id = "208" ) LIMIT 1   [ RunTime:0.000000s ]
SQL: SELECT * FROM `pa_images` WHERE ( id = "209" ) LIMIT 1   [ RunTime:0.015625s ]
SQL: SELECT * FROM `pa_images` WHERE ( id = "210" ) LIMIT 1   [ RunTime:0.000000s ]
SQL: SELECT * FROM `pa_images` WHERE ( id = "211" ) LIMIT 1   [ RunTime:0.000000s ]
SQL: SELECT * FROM `pa_images` WHERE ( id = "212" ) LIMIT 1   [ RunTime:0.000000s ]

[ 2018-09-29T20:55:48+08:00 ] 117.136.81.199 /index.php/Home/My/Sel_Bankcard
INFO: [ app_init ] --START--
INFO: Run Behavior\BuildLiteBehavior [ RunTime:0.000000s ]
INFO: [ app_init ] --END-- [ RunTime:0.000000s ]
INFO: [ app_begin ] --START--
INFO: Run Behavior\ReadHtmlCacheBehavior [ RunTime:0.000000s ]
INFO: Run Behavior\CheckLangBehavior [ RunTime:0.000000s ]
INFO: [ app_begin ] --END-- [ RunTime:0.000000s ]
NOTIC: [8192] mysql_connect(): The mysql extension is deprecated and will be removed in the future: use mysqli or PDO instead E:\phpstudy\WWW\intelligencemine\ThinkPHP\Library\Think\Db\Driver\Mysql.class.php 第 52 行.
SQL: SHOW COLUMNS FROM `pa_personal` [ RunTime:0.000000s ]
SQL: SELECT `user_id`,`user_password`,`payword` FROM `pa_personal` WHERE ( access_token = "5eb61d0cdb1fdca0ed8dd9c3f684924f" ) LIMIT 1   [ RunTime:0.000000s ]
SQL: SHOW COLUMNS FROM `pa_bankinfo` [ RunTime:0.015625s ]
SQL: SELECT * FROM `pa_bankinfo` WHERE ( user_id = "2" )  [ RunTime:0.000000s ]

[ 2018-09-29T20:55:49+08:00 ] 117.136.81.199 /index.php/Home/Index/buylist
INFO: [ app_init ] --START--
INFO: Run Behavior\BuildLiteBehavior [ RunTime:0.000000s ]
INFO: [ app_init ] --END-- [ RunTime:0.000000s ]
INFO: [ app_begin ] --START--
INFO: Run Behavior\ReadHtmlCacheBehavior [ RunTime:0.000000s ]
INFO: Run Behavior\CheckLangBehavior [ RunTime:0.000000s ]
INFO: [ app_begin ] --END-- [ RunTime:0.000000s ]
NOTIC: [8192] mysql_connect(): The mysql extension is deprecated and will be removed in the future: use mysqli or PDO instead E:\phpstudy\WWW\intelligencemine\ThinkPHP\Library\Think\Db\Driver\Mysql.class.php 第 52 行.
SQL: SHOW COLUMNS FROM `pa_ad` [ RunTime:0.000000s ]
SQL: SELECT `ad_img` FROM `pa_ad` WHERE ( position = "shop" ) ORDER BY sort desc  [ RunTime:0.000000s ]
SQL: SHOW COLUMNS FROM `pa_liveset` [ RunTime:0.015625s ]
SQL: SELECT * FROM `pa_liveset` LIMIT 1   [ RunTime:0.000000s ]
SQL: SHOW COLUMNS FROM pa_product p [ RunTime:0.000000s ]
ERR: 1064:You have an error in your SQL syntax; check the manual that corresponds to your MySQL server version for the right syntax to use near 'p' at line 1
 [ SQL语句 ] : SHOW COLUMNS FROM pa_product p
SQL: SELECT p.id,p.title,p.price,p.image_id FROM pa_product p WHERE ( `cid` = '15' )  [ RunTime:0.000000s ]
SQL: SHOW COLUMNS FROM `pa_images` [ RunTime:0.015624s ]
SQL: SELECT * FROM `pa_images` WHERE ( id = "165" ) LIMIT 1   [ RunTime:0.000000s ]

[ 2018-09-29T20:55:55+08:00 ] 117.136.81.199 /Index/block
INFO: [ app_init ] --START--
INFO: Run Behavior\BuildLiteBehavior [ RunTime:0.000000s ]
INFO: [ app_init ] --END-- [ RunTime:0.000000s ]
INFO: [ app_begin ] --START--
INFO: Run Behavior\ReadHtmlCacheBehavior [ RunTime:0.000000s ]
INFO: Run Behavior\CheckLangBehavior [ RunTime:0.000000s ]
INFO: [ app_begin ] --END-- [ RunTime:0.000000s ]
NOTIC: [8192] mysql_connect(): The mysql extension is deprecated and will be removed in the future: use mysqli or PDO instead E:\phpstudy\WWW\intelligencemine\ThinkPHP\Library\Think\Db\Driver\Mysql.class.php 第 52 行.
SQL: SHOW COLUMNS FROM `pa_personal` [ RunTime:0.000000s ]
SQL: SELECT * FROM `pa_personal` WHERE ( access_token = "5eb61d0cdb1fdca0ed8dd9c3f684924f" ) LIMIT 1   [ RunTime:0.000000s ]
SQL: SELECT COUNT(*) AS tp_count FROM `pa_personal` LIMIT 1   [ RunTime:0.000000s ]
SQL: SELECT COUNT(*) AS tp_count FROM `pa_personal` WHERE ( user_type != 1 ) LIMIT 1   [ RunTime:0.000000s ]
SQL: SHOW COLUMNS FROM `pa_ad` [ RunTime:0.015625s ]
SQL: SELECT `id`,`ad_link`,`ad_img` FROM `pa_ad` WHERE ( position = "blockworld" ) ORDER BY sort desc LIMIT 1   [ RunTime:0.000000s ]
SQL: SELECT `ad_link`,`ad_img` FROM `pa_ad` WHERE ( position = "banner" ) ORDER BY sort desc  [ RunTime:0.000000s ]
SQL: SHOW COLUMNS FROM pa_news n [ RunTime:0.000000s ]
ERR: 1064:You have an error in your SQL syntax; check the manual that corresponds to your MySQL server version for the right syntax to use near 'n' at line 1
 [ SQL语句 ] : SHOW COLUMNS FROM pa_news n
SQL: SELECT `title`,`id` FROM pa_news n INNER JOIN pa_category c on c.cid = n.cid  WHERE ( c.name = "城市公告" )  [ RunTime:0.000000s ]
SQL: SELECT `title`,`id` FROM pa_news n INNER JOIN pa_category c on c.cid = n.cid  WHERE ( c.name = "BlockWorld挖矿简介" )  [ RunTime:0.000000s ]
SQL: SHOW COLUMNS FROM `pa_liveset` [ RunTime:0.000000s ]
SQL: SELECT * FROM `pa_liveset` LIMIT 1   [ RunTime:0.000000s ]

[ 2018-09-29T20:56:10+08:00 ] 117.136.81.199 /Index/block
INFO: [ app_init ] --START--
INFO: Run Behavior\BuildLiteBehavior [ RunTime:0.000000s ]
INFO: [ app_init ] --END-- [ RunTime:0.000000s ]
INFO: [ app_begin ] --START--
INFO: Run Behavior\ReadHtmlCacheBehavior [ RunTime:0.000000s ]
INFO: Run Behavior\CheckLangBehavior [ RunTime:0.000000s ]
INFO: [ app_begin ] --END-- [ RunTime:0.000000s ]
NOTIC: [8192] mysql_connect(): The mysql extension is deprecated and will be removed in the future: use mysqli or PDO instead E:\phpstudy\WWW\intelligencemine\ThinkPHP\Library\Think\Db\Driver\Mysql.class.php 第 52 行.
SQL: SHOW COLUMNS FROM `pa_personal` [ RunTime:0.000000s ]
SQL: SELECT * FROM `pa_personal` WHERE ( access_token = "5eb61d0cdb1fdca0ed8dd9c3f684924f" ) LIMIT 1   [ RunTime:0.000000s ]
SQL: SELECT COUNT(*) AS tp_count FROM `pa_personal` LIMIT 1   [ RunTime:0.000000s ]
SQL: SELECT COUNT(*) AS tp_count FROM `pa_personal` WHERE ( user_type != 1 ) LIMIT 1   [ RunTime:0.000000s ]
SQL: SHOW COLUMNS FROM `pa_ad` [ RunTime:0.015625s ]
SQL: SELECT `id`,`ad_link`,`ad_img` FROM `pa_ad` WHERE ( position = "blockworld" ) ORDER BY sort desc LIMIT 1   [ RunTime:0.000000s ]
SQL: SELECT `ad_link`,`ad_img` FROM `pa_ad` WHERE ( position = "banner" ) ORDER BY sort desc  [ RunTime:0.000000s ]
SQL: SHOW COLUMNS FROM pa_news n [ RunTime:0.000000s ]
ERR: 1064:You have an error in your SQL syntax; check the manual that corresponds to your MySQL server version for the right syntax to use near 'n' at line 1
 [ SQL语句 ] : SHOW COLUMNS FROM pa_news n
SQL: SELECT `title`,`id` FROM pa_news n INNER JOIN pa_category c on c.cid = n.cid  WHERE ( c.name = "城市公告" )  [ RunTime:0.000000s ]
SQL: SELECT `title`,`id` FROM pa_news n INNER JOIN pa_category c on c.cid = n.cid  WHERE ( c.name = "BlockWorld挖矿简介" )  [ RunTime:0.000000s ]
SQL: SHOW COLUMNS FROM `pa_liveset` [ RunTime:0.000000s ]
SQL: SELECT * FROM `pa_liveset` LIMIT 1   [ RunTime:0.000000s ]

[ 2018-09-29T20:56:11+08:00 ] 117.136.81.199 /index.php/Home/My/MyMessage/
INFO: [ app_init ] --START--
INFO: Run Behavior\BuildLiteBehavior [ RunTime:0.000000s ]
INFO: [ app_init ] --END-- [ RunTime:0.000000s ]
INFO: [ app_begin ] --START--
INFO: Run Behavior\ReadHtmlCacheBehavior [ RunTime:0.000000s ]
INFO: Run Behavior\CheckLangBehavior [ RunTime:0.000000s ]
INFO: [ app_begin ] --END-- [ RunTime:0.000000s ]
NOTIC: [8192] mysql_connect(): The mysql extension is deprecated and will be removed in the future: use mysqli or PDO instead E:\phpstudy\WWW\intelligencemine\ThinkPHP\Library\Think\Db\Driver\Mysql.class.php 第 52 行.
SQL: SHOW COLUMNS FROM `pa_personal` [ RunTime:0.000000s ]
SQL: SELECT `user_id`,`user_number`,`user_img`,`user_nickname`,`suanli`,`flowsuanli`,`mineral`,`identity`,`user_tel`,`payword`,`real_name` FROM `pa_personal` WHERE ( access_token = "5eb61d0cdb1fdca0ed8dd9c3f684924f" ) LIMIT 1   [ RunTime:0.000000s ]

[ 2018-09-29T20:56:20+08:00 ] 117.136.81.199 /index.php/Home/My/address_info
INFO: [ app_init ] --START--
INFO: Run Behavior\BuildLiteBehavior [ RunTime:0.000000s ]
INFO: [ app_init ] --END-- [ RunTime:0.000000s ]
INFO: [ app_begin ] --START--
INFO: Run Behavior\ReadHtmlCacheBehavior [ RunTime:0.000000s ]
INFO: Run Behavior\CheckLangBehavior [ RunTime:0.000000s ]
INFO: [ app_begin ] --END-- [ RunTime:0.000000s ]
NOTIC: [8192] mysql_connect(): The mysql extension is deprecated and will be removed in the future: use mysqli or PDO instead E:\phpstudy\WWW\intelligencemine\ThinkPHP\Library\Think\Db\Driver\Mysql.class.php 第 52 行.
SQL: SHOW COLUMNS FROM `pa_personal` [ RunTime:0.000000s ]
SQL: SELECT * FROM `pa_personal` WHERE ( access_token = "5eb61d0cdb1fdca0ed8dd9c3f684924f" ) LIMIT 1   [ RunTime:0.000000s ]
SQL: SHOW COLUMNS FROM `pa_address` [ RunTime:0.015625s ]
SQL: SELECT * FROM `pa_address` WHERE ( uid = 2 ) ORDER BY moren desc  [ RunTime:0.000000s ]
SQL: SHOW COLUMNS FROM `pa_city` [ RunTime:0.000000s ]
SQL: SELECT * FROM `pa_city` WHERE ( ID = 9370 ) LIMIT 1   [ RunTime:0.000000s ]
SQL: SELECT * FROM `pa_city` WHERE ( ID = 9371 ) LIMIT 1   [ RunTime:0.000000s ]
SQL: SELECT * FROM `pa_city` WHERE ( ID = 9382 ) LIMIT 1   [ RunTime:0.000000s ]
SQL: SELECT * FROM `pa_city` WHERE ( ID = 7503 ) LIMIT 1   [ RunTime:0.000000s ]
SQL: SELECT * FROM `pa_city` WHERE ( ID = 7529 ) LIMIT 1   [ RunTime:0.000000s ]
SQL: SELECT * FROM `pa_city` WHERE ( ID = 7531 ) LIMIT 1   [ RunTime:0.000000s ]
SQL: SELECT * FROM `pa_city` WHERE ( ID = 0 ) LIMIT 1   [ RunTime:0.000000s ]
SQL: SELECT * FROM `pa_city` WHERE ( ID = 0 ) LIMIT 1   [ RunTime:0.000000s ]
SQL: SELECT * FROM `pa_city` WHERE ( ID = 0 ) LIMIT 1   [ RunTime:0.000000s ]
SQL: SELECT * FROM `pa_city` WHERE ( ID = 0 ) LIMIT 1   [ RunTime:0.000000s ]
SQL: SELECT * FROM `pa_city` WHERE ( ID = 0 ) LIMIT 1   [ RunTime:0.000000s ]
SQL: SELECT * FROM `pa_city` WHERE ( ID = 0 ) LIMIT 1   [ RunTime:0.000000s ]
SQL: SELECT * FROM `pa_city` WHERE ( ID = 0 ) LIMIT 1   [ RunTime:0.000000s ]
SQL: SELECT * FROM `pa_city` WHERE ( ID = 0 ) LIMIT 1   [ RunTime:0.000000s ]
SQL: SELECT * FROM `pa_city` WHERE ( ID = 0 ) LIMIT 1   [ RunTime:0.000000s ]
SQL: SELECT * FROM `pa_city` WHERE ( ID = 0 ) LIMIT 1   [ RunTime:0.015624s ]
SQL: SELECT * FROM `pa_city` WHERE ( ID = 0 ) LIMIT 1   [ RunTime:0.000000s ]
SQL: SELECT * FROM `pa_city` WHERE ( ID = 0 ) LIMIT 1   [ RunTime:0.000000s ]
SQL: SELECT * FROM `pa_city` WHERE ( ID = 0 ) LIMIT 1   [ RunTime:0.000000s ]
SQL: SELECT * FROM `pa_city` WHERE ( ID = 0 ) LIMIT 1   [ RunTime:0.000000s ]
SQL: SELECT * FROM `pa_city` WHERE ( ID = 0 ) LIMIT 1   [ RunTime:0.000000s ]
SQL: SELECT * FROM `pa_city` WHERE ( ID = 0 ) LIMIT 1   [ RunTime:0.000000s ]
SQL: SELECT * FROM `pa_city` WHERE ( ID = 0 ) LIMIT 1   [ RunTime:0.000000s ]
SQL: SELECT * FROM `pa_city` WHERE ( ID = 0 ) LIMIT 1   [ RunTime:0.000000s ]
SQL: SELECT * FROM `pa_city` WHERE ( ID = 7460 ) LIMIT 1   [ RunTime:0.000000s ]
SQL: SELECT * FROM `pa_city` WHERE ( ID = 7461 ) LIMIT 1   [ RunTime:0.000000s ]
SQL: SELECT * FROM `pa_city` WHERE ( ID = 7462 ) LIMIT 1   [ RunTime:0.000000s ]
SQL: SELECT * FROM `pa_city` WHERE ( ID = 7460 ) LIMIT 1   [ RunTime:0.000000s ]
SQL: SELECT * FROM `pa_city` WHERE ( ID = 7461 ) LIMIT 1   [ RunTime:0.000000s ]
SQL: SELECT * FROM `pa_city` WHERE ( ID = 7462 ) LIMIT 1   [ RunTime:0.000000s ]
SQL: SELECT * FROM `pa_city` WHERE ( ID = 7460 ) LIMIT 1   [ RunTime:0.000000s ]
SQL: SELECT * FROM `pa_city` WHERE ( ID = 7461 ) LIMIT 1   [ RunTime:0.000000s ]
SQL: SELECT * FROM `pa_city` WHERE ( ID = 7462 ) LIMIT 1   [ RunTime:0.000000s ]
SQL: SELECT * FROM `pa_city` WHERE ( ID = 7460 ) LIMIT 1   [ RunTime:0.000000s ]
SQL: SELECT * FROM `pa_city` WHERE ( ID = 7461 ) LIMIT 1   [ RunTime:0.000000s ]
SQL: SELECT * FROM `pa_city` WHERE ( ID = 7462 ) LIMIT 1   [ RunTime:0.000000s ]
SQL: SELECT * FROM `pa_city` WHERE ( ID = 7460 ) LIMIT 1   [ RunTime:0.000000s ]
SQL: SELECT * FROM `pa_city` WHERE ( ID = 7461 ) LIMIT 1   [ RunTime:0.000000s ]
SQL: SELECT * FROM `pa_city` WHERE ( ID = 7463 ) LIMIT 1   [ RunTime:0.000000s ]
SQL: SELECT * FROM `pa_city` WHERE ( ID = 7481 ) LIMIT 1   [ RunTime:0.000000s ]
SQL: SELECT * FROM `pa_city` WHERE ( ID = 7482 ) LIMIT 1   [ RunTime:0.000000s ]
SQL: SELECT * FROM `pa_city` WHERE ( ID = 7484 ) LIMIT 1   [ RunTime:0.000000s ]
SQL: SELECT * FROM `pa_city` WHERE ( ID = 7460 ) LIMIT 1   [ RunTime:0.000000s ]
SQL: SELECT * FROM `pa_city` WHERE ( ID = 7461 ) LIMIT 1   [ RunTime:0.000000s ]
SQL: SELECT * FROM `pa_city` WHERE ( ID = 7463 ) LIMIT 1   [ RunTime:0.000000s ]
SQL: SELECT * FROM `pa_city` WHERE ( ID = 7481 ) LIMIT 1   [ RunTime:0.000000s ]
SQL: SELECT * FROM `pa_city` WHERE ( ID = 7482 ) LIMIT 1   [ RunTime:0.000000s ]
SQL: SELECT * FROM `pa_city` WHERE ( ID = 7484 ) LIMIT 1   [ RunTime:0.000000s ]
SQL: SELECT * FROM `pa_city` WHERE ( ID = 7481 ) LIMIT 1   [ RunTime:0.000000s ]
SQL: SELECT * FROM `pa_city` WHERE ( ID = 7482 ) LIMIT 1   [ RunTime:0.000000s ]
SQL: SELECT * FROM `pa_city` WHERE ( ID = 7484 ) LIMIT 1   [ RunTime:0.000000s ]
SQL: SELECT * FROM `pa_city` WHERE ( ID = 7503 ) LIMIT 1   [ RunTime:0.000000s ]
SQL: SELECT * FROM `pa_city` WHERE ( ID = 7545 ) LIMIT 1   [ RunTime:0.000000s ]
SQL: SELECT * FROM `pa_city` WHERE ( ID = 7548 ) LIMIT 1   [ RunTime:0.000000s ]
SQL: SELECT * FROM `pa_city` WHERE ( ID = 7460 ) LIMIT 1   [ RunTime:0.000000s ]
SQL: SELECT * FROM `pa_city` WHERE ( ID = 7461 ) LIMIT 1   [ RunTime:0.000000s ]
SQL: SELECT * FROM `pa_city` WHERE ( ID = 7462 ) LIMIT 1   [ RunTime:0.000000s ]
SQL: SELECT * FROM `pa_city` WHERE ( ID = 7503 ) LIMIT 1   [ RunTime:0.015625s ]
SQL: SELECT * FROM `pa_city` WHERE ( ID = 7529 ) LIMIT 1   [ RunTime:0.000000s ]
SQL: SELECT * FROM `pa_city` WHERE ( ID = 7531 ) LIMIT 1   [ RunTime:0.000000s ]
SQL: SELECT * FROM `pa_city` WHERE ( ID = 7845 ) LIMIT 1   [ RunTime:0.000000s ]
SQL: SELECT * FROM `pa_city` WHERE ( ID = 7846 ) LIMIT 1   [ RunTime:0.000000s ]
SQL: SELECT * FROM `pa_city` WHERE ( ID = 7847 ) LIMIT 1   [ RunTime:0.000000s ]
SQL: SELECT * FROM `pa_city` WHERE ( ID = 7845 ) LIMIT 1   [ RunTime:0.000000s ]
SQL: SELECT * FROM `pa_city` WHERE ( ID = 7873 ) LIMIT 1   [ RunTime:0.000000s ]
SQL: SELECT * FROM `pa_city` WHERE ( ID = 7875 ) LIMIT 1   [ RunTime:0.000000s ]
SQL: SELECT * FROM `pa_city` WHERE ( ID = 7702 ) LIMIT 1   [ RunTime:0.000000s ]
SQL: SELECT * FROM `pa_city` WHERE ( ID = 7715 ) LIMIT 1   [ RunTime:0.000000s ]
SQL: SELECT * FROM `pa_city` WHERE ( ID = 7716 ) LIMIT 1   [ RunTime:0.000000s ]
SQL: SELECT * FROM `pa_city` WHERE ( ID = 7460 ) LIMIT 1   [ RunTime:0.000000s ]
SQL: SELECT * FROM `pa_city` WHERE ( ID = 7461 ) LIMIT 1   [ RunTime:0.000000s ]
SQL: SELECT * FROM `pa_city` WHERE ( ID = 7463 ) LIMIT 1   [ RunTime:0.000000s ]
SQL: SELECT * FROM `pa_city` WHERE ( ID = 7460 ) LIMIT 1   [ RunTime:0.000000s ]
SQL: SELECT * FROM `pa_city` WHERE ( ID = 7461 ) LIMIT 1   [ RunTime:0.000000s ]
SQL: SELECT * FROM `pa_city` WHERE ( ID = 7462 ) LIMIT 1   [ RunTime:0.000000s ]

[ 2018-09-29T20:56:22+08:00 ] 117.136.81.199 /index.php/Home/My/getRegion
INFO: [ app_init ] --START--
INFO: Run Behavior\BuildLiteBehavior [ RunTime:0.000000s ]
INFO: [ app_init ] --END-- [ RunTime:0.000000s ]
INFO: [ app_begin ] --START--
INFO: Run Behavior\ReadHtmlCacheBehavior [ RunTime:0.000000s ]
INFO: Run Behavior\CheckLangBehavior [ RunTime:0.000000s ]
INFO: [ app_begin ] --END-- [ RunTime:0.000000s ]
NOTIC: [8192] mysql_connect(): The mysql extension is deprecated and will be removed in the future: use mysqli or PDO instead E:\phpstudy\WWW\intelligencemine\ThinkPHP\Library\Think\Db\Driver\Mysql.class.php 第 52 行.
SQL: SHOW COLUMNS FROM `pa_city` [ RunTime:0.000000s ]
SQL: SELECT `id`,`REGION_NAME` FROM `pa_city` WHERE ( REGION_TYPE = 1 )  [ RunTime:0.000000s ]
SQL: SELECT * FROM `pa_city` WHERE ( recommend = 1 )  [ RunTime:0.015625s ]

[ 2018-09-29T20:56:25+08:00 ] 117.136.81.199 /index.php/Home/My/address_info
INFO: [ app_init ] --START--
INFO: Run Behavior\BuildLiteBehavior [ RunTime:0.000000s ]
INFO: [ app_init ] --END-- [ RunTime:0.000000s ]
INFO: [ app_begin ] --START--
INFO: Run Behavior\ReadHtmlCacheBehavior [ RunTime:0.000000s ]
INFO: Run Behavior\CheckLangBehavior [ RunTime:0.000000s ]
INFO: [ app_begin ] --END-- [ RunTime:0.000000s ]
NOTIC: [8192] mysql_connect(): The mysql extension is deprecated and will be removed in the future: use mysqli or PDO instead E:\phpstudy\WWW\intelligencemine\ThinkPHP\Library\Think\Db\Driver\Mysql.class.php 第 52 行.
SQL: SHOW COLUMNS FROM `pa_personal` [ RunTime:0.000000s ]
SQL: SELECT * FROM `pa_personal` WHERE ( access_token = "5eb61d0cdb1fdca0ed8dd9c3f684924f" ) LIMIT 1   [ RunTime:0.000000s ]
SQL: SHOW COLUMNS FROM `pa_address` [ RunTime:0.015625s ]
SQL: SELECT * FROM `pa_address` WHERE ( uid = 2 ) ORDER BY moren desc  [ RunTime:0.000000s ]
SQL: SHOW COLUMNS FROM `pa_city` [ RunTime:0.000000s ]
SQL: SELECT * FROM `pa_city` WHERE ( ID = 9370 ) LIMIT 1   [ RunTime:0.000000s ]
SQL: SELECT * FROM `pa_city` WHERE ( ID = 9371 ) LIMIT 1   [ RunTime:0.000000s ]
SQL: SELECT * FROM `pa_city` WHERE ( ID = 9382 ) LIMIT 1   [ RunTime:0.000000s ]
SQL: SELECT * FROM `pa_city` WHERE ( ID = 7503 ) LIMIT 1   [ RunTime:0.000000s ]
SQL: SELECT * FROM `pa_city` WHERE ( ID = 7529 ) LIMIT 1   [ RunTime:0.000000s ]
SQL: SELECT * FROM `pa_city` WHERE ( ID = 7531 ) LIMIT 1   [ RunTime:0.000000s ]
SQL: SELECT * FROM `pa_city` WHERE ( ID = 0 ) LIMIT 1   [ RunTime:0.000000s ]
SQL: SELECT * FROM `pa_city` WHERE ( ID = 0 ) LIMIT 1   [ RunTime:0.000000s ]
SQL: SELECT * FROM `pa_city` WHERE ( ID = 0 ) LIMIT 1   [ RunTime:0.000000s ]
SQL: SELECT * FROM `pa_city` WHERE ( ID = 0 ) LIMIT 1   [ RunTime:0.000000s ]
SQL: SELECT * FROM `pa_city` WHERE ( ID = 0 ) LIMIT 1   [ RunTime:0.000000s ]
SQL: SELECT * FROM `pa_city` WHERE ( ID = 0 ) LIMIT 1   [ RunTime:0.000000s ]
SQL: SELECT * FROM `pa_city` WHERE ( ID = 0 ) LIMIT 1   [ RunTime:0.000000s ]
SQL: SELECT * FROM `pa_city` WHERE ( ID = 0 ) LIMIT 1   [ RunTime:0.000000s ]
SQL: SELECT * FROM `pa_city` WHERE ( ID = 0 ) LIMIT 1   [ RunTime:0.000000s ]
SQL: SELECT * FROM `pa_city` WHERE ( ID = 0 ) LIMIT 1   [ RunTime:0.000000s ]
SQL: SELECT * FROM `pa_city` WHERE ( ID = 0 ) LIMIT 1   [ RunTime:0.000000s ]
SQL: SELECT * FROM `pa_city` WHERE ( ID = 0 ) LIMIT 1   [ RunTime:0.000000s ]
SQL: SELECT * FROM `pa_city` WHERE ( ID = 0 ) LIMIT 1   [ RunTime:0.000000s ]
SQL: SELECT * FROM `pa_city` WHERE ( ID = 0 ) LIMIT 1   [ RunTime:0.000000s ]
SQL: SELECT * FROM `pa_city` WHERE ( ID = 0 ) LIMIT 1   [ RunTime:0.000000s ]
SQL: SELECT * FROM `pa_city` WHERE ( ID = 0 ) LIMIT 1   [ RunTime:0.000000s ]
SQL: SELECT * FROM `pa_city` WHERE ( ID = 0 ) LIMIT 1   [ RunTime:0.000000s ]
SQL: SELECT * FROM `pa_city` WHERE ( ID = 0 ) LIMIT 1   [ RunTime:0.000000s ]
SQL: SELECT * FROM `pa_city` WHERE ( ID = 7460 ) LIMIT 1   [ RunTime:0.000000s ]
SQL: SELECT * FROM `pa_city` WHERE ( ID = 7461 ) LIMIT 1   [ RunTime:0.000000s ]
SQL: SELECT * FROM `pa_city` WHERE ( ID = 7462 ) LIMIT 1   [ RunTime:0.000000s ]
SQL: SELECT * FROM `pa_city` WHERE ( ID = 7460 ) LIMIT 1   [ RunTime:0.000000s ]
SQL: SELECT * FROM `pa_city` WHERE ( ID = 7461 ) LIMIT 1   [ RunTime:0.000000s ]
SQL: SELECT * FROM `pa_city` WHERE ( ID = 7462 ) LIMIT 1   [ RunTime:0.000000s ]
SQL: SELECT * FROM `pa_city` WHERE ( ID = 7460 ) LIMIT 1   [ RunTime:0.000000s ]
SQL: SELECT * FROM `pa_city` WHERE ( ID = 7461 ) LIMIT 1   [ RunTime:0.000000s ]
SQL: SELECT * FROM `pa_city` WHERE ( ID = 7462 ) LIMIT 1   [ RunTime:0.000000s ]
SQL: SELECT * FROM `pa_city` WHERE ( ID = 7460 ) LIMIT 1   [ RunTime:0.000000s ]
SQL: SELECT * FROM `pa_city` WHERE ( ID = 7461 ) LIMIT 1   [ RunTime:0.000000s ]
SQL: SELECT * FROM `pa_city` WHERE ( ID = 7462 ) LIMIT 1   [ RunTime:0.000000s ]
SQL: SELECT * FROM `pa_city` WHERE ( ID = 7460 ) LIMIT 1   [ RunTime:0.000000s ]
SQL: SELECT * FROM `pa_city` WHERE ( ID = 7461 ) LIMIT 1   [ RunTime:0.000000s ]
SQL: SELECT * FROM `pa_city` WHERE ( ID = 7463 ) LIMIT 1   [ RunTime:0.000000s ]
SQL: SELECT * FROM `pa_city` WHERE ( ID = 7481 ) LIMIT 1   [ RunTime:0.000000s ]
SQL: SELECT * FROM `pa_city` WHERE ( ID = 7482 ) LIMIT 1   [ RunTime:0.000000s ]
SQL: SELECT * FROM `pa_city` WHERE ( ID = 7484 ) LIMIT 1   [ RunTime:0.000000s ]
SQL: SELECT * FROM `pa_city` WHERE ( ID = 7460 ) LIMIT 1   [ RunTime:0.000000s ]
SQL: SELECT * FROM `pa_city` WHERE ( ID = 7461 ) LIMIT 1   [ RunTime:0.000000s ]
SQL: SELECT * FROM `pa_city` WHERE ( ID = 7463 ) LIMIT 1   [ RunTime:0.000000s ]
SQL: SELECT * FROM `pa_city` WHERE ( ID = 7481 ) LIMIT 1   [ RunTime:0.000000s ]
SQL: SELECT * FROM `pa_city` WHERE ( ID = 7482 ) LIMIT 1   [ RunTime:0.000000s ]
SQL: SELECT * FROM `pa_city` WHERE ( ID = 7484 ) LIMIT 1   [ RunTime:0.000000s ]
SQL: SELECT * FROM `pa_city` WHERE ( ID = 7481 ) LIMIT 1   [ RunTime:0.000000s ]
SQL: SELECT * FROM `pa_city` WHERE ( ID = 7482 ) LIMIT 1   [ RunTime:0.000000s ]
SQL: SELECT * FROM `pa_city` WHERE ( ID = 7484 ) LIMIT 1   [ RunTime:0.000000s ]
SQL: SELECT * FROM `pa_city` WHERE ( ID = 7503 ) LIMIT 1   [ RunTime:0.000000s ]
SQL: SELECT * FROM `pa_city` WHERE ( ID = 7545 ) LIMIT 1   [ RunTime:0.000000s ]
SQL: SELECT * FROM `pa_city` WHERE ( ID = 7548 ) LIMIT 1   [ RunTime:0.000000s ]
SQL: SELECT * FROM `pa_city` WHERE ( ID = 7460 ) LIMIT 1   [ RunTime:0.000000s ]
SQL: SELECT * FROM `pa_city` WHERE ( ID = 7461 ) LIMIT 1   [ RunTime:0.015625s ]
SQL: SELECT * FROM `pa_city` WHERE ( ID = 7462 ) LIMIT 1   [ RunTime:0.000000s ]
SQL: SELECT * FROM `pa_city` WHERE ( ID = 7503 ) LIMIT 1   [ RunTime:0.000000s ]
SQL: SELECT * FROM `pa_city` WHERE ( ID = 7529 ) LIMIT 1   [ RunTime:0.000000s ]
SQL: SELECT * FROM `pa_city` WHERE ( ID = 7531 ) LIMIT 1   [ RunTime:0.000000s ]
SQL: SELECT * FROM `pa_city` WHERE ( ID = 7845 ) LIMIT 1   [ RunTime:0.000000s ]
SQL: SELECT * FROM `pa_city` WHERE ( ID = 7846 ) LIMIT 1   [ RunTime:0.000000s ]
SQL: SELECT * FROM `pa_city` WHERE ( ID = 7847 ) LIMIT 1   [ RunTime:0.000000s ]
SQL: SELECT * FROM `pa_city` WHERE ( ID = 7845 ) LIMIT 1   [ RunTime:0.000000s ]
SQL: SELECT * FROM `pa_city` WHERE ( ID = 7873 ) LIMIT 1   [ RunTime:0.000000s ]
SQL: SELECT * FROM `pa_city` WHERE ( ID = 7875 ) LIMIT 1   [ RunTime:0.000000s ]
SQL: SELECT * FROM `pa_city` WHERE ( ID = 7702 ) LIMIT 1   [ RunTime:0.000000s ]
SQL: SELECT * FROM `pa_city` WHERE ( ID = 7715 ) LIMIT 1   [ RunTime:0.000000s ]
SQL: SELECT * FROM `pa_city` WHERE ( ID = 7716 ) LIMIT 1   [ RunTime:0.000000s ]
SQL: SELECT * FROM `pa_city` WHERE ( ID = 7460 ) LIMIT 1   [ RunTime:0.000000s ]
SQL: SELECT * FROM `pa_city` WHERE ( ID = 7461 ) LIMIT 1   [ RunTime:0.000000s ]
SQL: SELECT * FROM `pa_city` WHERE ( ID = 7463 ) LIMIT 1   [ RunTime:0.000000s ]
SQL: SELECT * FROM `pa_city` WHERE ( ID = 7460 ) LIMIT 1   [ RunTime:0.000000s ]
SQL: SELECT * FROM `pa_city` WHERE ( ID = 7461 ) LIMIT 1   [ RunTime:0.000000s ]
SQL: SELECT * FROM `pa_city` WHERE ( ID = 7462 ) LIMIT 1   [ RunTime:0.000000s ]

[ 2018-09-29T20:56:28+08:00 ] 117.136.81.199 /index.php/Home/My/system_sale
INFO: [ app_init ] --START--
INFO: Run Behavior\BuildLiteBehavior [ RunTime:0.000000s ]
INFO: [ app_init ] --END-- [ RunTime:0.000000s ]
INFO: [ app_begin ] --START--
INFO: Run Behavior\ReadHtmlCacheBehavior [ RunTime:0.015624s ]
INFO: Run Behavior\CheckLangBehavior [ RunTime:0.000000s ]
INFO: [ app_begin ] --END-- [ RunTime:0.015624s ]
NOTIC: [8192] mysql_connect(): The mysql extension is deprecated and will be removed in the future: use mysqli or PDO instead E:\phpstudy\WWW\intelligencemine\ThinkPHP\Library\Think\Db\Driver\Mysql.class.php 第 52 行.
SQL: SHOW COLUMNS FROM `pa_personal` [ RunTime:0.000000s ]
SQL: SELECT `user_id`,`user_img`,`user_nickname`,`identity`,`front_img`,`contrary_img`,`hand_img` FROM `pa_personal` WHERE ( access_token = "5eb61d0cdb1fdca0ed8dd9c3f684924f" ) LIMIT 1   [ RunTime:0.000000s ]

[ 2018-09-29T20:56:33+08:00 ] 117.136.81.199 /index.php/Home/Index/Mypay
INFO: [ app_init ] --START--
INFO: Run Behavior\BuildLiteBehavior [ RunTime:0.000000s ]
INFO: [ app_init ] --END-- [ RunTime:0.000000s ]
INFO: [ app_begin ] --START--
INFO: Run Behavior\ReadHtmlCacheBehavior [ RunTime:0.000000s ]
INFO: Run Behavior\CheckLangBehavior [ RunTime:0.000000s ]
INFO: [ app_begin ] --END-- [ RunTime:0.000000s ]
NOTIC: [8192] mysql_connect(): The mysql extension is deprecated and will be removed in the future: use mysqli or PDO instead E:\phpstudy\WWW\intelligencemine\ThinkPHP\Library\Think\Db\Driver\Mysql.class.php 第 52 行.
SQL: SHOW COLUMNS FROM `pa_personal` [ RunTime:0.000000s ]
SQL: SELECT `user_id`,`user_password`,`payword` FROM `pa_personal` WHERE ( access_token = "5eb61d0cdb1fdca0ed8dd9c3f684924f" ) LIMIT 1   [ RunTime:0.000000s ]
SQL: SHOW COLUMNS FROM `pa_account` [ RunTime:0.015624s ]
SQL: SELECT * FROM `pa_account` WHERE ( user_id = "2" and account_number_name=1 ) LIMIT 1   [ RunTime:0.000000s ]
SQL: SELECT * FROM `pa_account` WHERE ( user_id = "2" and account_number_name=2 ) LIMIT 1   [ RunTime:0.000000s ]
SQL: SHOW COLUMNS FROM `pa_bankinfo` [ RunTime:0.000000s ]
SQL: SELECT * FROM `pa_bankinfo` WHERE ( user_id = "2" ) LIMIT 1   [ RunTime:0.000000s ]
SQL: SHOW COLUMNS FROM `pa_e_wallet` [ RunTime:0.015625s ]
SQL: SELECT * FROM `pa_e_wallet` WHERE ( user_id = "2" ) LIMIT 1   [ RunTime:0.000000s ]

[ 2018-09-29T20:56:35+08:00 ] 117.136.81.199 /index.php/Home/My/e_wallet_info
INFO: [ app_init ] --START--
INFO: Run Behavior\BuildLiteBehavior [ RunTime:0.000000s ]
INFO: [ app_init ] --END-- [ RunTime:0.000000s ]
INFO: [ app_begin ] --START--
INFO: Run Behavior\ReadHtmlCacheBehavior [ RunTime:0.000000s ]
INFO: Run Behavior\CheckLangBehavior [ RunTime:0.000000s ]
INFO: [ app_begin ] --END-- [ RunTime:0.000000s ]
NOTIC: [8192] mysql_connect(): The mysql extension is deprecated and will be removed in the future: use mysqli or PDO instead E:\phpstudy\WWW\intelligencemine\ThinkPHP\Library\Think\Db\Driver\Mysql.class.php 第 52 行.
SQL: SHOW COLUMNS FROM `pa_personal` [ RunTime:0.000000s ]
SQL: SELECT * FROM `pa_personal` WHERE ( access_token = "5eb61d0cdb1fdca0ed8dd9c3f684924f" ) LIMIT 1   [ RunTime:0.000000s ]
SQL: SHOW COLUMNS FROM `pa_e_wallet` [ RunTime:0.015625s ]
SQL: SELECT * FROM `pa_e_wallet` WHERE ( user_id = 2 ) ORDER BY moren desc  [ RunTime:0.000000s ]

[ 2018-09-29T20:56:41+08:00 ] 117.136.81.199 /index.php/Home/Index/Mypay
INFO: [ app_init ] --START--
INFO: Run Behavior\BuildLiteBehavior [ RunTime:0.000000s ]
INFO: [ app_init ] --END-- [ RunTime:0.000000s ]
INFO: [ app_begin ] --START--
INFO: Run Behavior\ReadHtmlCacheBehavior [ RunTime:0.000000s ]
INFO: Run Behavior\CheckLangBehavior [ RunTime:0.000000s ]
INFO: [ app_begin ] --END-- [ RunTime:0.000000s ]
NOTIC: [8192] mysql_connect(): The mysql extension is deprecated and will be removed in the future: use mysqli or PDO instead E:\phpstudy\WWW\intelligencemine\ThinkPHP\Library\Think\Db\Driver\Mysql.class.php 第 52 行.
SQL: SHOW COLUMNS FROM `pa_personal` [ RunTime:0.000000s ]
SQL: SELECT `user_id`,`user_password`,`payword` FROM `pa_personal` WHERE ( access_token = "5eb61d0cdb1fdca0ed8dd9c3f684924f" ) LIMIT 1   [ RunTime:0.000000s ]
SQL: SHOW COLUMNS FROM `pa_account` [ RunTime:0.015625s ]
SQL: SELECT * FROM `pa_account` WHERE ( user_id = "2" and account_number_name=1 ) LIMIT 1   [ RunTime:0.000000s ]
SQL: SELECT * FROM `pa_account` WHERE ( user_id = "2" and account_number_name=2 ) LIMIT 1   [ RunTime:0.000000s ]
SQL: SHOW COLUMNS FROM `pa_bankinfo` [ RunTime:0.000000s ]
SQL: SELECT * FROM `pa_bankinfo` WHERE ( user_id = "2" ) LIMIT 1   [ RunTime:0.000000s ]
SQL: SHOW COLUMNS FROM `pa_e_wallet` [ RunTime:0.000000s ]
SQL: SELECT * FROM `pa_e_wallet` WHERE ( user_id = "2" ) LIMIT 1   [ RunTime:0.015624s ]

[ 2018-09-29T20:56:45+08:00 ] 117.136.81.199 /index.php/Home/Index/Mypay
INFO: [ app_init ] --START--
INFO: Run Behavior\BuildLiteBehavior [ RunTime:0.000000s ]
INFO: [ app_init ] --END-- [ RunTime:0.000000s ]
INFO: [ app_begin ] --START--
INFO: Run Behavior\ReadHtmlCacheBehavior [ RunTime:0.000000s ]
INFO: Run Behavior\CheckLangBehavior [ RunTime:0.000000s ]
INFO: [ app_begin ] --END-- [ RunTime:0.000000s ]
NOTIC: [8192] mysql_connect(): The mysql extension is deprecated and will be removed in the future: use mysqli or PDO instead E:\phpstudy\WWW\intelligencemine\ThinkPHP\Library\Think\Db\Driver\Mysql.class.php 第 52 行.
SQL: SHOW COLUMNS FROM `pa_personal` [ RunTime:0.000000s ]
SQL: SELECT `user_id`,`user_password`,`payword` FROM `pa_personal` WHERE ( access_token = "5eb61d0cdb1fdca0ed8dd9c3f684924f" ) LIMIT 1   [ RunTime:0.000000s ]
SQL: SHOW COLUMNS FROM `pa_account` [ RunTime:0.015624s ]
SQL: SELECT * FROM `pa_account` WHERE ( user_id = "2" and account_number_name=1 ) LIMIT 1   [ RunTime:0.000000s ]
SQL: SELECT * FROM `pa_account` WHERE ( user_id = "2" and account_number_name=2 ) LIMIT 1   [ RunTime:0.000000s ]
SQL: SHOW COLUMNS FROM `pa_bankinfo` [ RunTime:0.000000s ]
SQL: SELECT * FROM `pa_bankinfo` WHERE ( user_id = "2" ) LIMIT 1   [ RunTime:0.000000s ]
SQL: SHOW COLUMNS FROM `pa_e_wallet` [ RunTime:0.000000s ]
SQL: SELECT * FROM `pa_e_wallet` WHERE ( user_id = "2" ) LIMIT 1   [ RunTime:0.000000s ]

[ 2018-09-29T20:56:50+08:00 ] 117.136.81.199 /index.php/Home/Index/Mypay
INFO: [ app_init ] --START--
INFO: Run Behavior\BuildLiteBehavior [ RunTime:0.000000s ]
INFO: [ app_init ] --END-- [ RunTime:0.000000s ]
INFO: [ app_begin ] --START--
INFO: Run Behavior\ReadHtmlCacheBehavior [ RunTime:0.000000s ]
INFO: Run Behavior\CheckLangBehavior [ RunTime:0.000000s ]
INFO: [ app_begin ] --END-- [ RunTime:0.000000s ]
NOTIC: [8192] mysql_connect(): The mysql extension is deprecated and will be removed in the future: use mysqli or PDO instead E:\phpstudy\WWW\intelligencemine\ThinkPHP\Library\Think\Db\Driver\Mysql.class.php 第 52 行.
SQL: SHOW COLUMNS FROM `pa_personal` [ RunTime:0.000000s ]
SQL: SELECT `user_id`,`user_password`,`payword` FROM `pa_personal` WHERE ( access_token = "5eb61d0cdb1fdca0ed8dd9c3f684924f" ) LIMIT 1   [ RunTime:0.000000s ]
SQL: SHOW COLUMNS FROM `pa_account` [ RunTime:0.015624s ]
SQL: SELECT * FROM `pa_account` WHERE ( user_id = "2" and account_number_name=1 ) LIMIT 1   [ RunTime:0.000000s ]
SQL: SELECT * FROM `pa_account` WHERE ( user_id = "2" and account_number_name=2 ) LIMIT 1   [ RunTime:0.000000s ]
SQL: SHOW COLUMNS FROM `pa_bankinfo` [ RunTime:0.000000s ]
SQL: SELECT * FROM `pa_bankinfo` WHERE ( user_id = "2" ) LIMIT 1   [ RunTime:0.000000s ]
SQL: SHOW COLUMNS FROM `pa_e_wallet` [ RunTime:0.000000s ]
SQL: SELECT * FROM `pa_e_wallet` WHERE ( user_id = "2" ) LIMIT 1   [ RunTime:0.015625s ]

[ 2018-09-29T20:56:52+08:00 ] 117.136.81.199 /index.php/Home/My/e_wallet_info
INFO: [ app_init ] --START--
INFO: Run Behavior\BuildLiteBehavior [ RunTime:0.000000s ]
INFO: [ app_init ] --END-- [ RunTime:0.000000s ]
INFO: [ app_begin ] --START--
INFO: Run Behavior\ReadHtmlCacheBehavior [ RunTime:0.000000s ]
INFO: Run Behavior\CheckLangBehavior [ RunTime:0.000000s ]
INFO: [ app_begin ] --END-- [ RunTime:0.000000s ]
NOTIC: [8192] mysql_connect(): The mysql extension is deprecated and will be removed in the future: use mysqli or PDO instead E:\phpstudy\WWW\intelligencemine\ThinkPHP\Library\Think\Db\Driver\Mysql.class.php 第 52 行.
SQL: SHOW COLUMNS FROM `pa_personal` [ RunTime:0.000000s ]
SQL: SELECT * FROM `pa_personal` WHERE ( access_token = "5eb61d0cdb1fdca0ed8dd9c3f684924f" ) LIMIT 1   [ RunTime:0.000000s ]
SQL: SHOW COLUMNS FROM `pa_e_wallet` [ RunTime:0.015625s ]
SQL: SELECT * FROM `pa_e_wallet` WHERE ( user_id = 2 ) ORDER BY moren desc  [ RunTime:0.000000s ]

[ 2018-09-29T20:57:00+08:00 ] 117.136.81.199 /index.php/Home/Index/Mypay
INFO: [ app_init ] --START--
INFO: Run Behavior\BuildLiteBehavior [ RunTime:0.000000s ]
INFO: [ app_init ] --END-- [ RunTime:0.000000s ]
INFO: [ app_begin ] --START--
INFO: Run Behavior\ReadHtmlCacheBehavior [ RunTime:0.015624s ]
INFO: Run Behavior\CheckLangBehavior [ RunTime:0.000000s ]
INFO: [ app_begin ] --END-- [ RunTime:0.015624s ]
NOTIC: [8192] mysql_connect(): The mysql extension is deprecated and will be removed in the future: use mysqli or PDO instead E:\phpstudy\WWW\intelligencemine\ThinkPHP\Library\Think\Db\Driver\Mysql.class.php 第 52 行.
SQL: SHOW COLUMNS FROM `pa_personal` [ RunTime:0.000000s ]
SQL: SELECT `user_id`,`user_password`,`payword` FROM `pa_personal` WHERE ( access_token = "5eb61d0cdb1fdca0ed8dd9c3f684924f" ) LIMIT 1   [ RunTime:0.000000s ]
SQL: SHOW COLUMNS FROM `pa_account` [ RunTime:0.015625s ]
SQL: SELECT * FROM `pa_account` WHERE ( user_id = "2" and account_number_name=1 ) LIMIT 1   [ RunTime:0.000000s ]
SQL: SELECT * FROM `pa_account` WHERE ( user_id = "2" and account_number_name=2 ) LIMIT 1   [ RunTime:0.000000s ]
SQL: SHOW COLUMNS FROM `pa_bankinfo` [ RunTime:0.000000s ]
SQL: SELECT * FROM `pa_bankinfo` WHERE ( user_id = "2" ) LIMIT 1   [ RunTime:0.000000s ]
SQL: SHOW COLUMNS FROM `pa_e_wallet` [ RunTime:0.000000s ]
SQL: SELECT * FROM `pa_e_wallet` WHERE ( user_id = "2" ) LIMIT 1   [ RunTime:0.000000s ]

[ 2018-09-29T20:57:03+08:00 ] 117.136.81.199 /index.php/Home/My/e_wallet_info
INFO: [ app_init ] --START--
INFO: Run Behavior\BuildLiteBehavior [ RunTime:0.000000s ]
INFO: [ app_init ] --END-- [ RunTime:0.000000s ]
INFO: [ app_begin ] --START--
INFO: Run Behavior\ReadHtmlCacheBehavior [ RunTime:0.000000s ]
INFO: Run Behavior\CheckLangBehavior [ RunTime:0.000000s ]
INFO: [ app_begin ] --END-- [ RunTime:0.000000s ]
NOTIC: [8192] mysql_connect(): The mysql extension is deprecated and will be removed in the future: use mysqli or PDO instead E:\phpstudy\WWW\intelligencemine\ThinkPHP\Library\Think\Db\Driver\Mysql.class.php 第 52 行.
SQL: SHOW COLUMNS FROM `pa_personal` [ RunTime:0.000000s ]
SQL: SELECT * FROM `pa_personal` WHERE ( access_token = "5eb61d0cdb1fdca0ed8dd9c3f684924f" ) LIMIT 1   [ RunTime:0.000000s ]
SQL: SHOW COLUMNS FROM `pa_e_wallet` [ RunTime:0.015624s ]
SQL: SELECT * FROM `pa_e_wallet` WHERE ( user_id = 2 ) ORDER BY moren desc  [ RunTime:0.000000s ]

[ 2018-09-29T21:24:56+08:00 ] 117.132.183.17 /
INFO: [ app_init ] --START--
INFO: Run Behavior\BuildLiteBehavior [ RunTime:0.000000s ]
INFO: [ app_init ] --END-- [ RunTime:0.000000s ]
INFO: [ app_begin ] --START--
INFO: Run Behavior\ReadHtmlCacheBehavior [ RunTime:0.000000s ]
INFO: Run Behavior\CheckLangBehavior [ RunTime:0.000000s ]
INFO: [ app_begin ] --END-- [ RunTime:0.000000s ]
NOTIC: [8192] mysql_connect(): The mysql extension is deprecated and will be removed in the future: use mysqli or PDO instead E:\phpstudy\WWW\intelligencemine\ThinkPHP\Library\Think\Db\Driver\Mysql.class.php 第 52 行.
SQL: SHOW COLUMNS FROM `pa_personal` [ RunTime:0.000000s ]
NOTIC: [8] Undefined index: access_token E:\phpstudy\WWW\intelligencemine\Application\Home\Controller\IndexController.class.php 第 7 行.
SQL: SELECT `user_id`,`user_img`,`mineral`,`user_tel`,`flowsuanli`,`user_nickname`,`user_number`,`suanli`,`user_jine`,`dig`,`buy_flowsuanli` FROM `pa_personal` WHERE ( access_token = "" ) LIMIT 1   [ RunTime:0.000000s ]

