[ 2018-08-08T15:01:39+08:00 ] 113.92.152.128 /index.php/Home/Login/login.html
INFO: [ app_init ] --START--
INFO: Run Behavior\BuildLiteBehavior [ RunTime:0.000000s ]
INFO: [ app_init ] --END-- [ RunTime:0.000000s ]
INFO: [ app_begin ] --START--
INFO: Run Behavior\ReadHtmlCacheBehavior [ RunTime:0.000000s ]
INFO: Run Behavior\CheckLangBehavior [ RunTime:0.000000s ]
INFO: [ app_begin ] --END-- [ RunTime:0.000000s ]
NOTIC: [8192] mysql_connect(): The mysql extension is deprecated and will be removed in the future: use mysqli or PDO instead E:\phpstudy\WWW\intelligencemine\ThinkPHP\Library\Think\Db\Driver\Mysql.class.php 第 52 行.
SQL: SHOW COLUMNS FROM `pa_personal` [ RunTime:0.000000s ]
SQL: SELECT * FROM `pa_personal` WHERE ( user_tel = "2" and user_password = "c4ca4238a0b923820dcc509a6f75849b" ) LIMIT 1   [ RunTime:0.000000s ]
SQL: UPDATE `pa_personal` SET `access_token`='82e9ad338ea2537ac2c949b97bc1074d',`user_logintime`=1533711699 WHERE ( user_id = "2" ) [ RunTime:0.000000s ]

[ 2018-08-08T15:01:41+08:00 ] 113.92.152.128 /Index/article
INFO: [ app_init ] --START--
INFO: Run Behavior\BuildLiteBehavior [ RunTime:0.000000s ]
INFO: [ app_init ] --END-- [ RunTime:0.000000s ]
INFO: [ app_begin ] --START--
INFO: Run Behavior\ReadHtmlCacheBehavior [ RunTime:0.000000s ]
INFO: Run Behavior\CheckLangBehavior [ RunTime:0.000000s ]
INFO: [ app_begin ] --END-- [ RunTime:0.000000s ]
NOTIC: [8192] mysql_connect(): The mysql extension is deprecated and will be removed in the future: use mysqli or PDO instead E:\phpstudy\WWW\intelligencemine\ThinkPHP\Library\Think\Db\Driver\Mysql.class.php 第 52 行.
SQL: SHOW COLUMNS FROM pa_news n [ RunTime:0.000000s ]
ERR: 1064:You have an error in your SQL syntax; check the manual that corresponds to your MySQL server version for the right syntax to use near 'n' at line 1
 [ SQL语句 ] : SHOW COLUMNS FROM pa_news n
SQL: SELECT * FROM pa_news n INNER JOIN pa_category c on c.cid = n.cid  WHERE ( c.name = "头条新闻" )  [ RunTime:0.000000s ]

[ 2018-08-08T15:01:42+08:00 ] 113.92.152.128 /index.php/Home/Index/
INFO: [ app_init ] --START--
INFO: Run Behavior\BuildLiteBehavior [ RunTime:0.000000s ]
INFO: [ app_init ] --END-- [ RunTime:0.000000s ]
INFO: [ app_begin ] --START--
INFO: Run Behavior\ReadHtmlCacheBehavior [ RunTime:0.000000s ]
INFO: Run Behavior\CheckLangBehavior [ RunTime:0.000000s ]
INFO: [ app_begin ] --END-- [ RunTime:0.000000s ]
NOTIC: [8192] mysql_connect(): The mysql extension is deprecated and will be removed in the future: use mysqli or PDO instead E:\phpstudy\WWW\intelligencemine\ThinkPHP\Library\Think\Db\Driver\Mysql.class.php 第 52 行.
SQL: SHOW COLUMNS FROM `pa_personal` [ RunTime:0.000000s ]
SQL: SELECT `user_id`,`user_img`,`mineral`,`user_tel`,`suanli`,`user_nickname`,`user_number`,`user_jine`,`dig` FROM `pa_personal` WHERE ( access_token = "82e9ad338ea2537ac2c949b97bc1074d" ) LIMIT 1   [ RunTime:0.000000s ]
SQL: SHOW COLUMNS FROM `pa_computing` [ RunTime:0.015626s ]
SQL: SELECT * FROM `pa_computing` WHERE ( user_id = "2" and type = "sign" and createtime > "1533657600" ) LIMIT 1   [ RunTime:0.015626s ]
SQL: SHOW COLUMNS FROM `pa_liveset` [ RunTime:0.000000s ]
SQL: SELECT * FROM `pa_liveset` LIMIT 1   [ RunTime:0.000000s ]
SQL: SELECT `user_id`,`suanli`,`user_nickname` FROM `pa_personal` ORDER BY suanli desc  [ RunTime:0.000000s ]
SQL: SHOW COLUMNS FROM `pa_mining` [ RunTime:0.015626s ]
SQL: SELECT COUNT(*) AS tp_count FROM `pa_mining` WHERE ( receive_time > "1533657600" ) LIMIT 1   [ RunTime:0.000000s ]
SQL: SELECT COUNT(*) AS tp_count FROM `pa_mining` LIMIT 1   [ RunTime:0.000000s ]
SQL: SELECT `number`,`title`,`id` FROM `pa_mining` WHERE ( user_id = "2" and receive = 0 ) ORDER BY createtime desc  [ RunTime:0.000000s ]
SQL: SELECT number insur,`receive_time`,`title` FROM `pa_mining` WHERE ( user_id = "2" and receive = 1 ) ORDER BY receive_time desc LIMIT 4   [ RunTime:0.000000s ]

[ 2018-08-08T15:02:04+08:00 ] 113.92.152.128 /index.php/Home/Index/changedig
INFO: [ app_init ] --START--
INFO: Run Behavior\BuildLiteBehavior [ RunTime:0.000000s ]
INFO: [ app_init ] --END-- [ RunTime:0.000000s ]
INFO: [ app_begin ] --START--
INFO: Run Behavior\ReadHtmlCacheBehavior [ RunTime:0.000000s ]
INFO: Run Behavior\CheckLangBehavior [ RunTime:0.000000s ]
INFO: [ app_begin ] --END-- [ RunTime:0.000000s ]
NOTIC: [8192] mysql_connect(): The mysql extension is deprecated and will be removed in the future: use mysqli or PDO instead E:\phpstudy\WWW\intelligencemine\ThinkPHP\Library\Think\Db\Driver\Mysql.class.php 第 52 行.
SQL: SHOW COLUMNS FROM `pa_personal` [ RunTime:0.000000s ]
SQL: SELECT `user_id`,`dig` FROM `pa_personal` WHERE ( access_token = "82e9ad338ea2537ac2c949b97bc1074d" ) LIMIT 1   [ RunTime:0.000000s ]
SQL: UPDATE `pa_personal` SET `dig`=1 WHERE ( `user_id` = 2 ) [ RunTime:0.000000s ]

[ 2018-08-08T15:02:07+08:00 ] 113.92.152.128 /Home/Index/receiveAll
INFO: [ app_init ] --START--
INFO: Run Behavior\BuildLiteBehavior [ RunTime:0.000000s ]
INFO: [ app_init ] --END-- [ RunTime:0.000000s ]
INFO: [ app_begin ] --START--
INFO: Run Behavior\ReadHtmlCacheBehavior [ RunTime:0.000000s ]
INFO: Run Behavior\CheckLangBehavior [ RunTime:0.000000s ]
INFO: [ app_begin ] --END-- [ RunTime:0.000000s ]
NOTIC: [8192] mysql_connect(): The mysql extension is deprecated and will be removed in the future: use mysqli or PDO instead E:\phpstudy\WWW\intelligencemine\ThinkPHP\Library\Think\Db\Driver\Mysql.class.php 第 52 行.
SQL: SHOW COLUMNS FROM `pa_personal` [ RunTime:0.000000s ]
SQL: SELECT `user_id` FROM `pa_personal` WHERE ( access_token = "82e9ad338ea2537ac2c949b97bc1074d" ) LIMIT 1   [ RunTime:0.000000s ]
SQL: SHOW COLUMNS FROM `pa_mining` [ RunTime:0.000000s ]
SQL: SELECT * FROM `pa_mining` WHERE ( user_id = "2" and receive = 0 )  [ RunTime:0.000000s ]

[ 2018-08-08T15:02:11+08:00 ] 113.92.152.128 /index.php/Home/Index/
INFO: [ app_init ] --START--
INFO: Run Behavior\BuildLiteBehavior [ RunTime:0.000000s ]
INFO: [ app_init ] --END-- [ RunTime:0.000000s ]
INFO: [ app_begin ] --START--
INFO: Run Behavior\ReadHtmlCacheBehavior [ RunTime:0.015626s ]
INFO: Run Behavior\CheckLangBehavior [ RunTime:0.000000s ]
INFO: [ app_begin ] --END-- [ RunTime:0.015626s ]
NOTIC: [8192] mysql_connect(): The mysql extension is deprecated and will be removed in the future: use mysqli or PDO instead E:\phpstudy\WWW\intelligencemine\ThinkPHP\Library\Think\Db\Driver\Mysql.class.php 第 52 行.
SQL: SHOW COLUMNS FROM `pa_personal` [ RunTime:0.000000s ]
SQL: SELECT `user_id`,`user_img`,`mineral`,`user_tel`,`suanli`,`user_nickname`,`user_number`,`user_jine`,`dig` FROM `pa_personal` WHERE ( access_token = "82e9ad338ea2537ac2c949b97bc1074d" ) LIMIT 1   [ RunTime:0.000000s ]
SQL: SHOW COLUMNS FROM `pa_mining` [ RunTime:0.000000s ]
SQL: INSERT INTO `pa_mining` (`user_id`,`createtime`,`receive`,`title`,`bid`,`number`) VALUES (2,1533711731,0,'BOW',3,0.00053) [ RunTime:0.000000s ]
SQL: SHOW COLUMNS FROM `pa_computing` [ RunTime:0.015626s ]
SQL: SELECT * FROM `pa_computing` WHERE ( user_id = "2" and type = "sign" and createtime > "1533657600" ) LIMIT 1   [ RunTime:0.000000s ]
SQL: SHOW COLUMNS FROM `pa_liveset` [ RunTime:0.000000s ]
SQL: SELECT * FROM `pa_liveset` LIMIT 1   [ RunTime:0.000000s ]
SQL: SELECT `user_id`,`suanli`,`user_nickname` FROM `pa_personal` ORDER BY suanli desc  [ RunTime:0.000000s ]
SQL: SELECT COUNT(*) AS tp_count FROM `pa_mining` WHERE ( receive_time > "1533657600" ) LIMIT 1   [ RunTime:0.000000s ]
SQL: SELECT COUNT(*) AS tp_count FROM `pa_mining` LIMIT 1   [ RunTime:0.000000s ]
SQL: SELECT `number`,`title`,`id` FROM `pa_mining` WHERE ( user_id = "2" and receive = 0 ) ORDER BY createtime desc  [ RunTime:0.000000s ]
SQL: SELECT number insur,`receive_time`,`title` FROM `pa_mining` WHERE ( user_id = "2" and receive = 1 ) ORDER BY receive_time desc LIMIT 4   [ RunTime:0.000000s ]

[ 2018-08-08T15:02:12+08:00 ] 113.92.152.128 /Index/article
INFO: [ app_init ] --START--
INFO: Run Behavior\BuildLiteBehavior [ RunTime:0.000000s ]
INFO: [ app_init ] --END-- [ RunTime:0.000000s ]
INFO: [ app_begin ] --START--
INFO: Run Behavior\ReadHtmlCacheBehavior [ RunTime:0.000000s ]
INFO: Run Behavior\CheckLangBehavior [ RunTime:0.000000s ]
INFO: [ app_begin ] --END-- [ RunTime:0.000000s ]
NOTIC: [8192] mysql_connect(): The mysql extension is deprecated and will be removed in the future: use mysqli or PDO instead E:\phpstudy\WWW\intelligencemine\ThinkPHP\Library\Think\Db\Driver\Mysql.class.php 第 52 行.
SQL: SHOW COLUMNS FROM pa_news n [ RunTime:0.000000s ]
ERR: 1064:You have an error in your SQL syntax; check the manual that corresponds to your MySQL server version for the right syntax to use near 'n' at line 1
 [ SQL语句 ] : SHOW COLUMNS FROM pa_news n
SQL: SELECT * FROM pa_news n INNER JOIN pa_category c on c.cid = n.cid  WHERE ( c.name = "头条新闻" )  [ RunTime:0.000000s ]

[ 2018-08-08T15:02:21+08:00 ] 113.92.152.128 /Index/block
INFO: [ app_init ] --START--
INFO: Run Behavior\BuildLiteBehavior [ RunTime:0.000000s ]
INFO: [ app_init ] --END-- [ RunTime:0.000000s ]
INFO: [ app_begin ] --START--
INFO: Run Behavior\ReadHtmlCacheBehavior [ RunTime:0.000000s ]
INFO: Run Behavior\CheckLangBehavior [ RunTime:0.000000s ]
INFO: [ app_begin ] --END-- [ RunTime:0.000000s ]
NOTIC: [8192] mysql_connect(): The mysql extension is deprecated and will be removed in the future: use mysqli or PDO instead E:\phpstudy\WWW\intelligencemine\ThinkPHP\Library\Think\Db\Driver\Mysql.class.php 第 52 行.
SQL: SHOW COLUMNS FROM `pa_personal` [ RunTime:0.000000s ]
SQL: SELECT COUNT(*) AS tp_count FROM `pa_personal` LIMIT 1   [ RunTime:0.000000s ]
SQL: SELECT COUNT(*) AS tp_count FROM `pa_personal` WHERE ( user_type != 1 ) LIMIT 1   [ RunTime:0.000000s ]
SQL: SHOW COLUMNS FROM `pa_ad` [ RunTime:0.000000s ]
SQL: SELECT `id`,`ad_link`,`ad_img` FROM `pa_ad` WHERE ( position = "blockworld" ) ORDER BY sort desc LIMIT 1   [ RunTime:0.015626s ]
SQL: SELECT `ad_link`,`ad_img` FROM `pa_ad` WHERE ( position = "banner" ) ORDER BY sort desc  [ RunTime:0.000000s ]
SQL: SHOW COLUMNS FROM pa_news n [ RunTime:0.000000s ]
ERR: 1064:You have an error in your SQL syntax; check the manual that corresponds to your MySQL server version for the right syntax to use near 'n' at line 1
 [ SQL语句 ] : SHOW COLUMNS FROM pa_news n
SQL: SELECT `title`,`id` FROM pa_news n INNER JOIN pa_category c on c.cid = n.cid  WHERE ( c.name = "城市公告" )  [ RunTime:0.000000s ]
SQL: SELECT `title`,`id` FROM pa_news n INNER JOIN pa_category c on c.cid = n.cid  WHERE ( c.name = "BlockWorld挖矿简介" )  [ RunTime:0.000000s ]

[ 2018-08-08T15:02:29+08:00 ] 113.92.152.128 /Index/block
INFO: [ app_init ] --START--
INFO: Run Behavior\BuildLiteBehavior [ RunTime:0.000000s ]
INFO: [ app_init ] --END-- [ RunTime:0.000000s ]
INFO: [ app_begin ] --START--
INFO: Run Behavior\ReadHtmlCacheBehavior [ RunTime:0.000000s ]
INFO: Run Behavior\CheckLangBehavior [ RunTime:0.000000s ]
INFO: [ app_begin ] --END-- [ RunTime:0.000000s ]
NOTIC: [8192] mysql_connect(): The mysql extension is deprecated and will be removed in the future: use mysqli or PDO instead E:\phpstudy\WWW\intelligencemine\ThinkPHP\Library\Think\Db\Driver\Mysql.class.php 第 52 行.
SQL: SHOW COLUMNS FROM `pa_personal` [ RunTime:0.000000s ]
SQL: SELECT COUNT(*) AS tp_count FROM `pa_personal` LIMIT 1   [ RunTime:0.000000s ]
SQL: SELECT COUNT(*) AS tp_count FROM `pa_personal` WHERE ( user_type != 1 ) LIMIT 1   [ RunTime:0.000000s ]
SQL: SHOW COLUMNS FROM `pa_ad` [ RunTime:0.000000s ]
SQL: SELECT `id`,`ad_link`,`ad_img` FROM `pa_ad` WHERE ( position = "blockworld" ) ORDER BY sort desc LIMIT 1   [ RunTime:0.000000s ]
SQL: SELECT `ad_link`,`ad_img` FROM `pa_ad` WHERE ( position = "banner" ) ORDER BY sort desc  [ RunTime:0.000000s ]
SQL: SHOW COLUMNS FROM pa_news n [ RunTime:0.000000s ]
ERR: 1064:You have an error in your SQL syntax; check the manual that corresponds to your MySQL server version for the right syntax to use near 'n' at line 1
 [ SQL语句 ] : SHOW COLUMNS FROM pa_news n
SQL: SELECT `title`,`id` FROM pa_news n INNER JOIN pa_category c on c.cid = n.cid  WHERE ( c.name = "城市公告" )  [ RunTime:0.000000s ]
SQL: SELECT `title`,`id` FROM pa_news n INNER JOIN pa_category c on c.cid = n.cid  WHERE ( c.name = "BlockWorld挖矿简介" )  [ RunTime:0.000000s ]

[ 2018-08-08T15:02:49+08:00 ] 113.92.152.128 /index.php/Home/Index/buylistn
INFO: [ app_init ] --START--
INFO: Run Behavior\BuildLiteBehavior [ RunTime:0.000000s ]
INFO: [ app_init ] --END-- [ RunTime:0.000000s ]
INFO: [ app_begin ] --START--
INFO: Run Behavior\ReadHtmlCacheBehavior [ RunTime:0.000000s ]
INFO: Run Behavior\CheckLangBehavior [ RunTime:0.000000s ]
INFO: [ app_begin ] --END-- [ RunTime:0.000000s ]
NOTIC: [8192] mysql_connect(): The mysql extension is deprecated and will be removed in the future: use mysqli or PDO instead E:\phpstudy\WWW\intelligencemine\ThinkPHP\Library\Think\Db\Driver\Mysql.class.php 第 52 行.
SQL: SHOW COLUMNS FROM `pa_ad` [ RunTime:0.000000s ]
SQL: SELECT `ad_img` FROM `pa_ad` WHERE ( position = "shop" ) ORDER BY sort desc LIMIT 1   [ RunTime:0.000000s ]
SQL: SHOW COLUMNS FROM `pa_category` [ RunTime:0.000000s ]
SQL: SELECT `cid`,`name` FROM `pa_category` WHERE ( type = "p" )  [ RunTime:0.000000s ]
SQL: SHOW COLUMNS FROM pa_product p [ RunTime:0.000000s ]
ERR: 1064:You have an error in your SQL syntax; check the manual that corresponds to your MySQL server version for the right syntax to use near 'p' at line 1
 [ SQL语句 ] : SHOW COLUMNS FROM pa_product p
SQL: SELECT p.id,p.title,p.price,p.image_id FROM pa_product p WHERE ( cid = "13" )  [ RunTime:0.000000s ]
SQL: SHOW COLUMNS FROM `pa_images` [ RunTime:0.015626s ]
SQL: SELECT * FROM `pa_images` WHERE ( id = "144" ) LIMIT 1   [ RunTime:0.000000s ]
SQL: SELECT * FROM `pa_images` WHERE ( id = "141" ) LIMIT 1   [ RunTime:0.000000s ]
SQL: SELECT * FROM `pa_images` WHERE ( id = "142" ) LIMIT 1   [ RunTime:0.000000s ]
SQL: SELECT * FROM `pa_images` WHERE ( id = "145" ) LIMIT 1   [ RunTime:0.000000s ]
SQL: SELECT p.id,p.title,p.price,p.image_id FROM pa_product p WHERE ( cid = "14" )  [ RunTime:0.000000s ]
SQL: SELECT * FROM `pa_images` WHERE ( id = "131" ) LIMIT 1   [ RunTime:0.000000s ]
SQL: SELECT * FROM `pa_images` WHERE ( id = "130" ) LIMIT 1   [ RunTime:0.000000s ]
SQL: SELECT * FROM `pa_images` WHERE ( id = "137" ) LIMIT 1   [ RunTime:0.000000s ]
SQL: SELECT p.id,p.title,p.price,p.image_id FROM pa_product p WHERE ( cid = "15" )  [ RunTime:0.000000s ]
SQL: SELECT * FROM `pa_images` WHERE ( id = "132" ) LIMIT 1   [ RunTime:0.000000s ]
SQL: SELECT p.id,p.title,p.price,p.image_id FROM pa_product p WHERE ( cid = "17" )  [ RunTime:0.000000s ]
NOTIC: [8] Undefined index: access_token E:\phpstudy\WWW\intelligencemine\Application\Home\Controller\IndexController.class.php 第 307 行.

[ 2018-08-08T15:03:06+08:00 ] 113.92.152.128 /Index/block
INFO: [ app_init ] --START--
INFO: Run Behavior\BuildLiteBehavior [ RunTime:0.000000s ]
INFO: [ app_init ] --END-- [ RunTime:0.046878s ]
INFO: [ app_begin ] --START--
INFO: Run Behavior\ReadHtmlCacheBehavior [ RunTime:0.000000s ]
INFO: Run Behavior\CheckLangBehavior [ RunTime:0.000000s ]
INFO: [ app_begin ] --END-- [ RunTime:0.000000s ]
NOTIC: [8192] mysql_connect(): The mysql extension is deprecated and will be removed in the future: use mysqli or PDO instead E:\phpstudy\WWW\intelligencemine\ThinkPHP\Library\Think\Db\Driver\Mysql.class.php 第 52 行.
SQL: SHOW COLUMNS FROM `pa_personal` [ RunTime:0.015626s ]
SQL: SELECT COUNT(*) AS tp_count FROM `pa_personal` LIMIT 1   [ RunTime:0.000000s ]
SQL: SELECT COUNT(*) AS tp_count FROM `pa_personal` WHERE ( user_type != 1 ) LIMIT 1   [ RunTime:0.000000s ]
SQL: SHOW COLUMNS FROM `pa_ad` [ RunTime:0.015626s ]
SQL: SELECT `id`,`ad_link`,`ad_img` FROM `pa_ad` WHERE ( position = "blockworld" ) ORDER BY sort desc LIMIT 1   [ RunTime:0.000000s ]
SQL: SELECT `ad_link`,`ad_img` FROM `pa_ad` WHERE ( position = "banner" ) ORDER BY sort desc  [ RunTime:0.000000s ]
SQL: SHOW COLUMNS FROM pa_news n [ RunTime:0.000000s ]
ERR: 1064:You have an error in your SQL syntax; check the manual that corresponds to your MySQL server version for the right syntax to use near 'n' at line 1
 [ SQL语句 ] : SHOW COLUMNS FROM pa_news n
SQL: SELECT `title`,`id` FROM pa_news n INNER JOIN pa_category c on c.cid = n.cid  WHERE ( c.name = "城市公告" )  [ RunTime:0.000000s ]
SQL: SELECT `title`,`id` FROM pa_news n INNER JOIN pa_category c on c.cid = n.cid  WHERE ( c.name = "BlockWorld挖矿简介" )  [ RunTime:0.000000s ]

[ 2018-08-08T15:03:41+08:00 ] 113.92.152.128 /Index/block
INFO: [ app_init ] --START--
INFO: Run Behavior\BuildLiteBehavior [ RunTime:0.000000s ]
INFO: [ app_init ] --END-- [ RunTime:0.000000s ]
INFO: [ app_begin ] --START--
INFO: Run Behavior\ReadHtmlCacheBehavior [ RunTime:0.015626s ]
INFO: Run Behavior\CheckLangBehavior [ RunTime:0.000000s ]
INFO: [ app_begin ] --END-- [ RunTime:0.015626s ]
NOTIC: [8192] mysql_connect(): The mysql extension is deprecated and will be removed in the future: use mysqli or PDO instead E:\phpstudy\WWW\intelligencemine\ThinkPHP\Library\Think\Db\Driver\Mysql.class.php 第 52 行.
SQL: SHOW COLUMNS FROM `pa_personal` [ RunTime:0.000000s ]
SQL: SELECT COUNT(*) AS tp_count FROM `pa_personal` LIMIT 1   [ RunTime:0.000000s ]
SQL: SELECT COUNT(*) AS tp_count FROM `pa_personal` WHERE ( user_type != 1 ) LIMIT 1   [ RunTime:0.000000s ]
SQL: SHOW COLUMNS FROM `pa_ad` [ RunTime:0.000000s ]
SQL: SELECT `id`,`ad_link`,`ad_img` FROM `pa_ad` WHERE ( position = "blockworld" ) ORDER BY sort desc LIMIT 1   [ RunTime:0.000000s ]
SQL: SELECT `ad_link`,`ad_img` FROM `pa_ad` WHERE ( position = "banner" ) ORDER BY sort desc  [ RunTime:0.000000s ]
SQL: SHOW COLUMNS FROM pa_news n [ RunTime:0.000000s ]
ERR: 1064:You have an error in your SQL syntax; check the manual that corresponds to your MySQL server version for the right syntax to use near 'n' at line 1
 [ SQL语句 ] : SHOW COLUMNS FROM pa_news n
SQL: SELECT `title`,`id` FROM pa_news n INNER JOIN pa_category c on c.cid = n.cid  WHERE ( c.name = "城市公告" )  [ RunTime:0.000000s ]
SQL: SELECT `title`,`id` FROM pa_news n INNER JOIN pa_category c on c.cid = n.cid  WHERE ( c.name = "BlockWorld挖矿简介" )  [ RunTime:0.000000s ]

[ 2018-08-08T15:04:21+08:00 ] 113.92.152.128 /index.php/Home/My/MyMessage/
INFO: [ app_init ] --START--
INFO: Run Behavior\BuildLiteBehavior [ RunTime:0.000000s ]
INFO: [ app_init ] --END-- [ RunTime:0.000000s ]
INFO: [ app_begin ] --START--
INFO: Run Behavior\ReadHtmlCacheBehavior [ RunTime:0.000000s ]
INFO: Run Behavior\CheckLangBehavior [ RunTime:0.000000s ]
INFO: [ app_begin ] --END-- [ RunTime:0.000000s ]
NOTIC: [8192] mysql_connect(): The mysql extension is deprecated and will be removed in the future: use mysqli or PDO instead E:\phpstudy\WWW\intelligencemine\ThinkPHP\Library\Think\Db\Driver\Mysql.class.php 第 52 行.
SQL: SHOW COLUMNS FROM `pa_personal` [ RunTime:0.000000s ]
SQL: SELECT `user_id`,`user_number`,`user_img`,`user_nickname`,`suanli`,`flowsuanli`,`mineral`,`identity`,`user_tel`,`payword` FROM `pa_personal` WHERE ( access_token = "82e9ad338ea2537ac2c949b97bc1074d" ) LIMIT 1   [ RunTime:0.000000s ]

[ 2018-08-08T15:04:25+08:00 ] 113.92.152.128 /index.php/Home/Index/Mypay
INFO: [ app_init ] --START--
INFO: Run Behavior\BuildLiteBehavior [ RunTime:0.000000s ]
INFO: [ app_init ] --END-- [ RunTime:0.000000s ]
INFO: [ app_begin ] --START--
INFO: Run Behavior\ReadHtmlCacheBehavior [ RunTime:0.000000s ]
INFO: Run Behavior\CheckLangBehavior [ RunTime:0.000000s ]
INFO: [ app_begin ] --END-- [ RunTime:0.000000s ]
NOTIC: [8192] mysql_connect(): The mysql extension is deprecated and will be removed in the future: use mysqli or PDO instead E:\phpstudy\WWW\intelligencemine\ThinkPHP\Library\Think\Db\Driver\Mysql.class.php 第 52 行.
SQL: SHOW COLUMNS FROM `pa_personal` [ RunTime:0.000000s ]
SQL: SELECT `user_id`,`user_password`,`payword` FROM `pa_personal` WHERE ( access_token = "82e9ad338ea2537ac2c949b97bc1074d" ) LIMIT 1   [ RunTime:0.000000s ]
SQL: SHOW COLUMNS FROM `pa_account` [ RunTime:0.000000s ]
SQL: SELECT * FROM `pa_account` WHERE ( user_id = "2" and account_number_name=1 ) LIMIT 1   [ RunTime:0.000000s ]
SQL: SELECT * FROM `pa_account` WHERE ( user_id = "2" and account_number_name=2 ) LIMIT 1   [ RunTime:0.000000s ]
SQL: SHOW COLUMNS FROM `pa_bankinfo` [ RunTime:0.015626s ]
SQL: SELECT * FROM `pa_bankinfo` WHERE ( user_id = "2" ) LIMIT 1   [ RunTime:0.000000s ]

[ 2018-08-08T15:04:30+08:00 ] 113.92.152.128 /index.php/Home/Index/Mypay
INFO: [ app_init ] --START--
INFO: Run Behavior\BuildLiteBehavior [ RunTime:0.000000s ]
INFO: [ app_init ] --END-- [ RunTime:0.000000s ]
INFO: [ app_begin ] --START--
INFO: Run Behavior\ReadHtmlCacheBehavior [ RunTime:0.000000s ]
INFO: Run Behavior\CheckLangBehavior [ RunTime:0.000000s ]
INFO: [ app_begin ] --END-- [ RunTime:0.000000s ]
NOTIC: [8192] mysql_connect(): The mysql extension is deprecated and will be removed in the future: use mysqli or PDO instead E:\phpstudy\WWW\intelligencemine\ThinkPHP\Library\Think\Db\Driver\Mysql.class.php 第 52 行.
SQL: SHOW COLUMNS FROM `pa_personal` [ RunTime:0.000000s ]
SQL: SELECT `user_id`,`user_password`,`payword` FROM `pa_personal` WHERE ( access_token = "82e9ad338ea2537ac2c949b97bc1074d" ) LIMIT 1   [ RunTime:0.000000s ]
SQL: SHOW COLUMNS FROM `pa_account` [ RunTime:0.000000s ]
SQL: SELECT * FROM `pa_account` WHERE ( user_id = "2" and account_number_name=1 ) LIMIT 1   [ RunTime:0.000000s ]
SQL: SELECT * FROM `pa_account` WHERE ( user_id = "2" and account_number_name=2 ) LIMIT 1   [ RunTime:0.000000s ]
SQL: SHOW COLUMNS FROM `pa_bankinfo` [ RunTime:0.000000s ]
SQL: SELECT * FROM `pa_bankinfo` WHERE ( user_id = "2" ) LIMIT 1   [ RunTime:0.015626s ]

[ 2018-08-08T15:04:32+08:00 ] 113.92.152.128 /index.php/Home/Transaction/AccountNumberlist
INFO: [ app_init ] --START--
INFO: Run Behavior\BuildLiteBehavior [ RunTime:0.000000s ]
INFO: [ app_init ] --END-- [ RunTime:0.000000s ]
INFO: [ app_begin ] --START--
INFO: Run Behavior\ReadHtmlCacheBehavior [ RunTime:0.000000s ]
INFO: Run Behavior\CheckLangBehavior [ RunTime:0.000000s ]
INFO: [ app_begin ] --END-- [ RunTime:0.000000s ]
NOTIC: [8192] mysql_connect(): The mysql extension is deprecated and will be removed in the future: use mysqli or PDO instead E:\phpstudy\WWW\intelligencemine\ThinkPHP\Library\Think\Db\Driver\Mysql.class.php 第 52 行.
SQL: SHOW COLUMNS FROM `pa_personal` [ RunTime:0.000000s ]
SQL: SELECT `user_id`,`user_password`,`payword` FROM `pa_personal` WHERE ( access_token = "82e9ad338ea2537ac2c949b97bc1074d" ) LIMIT 1   [ RunTime:0.000000s ]
SQL: SHOW COLUMNS FROM `pa_account` [ RunTime:0.000000s ]
SQL: SELECT * FROM `pa_account` WHERE ( account_number_name = "1" and user_id = "2" )  [ RunTime:0.000000s ]

[ 2018-08-08T15:04:35+08:00 ] 113.92.152.128 /index.php/Home/Index/Mypay
INFO: [ app_init ] --START--
INFO: Run Behavior\BuildLiteBehavior [ RunTime:0.000000s ]
INFO: [ app_init ] --END-- [ RunTime:0.000000s ]
INFO: [ app_begin ] --START--
INFO: Run Behavior\ReadHtmlCacheBehavior [ RunTime:0.000000s ]
INFO: Run Behavior\CheckLangBehavior [ RunTime:0.000000s ]
INFO: [ app_begin ] --END-- [ RunTime:0.000000s ]
NOTIC: [8192] mysql_connect(): The mysql extension is deprecated and will be removed in the future: use mysqli or PDO instead E:\phpstudy\WWW\intelligencemine\ThinkPHP\Library\Think\Db\Driver\Mysql.class.php 第 52 行.
SQL: SHOW COLUMNS FROM `pa_personal` [ RunTime:0.000000s ]
SQL: SELECT `user_id`,`user_password`,`payword` FROM `pa_personal` WHERE ( access_token = "82e9ad338ea2537ac2c949b97bc1074d" ) LIMIT 1   [ RunTime:0.000000s ]
SQL: SHOW COLUMNS FROM `pa_account` [ RunTime:0.000000s ]
SQL: SELECT * FROM `pa_account` WHERE ( user_id = "2" and account_number_name=1 ) LIMIT 1   [ RunTime:0.000000s ]
SQL: SELECT * FROM `pa_account` WHERE ( user_id = "2" and account_number_name=2 ) LIMIT 1   [ RunTime:0.000000s ]
SQL: SHOW COLUMNS FROM `pa_bankinfo` [ RunTime:0.015626s ]
SQL: SELECT * FROM `pa_bankinfo` WHERE ( user_id = "2" ) LIMIT 1   [ RunTime:0.000000s ]

[ 2018-08-08T15:04:38+08:00 ] 113.92.152.128 /index.php/Home/Transaction/AccountNumberlist
INFO: [ app_init ] --START--
INFO: Run Behavior\BuildLiteBehavior [ RunTime:0.000000s ]
INFO: [ app_init ] --END-- [ RunTime:0.000000s ]
INFO: [ app_begin ] --START--
INFO: Run Behavior\ReadHtmlCacheBehavior [ RunTime:0.000000s ]
INFO: Run Behavior\CheckLangBehavior [ RunTime:0.000000s ]
INFO: [ app_begin ] --END-- [ RunTime:0.000000s ]
NOTIC: [8192] mysql_connect(): The mysql extension is deprecated and will be removed in the future: use mysqli or PDO instead E:\phpstudy\WWW\intelligencemine\ThinkPHP\Library\Think\Db\Driver\Mysql.class.php 第 52 行.
SQL: SHOW COLUMNS FROM `pa_personal` [ RunTime:0.000000s ]
SQL: SELECT `user_id`,`user_password`,`payword` FROM `pa_personal` WHERE ( access_token = "82e9ad338ea2537ac2c949b97bc1074d" ) LIMIT 1   [ RunTime:0.000000s ]
SQL: SHOW COLUMNS FROM `pa_account` [ RunTime:0.000000s ]
SQL: SELECT * FROM `pa_account` WHERE ( account_number_name = "2" and user_id = "2" )  [ RunTime:0.000000s ]

[ 2018-08-08T15:04:42+08:00 ] 113.92.152.128 /index.php/Home/Transaction/AccountNumberlist
INFO: [ app_init ] --START--
INFO: Run Behavior\BuildLiteBehavior [ RunTime:0.000000s ]
INFO: [ app_init ] --END-- [ RunTime:0.000000s ]
INFO: [ app_begin ] --START--
INFO: Run Behavior\ReadHtmlCacheBehavior [ RunTime:0.000000s ]
INFO: Run Behavior\CheckLangBehavior [ RunTime:0.000000s ]
INFO: [ app_begin ] --END-- [ RunTime:0.000000s ]
NOTIC: [8192] mysql_connect(): The mysql extension is deprecated and will be removed in the future: use mysqli or PDO instead E:\phpstudy\WWW\intelligencemine\ThinkPHP\Library\Think\Db\Driver\Mysql.class.php 第 52 行.
SQL: SHOW COLUMNS FROM `pa_personal` [ RunTime:0.000000s ]
SQL: SELECT `user_id`,`user_password`,`payword` FROM `pa_personal` WHERE ( access_token = "82e9ad338ea2537ac2c949b97bc1074d" ) LIMIT 1   [ RunTime:0.000000s ]
SQL: SHOW COLUMNS FROM `pa_account` [ RunTime:0.000000s ]
SQL: SELECT * FROM `pa_account` WHERE ( account_number_name = "2" and user_id = "2" )  [ RunTime:0.000000s ]

[ 2018-08-08T15:04:44+08:00 ] 113.92.152.128 /index.php/Home/Index/Mypay
INFO: [ app_init ] --START--
INFO: Run Behavior\BuildLiteBehavior [ RunTime:0.000000s ]
INFO: [ app_init ] --END-- [ RunTime:0.000000s ]
INFO: [ app_begin ] --START--
INFO: Run Behavior\ReadHtmlCacheBehavior [ RunTime:0.000000s ]
INFO: Run Behavior\CheckLangBehavior [ RunTime:0.000000s ]
INFO: [ app_begin ] --END-- [ RunTime:0.000000s ]
NOTIC: [8192] mysql_connect(): The mysql extension is deprecated and will be removed in the future: use mysqli or PDO instead E:\phpstudy\WWW\intelligencemine\ThinkPHP\Library\Think\Db\Driver\Mysql.class.php 第 52 行.
SQL: SHOW COLUMNS FROM `pa_personal` [ RunTime:0.000000s ]
SQL: SELECT `user_id`,`user_password`,`payword` FROM `pa_personal` WHERE ( access_token = "82e9ad338ea2537ac2c949b97bc1074d" ) LIMIT 1   [ RunTime:0.000000s ]
SQL: SHOW COLUMNS FROM `pa_account` [ RunTime:0.000000s ]
SQL: SELECT * FROM `pa_account` WHERE ( user_id = "2" and account_number_name=1 ) LIMIT 1   [ RunTime:0.000000s ]
SQL: SELECT * FROM `pa_account` WHERE ( user_id = "2" and account_number_name=2 ) LIMIT 1   [ RunTime:0.000000s ]
SQL: SHOW COLUMNS FROM `pa_bankinfo` [ RunTime:0.015626s ]
SQL: SELECT * FROM `pa_bankinfo` WHERE ( user_id = "2" ) LIMIT 1   [ RunTime:0.000000s ]

[ 2018-08-08T15:04:48+08:00 ] 113.92.152.128 /index.php/Home/Index/Mypay
INFO: [ app_init ] --START--
INFO: Run Behavior\BuildLiteBehavior [ RunTime:0.000000s ]
INFO: [ app_init ] --END-- [ RunTime:0.000000s ]
INFO: [ app_begin ] --START--
INFO: Run Behavior\ReadHtmlCacheBehavior [ RunTime:0.000000s ]
INFO: Run Behavior\CheckLangBehavior [ RunTime:0.000000s ]
INFO: [ app_begin ] --END-- [ RunTime:0.000000s ]
NOTIC: [8192] mysql_connect(): The mysql extension is deprecated and will be removed in the future: use mysqli or PDO instead E:\phpstudy\WWW\intelligencemine\ThinkPHP\Library\Think\Db\Driver\Mysql.class.php 第 52 行.
SQL: SHOW COLUMNS FROM `pa_personal` [ RunTime:0.000000s ]
SQL: SELECT `user_id`,`user_password`,`payword` FROM `pa_personal` WHERE ( access_token = "82e9ad338ea2537ac2c949b97bc1074d" ) LIMIT 1   [ RunTime:0.000000s ]
SQL: SHOW COLUMNS FROM `pa_account` [ RunTime:0.000000s ]
SQL: SELECT * FROM `pa_account` WHERE ( user_id = "2" and account_number_name=1 ) LIMIT 1   [ RunTime:0.000000s ]
SQL: SELECT * FROM `pa_account` WHERE ( user_id = "2" and account_number_name=2 ) LIMIT 1   [ RunTime:0.000000s ]
SQL: SHOW COLUMNS FROM `pa_bankinfo` [ RunTime:0.015626s ]
SQL: SELECT * FROM `pa_bankinfo` WHERE ( user_id = "2" ) LIMIT 1   [ RunTime:0.000000s ]

[ 2018-08-08T15:04:50+08:00 ] 113.92.152.128 /index.php/Home/Transaction/AccountNumberlist
INFO: [ app_init ] --START--
INFO: Run Behavior\BuildLiteBehavior [ RunTime:0.000000s ]
INFO: [ app_init ] --END-- [ RunTime:0.000000s ]
INFO: [ app_begin ] --START--
INFO: Run Behavior\ReadHtmlCacheBehavior [ RunTime:0.000000s ]
INFO: Run Behavior\CheckLangBehavior [ RunTime:0.015626s ]
INFO: [ app_begin ] --END-- [ RunTime:0.015626s ]
NOTIC: [8192] mysql_connect(): The mysql extension is deprecated and will be removed in the future: use mysqli or PDO instead E:\phpstudy\WWW\intelligencemine\ThinkPHP\Library\Think\Db\Driver\Mysql.class.php 第 52 行.
SQL: SHOW COLUMNS FROM `pa_personal` [ RunTime:0.000000s ]
SQL: SELECT `user_id`,`user_password`,`payword` FROM `pa_personal` WHERE ( access_token = "82e9ad338ea2537ac2c949b97bc1074d" ) LIMIT 1   [ RunTime:0.000000s ]
SQL: SHOW COLUMNS FROM `pa_account` [ RunTime:0.000000s ]
SQL: SELECT * FROM `pa_account` WHERE ( account_number_name = "1" and user_id = "2" )  [ RunTime:0.000000s ]

[ 2018-08-08T15:04:55+08:00 ] 113.92.152.128 /index.php/Home/Transaction/AccountNumberlist
INFO: [ app_init ] --START--
INFO: Run Behavior\BuildLiteBehavior [ RunTime:0.000000s ]
INFO: [ app_init ] --END-- [ RunTime:0.000000s ]
INFO: [ app_begin ] --START--
INFO: Run Behavior\ReadHtmlCacheBehavior [ RunTime:0.000000s ]
INFO: Run Behavior\CheckLangBehavior [ RunTime:0.000000s ]
INFO: [ app_begin ] --END-- [ RunTime:0.000000s ]
NOTIC: [8192] mysql_connect(): The mysql extension is deprecated and will be removed in the future: use mysqli or PDO instead E:\phpstudy\WWW\intelligencemine\ThinkPHP\Library\Think\Db\Driver\Mysql.class.php 第 52 行.
SQL: SHOW COLUMNS FROM `pa_personal` [ RunTime:0.000000s ]
SQL: SELECT `user_id`,`user_password`,`payword` FROM `pa_personal` WHERE ( access_token = "82e9ad338ea2537ac2c949b97bc1074d" ) LIMIT 1   [ RunTime:0.000000s ]
SQL: SHOW COLUMNS FROM `pa_account` [ RunTime:0.000000s ]
SQL: SELECT * FROM `pa_account` WHERE ( account_number_name = "1" and user_id = "2" )  [ RunTime:0.000000s ]

[ 2018-08-08T15:04:59+08:00 ] 113.92.152.128 /index.php/Home/Index/Mypay
INFO: [ app_init ] --START--
INFO: Run Behavior\BuildLiteBehavior [ RunTime:0.000000s ]
INFO: [ app_init ] --END-- [ RunTime:0.000000s ]
INFO: [ app_begin ] --START--
INFO: Run Behavior\ReadHtmlCacheBehavior [ RunTime:0.000000s ]
INFO: Run Behavior\CheckLangBehavior [ RunTime:0.000000s ]
INFO: [ app_begin ] --END-- [ RunTime:0.000000s ]
NOTIC: [8192] mysql_connect(): The mysql extension is deprecated and will be removed in the future: use mysqli or PDO instead E:\phpstudy\WWW\intelligencemine\ThinkPHP\Library\Think\Db\Driver\Mysql.class.php 第 52 行.
SQL: SHOW COLUMNS FROM `pa_personal` [ RunTime:0.000000s ]
SQL: SELECT `user_id`,`user_password`,`payword` FROM `pa_personal` WHERE ( access_token = "82e9ad338ea2537ac2c949b97bc1074d" ) LIMIT 1   [ RunTime:0.000000s ]
SQL: SHOW COLUMNS FROM `pa_account` [ RunTime:0.000000s ]
SQL: SELECT * FROM `pa_account` WHERE ( user_id = "2" and account_number_name=1 ) LIMIT 1   [ RunTime:0.000000s ]
SQL: SELECT * FROM `pa_account` WHERE ( user_id = "2" and account_number_name=2 ) LIMIT 1   [ RunTime:0.000000s ]
SQL: SHOW COLUMNS FROM `pa_bankinfo` [ RunTime:0.015626s ]
SQL: SELECT * FROM `pa_bankinfo` WHERE ( user_id = "2" ) LIMIT 1   [ RunTime:0.000000s ]

[ 2018-08-08T15:05:05+08:00 ] 113.92.152.128 /index.php/Home/My/wallet/
INFO: [ app_init ] --START--
INFO: Run Behavior\BuildLiteBehavior [ RunTime:0.000000s ]
INFO: [ app_init ] --END-- [ RunTime:0.000000s ]
INFO: [ app_begin ] --START--
INFO: Run Behavior\ReadHtmlCacheBehavior [ RunTime:0.000000s ]
INFO: Run Behavior\CheckLangBehavior [ RunTime:0.000000s ]
INFO: [ app_begin ] --END-- [ RunTime:0.000000s ]
NOTIC: [8192] mysql_connect(): The mysql extension is deprecated and will be removed in the future: use mysqli or PDO instead E:\phpstudy\WWW\intelligencemine\ThinkPHP\Library\Think\Db\Driver\Mysql.class.php 第 52 行.
SQL: SHOW COLUMNS FROM `pa_personal` [ RunTime:0.000000s ]
SQL: SELECT `user_id`,`flowsuanli`,`user_jine`,`diamonds`,`mineral` FROM `pa_personal` WHERE ( access_token = "82e9ad338ea2537ac2c949b97bc1074d" ) LIMIT 1   [ RunTime:0.000000s ]
SQL: SHOW COLUMNS FROM pa_mybi m [ RunTime:0.000000s ]
ERR: 1064:You have an error in your SQL syntax; check the manual that corresponds to your MySQL server version for the right syntax to use near 'm' at line 1
 [ SQL语句 ] : SHOW COLUMNS FROM pa_mybi m
SQL: SELECT m.id,m.title,m.bi,b.header FROM pa_mybi m INNER JOIN pa_bibi b on b.bid = m.biid  WHERE ( m.user_id = "2" )  [ RunTime:0.000000s ]

[ 2018-08-08T15:05:30+08:00 ] 113.92.152.128 /index.php/Home/My/MyMessage/
INFO: [ app_init ] --START--
INFO: Run Behavior\BuildLiteBehavior [ RunTime:0.000000s ]
INFO: [ app_init ] --END-- [ RunTime:0.000000s ]
INFO: [ app_begin ] --START--
INFO: Run Behavior\ReadHtmlCacheBehavior [ RunTime:0.000000s ]
INFO: Run Behavior\CheckLangBehavior [ RunTime:0.000000s ]
INFO: [ app_begin ] --END-- [ RunTime:0.000000s ]
NOTIC: [8192] mysql_connect(): The mysql extension is deprecated and will be removed in the future: use mysqli or PDO instead E:\phpstudy\WWW\intelligencemine\ThinkPHP\Library\Think\Db\Driver\Mysql.class.php 第 52 行.
SQL: SHOW COLUMNS FROM `pa_personal` [ RunTime:0.000000s ]
SQL: SELECT `user_id`,`user_number`,`user_img`,`user_nickname`,`suanli`,`flowsuanli`,`mineral`,`identity`,`user_tel`,`payword` FROM `pa_personal` WHERE ( access_token = "82e9ad338ea2537ac2c949b97bc1074d" ) LIMIT 1   [ RunTime:0.000000s ]

[ 2018-08-08T15:05:36+08:00 ] 113.92.152.128 /index.php/Home/Order/acar
INFO: [ app_init ] --START--
INFO: Run Behavior\BuildLiteBehavior [ RunTime:0.000000s ]
INFO: [ app_init ] --END-- [ RunTime:0.000000s ]
INFO: [ app_begin ] --START--
INFO: Run Behavior\ReadHtmlCacheBehavior [ RunTime:0.000000s ]
INFO: Run Behavior\CheckLangBehavior [ RunTime:0.000000s ]
INFO: [ app_begin ] --END-- [ RunTime:0.000000s ]
NOTIC: [8192] mysql_connect(): The mysql extension is deprecated and will be removed in the future: use mysqli or PDO instead E:\phpstudy\WWW\intelligencemine\ThinkPHP\Library\Think\Db\Driver\Mysql.class.php 第 52 行.
SQL: SHOW COLUMNS FROM `pa_personal` [ RunTime:0.000000s ]
SQL: SELECT * FROM `pa_personal` WHERE ( access_token = "82e9ad338ea2537ac2c949b97bc1074d" ) LIMIT 1   [ RunTime:0.000000s ]
SQL: SHOW COLUMNS FROM `pa_car` [ RunTime:0.000000s ]
SQL: SELECT `id`,`pid`,`uid`,`num`,`jiage`,`img_url` FROM `pa_car` WHERE ( uid = "2" )  [ RunTime:0.000000s ]

[ 2018-08-08T15:05:41+08:00 ] 113.92.152.128 /index.php/Home/Order/Order
INFO: [ app_init ] --START--
INFO: Run Behavior\BuildLiteBehavior [ RunTime:0.000000s ]
INFO: [ app_init ] --END-- [ RunTime:0.000000s ]
INFO: [ app_begin ] --START--
INFO: Run Behavior\ReadHtmlCacheBehavior [ RunTime:0.000000s ]
INFO: Run Behavior\CheckLangBehavior [ RunTime:0.015626s ]
INFO: [ app_begin ] --END-- [ RunTime:0.015626s ]
NOTIC: [8192] mysql_connect(): The mysql extension is deprecated and will be removed in the future: use mysqli or PDO instead E:\phpstudy\WWW\intelligencemine\ThinkPHP\Library\Think\Db\Driver\Mysql.class.php 第 52 行.
SQL: SHOW COLUMNS FROM `pa_personal` [ RunTime:0.000000s ]
SQL: SELECT `user_id` FROM `pa_personal` WHERE ( access_token = "82e9ad338ea2537ac2c949b97bc1074d" ) LIMIT 1   [ RunTime:0.000000s ]
SQL: SHOW COLUMNS FROM pa_order o [ RunTime:0.000000s ]
ERR: 1064:You have an error in your SQL syntax; check the manual that corresponds to your MySQL server version for the right syntax to use near 'o' at line 1
 [ SQL语句 ] : SHOW COLUMNS FROM pa_order o
SQL: SELECT o.id,o.payno,o.identification,o.createtime,o.price allprice,o.zt FROM pa_order o join pa_personal p ON p.user_id = o.uid  WHERE ( o.uid = '2' ) ORDER BY id desc  [ RunTime:0.000000s ]
SQL: SHOW COLUMNS FROM `pa_orderdetails` [ RunTime:0.015626s ]
SQL: SELECT `pid`,`shoujia`,`num` FROM `pa_orderdetails` WHERE ( payno = "E79F0891849700" )  [ RunTime:0.000000s ]
SQL: SHOW COLUMNS FROM `pa_product` [ RunTime:0.000000s ]
SQL: SELECT `id`,`title`,`image_id` FROM `pa_product` WHERE ( id = "5" ) LIMIT 1   [ RunTime:0.000000s ]
SQL: SHOW COLUMNS FROM `pa_images` [ RunTime:0.000000s ]
SQL: SELECT * FROM `pa_images` WHERE ( `id` IN ('141') )  [ RunTime:0.000000s ]
NOTIC: [8] Undefined index: count E:\phpstudy\WWW\intelligencemine\Application\Home\Controller\OrderController.class.php 第 604 行.
SQL: SELECT `id`,`title`,`image_id` FROM `pa_product` WHERE ( id = "10" ) LIMIT 1   [ RunTime:0.000000s ]
SQL: SELECT * FROM `pa_images` WHERE ( `id` IN ('145') )  [ RunTime:0.015625s ]
SQL: SELECT `id`,`title`,`image_id` FROM `pa_product` WHERE ( id = "9" ) LIMIT 1   [ RunTime:0.000000s ]
SQL: SELECT * FROM `pa_images` WHERE ( `id` IN ('137') )  [ RunTime:0.000000s ]
SQL: SELECT `id`,`title`,`image_id` FROM `pa_product` WHERE ( id = "1" ) LIMIT 1   [ RunTime:0.000000s ]
SQL: SELECT * FROM `pa_images` WHERE ( `id` IN ('144') )  [ RunTime:0.000000s ]
SQL: SELECT `id`,`title`,`image_id` FROM `pa_product` WHERE ( id = "8" ) LIMIT 1   [ RunTime:0.000000s ]
SQL: SELECT * FROM `pa_images` WHERE ( `id` IN ('142') )  [ RunTime:0.000000s ]
SQL: SELECT `pid`,`shoujia`,`num` FROM `pa_orderdetails` WHERE ( payno = "7972E0688108F0" )  [ RunTime:0.000000s ]
SQL: SELECT `id`,`title`,`image_id` FROM `pa_product` WHERE ( id = "1" ) LIMIT 1   [ RunTime:0.000000s ]
SQL: SELECT * FROM `pa_images` WHERE ( `id` IN ('144') )  [ RunTime:0.000000s ]
NOTIC: [8] Undefined index: count E:\phpstudy\WWW\intelligencemine\Application\Home\Controller\OrderController.class.php 第 604 行.
SQL: SELECT `pid`,`shoujia`,`num` FROM `pa_orderdetails` WHERE ( payno = "18B1F5CD084A18" )  [ RunTime:0.000000s ]
SQL: SELECT `id`,`title`,`image_id` FROM `pa_product` WHERE ( id = "5" ) LIMIT 1   [ RunTime:0.000000s ]
SQL: SELECT * FROM `pa_images` WHERE ( `id` IN ('141') )  [ RunTime:0.000000s ]
NOTIC: [8] Undefined index: count E:\phpstudy\WWW\intelligencemine\Application\Home\Controller\OrderController.class.php 第 604 行.
SQL: SELECT `id`,`title`,`image_id` FROM `pa_product` WHERE ( id = "4" ) LIMIT 1   [ RunTime:0.000000s ]
SQL: SELECT * FROM `pa_images` WHERE ( `id` IN ('130') )  [ RunTime:0.000000s ]
SQL: SELECT `pid`,`shoujia`,`num` FROM `pa_orderdetails` WHERE ( payno = "222DC403E09632" )  [ RunTime:0.000000s ]
SQL: SELECT `id`,`title`,`image_id` FROM `pa_product` WHERE ( id = "1" ) LIMIT 1   [ RunTime:0.000000s ]
SQL: SELECT * FROM `pa_images` WHERE ( `id` IN ('144') )  [ RunTime:0.000000s ]
NOTIC: [8] Undefined index: count E:\phpstudy\WWW\intelligencemine\Application\Home\Controller\OrderController.class.php 第 604 行.
SQL: SELECT `id`,`title`,`image_id` FROM `pa_product` WHERE ( id = "8" ) LIMIT 1   [ RunTime:0.000000s ]
SQL: SELECT * FROM `pa_images` WHERE ( `id` IN ('142') )  [ RunTime:0.000000s ]
SQL: SELECT `pid`,`shoujia`,`num` FROM `pa_orderdetails` WHERE ( payno = "2444C6E1647F56" )  [ RunTime:0.000000s ]
SQL: SELECT `id`,`title`,`image_id` FROM `pa_product` WHERE ( id = "10" ) LIMIT 1   [ RunTime:0.000000s ]
SQL: SELECT * FROM `pa_images` WHERE ( `id` IN ('145') )  [ RunTime:0.000000s ]
NOTIC: [8] Undefined index: count E:\phpstudy\WWW\intelligencemine\Application\Home\Controller\OrderController.class.php 第 604 行.
SQL: SELECT `id`,`title`,`image_id` FROM `pa_product` WHERE ( id = "4" ) LIMIT 1   [ RunTime:0.000000s ]
SQL: SELECT * FROM `pa_images` WHERE ( `id` IN ('130') )  [ RunTime:0.000000s ]
SQL: SELECT `id`,`title`,`image_id` FROM `pa_product` WHERE ( id = "1" ) LIMIT 1   [ RunTime:0.000000s ]
SQL: SELECT * FROM `pa_images` WHERE ( `id` IN ('144') )  [ RunTime:0.000000s ]
SQL: SELECT `pid`,`shoujia`,`num` FROM `pa_orderdetails` WHERE ( payno = "856915EC13D438" )  [ RunTime:0.000000s ]
SQL: SELECT `id`,`title`,`image_id` FROM `pa_product` WHERE ( id = "1" ) LIMIT 1   [ RunTime:0.000000s ]
SQL: SELECT * FROM `pa_images` WHERE ( `id` IN ('144') )  [ RunTime:0.000000s ]
NOTIC: [8] Undefined index: count E:\phpstudy\WWW\intelligencemine\Application\Home\Controller\OrderController.class.php 第 604 行.
SQL: SELECT `pid`,`shoujia`,`num` FROM `pa_orderdetails` WHERE ( payno = "C2B4CA1CB836C6" )  [ RunTime:0.000000s ]
SQL: SELECT `id`,`title`,`image_id` FROM `pa_product` WHERE ( id = "2" ) LIMIT 1   [ RunTime:0.000000s ]
SQL: SELECT * FROM `pa_images` WHERE ( `id` IN ('132') )  [ RunTime:0.000000s ]
NOTIC: [8] Undefined index: count E:\phpstudy\WWW\intelligencemine\Application\Home\Controller\OrderController.class.php 第 604 行.
SQL: SELECT `pid`,`shoujia`,`num` FROM `pa_orderdetails` WHERE ( payno = "66A9D8B93F8825" )  [ RunTime:0.000000s ]
SQL: SELECT `id`,`title`,`image_id` FROM `pa_product` WHERE ( id = "5" ) LIMIT 1   [ RunTime:0.000000s ]
SQL: SELECT * FROM `pa_images` WHERE ( `id` IN ('141') )  [ RunTime:0.000000s ]
NOTIC: [8] Undefined index: count E:\phpstudy\WWW\intelligencemine\Application\Home\Controller\OrderController.class.php 第 604 行.
SQL: SELECT `id`,`title`,`image_id` FROM `pa_product` WHERE ( id = "1" ) LIMIT 1   [ RunTime:0.000000s ]
SQL: SELECT * FROM `pa_images` WHERE ( `id` IN ('144') )  [ RunTime:0.000000s ]
SQL: SELECT `pid`,`shoujia`,`num` FROM `pa_orderdetails` WHERE ( payno = "64179CA91669D9" )  [ RunTime:0.000000s ]
SQL: SELECT `id`,`title`,`image_id` FROM `pa_product` WHERE ( id = "3" ) LIMIT 1   [ RunTime:0.000000s ]
SQL: SELECT * FROM `pa_images` WHERE ( `id` IN ('131') )  [ RunTime:0.000000s ]
NOTIC: [8] Undefined index: count E:\phpstudy\WWW\intelligencemine\Application\Home\Controller\OrderController.class.php 第 604 行.
SQL: SELECT `pid`,`shoujia`,`num` FROM `pa_orderdetails` WHERE ( payno = "7D0BDDEA1C802A" )  [ RunTime:0.000000s ]
SQL: SELECT `id`,`title`,`image_id` FROM `pa_product` WHERE ( id = "10" ) LIMIT 1   [ RunTime:0.000000s ]
SQL: SELECT * FROM `pa_images` WHERE ( `id` IN ('145') )  [ RunTime:0.000000s ]
NOTIC: [8] Undefined index: count E:\phpstudy\WWW\intelligencemine\Application\Home\Controller\OrderController.class.php 第 604 行.
SQL: SELECT `pid`,`shoujia`,`num` FROM `pa_orderdetails` WHERE ( payno = "CE93ACF0789B4B" )  [ RunTime:0.000000s ]
SQL: SELECT `id`,`title`,`image_id` FROM `pa_product` WHERE ( id = "5" ) LIMIT 1   [ RunTime:0.000000s ]
SQL: SELECT * FROM `pa_images` WHERE ( `id` IN ('141') )  [ RunTime:0.000000s ]
NOTIC: [8] Undefined index: count E:\phpstudy\WWW\intelligencemine\Application\Home\Controller\OrderController.class.php 第 604 行.
SQL: SELECT `pid`,`shoujia`,`num` FROM `pa_orderdetails` WHERE ( payno = "43727550087914" )  [ RunTime:0.000000s ]
SQL: SELECT `id`,`title`,`image_id` FROM `pa_product` WHERE ( id = "1" ) LIMIT 1   [ RunTime:0.000000s ]
SQL: SELECT * FROM `pa_images` WHERE ( `id` IN ('144') )  [ RunTime:0.000000s ]
NOTIC: [8] Undefined index: count E:\phpstudy\WWW\intelligencemine\Application\Home\Controller\OrderController.class.php 第 604 行.
SQL: SELECT `pid`,`shoujia`,`num` FROM `pa_orderdetails` WHERE ( payno = "08DAF3D27A32A8" )  [ RunTime:0.000000s ]
SQL: SELECT `id`,`title`,`image_id` FROM `pa_product` WHERE ( id = "1" ) LIMIT 1   [ RunTime:0.000000s ]
SQL: SELECT * FROM `pa_images` WHERE ( `id` IN ('144') )  [ RunTime:0.000000s ]
NOTIC: [8] Undefined index: count E:\phpstudy\WWW\intelligencemine\Application\Home\Controller\OrderController.class.php 第 604 行.
SQL: SELECT `pid`,`shoujia`,`num` FROM `pa_orderdetails` WHERE ( payno = "CB53D29B94F6EA" )  [ RunTime:0.000000s ]
SQL: SELECT `id`,`title`,`image_id` FROM `pa_product` WHERE ( id = "1" ) LIMIT 1   [ RunTime:0.000000s ]
SQL: SELECT * FROM `pa_images` WHERE ( `id` IN ('144') )  [ RunTime:0.000000s ]
NOTIC: [8] Undefined index: count E:\phpstudy\WWW\intelligencemine\Application\Home\Controller\OrderController.class.php 第 604 行.
SQL: SELECT `pid`,`shoujia`,`num` FROM `pa_orderdetails` WHERE ( payno = "D22CFEF1C40255" )  [ RunTime:0.000000s ]
SQL: SELECT `id`,`title`,`image_id` FROM `pa_product` WHERE ( id = "1" ) LIMIT 1   [ RunTime:0.000000s ]
SQL: SELECT * FROM `pa_images` WHERE ( `id` IN ('144') )  [ RunTime:0.000000s ]
NOTIC: [8] Undefined index: count E:\phpstudy\WWW\intelligencemine\Application\Home\Controller\OrderController.class.php 第 604 行.
SQL: SELECT `pid`,`shoujia`,`num` FROM `pa_orderdetails` WHERE ( payno = "2626125C66AC78" )  [ RunTime:0.000000s ]
SQL: SELECT `id`,`title`,`image_id` FROM `pa_product` WHERE ( id = "3" ) LIMIT 1   [ RunTime:0.000000s ]
SQL: SELECT * FROM `pa_images` WHERE ( `id` IN ('131') )  [ RunTime:0.000000s ]
NOTIC: [8] Undefined index: count E:\phpstudy\WWW\intelligencemine\Application\Home\Controller\OrderController.class.php 第 604 行.
SQL: SELECT `pid`,`shoujia`,`num` FROM `pa_orderdetails` WHERE ( payno = "6D183B75A48D54" )  [ RunTime:0.000000s ]
SQL: SELECT `id`,`title`,`image_id` FROM `pa_product` WHERE ( id = "10" ) LIMIT 1   [ RunTime:0.000000s ]
SQL: SELECT * FROM `pa_images` WHERE ( `id` IN ('145') )  [ RunTime:0.000000s ]
NOTIC: [8] Undefined index: count E:\phpstudy\WWW\intelligencemine\Application\Home\Controller\OrderController.class.php 第 604 行.
SQL: SELECT `pid`,`shoujia`,`num` FROM `pa_orderdetails` WHERE ( payno = "12470A2FC9C827" )  [ RunTime:0.000000s ]
SQL: SELECT `id`,`title`,`image_id` FROM `pa_product` WHERE ( id = "1" ) LIMIT 1   [ RunTime:0.000000s ]
SQL: SELECT * FROM `pa_images` WHERE ( `id` IN ('144') )  [ RunTime:0.000000s ]
NOTIC: [8] Undefined index: count E:\phpstudy\WWW\intelligencemine\Application\Home\Controller\OrderController.class.php 第 604 行.
SQL: SELECT `pid`,`shoujia`,`num` FROM `pa_orderdetails` WHERE ( payno = "366649D4CA4EEA" )  [ RunTime:0.000000s ]
SQL: SELECT `id`,`title`,`image_id` FROM `pa_product` WHERE ( id = "10" ) LIMIT 1   [ RunTime:0.000000s ]
SQL: SELECT * FROM `pa_images` WHERE ( `id` IN ('145') )  [ RunTime:0.000000s ]
NOTIC: [8] Undefined index: count E:\phpstudy\WWW\intelligencemine\Application\Home\Controller\OrderController.class.php 第 604 行.
SQL: SELECT `pid`,`shoujia`,`num` FROM `pa_orderdetails` WHERE ( payno = "025480ED8514E7" )  [ RunTime:0.015626s ]
SQL: SELECT `id`,`title`,`image_id` FROM `pa_product` WHERE ( id = "5" ) LIMIT 1   [ RunTime:0.000000s ]
SQL: SELECT * FROM `pa_images` WHERE ( `id` IN ('141') )  [ RunTime:0.000000s ]
NOTIC: [8] Undefined index: count E:\phpstudy\WWW\intelligencemine\Application\Home\Controller\OrderController.class.php 第 604 行.
SQL: SELECT `pid`,`shoujia`,`num` FROM `pa_orderdetails` WHERE ( payno = "D8F6117D20CCC9" )  [ RunTime:0.000000s ]
SQL: SELECT `id`,`title`,`image_id` FROM `pa_product` WHERE ( id = "1" ) LIMIT 1   [ RunTime:0.000000s ]
SQL: SELECT * FROM `pa_images` WHERE ( `id` IN ('144') )  [ RunTime:0.000000s ]
NOTIC: [8] Undefined index: count E:\phpstudy\WWW\intelligencemine\Application\Home\Controller\OrderController.class.php 第 604 行.
SQL: SELECT `pid`,`shoujia`,`num` FROM `pa_orderdetails` WHERE ( payno = "7C53E7A95F7C3D" )  [ RunTime:0.000000s ]
SQL: SELECT `id`,`title`,`image_id` FROM `pa_product` WHERE ( id = "8" ) LIMIT 1   [ RunTime:0.000000s ]
SQL: SELECT * FROM `pa_images` WHERE ( `id` IN ('142') )  [ RunTime:0.000000s ]
NOTIC: [8] Undefined index: count E:\phpstudy\WWW\intelligencemine\Application\Home\Controller\OrderController.class.php 第 604 行.
SQL: SELECT `pid`,`shoujia`,`num` FROM `pa_orderdetails` WHERE ( payno = "C4E05B91C0E4A4" )  [ RunTime:0.000000s ]
SQL: SELECT `id`,`title`,`image_id` FROM `pa_product` WHERE ( id = "5" ) LIMIT 1   [ RunTime:0.000000s ]
SQL: SELECT * FROM `pa_images` WHERE ( `id` IN ('141') )  [ RunTime:0.000000s ]
NOTIC: [8] Undefined index: count E:\phpstudy\WWW\intelligencemine\Application\Home\Controller\OrderController.class.php 第 604 行.
SQL: SELECT `pid`,`shoujia`,`num` FROM `pa_orderdetails` WHERE ( payno = "F110FDB22319BE" )  [ RunTime:0.000000s ]
SQL: SELECT `id`,`title`,`image_id` FROM `pa_product` WHERE ( id = "10" ) LIMIT 1   [ RunTime:0.000000s ]
SQL: SELECT * FROM `pa_images` WHERE ( `id` IN ('145') )  [ RunTime:0.000000s ]
NOTIC: [8] Undefined index: count E:\phpstudy\WWW\intelligencemine\Application\Home\Controller\OrderController.class.php 第 604 行.
SQL: SELECT `pid`,`shoujia`,`num` FROM `pa_orderdetails` WHERE ( payno = "EB899B0D8DDB89" )  [ RunTime:0.000000s ]
SQL: SELECT `id`,`title`,`image_id` FROM `pa_product` WHERE ( id = "1" ) LIMIT 1   [ RunTime:0.000000s ]
SQL: SELECT * FROM `pa_images` WHERE ( `id` IN ('144') )  [ RunTime:0.000000s ]
NOTIC: [8] Undefined index: count E:\phpstudy\WWW\intelligencemine\Application\Home\Controller\OrderController.class.php 第 604 行.
SQL: SELECT `pid`,`shoujia`,`num` FROM `pa_orderdetails` WHERE ( payno = "8791D82574B0F8" )  [ RunTime:0.000000s ]
SQL: SELECT `id`,`title`,`image_id` FROM `pa_product` WHERE ( id = "3" ) LIMIT 1   [ RunTime:0.000000s ]
SQL: SELECT * FROM `pa_images` WHERE ( `id` IN ('131') )  [ RunTime:0.000000s ]
NOTIC: [8] Undefined index: count E:\phpstudy\WWW\intelligencemine\Application\Home\Controller\OrderController.class.php 第 604 行.
SQL: SELECT `pid`,`shoujia`,`num` FROM `pa_orderdetails` WHERE ( payno = "27928BD42B7209" )  [ RunTime:0.000000s ]
SQL: SELECT `id`,`title`,`image_id` FROM `pa_product` WHERE ( id = "5" ) LIMIT 1   [ RunTime:0.000000s ]
SQL: SELECT * FROM `pa_images` WHERE ( `id` IN ('141') )  [ RunTime:0.000000s ]
NOTIC: [8] Undefined index: count E:\phpstudy\WWW\intelligencemine\Application\Home\Controller\OrderController.class.php 第 604 行.
SQL: SELECT `pid`,`shoujia`,`num` FROM `pa_orderdetails` WHERE ( payno = "A4D4521C85A4F5" )  [ RunTime:0.000000s ]
SQL: SELECT `id`,`title`,`image_id` FROM `pa_product` WHERE ( id = "2" ) LIMIT 1   [ RunTime:0.000000s ]
SQL: SELECT * FROM `pa_images` WHERE ( `id` IN ('132') )  [ RunTime:0.000000s ]
NOTIC: [8] Undefined index: count E:\phpstudy\WWW\intelligencemine\Application\Home\Controller\OrderController.class.php 第 604 行.
SQL: SELECT `pid`,`shoujia`,`num` FROM `pa_orderdetails` WHERE ( payno = "E480C636E0DDBE" )  [ RunTime:0.000000s ]
SQL: SELECT `id`,`title`,`image_id` FROM `pa_product` WHERE ( id = "1" ) LIMIT 1   [ RunTime:0.000000s ]
SQL: SELECT * FROM `pa_images` WHERE ( `id` IN ('144') )  [ RunTime:0.000000s ]
NOTIC: [8] Undefined index: count E:\phpstudy\WWW\intelligencemine\Application\Home\Controller\OrderController.class.php 第 604 行.
SQL: SELECT `id`,`title`,`image_id` FROM `pa_product` WHERE ( id = "10" ) LIMIT 1   [ RunTime:0.000000s ]
SQL: SELECT * FROM `pa_images` WHERE ( `id` IN ('145') )  [ RunTime:0.000000s ]
SQL: SELECT `pid`,`shoujia`,`num` FROM `pa_orderdetails` WHERE ( payno = "3F979C1058DE8B" )  [ RunTime:0.000000s ]
SQL: SELECT `id`,`title`,`image_id` FROM `pa_product` WHERE ( id = "3" ) LIMIT 1   [ RunTime:0.000000s ]
SQL: SELECT * FROM `pa_images` WHERE ( `id` IN ('131') )  [ RunTime:0.000000s ]
NOTIC: [8] Undefined index: count E:\phpstudy\WWW\intelligencemine\Application\Home\Controller\OrderController.class.php 第 604 行.
SQL: SELECT `id`,`title`,`image_id` FROM `pa_product` WHERE ( id = "9" ) LIMIT 1   [ RunTime:0.000000s ]
SQL: SELECT * FROM `pa_images` WHERE ( `id` IN ('137') )  [ RunTime:0.000000s ]
SQL: SELECT `pid`,`shoujia`,`num` FROM `pa_orderdetails` WHERE ( payno = "FFDDE432C2CFED" )  [ RunTime:0.000000s ]
SQL: SELECT `id`,`title`,`image_id` FROM `pa_product` WHERE ( id = "3" ) LIMIT 1   [ RunTime:0.000000s ]
SQL: SELECT * FROM `pa_images` WHERE ( `id` IN ('131') )  [ RunTime:0.000000s ]
NOTIC: [8] Undefined index: count E:\phpstudy\WWW\intelligencemine\Application\Home\Controller\OrderController.class.php 第 604 行.
SQL: SELECT `pid`,`shoujia`,`num` FROM `pa_orderdetails` WHERE ( payno = "36DCB9F97CB8AC" )  [ RunTime:0.000000s ]
SQL: SELECT `id`,`title`,`image_id` FROM `pa_product` WHERE ( id = "5" ) LIMIT 1   [ RunTime:0.000000s ]
SQL: SELECT * FROM `pa_images` WHERE ( `id` IN ('141') )  [ RunTime:0.000000s ]
NOTIC: [8] Undefined index: count E:\phpstudy\WWW\intelligencemine\Application\Home\Controller\OrderController.class.php 第 604 行.

[ 2018-08-08T15:05:51+08:00 ] 113.92.152.128 /index.php/Home/Transaction/complain_list
INFO: [ app_init ] --START--
INFO: Run Behavior\BuildLiteBehavior [ RunTime:0.000000s ]
INFO: [ app_init ] --END-- [ RunTime:0.000000s ]
INFO: [ app_begin ] --START--
INFO: Run Behavior\ReadHtmlCacheBehavior [ RunTime:0.000000s ]
INFO: Run Behavior\CheckLangBehavior [ RunTime:0.000000s ]
INFO: [ app_begin ] --END-- [ RunTime:0.000000s ]
NOTIC: [8192] mysql_connect(): The mysql extension is deprecated and will be removed in the future: use mysqli or PDO instead E:\phpstudy\WWW\intelligencemine\ThinkPHP\Library\Think\Db\Driver\Mysql.class.php 第 52 行.
SQL: SHOW COLUMNS FROM `pa_personal` [ RunTime:0.000000s ]
SQL: SELECT `user_id` FROM `pa_personal` WHERE ( access_token = "82e9ad338ea2537ac2c949b97bc1074d" ) LIMIT 1   [ RunTime:0.000000s ]
SQL: SHOW COLUMNS FROM `pa_complain` [ RunTime:0.000000s ]
SQL: SELECT `complain_number`,`apply_number`,`title`,`createtime` FROM `pa_complain` WHERE ( user_id = "2" ) ORDER BY createtime desc  [ RunTime:0.000000s ]

[ 2018-08-08T15:06:02+08:00 ] 113.92.152.128 /index.php/Home/My/MyMessage/
INFO: [ app_init ] --START--
INFO: Run Behavior\BuildLiteBehavior [ RunTime:0.000000s ]
INFO: [ app_init ] --END-- [ RunTime:0.000000s ]
INFO: [ app_begin ] --START--
INFO: Run Behavior\ReadHtmlCacheBehavior [ RunTime:0.000000s ]
INFO: Run Behavior\CheckLangBehavior [ RunTime:0.000000s ]
INFO: [ app_begin ] --END-- [ RunTime:0.000000s ]
NOTIC: [8192] mysql_connect(): The mysql extension is deprecated and will be removed in the future: use mysqli or PDO instead E:\phpstudy\WWW\intelligencemine\ThinkPHP\Library\Think\Db\Driver\Mysql.class.php 第 52 行.
SQL: SHOW COLUMNS FROM `pa_personal` [ RunTime:0.000000s ]
SQL: SELECT `user_id`,`user_number`,`user_img`,`user_nickname`,`suanli`,`flowsuanli`,`mineral`,`identity`,`user_tel`,`payword` FROM `pa_personal` WHERE ( access_token = "82e9ad338ea2537ac2c949b97bc1074d" ) LIMIT 1   [ RunTime:0.000000s ]

[ 2018-08-08T15:06:05+08:00 ] 113.92.152.128 /Index/block
INFO: [ app_init ] --START--
INFO: Run Behavior\BuildLiteBehavior [ RunTime:0.000000s ]
INFO: [ app_init ] --END-- [ RunTime:0.000000s ]
INFO: [ app_begin ] --START--
INFO: Run Behavior\ReadHtmlCacheBehavior [ RunTime:0.000000s ]
INFO: Run Behavior\CheckLangBehavior [ RunTime:0.000000s ]
INFO: [ app_begin ] --END-- [ RunTime:0.000000s ]
NOTIC: [8192] mysql_connect(): The mysql extension is deprecated and will be removed in the future: use mysqli or PDO instead E:\phpstudy\WWW\intelligencemine\ThinkPHP\Library\Think\Db\Driver\Mysql.class.php 第 52 行.
SQL: SHOW COLUMNS FROM `pa_personal` [ RunTime:0.000000s ]
SQL: SELECT COUNT(*) AS tp_count FROM `pa_personal` LIMIT 1   [ RunTime:0.000000s ]
SQL: SELECT COUNT(*) AS tp_count FROM `pa_personal` WHERE ( user_type != 1 ) LIMIT 1   [ RunTime:0.000000s ]
SQL: SHOW COLUMNS FROM `pa_ad` [ RunTime:0.000000s ]
SQL: SELECT `id`,`ad_link`,`ad_img` FROM `pa_ad` WHERE ( position = "blockworld" ) ORDER BY sort desc LIMIT 1   [ RunTime:0.000000s ]
SQL: SELECT `ad_link`,`ad_img` FROM `pa_ad` WHERE ( position = "banner" ) ORDER BY sort desc  [ RunTime:0.000000s ]
SQL: SHOW COLUMNS FROM pa_news n [ RunTime:0.000000s ]
ERR: 1064:You have an error in your SQL syntax; check the manual that corresponds to your MySQL server version for the right syntax to use near 'n' at line 1
 [ SQL语句 ] : SHOW COLUMNS FROM pa_news n
SQL: SELECT `title`,`id` FROM pa_news n INNER JOIN pa_category c on c.cid = n.cid  WHERE ( c.name = "城市公告" )  [ RunTime:0.015625s ]
SQL: SELECT `title`,`id` FROM pa_news n INNER JOIN pa_category c on c.cid = n.cid  WHERE ( c.name = "BlockWorld挖矿简介" )  [ RunTime:0.000000s ]

[ 2018-08-08T15:06:09+08:00 ] 113.92.152.128 /Index/article
INFO: [ app_init ] --START--
INFO: Run Behavior\BuildLiteBehavior [ RunTime:0.000000s ]
INFO: [ app_init ] --END-- [ RunTime:0.000000s ]
INFO: [ app_begin ] --START--
INFO: Run Behavior\ReadHtmlCacheBehavior [ RunTime:0.000000s ]
INFO: Run Behavior\CheckLangBehavior [ RunTime:0.000000s ]
INFO: [ app_begin ] --END-- [ RunTime:0.000000s ]
NOTIC: [8192] mysql_connect(): The mysql extension is deprecated and will be removed in the future: use mysqli or PDO instead E:\phpstudy\WWW\intelligencemine\ThinkPHP\Library\Think\Db\Driver\Mysql.class.php 第 52 行.
SQL: SHOW COLUMNS FROM pa_news n [ RunTime:0.000000s ]
ERR: 1064:You have an error in your SQL syntax; check the manual that corresponds to your MySQL server version for the right syntax to use near 'n' at line 1
 [ SQL语句 ] : SHOW COLUMNS FROM pa_news n
SQL: SELECT * FROM pa_news n INNER JOIN pa_category c on c.cid = n.cid  WHERE ( c.name = "头条新闻" )  [ RunTime:0.000000s ]

[ 2018-08-08T15:06:10+08:00 ] 113.92.152.128 /index.php/Home/Index/
INFO: [ app_init ] --START--
INFO: Run Behavior\BuildLiteBehavior [ RunTime:0.000000s ]
INFO: [ app_init ] --END-- [ RunTime:0.000000s ]
INFO: [ app_begin ] --START--
INFO: Run Behavior\ReadHtmlCacheBehavior [ RunTime:0.000000s ]
INFO: Run Behavior\CheckLangBehavior [ RunTime:0.000000s ]
INFO: [ app_begin ] --END-- [ RunTime:0.000000s ]
NOTIC: [8192] mysql_connect(): The mysql extension is deprecated and will be removed in the future: use mysqli or PDO instead E:\phpstudy\WWW\intelligencemine\ThinkPHP\Library\Think\Db\Driver\Mysql.class.php 第 52 行.
SQL: SHOW COLUMNS FROM `pa_personal` [ RunTime:0.000000s ]
SQL: SELECT `user_id`,`user_img`,`mineral`,`user_tel`,`suanli`,`user_nickname`,`user_number`,`user_jine`,`dig` FROM `pa_personal` WHERE ( access_token = "82e9ad338ea2537ac2c949b97bc1074d" ) LIMIT 1   [ RunTime:0.000000s ]
SQL: SHOW COLUMNS FROM `pa_mining` [ RunTime:0.015626s ]
SQL: INSERT INTO `pa_mining` (`user_id`,`createtime`,`receive`,`title`,`bid`,`number`) VALUES (2,1533711970,0,'BOW',3,0.00456) [ RunTime:0.015626s ]
SQL: INSERT INTO `pa_mining` (`user_id`,`createtime`,`receive`,`title`,`bid`,`number`) VALUES (2,1533711970,0,'BOW',3,0.00419) [ RunTime:0.062503s ]
SQL: SHOW COLUMNS FROM `pa_computing` [ RunTime:0.000000s ]
SQL: SELECT * FROM `pa_computing` WHERE ( user_id = "2" and type = "sign" and createtime > "1533657600" ) LIMIT 1   [ RunTime:0.015626s ]
SQL: SHOW COLUMNS FROM `pa_liveset` [ RunTime:0.000000s ]
SQL: SELECT * FROM `pa_liveset` LIMIT 1   [ RunTime:0.000000s ]
SQL: SELECT `user_id`,`suanli`,`user_nickname` FROM `pa_personal` ORDER BY suanli desc  [ RunTime:0.000000s ]
SQL: SELECT COUNT(*) AS tp_count FROM `pa_mining` WHERE ( receive_time > "1533657600" ) LIMIT 1   [ RunTime:0.000000s ]
SQL: SELECT COUNT(*) AS tp_count FROM `pa_mining` LIMIT 1   [ RunTime:0.000000s ]
SQL: SELECT `number`,`title`,`id` FROM `pa_mining` WHERE ( user_id = "2" and receive = 0 ) ORDER BY createtime desc  [ RunTime:0.015626s ]
SQL: SELECT number insur,`receive_time`,`title` FROM `pa_mining` WHERE ( user_id = "2" and receive = 1 ) ORDER BY receive_time desc LIMIT 4   [ RunTime:0.000000s ]

[ 2018-08-08T15:06:16+08:00 ] 113.92.152.128 /Home/Index/receiveAll
INFO: [ app_init ] --START--
INFO: Run Behavior\BuildLiteBehavior [ RunTime:0.000000s ]
INFO: [ app_init ] --END-- [ RunTime:0.000000s ]
INFO: [ app_begin ] --START--
INFO: Run Behavior\ReadHtmlCacheBehavior [ RunTime:0.000000s ]
INFO: Run Behavior\CheckLangBehavior [ RunTime:0.000000s ]
INFO: [ app_begin ] --END-- [ RunTime:0.000000s ]
NOTIC: [8192] mysql_connect(): The mysql extension is deprecated and will be removed in the future: use mysqli or PDO instead E:\phpstudy\WWW\intelligencemine\ThinkPHP\Library\Think\Db\Driver\Mysql.class.php 第 52 行.
SQL: SHOW COLUMNS FROM `pa_personal` [ RunTime:0.000000s ]
SQL: SELECT `user_id` FROM `pa_personal` WHERE ( access_token = "82e9ad338ea2537ac2c949b97bc1074d" ) LIMIT 1   [ RunTime:0.000000s ]
SQL: SHOW COLUMNS FROM `pa_mining` [ RunTime:0.000000s ]
SQL: SELECT * FROM `pa_mining` WHERE ( user_id = "2" and receive = 0 )  [ RunTime:0.000000s ]
SQL: SHOW COLUMNS FROM `pa_mybi` [ RunTime:0.015626s ]
SQL: SELECT * FROM `pa_mybi` WHERE ( biid = "3" and user_id = "2" ) LIMIT 1   [ RunTime:0.000000s ]
NOTIC: [8] Use of undefined constant number - assumed 'number' E:\phpstudy\WWW\intelligencemine\Application\Home\Controller\IndexController.class.php 第 171 行.
NOTIC: [8] Use of undefined constant number - assumed 'number' E:\phpstudy\WWW\intelligencemine\Application\Home\Controller\IndexController.class.php 第 171 行.
NOTIC: [8] Use of undefined constant user_id - assumed 'user_id' E:\phpstudy\WWW\intelligencemine\Application\Home\Controller\IndexController.class.php 第 171 行.
SQL: update pa_personal set mineral = mineral + 0.00053 , zmineral = zmineral + 0.00053 where user_id = 2 [ RunTime:0.000000s ]
SQL: SELECT * FROM `pa_mybi` WHERE ( biid = "3" and user_id = "2" ) LIMIT 1   [ RunTime:0.000000s ]
NOTIC: [8] Use of undefined constant number - assumed 'number' E:\phpstudy\WWW\intelligencemine\Application\Home\Controller\IndexController.class.php 第 171 行.
NOTIC: [8] Use of undefined constant number - assumed 'number' E:\phpstudy\WWW\intelligencemine\Application\Home\Controller\IndexController.class.php 第 171 行.
NOTIC: [8] Use of undefined constant user_id - assumed 'user_id' E:\phpstudy\WWW\intelligencemine\Application\Home\Controller\IndexController.class.php 第 171 行.
SQL: update pa_personal set mineral = mineral + 0.00456 , zmineral = zmineral + 0.00456 where user_id = 2 [ RunTime:0.000000s ]
SQL: SELECT * FROM `pa_mybi` WHERE ( biid = "3" and user_id = "2" ) LIMIT 1   [ RunTime:0.000000s ]
NOTIC: [8] Use of undefined constant number - assumed 'number' E:\phpstudy\WWW\intelligencemine\Application\Home\Controller\IndexController.class.php 第 171 行.
NOTIC: [8] Use of undefined constant number - assumed 'number' E:\phpstudy\WWW\intelligencemine\Application\Home\Controller\IndexController.class.php 第 171 行.
NOTIC: [8] Use of undefined constant user_id - assumed 'user_id' E:\phpstudy\WWW\intelligencemine\Application\Home\Controller\IndexController.class.php 第 171 行.
SQL: update pa_personal set mineral = mineral + 0.00419 , zmineral = zmineral + 0.00419 where user_id = 2 [ RunTime:0.000000s ]
SQL: SHOW COLUMNS FROM `pa_computing` [ RunTime:0.000000s ]
SQL: INSERT INTO `pa_computing` (`user_id`,`createtime`,`type`,`currency`,`inout`,`suanli`) VALUES (2,1533711976,'挖矿','BOW','in','0.00053'),(2,1533711976,'挖矿','BOW','in','0.00456'),(2,1533711976,'挖矿','BOW','in','0.00419') [ RunTime:0.000000s ]
SQL: update pa_mining set receive = 1,receive_time = 1533711976 where id in (2381,2382,2383) [ RunTime:0.000000s ]

[ 2018-08-08T15:06:37+08:00 ] 113.92.152.128 /Home/Index/receiveAll
INFO: [ app_init ] --START--
INFO: Run Behavior\BuildLiteBehavior [ RunTime:0.000000s ]
INFO: [ app_init ] --END-- [ RunTime:0.000000s ]
INFO: [ app_begin ] --START--
INFO: Run Behavior\ReadHtmlCacheBehavior [ RunTime:0.000000s ]
INFO: Run Behavior\CheckLangBehavior [ RunTime:0.000000s ]
INFO: [ app_begin ] --END-- [ RunTime:0.000000s ]
NOTIC: [8192] mysql_connect(): The mysql extension is deprecated and will be removed in the future: use mysqli or PDO instead E:\phpstudy\WWW\intelligencemine\ThinkPHP\Library\Think\Db\Driver\Mysql.class.php 第 52 行.
SQL: SHOW COLUMNS FROM `pa_personal` [ RunTime:0.000000s ]
SQL: SELECT `user_id` FROM `pa_personal` WHERE ( access_token = "82e9ad338ea2537ac2c949b97bc1074d" ) LIMIT 1   [ RunTime:0.000000s ]
SQL: SHOW COLUMNS FROM `pa_mining` [ RunTime:0.000000s ]
SQL: SELECT * FROM `pa_mining` WHERE ( user_id = "2" and receive = 0 )  [ RunTime:0.000000s ]

[ 2018-08-08T15:06:38+08:00 ] 113.92.152.128 /Home/Index/receiveAll
INFO: [ app_init ] --START--
INFO: Run Behavior\BuildLiteBehavior [ RunTime:0.000000s ]
INFO: [ app_init ] --END-- [ RunTime:0.000000s ]
INFO: [ app_begin ] --START--
INFO: Run Behavior\ReadHtmlCacheBehavior [ RunTime:0.000000s ]
INFO: Run Behavior\CheckLangBehavior [ RunTime:0.000000s ]
INFO: [ app_begin ] --END-- [ RunTime:0.000000s ]
NOTIC: [8192] mysql_connect(): The mysql extension is deprecated and will be removed in the future: use mysqli or PDO instead E:\phpstudy\WWW\intelligencemine\ThinkPHP\Library\Think\Db\Driver\Mysql.class.php 第 52 行.
SQL: SHOW COLUMNS FROM `pa_personal` [ RunTime:0.000000s ]
SQL: SELECT `user_id` FROM `pa_personal` WHERE ( access_token = "82e9ad338ea2537ac2c949b97bc1074d" ) LIMIT 1   [ RunTime:0.000000s ]
SQL: SHOW COLUMNS FROM `pa_mining` [ RunTime:0.000000s ]
SQL: SELECT * FROM `pa_mining` WHERE ( user_id = "2" and receive = 0 )  [ RunTime:0.000000s ]

[ 2018-08-08T15:06:39+08:00 ] 113.92.152.128 /Home/Index/receiveAll
INFO: [ app_init ] --START--
INFO: Run Behavior\BuildLiteBehavior [ RunTime:0.000000s ]
INFO: [ app_init ] --END-- [ RunTime:0.000000s ]
INFO: [ app_begin ] --START--
INFO: Run Behavior\ReadHtmlCacheBehavior [ RunTime:0.000000s ]
INFO: Run Behavior\CheckLangBehavior [ RunTime:0.000000s ]
INFO: [ app_begin ] --END-- [ RunTime:0.000000s ]
NOTIC: [8192] mysql_connect(): The mysql extension is deprecated and will be removed in the future: use mysqli or PDO instead E:\phpstudy\WWW\intelligencemine\ThinkPHP\Library\Think\Db\Driver\Mysql.class.php 第 52 行.
SQL: SHOW COLUMNS FROM `pa_personal` [ RunTime:0.000000s ]
SQL: SELECT `user_id` FROM `pa_personal` WHERE ( access_token = "82e9ad338ea2537ac2c949b97bc1074d" ) LIMIT 1   [ RunTime:0.000000s ]
SQL: SHOW COLUMNS FROM `pa_mining` [ RunTime:0.000000s ]
SQL: SELECT * FROM `pa_mining` WHERE ( user_id = "2" and receive = 0 )  [ RunTime:0.000000s ]

[ 2018-08-08T15:06:40+08:00 ] 113.92.152.128 /Home/Index/receiveAll
INFO: [ app_init ] --START--
INFO: Run Behavior\BuildLiteBehavior [ RunTime:0.000000s ]
INFO: [ app_init ] --END-- [ RunTime:0.000000s ]
INFO: [ app_begin ] --START--
INFO: Run Behavior\ReadHtmlCacheBehavior [ RunTime:0.000000s ]
INFO: Run Behavior\CheckLangBehavior [ RunTime:0.000000s ]
INFO: [ app_begin ] --END-- [ RunTime:0.000000s ]
NOTIC: [8192] mysql_connect(): The mysql extension is deprecated and will be removed in the future: use mysqli or PDO instead E:\phpstudy\WWW\intelligencemine\ThinkPHP\Library\Think\Db\Driver\Mysql.class.php 第 52 行.
SQL: SHOW COLUMNS FROM `pa_personal` [ RunTime:0.000000s ]
SQL: SELECT `user_id` FROM `pa_personal` WHERE ( access_token = "82e9ad338ea2537ac2c949b97bc1074d" ) LIMIT 1   [ RunTime:0.000000s ]
SQL: SHOW COLUMNS FROM `pa_mining` [ RunTime:0.000000s ]
SQL: SELECT * FROM `pa_mining` WHERE ( user_id = "2" and receive = 0 )  [ RunTime:0.000000s ]

[ 2018-08-08T15:06:41+08:00 ] 113.92.152.128 /Home/Index/receiveAll
INFO: [ app_init ] --START--
INFO: Run Behavior\BuildLiteBehavior [ RunTime:0.000000s ]
INFO: [ app_init ] --END-- [ RunTime:0.015626s ]
INFO: [ app_begin ] --START--
INFO: Run Behavior\ReadHtmlCacheBehavior [ RunTime:0.000000s ]
INFO: Run Behavior\CheckLangBehavior [ RunTime:0.000000s ]
INFO: [ app_begin ] --END-- [ RunTime:0.000000s ]
NOTIC: [8192] mysql_connect(): The mysql extension is deprecated and will be removed in the future: use mysqli or PDO instead E:\phpstudy\WWW\intelligencemine\ThinkPHP\Library\Think\Db\Driver\Mysql.class.php 第 52 行.
SQL: SHOW COLUMNS FROM `pa_personal` [ RunTime:0.000000s ]
SQL: SELECT `user_id` FROM `pa_personal` WHERE ( access_token = "82e9ad338ea2537ac2c949b97bc1074d" ) LIMIT 1   [ RunTime:0.000000s ]
SQL: SHOW COLUMNS FROM `pa_mining` [ RunTime:0.000000s ]
SQL: SELECT * FROM `pa_mining` WHERE ( user_id = "2" and receive = 0 )  [ RunTime:0.000000s ]

[ 2018-08-08T15:06:47+08:00 ] 113.92.152.128 /index.php/Home/Index/
INFO: [ app_init ] --START--
INFO: Run Behavior\BuildLiteBehavior [ RunTime:0.000000s ]
INFO: [ app_init ] --END-- [ RunTime:0.000000s ]
INFO: [ app_begin ] --START--
INFO: Run Behavior\ReadHtmlCacheBehavior [ RunTime:0.000000s ]
INFO: Run Behavior\CheckLangBehavior [ RunTime:0.000000s ]
INFO: [ app_begin ] --END-- [ RunTime:0.000000s ]
NOTIC: [8192] mysql_connect(): The mysql extension is deprecated and will be removed in the future: use mysqli or PDO instead E:\phpstudy\WWW\intelligencemine\ThinkPHP\Library\Think\Db\Driver\Mysql.class.php 第 52 行.
SQL: SHOW COLUMNS FROM `pa_personal` [ RunTime:0.000000s ]
SQL: SELECT `user_id`,`user_img`,`mineral`,`user_tel`,`suanli`,`user_nickname`,`user_number`,`user_jine`,`dig` FROM `pa_personal` WHERE ( access_token = "82e9ad338ea2537ac2c949b97bc1074d" ) LIMIT 1   [ RunTime:0.000000s ]
SQL: SHOW COLUMNS FROM `pa_mining` [ RunTime:0.000000s ]
SQL: INSERT INTO `pa_mining` (`user_id`,`createtime`,`receive`,`title`,`bid`,`number`) VALUES (2,1533712006,0,'BOW',3,0.00152) [ RunTime:0.359394s ]
SQL: SHOW COLUMNS FROM `pa_computing` [ RunTime:0.000000s ]
SQL: SELECT * FROM `pa_computing` WHERE ( user_id = "2" and type = "sign" and createtime > "1533657600" ) LIMIT 1   [ RunTime:0.015625s ]
SQL: SHOW COLUMNS FROM `pa_liveset` [ RunTime:0.000000s ]
SQL: SELECT * FROM `pa_liveset` LIMIT 1   [ RunTime:0.000000s ]
SQL: SELECT `user_id`,`suanli`,`user_nickname` FROM `pa_personal` ORDER BY suanli desc  [ RunTime:0.000000s ]
SQL: SELECT COUNT(*) AS tp_count FROM `pa_mining` WHERE ( receive_time > "1533657600" ) LIMIT 1   [ RunTime:0.000000s ]
SQL: SELECT COUNT(*) AS tp_count FROM `pa_mining` LIMIT 1   [ RunTime:0.000000s ]
SQL: SELECT `number`,`title`,`id` FROM `pa_mining` WHERE ( user_id = "2" and receive = 0 ) ORDER BY createtime desc  [ RunTime:0.000000s ]
SQL: SELECT number insur,`receive_time`,`title` FROM `pa_mining` WHERE ( user_id = "2" and receive = 1 ) ORDER BY receive_time desc LIMIT 4   [ RunTime:0.015626s ]

[ 2018-08-08T15:06:48+08:00 ] 113.92.152.128 /Index/article
INFO: [ app_init ] --START--
INFO: Run Behavior\BuildLiteBehavior [ RunTime:0.000000s ]
INFO: [ app_init ] --END-- [ RunTime:0.015626s ]
INFO: [ app_begin ] --START--
INFO: Run Behavior\ReadHtmlCacheBehavior [ RunTime:0.000000s ]
INFO: Run Behavior\CheckLangBehavior [ RunTime:0.000000s ]
INFO: [ app_begin ] --END-- [ RunTime:0.000000s ]
NOTIC: [8192] mysql_connect(): The mysql extension is deprecated and will be removed in the future: use mysqli or PDO instead E:\phpstudy\WWW\intelligencemine\ThinkPHP\Library\Think\Db\Driver\Mysql.class.php 第 52 行.
SQL: SHOW COLUMNS FROM pa_news n [ RunTime:0.000000s ]
ERR: 1064:You have an error in your SQL syntax; check the manual that corresponds to your MySQL server version for the right syntax to use near 'n' at line 1
 [ SQL语句 ] : SHOW COLUMNS FROM pa_news n
SQL: SELECT * FROM pa_news n INNER JOIN pa_category c on c.cid = n.cid  WHERE ( c.name = "头条新闻" )  [ RunTime:0.000000s ]

[ 2018-08-08T20:19:18+08:00 ] 103.106.120.16 /Index/article
INFO: [ app_init ] --START--
INFO: Run Behavior\BuildLiteBehavior [ RunTime:0.000000s ]
INFO: [ app_init ] --END-- [ RunTime:0.000000s ]
INFO: [ app_begin ] --START--
INFO: Run Behavior\ReadHtmlCacheBehavior [ RunTime:0.000000s ]
INFO: Run Behavior\CheckLangBehavior [ RunTime:0.000000s ]
INFO: [ app_begin ] --END-- [ RunTime:0.000000s ]
NOTIC: [8192] mysql_connect(): The mysql extension is deprecated and will be removed in the future: use mysqli or PDO instead E:\phpstudy\WWW\intelligencemine\ThinkPHP\Library\Think\Db\Driver\Mysql.class.php 第 52 行.
SQL: SHOW COLUMNS FROM pa_news n [ RunTime:0.000000s ]
ERR: 1064:You have an error in your SQL syntax; check the manual that corresponds to your MySQL server version for the right syntax to use near 'n' at line 1
 [ SQL语句 ] : SHOW COLUMNS FROM pa_news n
SQL: SELECT * FROM pa_news n INNER JOIN pa_category c on c.cid = n.cid  WHERE ( c.name = "头条新闻" )  [ RunTime:0.000000s ]

[ 2018-08-08T20:19:18+08:00 ] 103.106.120.16 /index.php/Home/Index/
INFO: [ app_init ] --START--
INFO: Run Behavior\BuildLiteBehavior [ RunTime:0.000000s ]
INFO: [ app_init ] --END-- [ RunTime:0.000000s ]
INFO: [ app_begin ] --START--
INFO: Run Behavior\ReadHtmlCacheBehavior [ RunTime:0.000000s ]
INFO: Run Behavior\CheckLangBehavior [ RunTime:0.015625s ]
INFO: [ app_begin ] --END-- [ RunTime:0.015625s ]
NOTIC: [8192] mysql_connect(): The mysql extension is deprecated and will be removed in the future: use mysqli or PDO instead E:\phpstudy\WWW\intelligencemine\ThinkPHP\Library\Think\Db\Driver\Mysql.class.php 第 52 行.
SQL: SHOW COLUMNS FROM `pa_personal` [ RunTime:0.000000s ]
SQL: SELECT `user_id`,`user_img`,`mineral`,`user_tel`,`suanli`,`user_nickname`,`user_number`,`user_jine`,`dig` FROM `pa_personal` WHERE ( access_token = "4c6b824ba27940e9dd4fe7693d7b7dc5" ) LIMIT 1   [ RunTime:0.000000s ]
SQL: SHOW COLUMNS FROM `pa_mining` [ RunTime:0.000000s ]
SQL: INSERT INTO `pa_mining` (`user_id`,`createtime`,`receive`,`title`,`bid`,`number`) VALUES (86,1533730758,0,'BOW',3,0.00796) [ RunTime:0.015625s ]
SQL: SHOW COLUMNS FROM `pa_computing` [ RunTime:0.000000s ]
SQL: SELECT * FROM `pa_computing` WHERE ( user_id = "86" and type = "sign" and createtime > "1533657600" ) LIMIT 1   [ RunTime:0.015625s ]
SQL: SHOW COLUMNS FROM `pa_liveset` [ RunTime:0.015625s ]
SQL: SELECT * FROM `pa_liveset` LIMIT 1   [ RunTime:0.000000s ]
SQL: SELECT `user_id`,`suanli`,`user_nickname` FROM `pa_personal` ORDER BY suanli desc  [ RunTime:0.000000s ]
SQL: SELECT COUNT(*) AS tp_count FROM `pa_mining` WHERE ( receive_time > "1533657600" ) LIMIT 1   [ RunTime:0.000000s ]
SQL: SELECT COUNT(*) AS tp_count FROM `pa_mining` LIMIT 1   [ RunTime:0.000000s ]
SQL: SELECT `number`,`title`,`id` FROM `pa_mining` WHERE ( user_id = "86" and receive = 0 ) ORDER BY createtime desc  [ RunTime:0.000000s ]
SQL: SELECT number insur,`receive_time`,`title` FROM `pa_mining` WHERE ( user_id = "86" and receive = 1 ) ORDER BY receive_time desc LIMIT 4   [ RunTime:0.000000s ]

[ 2018-08-08T20:19:20+08:00 ] 103.106.120.16 /index.php/Home/index/sign/
INFO: [ app_init ] --START--
INFO: Run Behavior\BuildLiteBehavior [ RunTime:0.000000s ]
INFO: [ app_init ] --END-- [ RunTime:0.000000s ]
INFO: [ app_begin ] --START--
INFO: Run Behavior\ReadHtmlCacheBehavior [ RunTime:0.000000s ]
INFO: Run Behavior\CheckLangBehavior [ RunTime:0.000000s ]
INFO: [ app_begin ] --END-- [ RunTime:0.000000s ]
NOTIC: [8192] mysql_connect(): The mysql extension is deprecated and will be removed in the future: use mysqli or PDO instead E:\phpstudy\WWW\intelligencemine\ThinkPHP\Library\Think\Db\Driver\Mysql.class.php 第 52 行.
SQL: SHOW COLUMNS FROM `pa_personal` [ RunTime:0.000000s ]
SQL: SELECT `user_id` FROM `pa_personal` WHERE ( access_token = "4c6b824ba27940e9dd4fe7693d7b7dc5" ) LIMIT 1   [ RunTime:0.000000s ]
SQL: SHOW COLUMNS FROM `pa_computing` [ RunTime:0.000000s ]
SQL: SELECT * FROM `pa_computing` WHERE ( user_id = "86" and type = "sign" and createtime > "1533657600" ) LIMIT 1   [ RunTime:0.015625s ]
SQL: INSERT INTO `pa_computing` (`user_id`,`suanli`,`type`,`inout`,`currency`,`createtime`) VALUES (86,1,'签到','in','suanli',1533730760) [ RunTime:0.000000s ]

[ 2018-08-08T20:19:23+08:00 ] 103.106.120.16 /index/receiveAll/
INFO: [ app_init ] --START--
INFO: Run Behavior\BuildLiteBehavior [ RunTime:0.000000s ]
INFO: [ app_init ] --END-- [ RunTime:0.000000s ]
INFO: [ app_begin ] --START--
INFO: Run Behavior\ReadHtmlCacheBehavior [ RunTime:0.000000s ]
INFO: Run Behavior\CheckLangBehavior [ RunTime:0.000000s ]
INFO: [ app_begin ] --END-- [ RunTime:0.000000s ]
NOTIC: [8192] mysql_connect(): The mysql extension is deprecated and will be removed in the future: use mysqli or PDO instead E:\phpstudy\WWW\intelligencemine\ThinkPHP\Library\Think\Db\Driver\Mysql.class.php 第 52 行.
SQL: SHOW COLUMNS FROM `pa_personal` [ RunTime:0.000000s ]
SQL: SELECT `user_id` FROM `pa_personal` WHERE ( access_token = "4c6b824ba27940e9dd4fe7693d7b7dc5" ) LIMIT 1   [ RunTime:0.000000s ]
SQL: SHOW COLUMNS FROM `pa_mining` [ RunTime:0.000000s ]
SQL: SELECT * FROM `pa_mining` WHERE ( user_id = "86" and receive = 0 )  [ RunTime:0.000000s ]
SQL: SHOW COLUMNS FROM `pa_mybi` [ RunTime:0.015625s ]
SQL: SELECT * FROM `pa_mybi` WHERE ( biid = "3" and user_id = "86" ) LIMIT 1   [ RunTime:0.000000s ]
NOTIC: [8] Use of undefined constant number - assumed 'number' E:\phpstudy\WWW\intelligencemine\Application\Home\Controller\IndexController.class.php 第 171 行.
NOTIC: [8] Use of undefined constant number - assumed 'number' E:\phpstudy\WWW\intelligencemine\Application\Home\Controller\IndexController.class.php 第 171 行.
NOTIC: [8] Use of undefined constant user_id - assumed 'user_id' E:\phpstudy\WWW\intelligencemine\Application\Home\Controller\IndexController.class.php 第 171 行.
SQL: update pa_personal set mineral = mineral + 0.00927 , zmineral = zmineral + 0.00927 where user_id = 86 [ RunTime:0.000000s ]
SQL: SELECT * FROM `pa_mybi` WHERE ( biid = "3" and user_id = "86" ) LIMIT 1   [ RunTime:0.000000s ]
NOTIC: [8] Use of undefined constant number - assumed 'number' E:\phpstudy\WWW\intelligencemine\Application\Home\Controller\IndexController.class.php 第 171 行.
NOTIC: [8] Use of undefined constant number - assumed 'number' E:\phpstudy\WWW\intelligencemine\Application\Home\Controller\IndexController.class.php 第 171 行.
NOTIC: [8] Use of undefined constant user_id - assumed 'user_id' E:\phpstudy\WWW\intelligencemine\Application\Home\Controller\IndexController.class.php 第 171 行.
SQL: update pa_personal set mineral = mineral + 0.00660 , zmineral = zmineral + 0.00660 where user_id = 86 [ RunTime:0.000000s ]
SQL: SELECT * FROM `pa_mybi` WHERE ( biid = "3" and user_id = "86" ) LIMIT 1   [ RunTime:0.000000s ]
NOTIC: [8] Use of undefined constant number - assumed 'number' E:\phpstudy\WWW\intelligencemine\Application\Home\Controller\IndexController.class.php 第 171 行.
NOTIC: [8] Use of undefined constant number - assumed 'number' E:\phpstudy\WWW\intelligencemine\Application\Home\Controller\IndexController.class.php 第 171 行.
NOTIC: [8] Use of undefined constant user_id - assumed 'user_id' E:\phpstudy\WWW\intelligencemine\Application\Home\Controller\IndexController.class.php 第 171 行.
SQL: update pa_personal set mineral = mineral + 0.00902 , zmineral = zmineral + 0.00902 where user_id = 86 [ RunTime:0.000000s ]
SQL: SELECT * FROM `pa_mybi` WHERE ( biid = "3" and user_id = "86" ) LIMIT 1   [ RunTime:0.000000s ]
NOTIC: [8] Use of undefined constant number - assumed 'number' E:\phpstudy\WWW\intelligencemine\Application\Home\Controller\IndexController.class.php 第 171 行.
NOTIC: [8] Use of undefined constant number - assumed 'number' E:\phpstudy\WWW\intelligencemine\Application\Home\Controller\IndexController.class.php 第 171 行.
NOTIC: [8] Use of undefined constant user_id - assumed 'user_id' E:\phpstudy\WWW\intelligencemine\Application\Home\Controller\IndexController.class.php 第 171 行.
SQL: update pa_personal set mineral = mineral + 0.00796 , zmineral = zmineral + 0.00796 where user_id = 86 [ RunTime:0.000000s ]
SQL: SHOW COLUMNS FROM `pa_computing` [ RunTime:0.000000s ]
SQL: INSERT INTO `pa_computing` (`user_id`,`createtime`,`type`,`currency`,`inout`,`suanli`) VALUES (86,1533730763,'挖矿','BOW','in','0.00927'),(86,1533730763,'挖矿','BOW','in','0.00660'),(86,1533730763,'挖矿','BOW','in','0.00902'),(86,1533730763,'挖矿','BOW','in','0.00796') [ RunTime:0.000000s ]
SQL: update pa_mining set receive = 1,receive_time = 1533730763 where id in (2378,2379,2380,2385) [ RunTime:0.000000s ]

[ 2018-08-08T20:19:24+08:00 ] 103.106.120.16 /index.php/Home/Index/record
INFO: [ app_init ] --START--
INFO: Run Behavior\BuildLiteBehavior [ RunTime:0.000000s ]
INFO: [ app_init ] --END-- [ RunTime:0.000000s ]
INFO: [ app_begin ] --START--
INFO: Run Behavior\ReadHtmlCacheBehavior [ RunTime:0.000000s ]
INFO: Run Behavior\CheckLangBehavior [ RunTime:0.000000s ]
INFO: [ app_begin ] --END-- [ RunTime:0.000000s ]
NOTIC: [8192] mysql_connect(): The mysql extension is deprecated and will be removed in the future: use mysqli or PDO instead E:\phpstudy\WWW\intelligencemine\ThinkPHP\Library\Think\Db\Driver\Mysql.class.php 第 52 行.
SQL: SHOW COLUMNS FROM `pa_personal` [ RunTime:0.000000s ]
SQL: SELECT `user_id` FROM `pa_personal` WHERE ( access_token = "4c6b824ba27940e9dd4fe7693d7b7dc5" ) LIMIT 1   [ RunTime:0.000000s ]
SQL: SHOW COLUMNS FROM `pa_mining` [ RunTime:0.015625s ]
SQL: SELECT number insur,`receive_time` FROM `pa_mining` WHERE ( user_id = "86" and receive = 1 ) ORDER BY receive_time desc LIMIT 4   [ RunTime:0.000000s ]

[ 2018-08-08T20:19:28+08:00 ] 103.106.120.16 /index/receiveAll/
INFO: [ app_init ] --START--
INFO: Run Behavior\BuildLiteBehavior [ RunTime:0.000000s ]
INFO: [ app_init ] --END-- [ RunTime:0.000000s ]
INFO: [ app_begin ] --START--
INFO: Run Behavior\ReadHtmlCacheBehavior [ RunTime:0.000000s ]
INFO: Run Behavior\CheckLangBehavior [ RunTime:0.000000s ]
INFO: [ app_begin ] --END-- [ RunTime:0.000000s ]
NOTIC: [8192] mysql_connect(): The mysql extension is deprecated and will be removed in the future: use mysqli or PDO instead E:\phpstudy\WWW\intelligencemine\ThinkPHP\Library\Think\Db\Driver\Mysql.class.php 第 52 行.
SQL: SHOW COLUMNS FROM `pa_personal` [ RunTime:0.000000s ]
SQL: SELECT `user_id` FROM `pa_personal` WHERE ( access_token = "4c6b824ba27940e9dd4fe7693d7b7dc5" ) LIMIT 1   [ RunTime:0.000000s ]
SQL: SHOW COLUMNS FROM `pa_mining` [ RunTime:0.000000s ]
SQL: SELECT * FROM `pa_mining` WHERE ( user_id = "86" and receive = 0 )  [ RunTime:0.000000s ]

[ 2018-08-08T20:19:39+08:00 ] 114.242.249.8 /Index/block
INFO: [ app_init ] --START--
INFO: Run Behavior\BuildLiteBehavior [ RunTime:0.000000s ]
INFO: [ app_init ] --END-- [ RunTime:0.000000s ]
INFO: [ app_begin ] --START--
INFO: Run Behavior\ReadHtmlCacheBehavior [ RunTime:0.000000s ]
INFO: Run Behavior\CheckLangBehavior [ RunTime:0.000000s ]
INFO: [ app_begin ] --END-- [ RunTime:0.000000s ]
NOTIC: [8192] mysql_connect(): The mysql extension is deprecated and will be removed in the future: use mysqli or PDO instead E:\phpstudy\WWW\intelligencemine\ThinkPHP\Library\Think\Db\Driver\Mysql.class.php 第 52 行.
SQL: SHOW COLUMNS FROM `pa_personal` [ RunTime:0.000000s ]
SQL: SELECT COUNT(*) AS tp_count FROM `pa_personal` LIMIT 1   [ RunTime:0.000000s ]
SQL: SELECT COUNT(*) AS tp_count FROM `pa_personal` WHERE ( user_type != 1 ) LIMIT 1   [ RunTime:0.000000s ]
SQL: SHOW COLUMNS FROM `pa_ad` [ RunTime:0.000000s ]
SQL: SELECT `id`,`ad_link`,`ad_img` FROM `pa_ad` WHERE ( position = "blockworld" ) ORDER BY sort desc LIMIT 1   [ RunTime:0.000000s ]
SQL: SELECT `ad_link`,`ad_img` FROM `pa_ad` WHERE ( position = "banner" ) ORDER BY sort desc  [ RunTime:0.000000s ]
SQL: SHOW COLUMNS FROM pa_news n [ RunTime:0.000000s ]
ERR: 1064:You have an error in your SQL syntax; check the manual that corresponds to your MySQL server version for the right syntax to use near 'n' at line 1
 [ SQL语句 ] : SHOW COLUMNS FROM pa_news n
SQL: SELECT `title`,`id` FROM pa_news n INNER JOIN pa_category c on c.cid = n.cid  WHERE ( c.name = "城市公告" )  [ RunTime:0.000000s ]
SQL: SELECT `title`,`id` FROM pa_news n INNER JOIN pa_category c on c.cid = n.cid  WHERE ( c.name = "BlockWorld挖矿简介" )  [ RunTime:0.015625s ]

[ 2018-08-08T20:20:21+08:00 ] 103.106.120.14 /index.php/Home/My/myMessage/
INFO: [ app_init ] --START--
INFO: Run Behavior\BuildLiteBehavior [ RunTime:0.000000s ]
INFO: [ app_init ] --END-- [ RunTime:0.000000s ]
INFO: [ app_begin ] --START--
INFO: Run Behavior\ReadHtmlCacheBehavior [ RunTime:0.000000s ]
INFO: Run Behavior\CheckLangBehavior [ RunTime:0.000000s ]
INFO: [ app_begin ] --END-- [ RunTime:0.000000s ]
NOTIC: [8192] mysql_connect(): The mysql extension is deprecated and will be removed in the future: use mysqli or PDO instead E:\phpstudy\WWW\intelligencemine\ThinkPHP\Library\Think\Db\Driver\Mysql.class.php 第 52 行.
SQL: SHOW COLUMNS FROM `pa_personal` [ RunTime:0.000000s ]
SQL: SELECT `user_id`,`user_number`,`user_img`,`user_nickname`,`suanli`,`flowsuanli`,`mineral`,`identity`,`user_tel`,`payword` FROM `pa_personal` WHERE ( access_token = "4c6b824ba27940e9dd4fe7693d7b7dc5" ) LIMIT 1   [ RunTime:0.000000s ]

