[ 2018-10-05T00:00:01+08:00 ] 47.92.104.107 /index.php/Home/Index/wawa
INFO: [ app_init ] --START--
INFO: Run Behavior\BuildLiteBehavior [ RunTime:0.000000s ]
INFO: [ app_init ] --END-- [ RunTime:0.000000s ]
INFO: [ app_begin ] --START--
INFO: Run Behavior\ReadHtmlCacheBehavior [ RunTime:0.000000s ]
INFO: Run Behavior\CheckLangBehavior [ RunTime:0.000000s ]
INFO: [ app_begin ] --END-- [ RunTime:0.000000s ]
NOTIC: [8192] mysql_connect(): The mysql extension is deprecated and will be removed in the future: use mysqli or PDO instead E:\phpstudy\WWW\intelligencemine\ThinkPHP\Library\Think\Db\Driver\Mysql.class.php 第 52 行.
SQL: SHOW COLUMNS FROM `pa_personal` [ RunTime:0.015625s ]
SQL: SELECT * FROM `pa_personal`  [ RunTime:0.000000s ]
SQL: SHOW COLUMNS FROM `pa_liveset` [ RunTime:0.031251s ]
SQL: SELECT * FROM `pa_liveset` LIMIT 1   [ RunTime:0.015625s ]
NOTIC: [8] Undefined index: user_id E:\phpstudy\WWW\intelligencemine\Application\Home\Controller\IndexController.class.php 第 110 行.
SQL: UPDATE `pa_personal` SET `flowsuanli`=flowsuanli-3595.797 WHERE ( id =  ) [ RunTime:0.000000s ]
ERR: 1064:You have an error in your SQL syntax; check the manual that corresponds to your MySQL server version for the right syntax to use near ')' at line 1
 [ SQL语句 ] : UPDATE `pa_personal` SET `flowsuanli`=flowsuanli-3595.797 WHERE ( id =  )
NOTIC: [8] Undefined index: user_id E:\phpstudy\WWW\intelligencemine\Application\Home\Controller\IndexController.class.php 第 111 行.
SQL: UPDATE `pa_personal` SET `buy_flowsuanli`=buy_flowsuanli-0 WHERE ( id =  ) [ RunTime:0.000000s ]
ERR: 1064:You have an error in your SQL syntax; check the manual that corresponds to your MySQL server version for the right syntax to use near ')' at line 1
 [ SQL语句 ] : UPDATE `pa_personal` SET `buy_flowsuanli`=buy_flowsuanli-0 WHERE ( id =  )
NOTIC: [8] Undefined index: user_id E:\phpstudy\WWW\intelligencemine\Application\Home\Controller\IndexController.class.php 第 110 行.
SQL: UPDATE `pa_personal` SET `flowsuanli`=flowsuanli-986.932 WHERE ( id =  ) [ RunTime:0.000000s ]
ERR: 1064:You have an error in your SQL syntax; check the manual that corresponds to your MySQL server version for the right syntax to use near ')' at line 1
 [ SQL语句 ] : UPDATE `pa_personal` SET `flowsuanli`=flowsuanli-986.932 WHERE ( id =  )
NOTIC: [8] Undefined index: user_id E:\phpstudy\WWW\intelligencemine\Application\Home\Controller\IndexController.class.php 第 111 行.
SQL: UPDATE `pa_personal` SET `buy_flowsuanli`=buy_flowsuanli-0 WHERE ( id =  ) [ RunTime:0.000000s ]
ERR: 1064:You have an error in your SQL syntax; check the manual that corresponds to your MySQL server version for the right syntax to use near ')' at line 1
 [ SQL语句 ] : UPDATE `pa_personal` SET `buy_flowsuanli`=buy_flowsuanli-0 WHERE ( id =  )
NOTIC: [8] Undefined index: user_id E:\phpstudy\WWW\intelligencemine\Application\Home\Controller\IndexController.class.php 第 110 行.
SQL: UPDATE `pa_personal` SET `flowsuanli`=flowsuanli-61.422 WHERE ( id =  ) [ RunTime:0.000000s ]
ERR: 1064:You have an error in your SQL syntax; check the manual that corresponds to your MySQL server version for the right syntax to use near ')' at line 1
 [ SQL语句 ] : UPDATE `pa_personal` SET `flowsuanli`=flowsuanli-61.422 WHERE ( id =  )
NOTIC: [8] Undefined index: user_id E:\phpstudy\WWW\intelligencemine\Application\Home\Controller\IndexController.class.php 第 111 行.
SQL: UPDATE `pa_personal` SET `buy_flowsuanli`=buy_flowsuanli-0 WHERE ( id =  ) [ RunTime:0.000000s ]
ERR: 1064:You have an error in your SQL syntax; check the manual that corresponds to your MySQL server version for the right syntax to use near ')' at line 1
 [ SQL语句 ] : UPDATE `pa_personal` SET `buy_flowsuanli`=buy_flowsuanli-0 WHERE ( id =  )
NOTIC: [8] Undefined index: user_id E:\phpstudy\WWW\intelligencemine\Application\Home\Controller\IndexController.class.php 第 110 行.
SQL: UPDATE `pa_personal` SET `flowsuanli`=flowsuanli-0.406 WHERE ( id =  ) [ RunTime:0.000000s ]
ERR: 1064:You have an error in your SQL syntax; check the manual that corresponds to your MySQL server version for the right syntax to use near ')' at line 1
 [ SQL语句 ] : UPDATE `pa_personal` SET `flowsuanli`=flowsuanli-0.406 WHERE ( id =  )
NOTIC: [8] Undefined index: user_id E:\phpstudy\WWW\intelligencemine\Application\Home\Controller\IndexController.class.php 第 111 行.
SQL: UPDATE `pa_personal` SET `buy_flowsuanli`=buy_flowsuanli-0 WHERE ( id =  ) [ RunTime:0.000000s ]
ERR: 1064:You have an error in your SQL syntax; check the manual that corresponds to your MySQL server version for the right syntax to use near ')' at line 1
 [ SQL语句 ] : UPDATE `pa_personal` SET `buy_flowsuanli`=buy_flowsuanli-0 WHERE ( id =  )
NOTIC: [8] Undefined index: user_id E:\phpstudy\WWW\intelligencemine\Application\Home\Controller\IndexController.class.php 第 110 行.
SQL: UPDATE `pa_personal` SET `flowsuanli`=flowsuanli-650.27 WHERE ( id =  ) [ RunTime:0.000000s ]
ERR: 1064:You have an error in your SQL syntax; check the manual that corresponds to your MySQL server version for the right syntax to use near ')' at line 1
 [ SQL语句 ] : UPDATE `pa_personal` SET `flowsuanli`=flowsuanli-650.27 WHERE ( id =  )
NOTIC: [8] Undefined index: user_id E:\phpstudy\WWW\intelligencemine\Application\Home\Controller\IndexController.class.php 第 111 行.
SQL: UPDATE `pa_personal` SET `buy_flowsuanli`=buy_flowsuanli-0 WHERE ( id =  ) [ RunTime:0.000000s ]
ERR: 1064:You have an error in your SQL syntax; check the manual that corresponds to your MySQL server version for the right syntax to use near ')' at line 1
 [ SQL语句 ] : UPDATE `pa_personal` SET `buy_flowsuanli`=buy_flowsuanli-0 WHERE ( id =  )
NOTIC: [8] Undefined index: user_id E:\phpstudy\WWW\intelligencemine\Application\Home\Controller\IndexController.class.php 第 110 行.
SQL: UPDATE `pa_personal` SET `flowsuanli`=flowsuanli-1248.52 WHERE ( id =  ) [ RunTime:0.000000s ]
ERR: 1064:You have an error in your SQL syntax; check the manual that corresponds to your MySQL server version for the right syntax to use near ')' at line 1
 [ SQL语句 ] : UPDATE `pa_personal` SET `flowsuanli`=flowsuanli-1248.52 WHERE ( id =  )
NOTIC: [8] Undefined index: user_id E:\phpstudy\WWW\intelligencemine\Application\Home\Controller\IndexController.class.php 第 111 行.
SQL: UPDATE `pa_personal` SET `buy_flowsuanli`=buy_flowsuanli-0 WHERE ( id =  ) [ RunTime:0.000000s ]
ERR: 1064:You have an error in your SQL syntax; check the manual that corresponds to your MySQL server version for the right syntax to use near ')' at line 1
 [ SQL语句 ] : UPDATE `pa_personal` SET `buy_flowsuanli`=buy_flowsuanli-0 WHERE ( id =  )
NOTIC: [8] Undefined index: user_id E:\phpstudy\WWW\intelligencemine\Application\Home\Controller\IndexController.class.php 第 110 行.
SQL: UPDATE `pa_personal` SET `flowsuanli`=flowsuanli-0.456 WHERE ( id =  ) [ RunTime:0.000000s ]
ERR: 1064:You have an error in your SQL syntax; check the manual that corresponds to your MySQL server version for the right syntax to use near ')' at line 1
 [ SQL语句 ] : UPDATE `pa_personal` SET `flowsuanli`=flowsuanli-0.456 WHERE ( id =  )
NOTIC: [8] Undefined index: user_id E:\phpstudy\WWW\intelligencemine\Application\Home\Controller\IndexController.class.php 第 111 行.
SQL: UPDATE `pa_personal` SET `buy_flowsuanli`=buy_flowsuanli-0 WHERE ( id =  ) [ RunTime:0.000000s ]
ERR: 1064:You have an error in your SQL syntax; check the manual that corresponds to your MySQL server version for the right syntax to use near ')' at line 1
 [ SQL语句 ] : UPDATE `pa_personal` SET `buy_flowsuanli`=buy_flowsuanli-0 WHERE ( id =  )
NOTIC: [8] Undefined index: user_id E:\phpstudy\WWW\intelligencemine\Application\Home\Controller\IndexController.class.php 第 110 行.
SQL: UPDATE `pa_personal` SET `flowsuanli`=flowsuanli-62.038 WHERE ( id =  ) [ RunTime:0.000000s ]
ERR: 1064:You have an error in your SQL syntax; check the manual that corresponds to your MySQL server version for the right syntax to use near ')' at line 1
 [ SQL语句 ] : UPDATE `pa_personal` SET `flowsuanli`=flowsuanli-62.038 WHERE ( id =  )
NOTIC: [8] Undefined index: user_id E:\phpstudy\WWW\intelligencemine\Application\Home\Controller\IndexController.class.php 第 111 行.
SQL: UPDATE `pa_personal` SET `buy_flowsuanli`=buy_flowsuanli-0 WHERE ( id =  ) [ RunTime:0.000000s ]
ERR: 1064:You have an error in your SQL syntax; check the manual that corresponds to your MySQL server version for the right syntax to use near ')' at line 1
 [ SQL语句 ] : UPDATE `pa_personal` SET `buy_flowsuanli`=buy_flowsuanli-0 WHERE ( id =  )
NOTIC: [8] Undefined index: user_id E:\phpstudy\WWW\intelligencemine\Application\Home\Controller\IndexController.class.php 第 110 行.
SQL: UPDATE `pa_personal` SET `flowsuanli`=flowsuanli-0.458 WHERE ( id =  ) [ RunTime:0.000000s ]
ERR: 1064:You have an error in your SQL syntax; check the manual that corresponds to your MySQL server version for the right syntax to use near ')' at line 1
 [ SQL语句 ] : UPDATE `pa_personal` SET `flowsuanli`=flowsuanli-0.458 WHERE ( id =  )
NOTIC: [8] Undefined index: user_id E:\phpstudy\WWW\intelligencemine\Application\Home\Controller\IndexController.class.php 第 111 行.
SQL: UPDATE `pa_personal` SET `buy_flowsuanli`=buy_flowsuanli-0 WHERE ( id =  ) [ RunTime:0.000000s ]
ERR: 1064:You have an error in your SQL syntax; check the manual that corresponds to your MySQL server version for the right syntax to use near ')' at line 1
 [ SQL语句 ] : UPDATE `pa_personal` SET `buy_flowsuanli`=buy_flowsuanli-0 WHERE ( id =  )
NOTIC: [8] Undefined index: user_id E:\phpstudy\WWW\intelligencemine\Application\Home\Controller\IndexController.class.php 第 110 行.
SQL: UPDATE `pa_personal` SET `flowsuanli`=flowsuanli-0.406 WHERE ( id =  ) [ RunTime:0.000000s ]
ERR: 1064:You have an error in your SQL syntax; check the manual that corresponds to your MySQL server version for the right syntax to use near ')' at line 1
 [ SQL语句 ] : UPDATE `pa_personal` SET `flowsuanli`=flowsuanli-0.406 WHERE ( id =  )
NOTIC: [8] Undefined index: user_id E:\phpstudy\WWW\intelligencemine\Application\Home\Controller\IndexController.class.php 第 111 行.
SQL: UPDATE `pa_personal` SET `buy_flowsuanli`=buy_flowsuanli-0 WHERE ( id =  ) [ RunTime:0.000000s ]
ERR: 1064:You have an error in your SQL syntax; check the manual that corresponds to your MySQL server version for the right syntax to use near ')' at line 1
 [ SQL语句 ] : UPDATE `pa_personal` SET `buy_flowsuanli`=buy_flowsuanli-0 WHERE ( id =  )
NOTIC: [8] Undefined index: user_id E:\phpstudy\WWW\intelligencemine\Application\Home\Controller\IndexController.class.php 第 110 行.
SQL: UPDATE `pa_personal` SET `flowsuanli`=flowsuanli-0.406 WHERE ( id =  ) [ RunTime:0.000000s ]
ERR: 1064:You have an error in your SQL syntax; check the manual that corresponds to your MySQL server version for the right syntax to use near ')' at line 1
 [ SQL语句 ] : UPDATE `pa_personal` SET `flowsuanli`=flowsuanli-0.406 WHERE ( id =  )
NOTIC: [8] Undefined index: user_id E:\phpstudy\WWW\intelligencemine\Application\Home\Controller\IndexController.class.php 第 111 行.
SQL: UPDATE `pa_personal` SET `buy_flowsuanli`=buy_flowsuanli-0 WHERE ( id =  ) [ RunTime:0.000000s ]
ERR: 1064:You have an error in your SQL syntax; check the manual that corresponds to your MySQL server version for the right syntax to use near ')' at line 1
 [ SQL语句 ] : UPDATE `pa_personal` SET `buy_flowsuanli`=buy_flowsuanli-0 WHERE ( id =  )
NOTIC: [8] Undefined index: user_id E:\phpstudy\WWW\intelligencemine\Application\Home\Controller\IndexController.class.php 第 110 行.
SQL: UPDATE `pa_personal` SET `flowsuanli`=flowsuanli-0.406 WHERE ( id =  ) [ RunTime:0.000000s ]
ERR: 1064:You have an error in your SQL syntax; check the manual that corresponds to your MySQL server version for the right syntax to use near ')' at line 1
 [ SQL语句 ] : UPDATE `pa_personal` SET `flowsuanli`=flowsuanli-0.406 WHERE ( id =  )
NOTIC: [8] Undefined index: user_id E:\phpstudy\WWW\intelligencemine\Application\Home\Controller\IndexController.class.php 第 111 行.
SQL: UPDATE `pa_personal` SET `buy_flowsuanli`=buy_flowsuanli-0 WHERE ( id =  ) [ RunTime:0.000000s ]
ERR: 1064:You have an error in your SQL syntax; check the manual that corresponds to your MySQL server version for the right syntax to use near ')' at line 1
 [ SQL语句 ] : UPDATE `pa_personal` SET `buy_flowsuanli`=buy_flowsuanli-0 WHERE ( id =  )
NOTIC: [8] Undefined index: user_id E:\phpstudy\WWW\intelligencemine\Application\Home\Controller\IndexController.class.php 第 110 行.
SQL: UPDATE `pa_personal` SET `flowsuanli`=flowsuanli-0.406 WHERE ( id =  ) [ RunTime:0.000000s ]
ERR: 1064:You have an error in your SQL syntax; check the manual that corresponds to your MySQL server version for the right syntax to use near ')' at line 1
 [ SQL语句 ] : UPDATE `pa_personal` SET `flowsuanli`=flowsuanli-0.406 WHERE ( id =  )
NOTIC: [8] Undefined index: user_id E:\phpstudy\WWW\intelligencemine\Application\Home\Controller\IndexController.class.php 第 111 行.
SQL: UPDATE `pa_personal` SET `buy_flowsuanli`=buy_flowsuanli-0 WHERE ( id =  ) [ RunTime:0.000000s ]
ERR: 1064:You have an error in your SQL syntax; check the manual that corresponds to your MySQL server version for the right syntax to use near ')' at line 1
 [ SQL语句 ] : UPDATE `pa_personal` SET `buy_flowsuanli`=buy_flowsuanli-0 WHERE ( id =  )
NOTIC: [8] Undefined index: user_id E:\phpstudy\WWW\intelligencemine\Application\Home\Controller\IndexController.class.php 第 110 行.
SQL: UPDATE `pa_personal` SET `flowsuanli`=flowsuanli-0.406 WHERE ( id =  ) [ RunTime:0.000000s ]
ERR: 1064:You have an error in your SQL syntax; check the manual that corresponds to your MySQL server version for the right syntax to use near ')' at line 1
 [ SQL语句 ] : UPDATE `pa_personal` SET `flowsuanli`=flowsuanli-0.406 WHERE ( id =  )
NOTIC: [8] Undefined index: user_id E:\phpstudy\WWW\intelligencemine\Application\Home\Controller\IndexController.class.php 第 111 行.
SQL: UPDATE `pa_personal` SET `buy_flowsuanli`=buy_flowsuanli-0 WHERE ( id =  ) [ RunTime:0.000000s ]
ERR: 1064:You have an error in your SQL syntax; check the manual that corresponds to your MySQL server version for the right syntax to use near ')' at line 1
 [ SQL语句 ] : UPDATE `pa_personal` SET `buy_flowsuanli`=buy_flowsuanli-0 WHERE ( id =  )
NOTIC: [8] Undefined index: user_id E:\phpstudy\WWW\intelligencemine\Application\Home\Controller\IndexController.class.php 第 110 行.
SQL: UPDATE `pa_personal` SET `flowsuanli`=flowsuanli-0.406 WHERE ( id =  ) [ RunTime:0.000000s ]
ERR: 1064:You have an error in your SQL syntax; check the manual that corresponds to your MySQL server version for the right syntax to use near ')' at line 1
 [ SQL语句 ] : UPDATE `pa_personal` SET `flowsuanli`=flowsuanli-0.406 WHERE ( id =  )
NOTIC: [8] Undefined index: user_id E:\phpstudy\WWW\intelligencemine\Application\Home\Controller\IndexController.class.php 第 111 行.
SQL: UPDATE `pa_personal` SET `buy_flowsuanli`=buy_flowsuanli-0 WHERE ( id =  ) [ RunTime:0.000000s ]
ERR: 1064:You have an error in your SQL syntax; check the manual that corresponds to your MySQL server version for the right syntax to use near ')' at line 1
 [ SQL语句 ] : UPDATE `pa_personal` SET `buy_flowsuanli`=buy_flowsuanli-0 WHERE ( id =  )
NOTIC: [8] Undefined index: user_id E:\phpstudy\WWW\intelligencemine\Application\Home\Controller\IndexController.class.php 第 110 行.
SQL: UPDATE `pa_personal` SET `flowsuanli`=flowsuanli-0.406 WHERE ( id =  ) [ RunTime:0.000000s ]
ERR: 1064:You have an error in your SQL syntax; check the manual that corresponds to your MySQL server version for the right syntax to use near ')' at line 1
 [ SQL语句 ] : UPDATE `pa_personal` SET `flowsuanli`=flowsuanli-0.406 WHERE ( id =  )
NOTIC: [8] Undefined index: user_id E:\phpstudy\WWW\intelligencemine\Application\Home\Controller\IndexController.class.php 第 111 行.
SQL: UPDATE `pa_personal` SET `buy_flowsuanli`=buy_flowsuanli-0 WHERE ( id =  ) [ RunTime:0.000000s ]
ERR: 1064:You have an error in your SQL syntax; check the manual that corresponds to your MySQL server version for the right syntax to use near ')' at line 1
 [ SQL语句 ] : UPDATE `pa_personal` SET `buy_flowsuanli`=buy_flowsuanli-0 WHERE ( id =  )
NOTIC: [8] Undefined index: user_id E:\phpstudy\WWW\intelligencemine\Application\Home\Controller\IndexController.class.php 第 110 行.
SQL: UPDATE `pa_personal` SET `flowsuanli`=flowsuanli-0.406 WHERE ( id =  ) [ RunTime:0.000000s ]
ERR: 1064:You have an error in your SQL syntax; check the manual that corresponds to your MySQL server version for the right syntax to use near ')' at line 1
 [ SQL语句 ] : UPDATE `pa_personal` SET `flowsuanli`=flowsuanli-0.406 WHERE ( id =  )
NOTIC: [8] Undefined index: user_id E:\phpstudy\WWW\intelligencemine\Application\Home\Controller\IndexController.class.php 第 111 行.
SQL: UPDATE `pa_personal` SET `buy_flowsuanli`=buy_flowsuanli-0 WHERE ( id =  ) [ RunTime:0.000000s ]
ERR: 1064:You have an error in your SQL syntax; check the manual that corresponds to your MySQL server version for the right syntax to use near ')' at line 1
 [ SQL语句 ] : UPDATE `pa_personal` SET `buy_flowsuanli`=buy_flowsuanli-0 WHERE ( id =  )
NOTIC: [8] Undefined index: user_id E:\phpstudy\WWW\intelligencemine\Application\Home\Controller\IndexController.class.php 第 110 行.
SQL: UPDATE `pa_personal` SET `flowsuanli`=flowsuanli-0.406 WHERE ( id =  ) [ RunTime:0.000000s ]
ERR: 1064:You have an error in your SQL syntax; check the manual that corresponds to your MySQL server version for the right syntax to use near ')' at line 1
 [ SQL语句 ] : UPDATE `pa_personal` SET `flowsuanli`=flowsuanli-0.406 WHERE ( id =  )
NOTIC: [8] Undefined index: user_id E:\phpstudy\WWW\intelligencemine\Application\Home\Controller\IndexController.class.php 第 111 行.
SQL: UPDATE `pa_personal` SET `buy_flowsuanli`=buy_flowsuanli-0 WHERE ( id =  ) [ RunTime:0.000000s ]
ERR: 1064:You have an error in your SQL syntax; check the manual that corresponds to your MySQL server version for the right syntax to use near ')' at line 1
 [ SQL语句 ] : UPDATE `pa_personal` SET `buy_flowsuanli`=buy_flowsuanli-0 WHERE ( id =  )
NOTIC: [8] Undefined index: user_id E:\phpstudy\WWW\intelligencemine\Application\Home\Controller\IndexController.class.php 第 110 行.
SQL: UPDATE `pa_personal` SET `flowsuanli`=flowsuanli-0.406 WHERE ( id =  ) [ RunTime:0.000000s ]
ERR: 1064:You have an error in your SQL syntax; check the manual that corresponds to your MySQL server version for the right syntax to use near ')' at line 1
 [ SQL语句 ] : UPDATE `pa_personal` SET `flowsuanli`=flowsuanli-0.406 WHERE ( id =  )
NOTIC: [8] Undefined index: user_id E:\phpstudy\WWW\intelligencemine\Application\Home\Controller\IndexController.class.php 第 111 行.
SQL: UPDATE `pa_personal` SET `buy_flowsuanli`=buy_flowsuanli-0 WHERE ( id =  ) [ RunTime:0.000000s ]
ERR: 1064:You have an error in your SQL syntax; check the manual that corresponds to your MySQL server version for the right syntax to use near ')' at line 1
 [ SQL语句 ] : UPDATE `pa_personal` SET `buy_flowsuanli`=buy_flowsuanli-0 WHERE ( id =  )
NOTIC: [8] Undefined index: user_id E:\phpstudy\WWW\intelligencemine\Application\Home\Controller\IndexController.class.php 第 110 行.
SQL: UPDATE `pa_personal` SET `flowsuanli`=flowsuanli-0.406 WHERE ( id =  ) [ RunTime:0.000000s ]
ERR: 1064:You have an error in your SQL syntax; check the manual that corresponds to your MySQL server version for the right syntax to use near ')' at line 1
 [ SQL语句 ] : UPDATE `pa_personal` SET `flowsuanli`=flowsuanli-0.406 WHERE ( id =  )
NOTIC: [8] Undefined index: user_id E:\phpstudy\WWW\intelligencemine\Application\Home\Controller\IndexController.class.php 第 111 行.
SQL: UPDATE `pa_personal` SET `buy_flowsuanli`=buy_flowsuanli-0 WHERE ( id =  ) [ RunTime:0.000000s ]
ERR: 1064:You have an error in your SQL syntax; check the manual that corresponds to your MySQL server version for the right syntax to use near ')' at line 1
 [ SQL语句 ] : UPDATE `pa_personal` SET `buy_flowsuanli`=buy_flowsuanli-0 WHERE ( id =  )
NOTIC: [8] Undefined index: user_id E:\phpstudy\WWW\intelligencemine\Application\Home\Controller\IndexController.class.php 第 110 行.
SQL: UPDATE `pa_personal` SET `flowsuanli`=flowsuanli-0.406 WHERE ( id =  ) [ RunTime:0.000000s ]
ERR: 1064:You have an error in your SQL syntax; check the manual that corresponds to your MySQL server version for the right syntax to use near ')' at line 1
 [ SQL语句 ] : UPDATE `pa_personal` SET `flowsuanli`=flowsuanli-0.406 WHERE ( id =  )
NOTIC: [8] Undefined index: user_id E:\phpstudy\WWW\intelligencemine\Application\Home\Controller\IndexController.class.php 第 111 行.
SQL: UPDATE `pa_personal` SET `buy_flowsuanli`=buy_flowsuanli-0 WHERE ( id =  ) [ RunTime:0.000000s ]
ERR: 1064:You have an error in your SQL syntax; check the manual that corresponds to your MySQL server version for the right syntax to use near ')' at line 1
 [ SQL语句 ] : UPDATE `pa_personal` SET `buy_flowsuanli`=buy_flowsuanli-0 WHERE ( id =  )
NOTIC: [8] Undefined index: user_id E:\phpstudy\WWW\intelligencemine\Application\Home\Controller\IndexController.class.php 第 110 行.
SQL: UPDATE `pa_personal` SET `flowsuanli`=flowsuanli-0.052 WHERE ( id =  ) [ RunTime:0.000000s ]
ERR: 1064:You have an error in your SQL syntax; check the manual that corresponds to your MySQL server version for the right syntax to use near ')' at line 1
 [ SQL语句 ] : UPDATE `pa_personal` SET `flowsuanli`=flowsuanli-0.052 WHERE ( id =  )
NOTIC: [8] Undefined index: user_id E:\phpstudy\WWW\intelligencemine\Application\Home\Controller\IndexController.class.php 第 111 行.
SQL: UPDATE `pa_personal` SET `buy_flowsuanli`=buy_flowsuanli-0 WHERE ( id =  ) [ RunTime:0.000000s ]
ERR: 1064:You have an error in your SQL syntax; check the manual that corresponds to your MySQL server version for the right syntax to use near ')' at line 1
 [ SQL语句 ] : UPDATE `pa_personal` SET `buy_flowsuanli`=buy_flowsuanli-0 WHERE ( id =  )
NOTIC: [8] Undefined index: user_id E:\phpstudy\WWW\intelligencemine\Application\Home\Controller\IndexController.class.php 第 110 行.
SQL: UPDATE `pa_personal` SET `flowsuanli`=flowsuanli-0.055 WHERE ( id =  ) [ RunTime:0.000000s ]
ERR: 1064:You have an error in your SQL syntax; check the manual that corresponds to your MySQL server version for the right syntax to use near ')' at line 1
 [ SQL语句 ] : UPDATE `pa_personal` SET `flowsuanli`=flowsuanli-0.055 WHERE ( id =  )
NOTIC: [8] Undefined index: user_id E:\phpstudy\WWW\intelligencemine\Application\Home\Controller\IndexController.class.php 第 111 行.
SQL: UPDATE `pa_personal` SET `buy_flowsuanli`=buy_flowsuanli-0 WHERE ( id =  ) [ RunTime:0.000000s ]
ERR: 1064:You have an error in your SQL syntax; check the manual that corresponds to your MySQL server version for the right syntax to use near ')' at line 1
 [ SQL语句 ] : UPDATE `pa_personal` SET `buy_flowsuanli`=buy_flowsuanli-0 WHERE ( id =  )
NOTIC: [8] Undefined index: user_id E:\phpstudy\WWW\intelligencemine\Application\Home\Controller\IndexController.class.php 第 110 行.
SQL: UPDATE `pa_personal` SET `flowsuanli`=flowsuanli-0.05 WHERE ( id =  ) [ RunTime:0.000000s ]
ERR: 1064:You have an error in your SQL syntax; check the manual that corresponds to your MySQL server version for the right syntax to use near ')' at line 1
 [ SQL语句 ] : UPDATE `pa_personal` SET `flowsuanli`=flowsuanli-0.05 WHERE ( id =  )
NOTIC: [8] Undefined index: user_id E:\phpstudy\WWW\intelligencemine\Application\Home\Controller\IndexController.class.php 第 111 行.
SQL: UPDATE `pa_personal` SET `buy_flowsuanli`=buy_flowsuanli-0 WHERE ( id =  ) [ RunTime:0.000000s ]
ERR: 1064:You have an error in your SQL syntax; check the manual that corresponds to your MySQL server version for the right syntax to use near ')' at line 1
 [ SQL语句 ] : UPDATE `pa_personal` SET `buy_flowsuanli`=buy_flowsuanli-0 WHERE ( id =  )
NOTIC: [8] Undefined index: user_id E:\phpstudy\WWW\intelligencemine\Application\Home\Controller\IndexController.class.php 第 110 行.
SQL: UPDATE `pa_personal` SET `flowsuanli`=flowsuanli-0.064 WHERE ( id =  ) [ RunTime:0.000000s ]
ERR: 1064:You have an error in your SQL syntax; check the manual that corresponds to your MySQL server version for the right syntax to use near ')' at line 1
 [ SQL语句 ] : UPDATE `pa_personal` SET `flowsuanli`=flowsuanli-0.064 WHERE ( id =  )
NOTIC: [8] Undefined index: user_id E:\phpstudy\WWW\intelligencemine\Application\Home\Controller\IndexController.class.php 第 111 行.
SQL: UPDATE `pa_personal` SET `buy_flowsuanli`=buy_flowsuanli-0 WHERE ( id =  ) [ RunTime:0.000000s ]
ERR: 1064:You have an error in your SQL syntax; check the manual that corresponds to your MySQL server version for the right syntax to use near ')' at line 1
 [ SQL语句 ] : UPDATE `pa_personal` SET `buy_flowsuanli`=buy_flowsuanli-0 WHERE ( id =  )
NOTIC: [8] Undefined index: user_id E:\phpstudy\WWW\intelligencemine\Application\Home\Controller\IndexController.class.php 第 110 行.
SQL: UPDATE `pa_personal` SET `flowsuanli`=flowsuanli-0.05 WHERE ( id =  ) [ RunTime:0.000000s ]
ERR: 1064:You have an error in your SQL syntax; check the manual that corresponds to your MySQL server version for the right syntax to use near ')' at line 1
 [ SQL语句 ] : UPDATE `pa_personal` SET `flowsuanli`=flowsuanli-0.05 WHERE ( id =  )
NOTIC: [8] Undefined index: user_id E:\phpstudy\WWW\intelligencemine\Application\Home\Controller\IndexController.class.php 第 111 行.
SQL: UPDATE `pa_personal` SET `buy_flowsuanli`=buy_flowsuanli-0 WHERE ( id =  ) [ RunTime:0.000000s ]
ERR: 1064:You have an error in your SQL syntax; check the manual that corresponds to your MySQL server version for the right syntax to use near ')' at line 1
 [ SQL语句 ] : UPDATE `pa_personal` SET `buy_flowsuanli`=buy_flowsuanli-0 WHERE ( id =  )
NOTIC: [8] Undefined index: user_id E:\phpstudy\WWW\intelligencemine\Application\Home\Controller\IndexController.class.php 第 110 行.
SQL: UPDATE `pa_personal` SET `flowsuanli`=flowsuanli-0.052 WHERE ( id =  ) [ RunTime:0.000000s ]
ERR: 1064:You have an error in your SQL syntax; check the manual that corresponds to your MySQL server version for the right syntax to use near ')' at line 1
 [ SQL语句 ] : UPDATE `pa_personal` SET `flowsuanli`=flowsuanli-0.052 WHERE ( id =  )
NOTIC: [8] Undefined index: user_id E:\phpstudy\WWW\intelligencemine\Application\Home\Controller\IndexController.class.php 第 111 行.
SQL: UPDATE `pa_personal` SET `buy_flowsuanli`=buy_flowsuanli-0 WHERE ( id =  ) [ RunTime:0.000000s ]
ERR: 1064:You have an error in your SQL syntax; check the manual that corresponds to your MySQL server version for the right syntax to use near ')' at line 1
 [ SQL语句 ] : UPDATE `pa_personal` SET `buy_flowsuanli`=buy_flowsuanli-0 WHERE ( id =  )
NOTIC: [8] Undefined index: user_id E:\phpstudy\WWW\intelligencemine\Application\Home\Controller\IndexController.class.php 第 110 行.
SQL: UPDATE `pa_personal` SET `flowsuanli`=flowsuanli-0.05 WHERE ( id =  ) [ RunTime:0.000000s ]
ERR: 1064:You have an error in your SQL syntax; check the manual that corresponds to your MySQL server version for the right syntax to use near ')' at line 1
 [ SQL语句 ] : UPDATE `pa_personal` SET `flowsuanli`=flowsuanli-0.05 WHERE ( id =  )
NOTIC: [8] Undefined index: user_id E:\phpstudy\WWW\intelligencemine\Application\Home\Controller\IndexController.class.php 第 111 行.
SQL: UPDATE `pa_personal` SET `buy_flowsuanli`=buy_flowsuanli-0 WHERE ( id =  ) [ RunTime:0.000000s ]
ERR: 1064:You have an error in your SQL syntax; check the manual that corresponds to your MySQL server version for the right syntax to use near ')' at line 1
 [ SQL语句 ] : UPDATE `pa_personal` SET `buy_flowsuanli`=buy_flowsuanli-0 WHERE ( id =  )
NOTIC: [8] Undefined index: user_id E:\phpstudy\WWW\intelligencemine\Application\Home\Controller\IndexController.class.php 第 110 行.
SQL: UPDATE `pa_personal` SET `flowsuanli`=flowsuanli-4.901 WHERE ( id =  ) [ RunTime:0.000000s ]
ERR: 1064:You have an error in your SQL syntax; check the manual that corresponds to your MySQL server version for the right syntax to use near ')' at line 1
 [ SQL语句 ] : UPDATE `pa_personal` SET `flowsuanli`=flowsuanli-4.901 WHERE ( id =  )
NOTIC: [8] Undefined index: user_id E:\phpstudy\WWW\intelligencemine\Application\Home\Controller\IndexController.class.php 第 111 行.
SQL: UPDATE `pa_personal` SET `buy_flowsuanli`=buy_flowsuanli-0 WHERE ( id =  ) [ RunTime:0.000000s ]
ERR: 1064:You have an error in your SQL syntax; check the manual that corresponds to your MySQL server version for the right syntax to use near ')' at line 1
 [ SQL语句 ] : UPDATE `pa_personal` SET `buy_flowsuanli`=buy_flowsuanli-0 WHERE ( id =  )
NOTIC: [8] Undefined index: user_id E:\phpstudy\WWW\intelligencemine\Application\Home\Controller\IndexController.class.php 第 110 行.
SQL: UPDATE `pa_personal` SET `flowsuanli`=flowsuanli-0.05 WHERE ( id =  ) [ RunTime:0.000000s ]
ERR: 1064:You have an error in your SQL syntax; check the manual that corresponds to your MySQL server version for the right syntax to use near ')' at line 1
 [ SQL语句 ] : UPDATE `pa_personal` SET `flowsuanli`=flowsuanli-0.05 WHERE ( id =  )
NOTIC: [8] Undefined index: user_id E:\phpstudy\WWW\intelligencemine\Application\Home\Controller\IndexController.class.php 第 111 行.
SQL: UPDATE `pa_personal` SET `buy_flowsuanli`=buy_flowsuanli-0 WHERE ( id =  ) [ RunTime:0.000000s ]
ERR: 1064:You have an error in your SQL syntax; check the manual that corresponds to your MySQL server version for the right syntax to use near ')' at line 1
 [ SQL语句 ] : UPDATE `pa_personal` SET `buy_flowsuanli`=buy_flowsuanli-0 WHERE ( id =  )
NOTIC: [8] Undefined index: user_id E:\phpstudy\WWW\intelligencemine\Application\Home\Controller\IndexController.class.php 第 110 行.
SQL: UPDATE `pa_personal` SET `flowsuanli`=flowsuanli-0.05 WHERE ( id =  ) [ RunTime:0.000000s ]
ERR: 1064:You have an error in your SQL syntax; check the manual that corresponds to your MySQL server version for the right syntax to use near ')' at line 1
 [ SQL语句 ] : UPDATE `pa_personal` SET `flowsuanli`=flowsuanli-0.05 WHERE ( id =  )
NOTIC: [8] Undefined index: user_id E:\phpstudy\WWW\intelligencemine\Application\Home\Controller\IndexController.class.php 第 111 行.
SQL: UPDATE `pa_personal` SET `buy_flowsuanli`=buy_flowsuanli-0 WHERE ( id =  ) [ RunTime:0.000000s ]
ERR: 1064:You have an error in your SQL syntax; check the manual that corresponds to your MySQL server version for the right syntax to use near ')' at line 1
 [ SQL语句 ] : UPDATE `pa_personal` SET `buy_flowsuanli`=buy_flowsuanli-0 WHERE ( id =  )
NOTIC: [8] Undefined index: user_id E:\phpstudy\WWW\intelligencemine\Application\Home\Controller\IndexController.class.php 第 110 行.
SQL: UPDATE `pa_personal` SET `flowsuanli`=flowsuanli-10 WHERE ( id =  ) [ RunTime:0.000000s ]
ERR: 1064:You have an error in your SQL syntax; check the manual that corresponds to your MySQL server version for the right syntax to use near ')' at line 1
 [ SQL语句 ] : UPDATE `pa_personal` SET `flowsuanli`=flowsuanli-10 WHERE ( id =  )
NOTIC: [8] Undefined index: user_id E:\phpstudy\WWW\intelligencemine\Application\Home\Controller\IndexController.class.php 第 111 行.
SQL: UPDATE `pa_personal` SET `buy_flowsuanli`=buy_flowsuanli-0 WHERE ( id =  ) [ RunTime:0.000000s ]
ERR: 1064:You have an error in your SQL syntax; check the manual that corresponds to your MySQL server version for the right syntax to use near ')' at line 1
 [ SQL语句 ] : UPDATE `pa_personal` SET `buy_flowsuanli`=buy_flowsuanli-0 WHERE ( id =  )
NOTIC: [8] Undefined index: user_id E:\phpstudy\WWW\intelligencemine\Application\Home\Controller\IndexController.class.php 第 110 行.
SQL: UPDATE `pa_personal` SET `flowsuanli`=flowsuanli-0.05 WHERE ( id =  ) [ RunTime:0.000000s ]
ERR: 1064:You have an error in your SQL syntax; check the manual that corresponds to your MySQL server version for the right syntax to use near ')' at line 1
 [ SQL语句 ] : UPDATE `pa_personal` SET `flowsuanli`=flowsuanli-0.05 WHERE ( id =  )
NOTIC: [8] Undefined index: user_id E:\phpstudy\WWW\intelligencemine\Application\Home\Controller\IndexController.class.php 第 111 行.
SQL: UPDATE `pa_personal` SET `buy_flowsuanli`=buy_flowsuanli-0 WHERE ( id =  ) [ RunTime:0.000000s ]
ERR: 1064:You have an error in your SQL syntax; check the manual that corresponds to your MySQL server version for the right syntax to use near ')' at line 1
 [ SQL语句 ] : UPDATE `pa_personal` SET `buy_flowsuanli`=buy_flowsuanli-0 WHERE ( id =  )
NOTIC: [8] Undefined index: user_id E:\phpstudy\WWW\intelligencemine\Application\Home\Controller\IndexController.class.php 第 110 行.
SQL: UPDATE `pa_personal` SET `flowsuanli`=flowsuanli-0.05 WHERE ( id =  ) [ RunTime:0.000000s ]
ERR: 1064:You have an error in your SQL syntax; check the manual that corresponds to your MySQL server version for the right syntax to use near ')' at line 1
 [ SQL语句 ] : UPDATE `pa_personal` SET `flowsuanli`=flowsuanli-0.05 WHERE ( id =  )
NOTIC: [8] Undefined index: user_id E:\phpstudy\WWW\intelligencemine\Application\Home\Controller\IndexController.class.php 第 111 行.
SQL: UPDATE `pa_personal` SET `buy_flowsuanli`=buy_flowsuanli-0 WHERE ( id =  ) [ RunTime:0.000000s ]
ERR: 1064:You have an error in your SQL syntax; check the manual that corresponds to your MySQL server version for the right syntax to use near ')' at line 1
 [ SQL语句 ] : UPDATE `pa_personal` SET `buy_flowsuanli`=buy_flowsuanli-0 WHERE ( id =  )
NOTIC: [8] Undefined index: user_id E:\phpstudy\WWW\intelligencemine\Application\Home\Controller\IndexController.class.php 第 110 行.
SQL: UPDATE `pa_personal` SET `flowsuanli`=flowsuanli-0.05 WHERE ( id =  ) [ RunTime:0.000000s ]
ERR: 1064:You have an error in your SQL syntax; check the manual that corresponds to your MySQL server version for the right syntax to use near ')' at line 1
 [ SQL语句 ] : UPDATE `pa_personal` SET `flowsuanli`=flowsuanli-0.05 WHERE ( id =  )
NOTIC: [8] Undefined index: user_id E:\phpstudy\WWW\intelligencemine\Application\Home\Controller\IndexController.class.php 第 111 行.
SQL: UPDATE `pa_personal` SET `buy_flowsuanli`=buy_flowsuanli-0 WHERE ( id =  ) [ RunTime:0.000000s ]
ERR: 1064:You have an error in your SQL syntax; check the manual that corresponds to your MySQL server version for the right syntax to use near ')' at line 1
 [ SQL语句 ] : UPDATE `pa_personal` SET `buy_flowsuanli`=buy_flowsuanli-0 WHERE ( id =  )
NOTIC: [8] Undefined index: user_id E:\phpstudy\WWW\intelligencemine\Application\Home\Controller\IndexController.class.php 第 110 行.
SQL: UPDATE `pa_personal` SET `flowsuanli`=flowsuanli-0.05 WHERE ( id =  ) [ RunTime:0.000000s ]
ERR: 1064:You have an error in your SQL syntax; check the manual that corresponds to your MySQL server version for the right syntax to use near ')' at line 1
 [ SQL语句 ] : UPDATE `pa_personal` SET `flowsuanli`=flowsuanli-0.05 WHERE ( id =  )
NOTIC: [8] Undefined index: user_id E:\phpstudy\WWW\intelligencemine\Application\Home\Controller\IndexController.class.php 第 111 行.
SQL: UPDATE `pa_personal` SET `buy_flowsuanli`=buy_flowsuanli-0 WHERE ( id =  ) [ RunTime:0.000000s ]
ERR: 1064:You have an error in your SQL syntax; check the manual that corresponds to your MySQL server version for the right syntax to use near ')' at line 1
 [ SQL语句 ] : UPDATE `pa_personal` SET `buy_flowsuanli`=buy_flowsuanli-0 WHERE ( id =  )
NOTIC: [8] Undefined index: user_id E:\phpstudy\WWW\intelligencemine\Application\Home\Controller\IndexController.class.php 第 110 行.
SQL: UPDATE `pa_personal` SET `flowsuanli`=flowsuanli-0.05 WHERE ( id =  ) [ RunTime:0.000000s ]
ERR: 1064:You have an error in your SQL syntax; check the manual that corresponds to your MySQL server version for the right syntax to use near ')' at line 1
 [ SQL语句 ] : UPDATE `pa_personal` SET `flowsuanli`=flowsuanli-0.05 WHERE ( id =  )
NOTIC: [8] Undefined index: user_id E:\phpstudy\WWW\intelligencemine\Application\Home\Controller\IndexController.class.php 第 111 行.
SQL: UPDATE `pa_personal` SET `buy_flowsuanli`=buy_flowsuanli-0 WHERE ( id =  ) [ RunTime:0.000000s ]
ERR: 1064:You have an error in your SQL syntax; check the manual that corresponds to your MySQL server version for the right syntax to use near ')' at line 1
 [ SQL语句 ] : UPDATE `pa_personal` SET `buy_flowsuanli`=buy_flowsuanli-0 WHERE ( id =  )
NOTIC: [8] Undefined index: user_id E:\phpstudy\WWW\intelligencemine\Application\Home\Controller\IndexController.class.php 第 110 行.
SQL: UPDATE `pa_personal` SET `flowsuanli`=flowsuanli-0.05 WHERE ( id =  ) [ RunTime:0.000000s ]
ERR: 1064:You have an error in your SQL syntax; check the manual that corresponds to your MySQL server version for the right syntax to use near ')' at line 1
 [ SQL语句 ] : UPDATE `pa_personal` SET `flowsuanli`=flowsuanli-0.05 WHERE ( id =  )
NOTIC: [8] Undefined index: user_id E:\phpstudy\WWW\intelligencemine\Application\Home\Controller\IndexController.class.php 第 111 行.
SQL: UPDATE `pa_personal` SET `buy_flowsuanli`=buy_flowsuanli-0 WHERE ( id =  ) [ RunTime:0.000000s ]
ERR: 1064:You have an error in your SQL syntax; check the manual that corresponds to your MySQL server version for the right syntax to use near ')' at line 1
 [ SQL语句 ] : UPDATE `pa_personal` SET `buy_flowsuanli`=buy_flowsuanli-0 WHERE ( id =  )
NOTIC: [8] Undefined index: user_id E:\phpstudy\WWW\intelligencemine\Application\Home\Controller\IndexController.class.php 第 110 行.
SQL: UPDATE `pa_personal` SET `flowsuanli`=flowsuanli-0.05 WHERE ( id =  ) [ RunTime:0.000000s ]
ERR: 1064:You have an error in your SQL syntax; check the manual that corresponds to your MySQL server version for the right syntax to use near ')' at line 1
 [ SQL语句 ] : UPDATE `pa_personal` SET `flowsuanli`=flowsuanli-0.05 WHERE ( id =  )
NOTIC: [8] Undefined index: user_id E:\phpstudy\WWW\intelligencemine\Application\Home\Controller\IndexController.class.php 第 111 行.
SQL: UPDATE `pa_personal` SET `buy_flowsuanli`=buy_flowsuanli-0 WHERE ( id =  ) [ RunTime:0.000000s ]
ERR: 1064:You have an error in your SQL syntax; check the manual that corresponds to your MySQL server version for the right syntax to use near ')' at line 1
 [ SQL语句 ] : UPDATE `pa_personal` SET `buy_flowsuanli`=buy_flowsuanli-0 WHERE ( id =  )
NOTIC: [8] Undefined index: user_id E:\phpstudy\WWW\intelligencemine\Application\Home\Controller\IndexController.class.php 第 110 行.
SQL: UPDATE `pa_personal` SET `flowsuanli`=flowsuanli-0.05 WHERE ( id =  ) [ RunTime:0.000000s ]
ERR: 1064:You have an error in your SQL syntax; check the manual that corresponds to your MySQL server version for the right syntax to use near ')' at line 1
 [ SQL语句 ] : UPDATE `pa_personal` SET `flowsuanli`=flowsuanli-0.05 WHERE ( id =  )
NOTIC: [8] Undefined index: user_id E:\phpstudy\WWW\intelligencemine\Application\Home\Controller\IndexController.class.php 第 111 行.
SQL: UPDATE `pa_personal` SET `buy_flowsuanli`=buy_flowsuanli-0 WHERE ( id =  ) [ RunTime:0.000000s ]
ERR: 1064:You have an error in your SQL syntax; check the manual that corresponds to your MySQL server version for the right syntax to use near ')' at line 1
 [ SQL语句 ] : UPDATE `pa_personal` SET `buy_flowsuanli`=buy_flowsuanli-0 WHERE ( id =  )
NOTIC: [8] Undefined index: user_id E:\phpstudy\WWW\intelligencemine\Application\Home\Controller\IndexController.class.php 第 110 行.
SQL: UPDATE `pa_personal` SET `flowsuanli`=flowsuanli-0.05 WHERE ( id =  ) [ RunTime:0.000000s ]
ERR: 1064:You have an error in your SQL syntax; check the manual that corresponds to your MySQL server version for the right syntax to use near ')' at line 1
 [ SQL语句 ] : UPDATE `pa_personal` SET `flowsuanli`=flowsuanli-0.05 WHERE ( id =  )
NOTIC: [8] Undefined index: user_id E:\phpstudy\WWW\intelligencemine\Application\Home\Controller\IndexController.class.php 第 111 行.
SQL: UPDATE `pa_personal` SET `buy_flowsuanli`=buy_flowsuanli-0 WHERE ( id =  ) [ RunTime:0.000000s ]
ERR: 1064:You have an error in your SQL syntax; check the manual that corresponds to your MySQL server version for the right syntax to use near ')' at line 1
 [ SQL语句 ] : UPDATE `pa_personal` SET `buy_flowsuanli`=buy_flowsuanli-0 WHERE ( id =  )
NOTIC: [8] Undefined index: user_id E:\phpstudy\WWW\intelligencemine\Application\Home\Controller\IndexController.class.php 第 110 行.
SQL: UPDATE `pa_personal` SET `flowsuanli`=flowsuanli-0.05 WHERE ( id =  ) [ RunTime:0.000000s ]
ERR: 1064:You have an error in your SQL syntax; check the manual that corresponds to your MySQL server version for the right syntax to use near ')' at line 1
 [ SQL语句 ] : UPDATE `pa_personal` SET `flowsuanli`=flowsuanli-0.05 WHERE ( id =  )
NOTIC: [8] Undefined index: user_id E:\phpstudy\WWW\intelligencemine\Application\Home\Controller\IndexController.class.php 第 111 行.
SQL: UPDATE `pa_personal` SET `buy_flowsuanli`=buy_flowsuanli-0 WHERE ( id =  ) [ RunTime:0.000000s ]
ERR: 1064:You have an error in your SQL syntax; check the manual that corresponds to your MySQL server version for the right syntax to use near ')' at line 1
 [ SQL语句 ] : UPDATE `pa_personal` SET `buy_flowsuanli`=buy_flowsuanli-0 WHERE ( id =  )
NOTIC: [8] Undefined index: user_id E:\phpstudy\WWW\intelligencemine\Application\Home\Controller\IndexController.class.php 第 110 行.
SQL: UPDATE `pa_personal` SET `flowsuanli`=flowsuanli-0.05 WHERE ( id =  ) [ RunTime:0.000000s ]
ERR: 1064:You have an error in your SQL syntax; check the manual that corresponds to your MySQL server version for the right syntax to use near ')' at line 1
 [ SQL语句 ] : UPDATE `pa_personal` SET `flowsuanli`=flowsuanli-0.05 WHERE ( id =  )
NOTIC: [8] Undefined index: user_id E:\phpstudy\WWW\intelligencemine\Application\Home\Controller\IndexController.class.php 第 111 行.
SQL: UPDATE `pa_personal` SET `buy_flowsuanli`=buy_flowsuanli-0 WHERE ( id =  ) [ RunTime:0.000000s ]
ERR: 1064:You have an error in your SQL syntax; check the manual that corresponds to your MySQL server version for the right syntax to use near ')' at line 1
 [ SQL语句 ] : UPDATE `pa_personal` SET `buy_flowsuanli`=buy_flowsuanli-0 WHERE ( id =  )
NOTIC: [8] Undefined index: user_id E:\phpstudy\WWW\intelligencemine\Application\Home\Controller\IndexController.class.php 第 110 行.
SQL: UPDATE `pa_personal` SET `flowsuanli`=flowsuanli-105.05 WHERE ( id =  ) [ RunTime:0.000000s ]
ERR: 1064:You have an error in your SQL syntax; check the manual that corresponds to your MySQL server version for the right syntax to use near ')' at line 1
 [ SQL语句 ] : UPDATE `pa_personal` SET `flowsuanli`=flowsuanli-105.05 WHERE ( id =  )
NOTIC: [8] Undefined index: user_id E:\phpstudy\WWW\intelligencemine\Application\Home\Controller\IndexController.class.php 第 111 行.
SQL: UPDATE `pa_personal` SET `buy_flowsuanli`=buy_flowsuanli-0 WHERE ( id =  ) [ RunTime:0.000000s ]
ERR: 1064:You have an error in your SQL syntax; check the manual that corresponds to your MySQL server version for the right syntax to use near ')' at line 1
 [ SQL语句 ] : UPDATE `pa_personal` SET `buy_flowsuanli`=buy_flowsuanli-0 WHERE ( id =  )
NOTIC: [8] Undefined index: user_id E:\phpstudy\WWW\intelligencemine\Application\Home\Controller\IndexController.class.php 第 110 行.
SQL: UPDATE `pa_personal` SET `flowsuanli`=flowsuanli-0 WHERE ( id =  ) [ RunTime:0.000000s ]
ERR: 1064:You have an error in your SQL syntax; check the manual that corresponds to your MySQL server version for the right syntax to use near ')' at line 1
 [ SQL语句 ] : UPDATE `pa_personal` SET `flowsuanli`=flowsuanli-0 WHERE ( id =  )
NOTIC: [8] Undefined index: user_id E:\phpstudy\WWW\intelligencemine\Application\Home\Controller\IndexController.class.php 第 111 行.
SQL: UPDATE `pa_personal` SET `buy_flowsuanli`=buy_flowsuanli-0 WHERE ( id =  ) [ RunTime:0.000000s ]
ERR: 1064:You have an error in your SQL syntax; check the manual that corresponds to your MySQL server version for the right syntax to use near ')' at line 1
 [ SQL语句 ] : UPDATE `pa_personal` SET `buy_flowsuanli`=buy_flowsuanli-0 WHERE ( id =  )
NOTIC: [8] Undefined index: user_id E:\phpstudy\WWW\intelligencemine\Application\Home\Controller\IndexController.class.php 第 110 行.
SQL: UPDATE `pa_personal` SET `flowsuanli`=flowsuanli-0 WHERE ( id =  ) [ RunTime:0.000000s ]
ERR: 1064:You have an error in your SQL syntax; check the manual that corresponds to your MySQL server version for the right syntax to use near ')' at line 1
 [ SQL语句 ] : UPDATE `pa_personal` SET `flowsuanli`=flowsuanli-0 WHERE ( id =  )
NOTIC: [8] Undefined index: user_id E:\phpstudy\WWW\intelligencemine\Application\Home\Controller\IndexController.class.php 第 111 行.
SQL: UPDATE `pa_personal` SET `buy_flowsuanli`=buy_flowsuanli-0 WHERE ( id =  ) [ RunTime:0.000000s ]
ERR: 1064:You have an error in your SQL syntax; check the manual that corresponds to your MySQL server version for the right syntax to use near ')' at line 1
 [ SQL语句 ] : UPDATE `pa_personal` SET `buy_flowsuanli`=buy_flowsuanli-0 WHERE ( id =  )
NOTIC: [8] Undefined index: user_id E:\phpstudy\WWW\intelligencemine\Application\Home\Controller\IndexController.class.php 第 110 行.
SQL: UPDATE `pa_personal` SET `flowsuanli`=flowsuanli-0 WHERE ( id =  ) [ RunTime:0.000000s ]
ERR: 1064:You have an error in your SQL syntax; check the manual that corresponds to your MySQL server version for the right syntax to use near ')' at line 1
 [ SQL语句 ] : UPDATE `pa_personal` SET `flowsuanli`=flowsuanli-0 WHERE ( id =  )
NOTIC: [8] Undefined index: user_id E:\phpstudy\WWW\intelligencemine\Application\Home\Controller\IndexController.class.php 第 111 行.
SQL: UPDATE `pa_personal` SET `buy_flowsuanli`=buy_flowsuanli-0 WHERE ( id =  ) [ RunTime:0.000000s ]
ERR: 1064:You have an error in your SQL syntax; check the manual that corresponds to your MySQL server version for the right syntax to use near ')' at line 1
 [ SQL语句 ] : UPDATE `pa_personal` SET `buy_flowsuanli`=buy_flowsuanli-0 WHERE ( id =  )
NOTIC: [8] Undefined index: user_id E:\phpstudy\WWW\intelligencemine\Application\Home\Controller\IndexController.class.php 第 110 行.
SQL: UPDATE `pa_personal` SET `flowsuanli`=flowsuanli-0 WHERE ( id =  ) [ RunTime:0.000000s ]
ERR: 1064:You have an error in your SQL syntax; check the manual that corresponds to your MySQL server version for the right syntax to use near ')' at line 1
 [ SQL语句 ] : UPDATE `pa_personal` SET `flowsuanli`=flowsuanli-0 WHERE ( id =  )
NOTIC: [8] Undefined index: user_id E:\phpstudy\WWW\intelligencemine\Application\Home\Controller\IndexController.class.php 第 111 行.
SQL: UPDATE `pa_personal` SET `buy_flowsuanli`=buy_flowsuanli-0 WHERE ( id =  ) [ RunTime:0.000000s ]
ERR: 1064:You have an error in your SQL syntax; check the manual that corresponds to your MySQL server version for the right syntax to use near ')' at line 1
 [ SQL语句 ] : UPDATE `pa_personal` SET `buy_flowsuanli`=buy_flowsuanli-0 WHERE ( id =  )
NOTIC: [8] Undefined index: user_id E:\phpstudy\WWW\intelligencemine\Application\Home\Controller\IndexController.class.php 第 110 行.
SQL: UPDATE `pa_personal` SET `flowsuanli`=flowsuanli-0 WHERE ( id =  ) [ RunTime:0.000000s ]
ERR: 1064:You have an error in your SQL syntax; check the manual that corresponds to your MySQL server version for the right syntax to use near ')' at line 1
 [ SQL语句 ] : UPDATE `pa_personal` SET `flowsuanli`=flowsuanli-0 WHERE ( id =  )
NOTIC: [8] Undefined index: user_id E:\phpstudy\WWW\intelligencemine\Application\Home\Controller\IndexController.class.php 第 111 行.
SQL: UPDATE `pa_personal` SET `buy_flowsuanli`=buy_flowsuanli-0 WHERE ( id =  ) [ RunTime:0.000000s ]
ERR: 1064:You have an error in your SQL syntax; check the manual that corresponds to your MySQL server version for the right syntax to use near ')' at line 1
 [ SQL语句 ] : UPDATE `pa_personal` SET `buy_flowsuanli`=buy_flowsuanli-0 WHERE ( id =  )
NOTIC: [8] Undefined index: user_id E:\phpstudy\WWW\intelligencemine\Application\Home\Controller\IndexController.class.php 第 110 行.
SQL: UPDATE `pa_personal` SET `flowsuanli`=flowsuanli-0 WHERE ( id =  ) [ RunTime:0.000000s ]
ERR: 1064:You have an error in your SQL syntax; check the manual that corresponds to your MySQL server version for the right syntax to use near ')' at line 1
 [ SQL语句 ] : UPDATE `pa_personal` SET `flowsuanli`=flowsuanli-0 WHERE ( id =  )
NOTIC: [8] Undefined index: user_id E:\phpstudy\WWW\intelligencemine\Application\Home\Controller\IndexController.class.php 第 111 行.
SQL: UPDATE `pa_personal` SET `buy_flowsuanli`=buy_flowsuanli-0 WHERE ( id =  ) [ RunTime:0.000000s ]
ERR: 1064:You have an error in your SQL syntax; check the manual that corresponds to your MySQL server version for the right syntax to use near ')' at line 1
 [ SQL语句 ] : UPDATE `pa_personal` SET `buy_flowsuanli`=buy_flowsuanli-0 WHERE ( id =  )
NOTIC: [8] Undefined index: user_id E:\phpstudy\WWW\intelligencemine\Application\Home\Controller\IndexController.class.php 第 110 行.
SQL: UPDATE `pa_personal` SET `flowsuanli`=flowsuanli-0 WHERE ( id =  ) [ RunTime:0.000000s ]
ERR: 1064:You have an error in your SQL syntax; check the manual that corresponds to your MySQL server version for the right syntax to use near ')' at line 1
 [ SQL语句 ] : UPDATE `pa_personal` SET `flowsuanli`=flowsuanli-0 WHERE ( id =  )
NOTIC: [8] Undefined index: user_id E:\phpstudy\WWW\intelligencemine\Application\Home\Controller\IndexController.class.php 第 111 行.
SQL: UPDATE `pa_personal` SET `buy_flowsuanli`=buy_flowsuanli-0 WHERE ( id =  ) [ RunTime:0.000000s ]
ERR: 1064:You have an error in your SQL syntax; check the manual that corresponds to your MySQL server version for the right syntax to use near ')' at line 1
 [ SQL语句 ] : UPDATE `pa_personal` SET `buy_flowsuanli`=buy_flowsuanli-0 WHERE ( id =  )
NOTIC: [8] Undefined index: user_id E:\phpstudy\WWW\intelligencemine\Application\Home\Controller\IndexController.class.php 第 110 行.
SQL: UPDATE `pa_personal` SET `flowsuanli`=flowsuanli-0 WHERE ( id =  ) [ RunTime:0.000000s ]
ERR: 1064:You have an error in your SQL syntax; check the manual that corresponds to your MySQL server version for the right syntax to use near ')' at line 1
 [ SQL语句 ] : UPDATE `pa_personal` SET `flowsuanli`=flowsuanli-0 WHERE ( id =  )
NOTIC: [8] Undefined index: user_id E:\phpstudy\WWW\intelligencemine\Application\Home\Controller\IndexController.class.php 第 111 行.
SQL: UPDATE `pa_personal` SET `buy_flowsuanli`=buy_flowsuanli-0 WHERE ( id =  ) [ RunTime:0.015625s ]
ERR: 1064:You have an error in your SQL syntax; check the manual that corresponds to your MySQL server version for the right syntax to use near ')' at line 1
 [ SQL语句 ] : UPDATE `pa_personal` SET `buy_flowsuanli`=buy_flowsuanli-0 WHERE ( id =  )
NOTIC: [8] Undefined index: user_id E:\phpstudy\WWW\intelligencemine\Application\Home\Controller\IndexController.class.php 第 110 行.
SQL: UPDATE `pa_personal` SET `flowsuanli`=flowsuanli-0 WHERE ( id =  ) [ RunTime:0.000000s ]
ERR: 1064:You have an error in your SQL syntax; check the manual that corresponds to your MySQL server version for the right syntax to use near ')' at line 1
 [ SQL语句 ] : UPDATE `pa_personal` SET `flowsuanli`=flowsuanli-0 WHERE ( id =  )
NOTIC: [8] Undefined index: user_id E:\phpstudy\WWW\intelligencemine\Application\Home\Controller\IndexController.class.php 第 111 行.
SQL: UPDATE `pa_personal` SET `buy_flowsuanli`=buy_flowsuanli-0 WHERE ( id =  ) [ RunTime:0.000000s ]
ERR: 1064:You have an error in your SQL syntax; check the manual that corresponds to your MySQL server version for the right syntax to use near ')' at line 1
 [ SQL语句 ] : UPDATE `pa_personal` SET `buy_flowsuanli`=buy_flowsuanli-0 WHERE ( id =  )
NOTIC: [8] Undefined index: user_id E:\phpstudy\WWW\intelligencemine\Application\Home\Controller\IndexController.class.php 第 110 行.
SQL: UPDATE `pa_personal` SET `flowsuanli`=flowsuanli-0 WHERE ( id =  ) [ RunTime:0.000000s ]
ERR: 1064:You have an error in your SQL syntax; check the manual that corresponds to your MySQL server version for the right syntax to use near ')' at line 1
 [ SQL语句 ] : UPDATE `pa_personal` SET `flowsuanli`=flowsuanli-0 WHERE ( id =  )
NOTIC: [8] Undefined index: user_id E:\phpstudy\WWW\intelligencemine\Application\Home\Controller\IndexController.class.php 第 111 行.
SQL: UPDATE `pa_personal` SET `buy_flowsuanli`=buy_flowsuanli-0 WHERE ( id =  ) [ RunTime:0.000000s ]
ERR: 1064:You have an error in your SQL syntax; check the manual that corresponds to your MySQL server version for the right syntax to use near ')' at line 1
 [ SQL语句 ] : UPDATE `pa_personal` SET `buy_flowsuanli`=buy_flowsuanli-0 WHERE ( id =  )
NOTIC: [8] Undefined index: user_id E:\phpstudy\WWW\intelligencemine\Application\Home\Controller\IndexController.class.php 第 110 行.
SQL: UPDATE `pa_personal` SET `flowsuanli`=flowsuanli-0 WHERE ( id =  ) [ RunTime:0.000000s ]
ERR: 1064:You have an error in your SQL syntax; check the manual that corresponds to your MySQL server version for the right syntax to use near ')' at line 1
 [ SQL语句 ] : UPDATE `pa_personal` SET `flowsuanli`=flowsuanli-0 WHERE ( id =  )
NOTIC: [8] Undefined index: user_id E:\phpstudy\WWW\intelligencemine\Application\Home\Controller\IndexController.class.php 第 111 行.
SQL: UPDATE `pa_personal` SET `buy_flowsuanli`=buy_flowsuanli-0 WHERE ( id =  ) [ RunTime:0.000000s ]
ERR: 1064:You have an error in your SQL syntax; check the manual that corresponds to your MySQL server version for the right syntax to use near ')' at line 1
 [ SQL语句 ] : UPDATE `pa_personal` SET `buy_flowsuanli`=buy_flowsuanli-0 WHERE ( id =  )
SQL: SHOW COLUMNS FROM `pa_mining` [ RunTime:0.000000s ]
NOTIC: [8] Array to string conversion E:\phpstudy\WWW\intelligencemine\ThinkPHP\Library\Think\Model.class.php 第 255 行.
ERR: 非法数据对象！:[0=>Array]

[ 2018-10-05T15:00:20+08:00 ] 111.193.205.153 /index.php/Home/Index/zec_ratio
INFO: [ app_init ] --START--
INFO: Run Behavior\BuildLiteBehavior [ RunTime:0.000000s ]
INFO: [ app_init ] --END-- [ RunTime:0.000000s ]
INFO: [ app_begin ] --START--
INFO: Run Behavior\ReadHtmlCacheBehavior [ RunTime:0.000000s ]
INFO: Run Behavior\CheckLangBehavior [ RunTime:0.000000s ]
INFO: [ app_begin ] --END-- [ RunTime:0.000000s ]
NOTIC: [8192] mysql_connect(): The mysql extension is deprecated and will be removed in the future: use mysqli or PDO instead E:\phpstudy\WWW\intelligencemine\ThinkPHP\Library\Think\Db\Driver\Mysql.class.php 第 52 行.
SQL: SHOW COLUMNS FROM `pa_liveset` [ RunTime:0.000000s ]
SQL: SELECT * FROM `pa_liveset` LIMIT 1   [ RunTime:0.000000s ]

[ 2018-10-05T15:00:21+08:00 ] 111.193.205.153 /Index/block
INFO: [ app_init ] --START--
INFO: Run Behavior\BuildLiteBehavior [ RunTime:0.000000s ]
INFO: [ app_init ] --END-- [ RunTime:0.000000s ]
INFO: [ app_begin ] --START--
INFO: Run Behavior\ReadHtmlCacheBehavior [ RunTime:0.000000s ]
INFO: Run Behavior\CheckLangBehavior [ RunTime:0.000000s ]
INFO: [ app_begin ] --END-- [ RunTime:0.000000s ]
NOTIC: [8192] mysql_connect(): The mysql extension is deprecated and will be removed in the future: use mysqli or PDO instead E:\phpstudy\WWW\intelligencemine\ThinkPHP\Library\Think\Db\Driver\Mysql.class.php 第 52 行.
SQL: SHOW COLUMNS FROM `pa_personal` [ RunTime:0.000000s ]
SQL: SELECT * FROM `pa_personal` WHERE ( access_token = "bcd3ab7a6ad486b4362d27f468b20256" ) LIMIT 1   [ RunTime:0.000000s ]

[ 2018-10-05T15:00:22+08:00 ] 111.193.205.153 /index.php/Home/My/myMessage/
INFO: [ app_init ] --START--
INFO: Run Behavior\BuildLiteBehavior [ RunTime:0.000000s ]
INFO: [ app_init ] --END-- [ RunTime:0.015625s ]
INFO: [ app_begin ] --START--
INFO: Run Behavior\ReadHtmlCacheBehavior [ RunTime:0.000000s ]
INFO: Run Behavior\CheckLangBehavior [ RunTime:0.000000s ]
INFO: [ app_begin ] --END-- [ RunTime:0.000000s ]
NOTIC: [8192] mysql_connect(): The mysql extension is deprecated and will be removed in the future: use mysqli or PDO instead E:\phpstudy\WWW\intelligencemine\ThinkPHP\Library\Think\Db\Driver\Mysql.class.php 第 52 行.
SQL: SHOW COLUMNS FROM `pa_personal` [ RunTime:0.000000s ]
SQL: SELECT `user_id`,`user_number`,`user_img`,`user_nickname`,`suanli`,`flowsuanli`,`mineral`,`identity`,`user_tel`,`payword`,`real_name` FROM `pa_personal` WHERE ( access_token = "bcd3ab7a6ad486b4362d27f468b20256" ) LIMIT 1   [ RunTime:0.000000s ]

[ 2018-10-05T15:00:23+08:00 ] 111.193.205.153 /index.php/Home/My/myMessage/
INFO: [ app_init ] --START--
INFO: Run Behavior\BuildLiteBehavior [ RunTime:0.000000s ]
INFO: [ app_init ] --END-- [ RunTime:0.015625s ]
INFO: [ app_begin ] --START--
INFO: Run Behavior\ReadHtmlCacheBehavior [ RunTime:0.000000s ]
INFO: Run Behavior\CheckLangBehavior [ RunTime:0.000000s ]
INFO: [ app_begin ] --END-- [ RunTime:0.000000s ]
NOTIC: [8192] mysql_connect(): The mysql extension is deprecated and will be removed in the future: use mysqli or PDO instead E:\phpstudy\WWW\intelligencemine\ThinkPHP\Library\Think\Db\Driver\Mysql.class.php 第 52 行.
SQL: SHOW COLUMNS FROM `pa_personal` [ RunTime:0.000000s ]
SQL: SELECT `user_id`,`user_number`,`user_img`,`user_nickname`,`suanli`,`flowsuanli`,`mineral`,`identity`,`user_tel`,`payword`,`real_name` FROM `pa_personal` WHERE ( access_token = "bcd3ab7a6ad486b4362d27f468b20256" ) LIMIT 1   [ RunTime:0.000000s ]

[ 2018-10-05T15:00:37+08:00 ] 111.193.205.153 /index.php/Home/Login/login.html
INFO: [ app_init ] --START--
INFO: Run Behavior\BuildLiteBehavior [ RunTime:0.000000s ]
INFO: [ app_init ] --END-- [ RunTime:0.000000s ]
INFO: [ app_begin ] --START--
INFO: Run Behavior\ReadHtmlCacheBehavior [ RunTime:0.000000s ]
INFO: Run Behavior\CheckLangBehavior [ RunTime:0.000000s ]
INFO: [ app_begin ] --END-- [ RunTime:0.000000s ]
NOTIC: [8192] mysql_connect(): The mysql extension is deprecated and will be removed in the future: use mysqli or PDO instead E:\phpstudy\WWW\intelligencemine\ThinkPHP\Library\Think\Db\Driver\Mysql.class.php 第 52 行.
SQL: SHOW COLUMNS FROM `pa_personal` [ RunTime:0.000000s ]
SQL: SELECT * FROM `pa_personal` WHERE ( user_tel = "2" and user_password = "c4ca4238a0b923820dcc509a6f75849b" ) LIMIT 1   [ RunTime:0.000000s ]
SQL: UPDATE `pa_personal` SET `access_token`='8613e1a90b69f56b20b1c0e97f93e108',`user_logintime`=1538722837 WHERE ( user_id = "2" ) [ RunTime:0.015625s ]

[ 2018-10-05T15:00:39+08:00 ] 111.193.205.153 /index.php/Home/Index/zec_ratio
INFO: [ app_init ] --START--
INFO: Run Behavior\BuildLiteBehavior [ RunTime:0.000000s ]
INFO: [ app_init ] --END-- [ RunTime:0.000000s ]
INFO: [ app_begin ] --START--
INFO: Run Behavior\ReadHtmlCacheBehavior [ RunTime:0.000000s ]
INFO: Run Behavior\CheckLangBehavior [ RunTime:0.000000s ]
INFO: [ app_begin ] --END-- [ RunTime:0.000000s ]
NOTIC: [8192] mysql_connect(): The mysql extension is deprecated and will be removed in the future: use mysqli or PDO instead E:\phpstudy\WWW\intelligencemine\ThinkPHP\Library\Think\Db\Driver\Mysql.class.php 第 52 行.
SQL: SHOW COLUMNS FROM `pa_liveset` [ RunTime:0.000000s ]
SQL: SELECT * FROM `pa_liveset` LIMIT 1   [ RunTime:0.000000s ]

[ 2018-10-05T15:00:40+08:00 ] 111.193.205.153 /Index/block
INFO: [ app_init ] --START--
INFO: Run Behavior\BuildLiteBehavior [ RunTime:0.000000s ]
INFO: [ app_init ] --END-- [ RunTime:0.000000s ]
INFO: [ app_begin ] --START--
INFO: Run Behavior\ReadHtmlCacheBehavior [ RunTime:0.000000s ]
INFO: Run Behavior\CheckLangBehavior [ RunTime:0.000000s ]
INFO: [ app_begin ] --END-- [ RunTime:0.000000s ]
NOTIC: [8192] mysql_connect(): The mysql extension is deprecated and will be removed in the future: use mysqli or PDO instead E:\phpstudy\WWW\intelligencemine\ThinkPHP\Library\Think\Db\Driver\Mysql.class.php 第 52 行.
SQL: SHOW COLUMNS FROM `pa_personal` [ RunTime:0.000000s ]
SQL: SELECT * FROM `pa_personal` WHERE ( access_token = "8613e1a90b69f56b20b1c0e97f93e108" ) LIMIT 1   [ RunTime:0.000000s ]
SQL: SELECT COUNT(*) AS tp_count FROM `pa_personal` LIMIT 1   [ RunTime:0.000000s ]
SQL: SELECT COUNT(*) AS tp_count FROM `pa_personal` WHERE ( user_type != 1 ) LIMIT 1   [ RunTime:0.000000s ]
SQL: SHOW COLUMNS FROM `pa_ad` [ RunTime:0.046875s ]
SQL: SELECT `id`,`ad_link`,`ad_img` FROM `pa_ad` WHERE ( position = "blockworld" ) ORDER BY sort desc LIMIT 1   [ RunTime:0.046875s ]
SQL: SELECT `ad_link`,`ad_img` FROM `pa_ad` WHERE ( position = "banner" ) ORDER BY sort desc  [ RunTime:0.000000s ]
SQL: SHOW COLUMNS FROM pa_news n [ RunTime:0.000000s ]
ERR: 1064:You have an error in your SQL syntax; check the manual that corresponds to your MySQL server version for the right syntax to use near 'n' at line 1
 [ SQL语句 ] : SHOW COLUMNS FROM pa_news n
SQL: SELECT `title`,`id` FROM pa_news n INNER JOIN pa_category c on c.cid = n.cid  WHERE ( c.name = "城市公告" )  [ RunTime:0.125000s ]
SQL: SELECT `title`,`id` FROM pa_news n INNER JOIN pa_category c on c.cid = n.cid  WHERE ( c.name = "BlockWorld挖矿简介" )  [ RunTime:0.000000s ]
SQL: SHOW COLUMNS FROM `pa_liveset` [ RunTime:0.015625s ]
SQL: SELECT * FROM `pa_liveset` LIMIT 1   [ RunTime:0.000000s ]

[ 2018-10-05T15:00:51+08:00 ] 111.193.205.153 /index.php/Home/Index/category
INFO: [ app_init ] --START--
INFO: Run Behavior\BuildLiteBehavior [ RunTime:0.000000s ]
INFO: [ app_init ] --END-- [ RunTime:0.000000s ]
INFO: [ app_begin ] --START--
INFO: Run Behavior\ReadHtmlCacheBehavior [ RunTime:0.000000s ]
INFO: Run Behavior\CheckLangBehavior [ RunTime:0.000000s ]
INFO: [ app_begin ] --END-- [ RunTime:0.000000s ]
NOTIC: [8192] mysql_connect(): The mysql extension is deprecated and will be removed in the future: use mysqli or PDO instead E:\phpstudy\WWW\intelligencemine\ThinkPHP\Library\Think\Db\Driver\Mysql.class.php 第 52 行.
SQL: SHOW COLUMNS FROM `pa_category` [ RunTime:0.015625s ]
SQL: SELECT `cid`,`name` FROM `pa_category` WHERE ( type = "p" ) ORDER BY sort  [ RunTime:0.000000s ]

[ 2018-10-05T15:00:52+08:00 ] 111.193.205.153 /index.php/Home/Index/buylist
INFO: [ app_init ] --START--
INFO: Run Behavior\BuildLiteBehavior [ RunTime:0.000000s ]
INFO: [ app_init ] --END-- [ RunTime:0.000000s ]
INFO: [ app_begin ] --START--
INFO: Run Behavior\ReadHtmlCacheBehavior [ RunTime:0.000000s ]
INFO: Run Behavior\CheckLangBehavior [ RunTime:0.000000s ]
INFO: [ app_begin ] --END-- [ RunTime:0.000000s ]
NOTIC: [8192] mysql_connect(): The mysql extension is deprecated and will be removed in the future: use mysqli or PDO instead E:\phpstudy\WWW\intelligencemine\ThinkPHP\Library\Think\Db\Driver\Mysql.class.php 第 52 行.
SQL: SHOW COLUMNS FROM `pa_ad` [ RunTime:0.000000s ]
SQL: SELECT `ad_img` FROM `pa_ad` WHERE ( position = "shop" ) ORDER BY sort desc  [ RunTime:0.000000s ]
SQL: SHOW COLUMNS FROM `pa_liveset` [ RunTime:0.015625s ]
SQL: SELECT * FROM `pa_liveset` LIMIT 1   [ RunTime:0.000000s ]
SQL: SHOW COLUMNS FROM pa_product p [ RunTime:0.000000s ]
ERR: 1064:You have an error in your SQL syntax; check the manual that corresponds to your MySQL server version for the right syntax to use near 'p' at line 1
 [ SQL语句 ] : SHOW COLUMNS FROM pa_product p
SQL: SELECT p.id,p.title,p.price,p.image_id FROM pa_product p WHERE ( `cid` = '13' )  [ RunTime:0.015625s ]
SQL: SHOW COLUMNS FROM `pa_images` [ RunTime:0.031250s ]
SQL: SELECT * FROM `pa_images` WHERE ( id = "189" ) LIMIT 1   [ RunTime:0.000000s ]

[ 2018-10-05T15:00:53+08:00 ] 111.193.205.153 /index.php/Home/Index/buylist
INFO: [ app_init ] --START--
INFO: Run Behavior\BuildLiteBehavior [ RunTime:0.000000s ]
INFO: [ app_init ] --END-- [ RunTime:0.000000s ]
INFO: [ app_begin ] --START--
INFO: Run Behavior\ReadHtmlCacheBehavior [ RunTime:0.000000s ]
INFO: Run Behavior\CheckLangBehavior [ RunTime:0.000000s ]
INFO: [ app_begin ] --END-- [ RunTime:0.000000s ]
NOTIC: [8192] mysql_connect(): The mysql extension is deprecated and will be removed in the future: use mysqli or PDO instead E:\phpstudy\WWW\intelligencemine\ThinkPHP\Library\Think\Db\Driver\Mysql.class.php 第 52 行.
SQL: SHOW COLUMNS FROM `pa_ad` [ RunTime:0.000000s ]
SQL: SELECT `ad_img` FROM `pa_ad` WHERE ( position = "shop" ) ORDER BY sort desc  [ RunTime:0.000000s ]
SQL: SHOW COLUMNS FROM `pa_liveset` [ RunTime:0.015625s ]
SQL: SELECT * FROM `pa_liveset` LIMIT 1   [ RunTime:0.000000s ]
SQL: SHOW COLUMNS FROM pa_product p [ RunTime:0.000000s ]
ERR: 1064:You have an error in your SQL syntax; check the manual that corresponds to your MySQL server version for the right syntax to use near 'p' at line 1
 [ SQL语句 ] : SHOW COLUMNS FROM pa_product p
SQL: SELECT p.id,p.title,p.price,p.image_id FROM pa_product p WHERE ( `cid` = '14' )  [ RunTime:0.000000s ]
SQL: SHOW COLUMNS FROM `pa_images` [ RunTime:0.015625s ]
SQL: SELECT * FROM `pa_images` WHERE ( id = "202" ) LIMIT 1   [ RunTime:0.000000s ]
SQL: SELECT * FROM `pa_images` WHERE ( id = "200" ) LIMIT 1   [ RunTime:0.000000s ]
SQL: SELECT * FROM `pa_images` WHERE ( id = "201" ) LIMIT 1   [ RunTime:0.000000s ]
SQL: SELECT * FROM `pa_images` WHERE ( id = "193" ) LIMIT 1   [ RunTime:0.000000s ]
SQL: SELECT * FROM `pa_images` WHERE ( id = "194" ) LIMIT 1   [ RunTime:0.000000s ]
SQL: SELECT * FROM `pa_images` WHERE ( id = "195" ) LIMIT 1   [ RunTime:0.000000s ]
SQL: SELECT * FROM `pa_images` WHERE ( id = "196" ) LIMIT 1   [ RunTime:0.000000s ]
SQL: SELECT * FROM `pa_images` WHERE ( id = "197" ) LIMIT 1   [ RunTime:0.000000s ]
SQL: SELECT * FROM `pa_images` WHERE ( id = "198" ) LIMIT 1   [ RunTime:0.000000s ]
SQL: SELECT * FROM `pa_images` WHERE ( id = "199" ) LIMIT 1   [ RunTime:0.000000s ]
SQL: SELECT * FROM `pa_images` WHERE ( id = "203" ) LIMIT 1   [ RunTime:0.000000s ]
SQL: SELECT * FROM `pa_images` WHERE ( id = "204" ) LIMIT 1   [ RunTime:0.000000s ]
SQL: SELECT * FROM `pa_images` WHERE ( id = "205" ) LIMIT 1   [ RunTime:0.000000s ]
SQL: SELECT * FROM `pa_images` WHERE ( id = "206" ) LIMIT 1   [ RunTime:0.000000s ]
SQL: SELECT * FROM `pa_images` WHERE ( id = "207" ) LIMIT 1   [ RunTime:0.000000s ]
SQL: SELECT * FROM `pa_images` WHERE ( id = "208" ) LIMIT 1   [ RunTime:0.000000s ]
SQL: SELECT * FROM `pa_images` WHERE ( id = "209" ) LIMIT 1   [ RunTime:0.000000s ]
SQL: SELECT * FROM `pa_images` WHERE ( id = "210" ) LIMIT 1   [ RunTime:0.000000s ]
SQL: SELECT * FROM `pa_images` WHERE ( id = "211" ) LIMIT 1   [ RunTime:0.000000s ]
SQL: SELECT * FROM `pa_images` WHERE ( id = "212" ) LIMIT 1   [ RunTime:0.000000s ]

[ 2018-10-05T15:00:56+08:00 ] 111.193.205.153 /Order/addcar
INFO: [ app_init ] --START--
INFO: Run Behavior\BuildLiteBehavior [ RunTime:0.000000s ]
INFO: [ app_init ] --END-- [ RunTime:0.000000s ]
INFO: [ app_begin ] --START--
INFO: Run Behavior\ReadHtmlCacheBehavior [ RunTime:0.000000s ]
INFO: Run Behavior\CheckLangBehavior [ RunTime:0.000000s ]
INFO: [ app_begin ] --END-- [ RunTime:0.000000s ]
NOTIC: [8192] mysql_connect(): The mysql extension is deprecated and will be removed in the future: use mysqli or PDO instead E:\phpstudy\WWW\intelligencemine\ThinkPHP\Library\Think\Db\Driver\Mysql.class.php 第 52 行.
SQL: SHOW COLUMNS FROM `pa_personal` [ RunTime:0.000000s ]
SQL: SELECT * FROM `pa_personal` WHERE ( access_token = "8613e1a90b69f56b20b1c0e97f93e108" ) LIMIT 1   [ RunTime:0.000000s ]
SQL: SHOW COLUMNS FROM `pa_liveset` [ RunTime:0.015625s ]
SQL: SELECT * FROM `pa_liveset` LIMIT 1   [ RunTime:0.000000s ]
SQL: SHOW COLUMNS FROM `pa_car` [ RunTime:0.000000s ]
SQL: SELECT * FROM `pa_car` WHERE ( pid = "11" and uid = "2" ) LIMIT 1   [ RunTime:0.000000s ]
SQL: SHOW COLUMNS FROM `pa_product` [ RunTime:0.015625s ]
SQL: SELECT * FROM `pa_product` WHERE ( id = "11" ) LIMIT 1   [ RunTime:0.000000s ]
SQL: INSERT INTO `pa_car` (`pid`,`num`,`bow_price`,`jiage`,`createtime`,`uid`,`cid`) VALUES (11,1,10000,'10000',1538722856,2,13) [ RunTime:0.000000s ]

[ 2018-10-05T15:00:59+08:00 ] 111.193.205.153 /index.php/Home/Order/acar
INFO: [ app_init ] --START--
INFO: Run Behavior\BuildLiteBehavior [ RunTime:0.000000s ]
INFO: [ app_init ] --END-- [ RunTime:0.000000s ]
INFO: [ app_begin ] --START--
INFO: Run Behavior\ReadHtmlCacheBehavior [ RunTime:0.000000s ]
INFO: Run Behavior\CheckLangBehavior [ RunTime:0.000000s ]
INFO: [ app_begin ] --END-- [ RunTime:0.000000s ]
NOTIC: [8192] mysql_connect(): The mysql extension is deprecated and will be removed in the future: use mysqli or PDO instead E:\phpstudy\WWW\intelligencemine\ThinkPHP\Library\Think\Db\Driver\Mysql.class.php 第 52 行.
SQL: SHOW COLUMNS FROM `pa_personal` [ RunTime:0.000000s ]
SQL: SELECT * FROM `pa_personal` WHERE ( access_token = "8613e1a90b69f56b20b1c0e97f93e108" ) LIMIT 1   [ RunTime:0.000000s ]
SQL: SHOW COLUMNS FROM `pa_car` [ RunTime:0.015625s ]
SQL: SELECT `id`,`pid`,`uid`,`num`,`jiage`,`img_url` FROM `pa_car` WHERE ( uid = "2" )  [ RunTime:0.000000s ]
SQL: SHOW COLUMNS FROM `pa_product` [ RunTime:0.000000s ]
SQL: SELECT * FROM `pa_product` WHERE ( id = "11" ) LIMIT 1   [ RunTime:0.000000s ]
SQL: SHOW COLUMNS FROM `pa_images` [ RunTime:0.015625s ]
SQL: SELECT * FROM `pa_images` WHERE ( id = "189" ) LIMIT 1   [ RunTime:0.000000s ]

[ 2018-10-05T15:00:59+08:00 ] 111.193.205.153 /favicon.ico
INFO: [ app_init ] --START--
INFO: Run Behavior\BuildLiteBehavior [ RunTime:0.000000s ]
INFO: [ app_init ] --END-- [ RunTime:0.000000s ]
INFO: [ app_begin ] --START--
INFO: Run Behavior\ReadHtmlCacheBehavior [ RunTime:0.000000s ]
INFO: Run Behavior\CheckLangBehavior [ RunTime:0.000000s ]
INFO: [ app_begin ] --END-- [ RunTime:0.000000s ]
ERR: 无法加载控制器:Favicon

[ 2018-10-05T15:01:03+08:00 ] 111.193.205.153 /Order/carnum
INFO: [ app_init ] --START--
INFO: Run Behavior\BuildLiteBehavior [ RunTime:0.000000s ]
INFO: [ app_init ] --END-- [ RunTime:0.000000s ]
INFO: [ app_begin ] --START--
INFO: Run Behavior\ReadHtmlCacheBehavior [ RunTime:0.015625s ]
INFO: Run Behavior\CheckLangBehavior [ RunTime:0.000000s ]
INFO: [ app_begin ] --END-- [ RunTime:0.015625s ]
NOTIC: [8192] mysql_connect(): The mysql extension is deprecated and will be removed in the future: use mysqli or PDO instead E:\phpstudy\WWW\intelligencemine\ThinkPHP\Library\Think\Db\Driver\Mysql.class.php 第 52 行.
SQL: SHOW COLUMNS FROM `pa_personal` [ RunTime:0.000000s ]
SQL: SELECT * FROM `pa_personal` WHERE ( access_token = "8613e1a90b69f56b20b1c0e97f93e108" ) LIMIT 1   [ RunTime:0.000000s ]
SQL: SHOW COLUMNS FROM `pa_car` [ RunTime:0.015625s ]
SQL: UPDATE `pa_car` SET `num`=2 WHERE ( id = "751" ) [ RunTime:0.000000s ]

[ 2018-10-05T15:01:04+08:00 ] 111.193.205.153 /Order/carnum
INFO: [ app_init ] --START--
INFO: Run Behavior\BuildLiteBehavior [ RunTime:0.000000s ]
INFO: [ app_init ] --END-- [ RunTime:0.000000s ]
INFO: [ app_begin ] --START--
INFO: Run Behavior\ReadHtmlCacheBehavior [ RunTime:0.000000s ]
INFO: Run Behavior\CheckLangBehavior [ RunTime:0.000000s ]
INFO: [ app_begin ] --END-- [ RunTime:0.000000s ]
NOTIC: [8192] mysql_connect(): The mysql extension is deprecated and will be removed in the future: use mysqli or PDO instead E:\phpstudy\WWW\intelligencemine\ThinkPHP\Library\Think\Db\Driver\Mysql.class.php 第 52 行.
SQL: SHOW COLUMNS FROM `pa_personal` [ RunTime:0.000000s ]
SQL: SELECT * FROM `pa_personal` WHERE ( access_token = "8613e1a90b69f56b20b1c0e97f93e108" ) LIMIT 1   [ RunTime:0.000000s ]
SQL: SHOW COLUMNS FROM `pa_car` [ RunTime:0.015625s ]
SQL: UPDATE `pa_car` SET `num`=3 WHERE ( id = "751" ) [ RunTime:0.000000s ]

[ 2018-10-05T15:01:07+08:00 ] 111.193.205.153 /index.php/Home/Order/car_data
INFO: [ app_init ] --START--
INFO: Run Behavior\BuildLiteBehavior [ RunTime:0.000000s ]
INFO: [ app_init ] --END-- [ RunTime:0.000000s ]
INFO: [ app_begin ] --START--
INFO: Run Behavior\ReadHtmlCacheBehavior [ RunTime:0.000000s ]
INFO: Run Behavior\CheckLangBehavior [ RunTime:0.000000s ]
INFO: [ app_begin ] --END-- [ RunTime:0.000000s ]
NOTIC: [8192] mysql_connect(): The mysql extension is deprecated and will be removed in the future: use mysqli or PDO instead E:\phpstudy\WWW\intelligencemine\ThinkPHP\Library\Think\Db\Driver\Mysql.class.php 第 52 行.
SQL: SHOW COLUMNS FROM `pa_personal` [ RunTime:0.000000s ]
SQL: SELECT * FROM `pa_personal` WHERE ( access_token = "8613e1a90b69f56b20b1c0e97f93e108" ) LIMIT 1   [ RunTime:0.000000s ]
SQL: SHOW COLUMNS FROM `pa_car` [ RunTime:0.015625s ]
SQL: SELECT `id`,`pid`,`uid`,`num`,`jiage`,`img_url` FROM `pa_car` WHERE ( `id` IN ('751','751','751') )  [ RunTime:0.000000s ]
SQL: SHOW COLUMNS FROM `pa_product` [ RunTime:0.000000s ]
SQL: SELECT * FROM `pa_product` WHERE ( id = "11" ) LIMIT 1   [ RunTime:0.000000s ]
SQL: SHOW COLUMNS FROM `pa_images` [ RunTime:0.015625s ]
SQL: SELECT * FROM `pa_images` WHERE ( id = "189" ) LIMIT 1   [ RunTime:0.000000s ]
SQL: SHOW COLUMNS FROM `pa_address` [ RunTime:0.000000s ]
SQL: SELECT * FROM `pa_address` WHERE ( uid = 2 and moren=1 ) LIMIT 1   [ RunTime:0.000000s ]

[ 2018-10-05T15:01:08+08:00 ] 111.193.205.153 /index.php/Home/Index/enterprise
INFO: [ app_init ] --START--
INFO: Run Behavior\BuildLiteBehavior [ RunTime:0.000000s ]
INFO: [ app_init ] --END-- [ RunTime:0.000000s ]
INFO: [ app_begin ] --START--
INFO: Run Behavior\ReadHtmlCacheBehavior [ RunTime:0.000000s ]
INFO: Run Behavior\CheckLangBehavior [ RunTime:0.000000s ]
INFO: [ app_begin ] --END-- [ RunTime:0.000000s ]
NOTIC: [8192] mysql_connect(): The mysql extension is deprecated and will be removed in the future: use mysqli or PDO instead E:\phpstudy\WWW\intelligencemine\ThinkPHP\Library\Think\Db\Driver\Mysql.class.php 第 52 行.
SQL: SHOW COLUMNS FROM `pa_enterprise` [ RunTime:0.015625s ]
SQL: SELECT * FROM `pa_enterprise` WHERE ( moren=1 ) LIMIT 1   [ RunTime:0.000000s ]

[ 2018-10-05T15:01:08+08:00 ] 111.193.205.153 /favicon.ico
INFO: [ app_init ] --START--
INFO: Run Behavior\BuildLiteBehavior [ RunTime:0.000000s ]
INFO: [ app_init ] --END-- [ RunTime:0.000000s ]
INFO: [ app_begin ] --START--
INFO: Run Behavior\ReadHtmlCacheBehavior [ RunTime:0.000000s ]
INFO: Run Behavior\CheckLangBehavior [ RunTime:0.000000s ]
INFO: [ app_begin ] --END-- [ RunTime:0.000000s ]
ERR: 无法加载控制器:Favicon

[ 2018-10-05T15:01:11+08:00 ] 111.193.205.153 /index.php/Home/Order/obtain_car4
INFO: [ app_init ] --START--
INFO: Run Behavior\BuildLiteBehavior [ RunTime:0.000000s ]
INFO: [ app_init ] --END-- [ RunTime:0.000000s ]
INFO: [ app_begin ] --START--
INFO: Run Behavior\ReadHtmlCacheBehavior [ RunTime:0.000000s ]
INFO: Run Behavior\CheckLangBehavior [ RunTime:0.000000s ]
INFO: [ app_begin ] --END-- [ RunTime:0.000000s ]
NOTIC: [8192] mysql_connect(): The mysql extension is deprecated and will be removed in the future: use mysqli or PDO instead E:\phpstudy\WWW\intelligencemine\ThinkPHP\Library\Think\Db\Driver\Mysql.class.php 第 52 行.
SQL: SHOW COLUMNS FROM `pa_personal` [ RunTime:0.000000s ]
SQL: SELECT * FROM `pa_personal` WHERE ( access_token = "8613e1a90b69f56b20b1c0e97f93e108" ) LIMIT 1   [ RunTime:0.000000s ]
SQL: SHOW COLUMNS FROM `pa_address` [ RunTime:0.015625s ]
SQL: SELECT * FROM `pa_address` WHERE ( id = 84 ) LIMIT 1   [ RunTime:0.000000s ]
SQL: SHOW COLUMNS FROM `pa_car` [ RunTime:0.000000s ]
SQL: SELECT * FROM `pa_car` WHERE ( `id` IN ('751','751','751') ) AND ( `uid` = 2 )  [ RunTime:0.000000s ]
SQL: SHOW COLUMNS FROM `pa_liveset` [ RunTime:0.015625s ]
SQL: SELECT * FROM `pa_liveset` LIMIT 1   [ RunTime:0.000000s ]
SQL: SHOW COLUMNS FROM `pa_order` [ RunTime:0.000000s ]
SQL: SELECT * FROM `pa_order` WHERE ( payno = "73A16FDAA9F7AD" ) LIMIT 1   [ RunTime:0.000000s ]
SQL: SHOW COLUMNS FROM `pa_product` [ RunTime:0.015625s ]
SQL: SELECT * FROM `pa_product` WHERE ( id = "11" ) LIMIT 1   [ RunTime:0.000000s ]
NOTIC: [8] Undefined index: sum E:\phpstudy\WWW\intelligencemine\Application\Home\Controller\OrderController.class.php 第 202 行.
NOTIC: [8] Undefined index: gongji E:\phpstudy\WWW\intelligencemine\Application\Home\Controller\OrderController.class.php 第 204 行.
NOTIC: [8] Undefined index: bow_zong E:\phpstudy\WWW\intelligencemine\Application\Home\Controller\OrderController.class.php 第 205 行.
NOTIC: [8] Undefined index: beizhu E:\phpstudy\WWW\intelligencemine\Application\Home\Controller\OrderController.class.php 第 216 行.
SQL: INSERT INTO `pa_order` (`payno`,`price`,`bow_price`,`uid`,`createtime`,`cid`,`beizhu`,`fk`,`zt`,`identification`,`shmsg_id`,`order_type`,`sum`) VALUES ('73A16FDAA9F7AD',30000,30000,2,1538722871,13,'',0,0,'20181005153872287126880',84,'shop',3) [ RunTime:0.000000s ]
SQL: SELECT * FROM `pa_product` WHERE ( id = "11" ) LIMIT 1   [ RunTime:0.000000s ]
SQL: SHOW COLUMNS FROM `pa_orderdetails` [ RunTime:0.000000s ]
SQL: INSERT INTO `pa_orderdetails` (`payno`,`uid`,`pid`,`num`,`psize`,`title`,`shoujia`,`bow_price`,`cptype`,`recommend`,`recommend2`) VALUES ('73A16FDAA9F7AD',2,11,3,'0.00','蜂巢IPFS矿机','10000','10000',0,1,null) [ RunTime:0.000000s ]
SQL: DELETE FROM `pa_car` WHERE ( id = "751" ) [ RunTime:0.000000s ]

[ 2018-10-05T15:01:17+08:00 ] 111.193.205.153 /index.php/Home/Order/querenzhifu
INFO: [ app_init ] --START--
INFO: Run Behavior\BuildLiteBehavior [ RunTime:0.000000s ]
INFO: [ app_init ] --END-- [ RunTime:0.000000s ]
INFO: [ app_begin ] --START--
INFO: Run Behavior\ReadHtmlCacheBehavior [ RunTime:0.000000s ]
INFO: Run Behavior\CheckLangBehavior [ RunTime:0.000000s ]
INFO: [ app_begin ] --END-- [ RunTime:0.000000s ]
NOTIC: [8192] mysql_connect(): The mysql extension is deprecated and will be removed in the future: use mysqli or PDO instead E:\phpstudy\WWW\intelligencemine\ThinkPHP\Library\Think\Db\Driver\Mysql.class.php 第 52 行.
SQL: SHOW COLUMNS FROM `pa_personal` [ RunTime:0.000000s ]
SQL: SELECT `user_id`,`user_jine`,`flowsuanli`,`mineral`,`recommend`,`recommend2`,`payword` FROM `pa_personal` WHERE ( access_token = "8613e1a90b69f56b20b1c0e97f93e108" ) LIMIT 1   [ RunTime:0.000000s ]
SQL: SHOW COLUMNS FROM `pa_liveset` [ RunTime:0.015625s ]
SQL: SELECT * FROM `pa_liveset` LIMIT 1   [ RunTime:0.000000s ]
SQL: SHOW COLUMNS FROM `pa_order` [ RunTime:0.000000s ]
SQL: SELECT `price`,`cid`,`pay_type` FROM `pa_order` WHERE ( payno = "73A16FDAA9F7AD" ) LIMIT 1   [ RunTime:0.000000s ]
NOTIC: [8] Undefined index: zt E:\phpstudy\WWW\intelligencemine\Application\Home\Controller\OrderController.class.php 第 406 行.
SQL: SHOW COLUMNS FROM `pa_orderdetails` [ RunTime:0.015625s ]
SQL: SELECT * FROM `pa_orderdetails` WHERE ( payno = '73A16FDAA9F7AD' )  [ RunTime:0.000000s ]
SQL: SHOW COLUMNS FROM `pa_product` [ RunTime:0.000000s ]
SQL: SELECT * FROM `pa_product` WHERE ( id = 11 ) LIMIT 1   [ RunTime:0.000000s ]

[ 2018-10-05T15:01:23+08:00 ] 111.193.205.153 /index.php/Home/Order/acar
INFO: [ app_init ] --START--
INFO: Run Behavior\BuildLiteBehavior [ RunTime:0.000000s ]
INFO: [ app_init ] --END-- [ RunTime:0.000000s ]
INFO: [ app_begin ] --START--
INFO: Run Behavior\ReadHtmlCacheBehavior [ RunTime:0.015625s ]
INFO: Run Behavior\CheckLangBehavior [ RunTime:0.000000s ]
INFO: [ app_begin ] --END-- [ RunTime:0.015625s ]
NOTIC: [8192] mysql_connect(): The mysql extension is deprecated and will be removed in the future: use mysqli or PDO instead E:\phpstudy\WWW\intelligencemine\ThinkPHP\Library\Think\Db\Driver\Mysql.class.php 第 52 行.
SQL: SHOW COLUMNS FROM `pa_personal` [ RunTime:0.000000s ]
SQL: SELECT * FROM `pa_personal` WHERE ( access_token = "8613e1a90b69f56b20b1c0e97f93e108" ) LIMIT 1   [ RunTime:0.000000s ]
SQL: SHOW COLUMNS FROM `pa_car` [ RunTime:0.015625s ]
SQL: SELECT `id`,`pid`,`uid`,`num`,`jiage`,`img_url` FROM `pa_car` WHERE ( uid = "2" )  [ RunTime:0.000000s ]

[ 2018-10-05T19:51:11+08:00 ] 221.192.179.150 /index.php/Home/Login/login.html
INFO: [ app_init ] --START--
INFO: Run Behavior\BuildLiteBehavior [ RunTime:0.000000s ]
INFO: [ app_init ] --END-- [ RunTime:0.000000s ]
INFO: [ app_begin ] --START--
INFO: Run Behavior\ReadHtmlCacheBehavior [ RunTime:0.000000s ]
INFO: Run Behavior\CheckLangBehavior [ RunTime:0.000000s ]
INFO: [ app_begin ] --END-- [ RunTime:0.000000s ]
NOTIC: [8192] mysql_connect(): The mysql extension is deprecated and will be removed in the future: use mysqli or PDO instead E:\phpstudy\WWW\intelligencemine\ThinkPHP\Library\Think\Db\Driver\Mysql.class.php 第 52 行.
SQL: SHOW COLUMNS FROM `pa_personal` [ RunTime:0.000000s ]
SQL: SELECT * FROM `pa_personal` WHERE ( user_tel = "2" and user_password = "c4ca4238a0b923820dcc509a6f75849b" ) LIMIT 1   [ RunTime:0.000000s ]
SQL: UPDATE `pa_personal` SET `access_token`='db80ad10811b695edebff482e654911f',`user_logintime`=1538740271 WHERE ( user_id = "2" ) [ RunTime:0.015625s ]

[ 2018-10-05T19:51:12+08:00 ] 221.192.179.150 /Index/article
INFO: [ app_init ] --START--
INFO: Run Behavior\BuildLiteBehavior [ RunTime:0.000000s ]
INFO: [ app_init ] --END-- [ RunTime:0.000000s ]
INFO: [ app_begin ] --START--
INFO: Run Behavior\ReadHtmlCacheBehavior [ RunTime:0.000000s ]
INFO: Run Behavior\CheckLangBehavior [ RunTime:0.000000s ]
INFO: [ app_begin ] --END-- [ RunTime:0.000000s ]
NOTIC: [8192] mysql_connect(): The mysql extension is deprecated and will be removed in the future: use mysqli or PDO instead E:\phpstudy\WWW\intelligencemine\ThinkPHP\Library\Think\Db\Driver\Mysql.class.php 第 52 行.
SQL: SHOW COLUMNS FROM pa_news n [ RunTime:0.000000s ]
ERR: 1064:You have an error in your SQL syntax; check the manual that corresponds to your MySQL server version for the right syntax to use near 'n' at line 1
 [ SQL语句 ] : SHOW COLUMNS FROM pa_news n
SQL: SELECT * FROM pa_news n INNER JOIN pa_category c on c.cid = n.cid  WHERE ( c.name = "头条新闻" )  [ RunTime:0.000000s ]

[ 2018-10-05T19:51:13+08:00 ] 221.192.179.150 /index.php/Home/Index/
INFO: [ app_init ] --START--
INFO: Run Behavior\BuildLiteBehavior [ RunTime:0.000000s ]
INFO: [ app_init ] --END-- [ RunTime:0.000000s ]
INFO: [ app_begin ] --START--
INFO: Run Behavior\ReadHtmlCacheBehavior [ RunTime:0.000000s ]
INFO: Run Behavior\CheckLangBehavior [ RunTime:0.000000s ]
INFO: [ app_begin ] --END-- [ RunTime:0.000000s ]
NOTIC: [8192] mysql_connect(): The mysql extension is deprecated and will be removed in the future: use mysqli or PDO instead E:\phpstudy\WWW\intelligencemine\ThinkPHP\Library\Think\Db\Driver\Mysql.class.php 第 52 行.
SQL: SHOW COLUMNS FROM `pa_personal` [ RunTime:0.000000s ]
SQL: SELECT `user_id`,`user_img`,`mineral`,`user_tel`,`flowsuanli`,`user_nickname`,`user_number`,`suanli`,`user_jine`,`dig`,`buy_flowsuanli` FROM `pa_personal` WHERE ( access_token = "db80ad10811b695edebff482e654911f" ) LIMIT 1   [ RunTime:0.000000s ]
SQL: SHOW COLUMNS FROM `pa_mining` [ RunTime:0.046875s ]
SQL: INSERT INTO `pa_mining` (`user_id`,`createtime`,`receive`,`title`,`bid`,`number`) VALUES (2,1538740273,0,'BOW',3,0.00589) [ RunTime:0.000000s ]
SQL: SHOW COLUMNS FROM `pa_computing` [ RunTime:0.031250s ]
SQL: SELECT * FROM `pa_computing` WHERE ( user_id = "2" and type = "sign" and createtime > "1538668800" ) LIMIT 1   [ RunTime:0.000000s ]
SQL: SHOW COLUMNS FROM `pa_liveset` [ RunTime:0.015625s ]
SQL: SELECT * FROM `pa_liveset` LIMIT 1   [ RunTime:0.000000s ]
SQL: SELECT `user_id`,`suanli`,`user_nickname` FROM `pa_personal` ORDER BY suanli desc  [ RunTime:0.000000s ]
SQL: SELECT COUNT(*) AS tp_count FROM `pa_mining` WHERE ( receive_time > "1538668800" ) LIMIT 1   [ RunTime:0.000000s ]
SQL: SELECT COUNT(*) AS tp_count FROM `pa_mining` LIMIT 1   [ RunTime:0.015625s ]
SQL: SELECT `number`,`title`,`id` FROM `pa_mining` WHERE ( user_id = "2" and receive = 0 ) ORDER BY createtime desc  [ RunTime:0.000000s ]
SQL: SELECT number insur,`receive_time`,`title` FROM `pa_mining` WHERE ( user_id = "2" and receive = 1 ) ORDER BY receive_time desc LIMIT 4   [ RunTime:0.000000s ]

[ 2018-10-05T19:51:16+08:00 ] 221.192.179.150 /index.php/Home/My/MyMessage/
INFO: [ app_init ] --START--
INFO: Run Behavior\BuildLiteBehavior [ RunTime:0.000000s ]
INFO: [ app_init ] --END-- [ RunTime:0.000000s ]
INFO: [ app_begin ] --START--
INFO: Run Behavior\ReadHtmlCacheBehavior [ RunTime:0.000000s ]
INFO: Run Behavior\CheckLangBehavior [ RunTime:0.000000s ]
INFO: [ app_begin ] --END-- [ RunTime:0.000000s ]
NOTIC: [8192] mysql_connect(): The mysql extension is deprecated and will be removed in the future: use mysqli or PDO instead E:\phpstudy\WWW\intelligencemine\ThinkPHP\Library\Think\Db\Driver\Mysql.class.php 第 52 行.
SQL: SHOW COLUMNS FROM `pa_personal` [ RunTime:0.000000s ]
SQL: SELECT `user_id`,`user_number`,`user_img`,`user_nickname`,`suanli`,`flowsuanli`,`mineral`,`identity`,`user_tel`,`payword`,`real_name` FROM `pa_personal` WHERE ( access_token = "db80ad10811b695edebff482e654911f" ) LIMIT 1   [ RunTime:0.000000s ]

[ 2018-10-05T19:51:21+08:00 ] 221.192.179.150 /index.php/Home/Order/acar
INFO: [ app_init ] --START--
INFO: Run Behavior\BuildLiteBehavior [ RunTime:0.000000s ]
INFO: [ app_init ] --END-- [ RunTime:0.000000s ]
INFO: [ app_begin ] --START--
INFO: Run Behavior\ReadHtmlCacheBehavior [ RunTime:0.000000s ]
INFO: Run Behavior\CheckLangBehavior [ RunTime:0.000000s ]
INFO: [ app_begin ] --END-- [ RunTime:0.000000s ]
NOTIC: [8192] mysql_connect(): The mysql extension is deprecated and will be removed in the future: use mysqli or PDO instead E:\phpstudy\WWW\intelligencemine\ThinkPHP\Library\Think\Db\Driver\Mysql.class.php 第 52 行.
SQL: SHOW COLUMNS FROM `pa_personal` [ RunTime:0.000000s ]
SQL: SELECT * FROM `pa_personal` WHERE ( access_token = "db80ad10811b695edebff482e654911f" ) LIMIT 1   [ RunTime:0.000000s ]
SQL: SHOW COLUMNS FROM `pa_car` [ RunTime:0.015625s ]
SQL: SELECT `id`,`pid`,`uid`,`num`,`jiage`,`img_url` FROM `pa_car` WHERE ( uid = "2" )  [ RunTime:0.000000s ]

[ 2018-10-05T19:51:24+08:00 ] 221.192.179.150 /index.php/Home/My/MyMessage/
INFO: [ app_init ] --START--
INFO: Run Behavior\BuildLiteBehavior [ RunTime:0.000000s ]
INFO: [ app_init ] --END-- [ RunTime:0.000000s ]
INFO: [ app_begin ] --START--
INFO: Run Behavior\ReadHtmlCacheBehavior [ RunTime:0.000000s ]
INFO: Run Behavior\CheckLangBehavior [ RunTime:0.000000s ]
INFO: [ app_begin ] --END-- [ RunTime:0.000000s ]
NOTIC: [8192] mysql_connect(): The mysql extension is deprecated and will be removed in the future: use mysqli or PDO instead E:\phpstudy\WWW\intelligencemine\ThinkPHP\Library\Think\Db\Driver\Mysql.class.php 第 52 行.
SQL: SHOW COLUMNS FROM `pa_personal` [ RunTime:0.000000s ]
SQL: SELECT `user_id`,`user_number`,`user_img`,`user_nickname`,`suanli`,`flowsuanli`,`mineral`,`identity`,`user_tel`,`payword`,`real_name` FROM `pa_personal` WHERE ( access_token = "db80ad10811b695edebff482e654911f" ) LIMIT 1   [ RunTime:0.000000s ]

