[ 2018-10-03T00:00:01+08:00 ] 47.92.104.107 /index.php/Home/Index/wawa
INFO: [ app_init ] --START--
INFO: Run Behavior\BuildLiteBehavior [ RunTime:0.000000s ]
INFO: [ app_init ] --END-- [ RunTime:0.000000s ]
INFO: [ app_begin ] --START--
INFO: Run Behavior\ReadHtmlCacheBehavior [ RunTime:0.000000s ]
INFO: Run Behavior\CheckLangBehavior [ RunTime:0.000000s ]
INFO: [ app_begin ] --END-- [ RunTime:0.000000s ]
NOTIC: [8192] mysql_connect(): The mysql extension is deprecated and will be removed in the future: use mysqli or PDO instead E:\phpstudy\WWW\intelligencemine\ThinkPHP\Library\Think\Db\Driver\Mysql.class.php 第 52 行.
SQL: SHOW COLUMNS FROM `pa_personal` [ RunTime:0.000000s ]
SQL: SELECT * FROM `pa_personal`  [ RunTime:0.000000s ]
SQL: SHOW COLUMNS FROM `pa_liveset` [ RunTime:0.015625s ]
SQL: SELECT * FROM `pa_liveset` LIMIT 1   [ RunTime:0.000000s ]
NOTIC: [8] Undefined index: user_id E:\phpstudy\WWW\intelligencemine\Application\Home\Controller\IndexController.class.php 第 110 行.
SQL: UPDATE `pa_personal` SET `flowsuanli`=flowsuanli-3595.797 WHERE ( id =  ) [ RunTime:0.000000s ]
ERR: 1064:You have an error in your SQL syntax; check the manual that corresponds to your MySQL server version for the right syntax to use near ')' at line 1
 [ SQL语句 ] : UPDATE `pa_personal` SET `flowsuanli`=flowsuanli-3595.797 WHERE ( id =  )
NOTIC: [8] Undefined index: user_id E:\phpstudy\WWW\intelligencemine\Application\Home\Controller\IndexController.class.php 第 111 行.
SQL: UPDATE `pa_personal` SET `buy_flowsuanli`=buy_flowsuanli-0 WHERE ( id =  ) [ RunTime:0.000000s ]
ERR: 1064:You have an error in your SQL syntax; check the manual that corresponds to your MySQL server version for the right syntax to use near ')' at line 1
 [ SQL语句 ] : UPDATE `pa_personal` SET `buy_flowsuanli`=buy_flowsuanli-0 WHERE ( id =  )
NOTIC: [8] Undefined index: user_id E:\phpstudy\WWW\intelligencemine\Application\Home\Controller\IndexController.class.php 第 110 行.
SQL: UPDATE `pa_personal` SET `flowsuanli`=flowsuanli-986.932 WHERE ( id =  ) [ RunTime:0.000000s ]
ERR: 1064:You have an error in your SQL syntax; check the manual that corresponds to your MySQL server version for the right syntax to use near ')' at line 1
 [ SQL语句 ] : UPDATE `pa_personal` SET `flowsuanli`=flowsuanli-986.932 WHERE ( id =  )
NOTIC: [8] Undefined index: user_id E:\phpstudy\WWW\intelligencemine\Application\Home\Controller\IndexController.class.php 第 111 行.
SQL: UPDATE `pa_personal` SET `buy_flowsuanli`=buy_flowsuanli-0 WHERE ( id =  ) [ RunTime:0.000000s ]
ERR: 1064:You have an error in your SQL syntax; check the manual that corresponds to your MySQL server version for the right syntax to use near ')' at line 1
 [ SQL语句 ] : UPDATE `pa_personal` SET `buy_flowsuanli`=buy_flowsuanli-0 WHERE ( id =  )
NOTIC: [8] Undefined index: user_id E:\phpstudy\WWW\intelligencemine\Application\Home\Controller\IndexController.class.php 第 110 行.
SQL: UPDATE `pa_personal` SET `flowsuanli`=flowsuanli-61.422 WHERE ( id =  ) [ RunTime:0.000000s ]
ERR: 1064:You have an error in your SQL syntax; check the manual that corresponds to your MySQL server version for the right syntax to use near ')' at line 1
 [ SQL语句 ] : UPDATE `pa_personal` SET `flowsuanli`=flowsuanli-61.422 WHERE ( id =  )
NOTIC: [8] Undefined index: user_id E:\phpstudy\WWW\intelligencemine\Application\Home\Controller\IndexController.class.php 第 111 行.
SQL: UPDATE `pa_personal` SET `buy_flowsuanli`=buy_flowsuanli-0 WHERE ( id =  ) [ RunTime:0.000000s ]
ERR: 1064:You have an error in your SQL syntax; check the manual that corresponds to your MySQL server version for the right syntax to use near ')' at line 1
 [ SQL语句 ] : UPDATE `pa_personal` SET `buy_flowsuanli`=buy_flowsuanli-0 WHERE ( id =  )
NOTIC: [8] Undefined index: user_id E:\phpstudy\WWW\intelligencemine\Application\Home\Controller\IndexController.class.php 第 110 行.
SQL: UPDATE `pa_personal` SET `flowsuanli`=flowsuanli-0.406 WHERE ( id =  ) [ RunTime:0.000000s ]
ERR: 1064:You have an error in your SQL syntax; check the manual that corresponds to your MySQL server version for the right syntax to use near ')' at line 1
 [ SQL语句 ] : UPDATE `pa_personal` SET `flowsuanli`=flowsuanli-0.406 WHERE ( id =  )
NOTIC: [8] Undefined index: user_id E:\phpstudy\WWW\intelligencemine\Application\Home\Controller\IndexController.class.php 第 111 行.
SQL: UPDATE `pa_personal` SET `buy_flowsuanli`=buy_flowsuanli-0 WHERE ( id =  ) [ RunTime:0.000000s ]
ERR: 1064:You have an error in your SQL syntax; check the manual that corresponds to your MySQL server version for the right syntax to use near ')' at line 1
 [ SQL语句 ] : UPDATE `pa_personal` SET `buy_flowsuanli`=buy_flowsuanli-0 WHERE ( id =  )
NOTIC: [8] Undefined index: user_id E:\phpstudy\WWW\intelligencemine\Application\Home\Controller\IndexController.class.php 第 110 行.
SQL: UPDATE `pa_personal` SET `flowsuanli`=flowsuanli-650.27 WHERE ( id =  ) [ RunTime:0.000000s ]
ERR: 1064:You have an error in your SQL syntax; check the manual that corresponds to your MySQL server version for the right syntax to use near ')' at line 1
 [ SQL语句 ] : UPDATE `pa_personal` SET `flowsuanli`=flowsuanli-650.27 WHERE ( id =  )
NOTIC: [8] Undefined index: user_id E:\phpstudy\WWW\intelligencemine\Application\Home\Controller\IndexController.class.php 第 111 行.
SQL: UPDATE `pa_personal` SET `buy_flowsuanli`=buy_flowsuanli-0 WHERE ( id =  ) [ RunTime:0.000000s ]
ERR: 1064:You have an error in your SQL syntax; check the manual that corresponds to your MySQL server version for the right syntax to use near ')' at line 1
 [ SQL语句 ] : UPDATE `pa_personal` SET `buy_flowsuanli`=buy_flowsuanli-0 WHERE ( id =  )
NOTIC: [8] Undefined index: user_id E:\phpstudy\WWW\intelligencemine\Application\Home\Controller\IndexController.class.php 第 110 行.
SQL: UPDATE `pa_personal` SET `flowsuanli`=flowsuanli-1248.52 WHERE ( id =  ) [ RunTime:0.000000s ]
ERR: 1064:You have an error in your SQL syntax; check the manual that corresponds to your MySQL server version for the right syntax to use near ')' at line 1
 [ SQL语句 ] : UPDATE `pa_personal` SET `flowsuanli`=flowsuanli-1248.52 WHERE ( id =  )
NOTIC: [8] Undefined index: user_id E:\phpstudy\WWW\intelligencemine\Application\Home\Controller\IndexController.class.php 第 111 行.
SQL: UPDATE `pa_personal` SET `buy_flowsuanli`=buy_flowsuanli-0 WHERE ( id =  ) [ RunTime:0.000000s ]
ERR: 1064:You have an error in your SQL syntax; check the manual that corresponds to your MySQL server version for the right syntax to use near ')' at line 1
 [ SQL语句 ] : UPDATE `pa_personal` SET `buy_flowsuanli`=buy_flowsuanli-0 WHERE ( id =  )
NOTIC: [8] Undefined index: user_id E:\phpstudy\WWW\intelligencemine\Application\Home\Controller\IndexController.class.php 第 110 行.
SQL: UPDATE `pa_personal` SET `flowsuanli`=flowsuanli-0.456 WHERE ( id =  ) [ RunTime:0.000000s ]
ERR: 1064:You have an error in your SQL syntax; check the manual that corresponds to your MySQL server version for the right syntax to use near ')' at line 1
 [ SQL语句 ] : UPDATE `pa_personal` SET `flowsuanli`=flowsuanli-0.456 WHERE ( id =  )
NOTIC: [8] Undefined index: user_id E:\phpstudy\WWW\intelligencemine\Application\Home\Controller\IndexController.class.php 第 111 行.
SQL: UPDATE `pa_personal` SET `buy_flowsuanli`=buy_flowsuanli-0 WHERE ( id =  ) [ RunTime:0.000000s ]
ERR: 1064:You have an error in your SQL syntax; check the manual that corresponds to your MySQL server version for the right syntax to use near ')' at line 1
 [ SQL语句 ] : UPDATE `pa_personal` SET `buy_flowsuanli`=buy_flowsuanli-0 WHERE ( id =  )
NOTIC: [8] Undefined index: user_id E:\phpstudy\WWW\intelligencemine\Application\Home\Controller\IndexController.class.php 第 110 行.
SQL: UPDATE `pa_personal` SET `flowsuanli`=flowsuanli-62.038 WHERE ( id =  ) [ RunTime:0.000000s ]
ERR: 1064:You have an error in your SQL syntax; check the manual that corresponds to your MySQL server version for the right syntax to use near ')' at line 1
 [ SQL语句 ] : UPDATE `pa_personal` SET `flowsuanli`=flowsuanli-62.038 WHERE ( id =  )
NOTIC: [8] Undefined index: user_id E:\phpstudy\WWW\intelligencemine\Application\Home\Controller\IndexController.class.php 第 111 行.
SQL: UPDATE `pa_personal` SET `buy_flowsuanli`=buy_flowsuanli-0 WHERE ( id =  ) [ RunTime:0.000000s ]
ERR: 1064:You have an error in your SQL syntax; check the manual that corresponds to your MySQL server version for the right syntax to use near ')' at line 1
 [ SQL语句 ] : UPDATE `pa_personal` SET `buy_flowsuanli`=buy_flowsuanli-0 WHERE ( id =  )
NOTIC: [8] Undefined index: user_id E:\phpstudy\WWW\intelligencemine\Application\Home\Controller\IndexController.class.php 第 110 行.
SQL: UPDATE `pa_personal` SET `flowsuanli`=flowsuanli-0.458 WHERE ( id =  ) [ RunTime:0.000000s ]
ERR: 1064:You have an error in your SQL syntax; check the manual that corresponds to your MySQL server version for the right syntax to use near ')' at line 1
 [ SQL语句 ] : UPDATE `pa_personal` SET `flowsuanli`=flowsuanli-0.458 WHERE ( id =  )
NOTIC: [8] Undefined index: user_id E:\phpstudy\WWW\intelligencemine\Application\Home\Controller\IndexController.class.php 第 111 行.
SQL: UPDATE `pa_personal` SET `buy_flowsuanli`=buy_flowsuanli-0 WHERE ( id =  ) [ RunTime:0.000000s ]
ERR: 1064:You have an error in your SQL syntax; check the manual that corresponds to your MySQL server version for the right syntax to use near ')' at line 1
 [ SQL语句 ] : UPDATE `pa_personal` SET `buy_flowsuanli`=buy_flowsuanli-0 WHERE ( id =  )
NOTIC: [8] Undefined index: user_id E:\phpstudy\WWW\intelligencemine\Application\Home\Controller\IndexController.class.php 第 110 行.
SQL: UPDATE `pa_personal` SET `flowsuanli`=flowsuanli-0.406 WHERE ( id =  ) [ RunTime:0.000000s ]
ERR: 1064:You have an error in your SQL syntax; check the manual that corresponds to your MySQL server version for the right syntax to use near ')' at line 1
 [ SQL语句 ] : UPDATE `pa_personal` SET `flowsuanli`=flowsuanli-0.406 WHERE ( id =  )
NOTIC: [8] Undefined index: user_id E:\phpstudy\WWW\intelligencemine\Application\Home\Controller\IndexController.class.php 第 111 行.
SQL: UPDATE `pa_personal` SET `buy_flowsuanli`=buy_flowsuanli-0 WHERE ( id =  ) [ RunTime:0.000000s ]
ERR: 1064:You have an error in your SQL syntax; check the manual that corresponds to your MySQL server version for the right syntax to use near ')' at line 1
 [ SQL语句 ] : UPDATE `pa_personal` SET `buy_flowsuanli`=buy_flowsuanli-0 WHERE ( id =  )
NOTIC: [8] Undefined index: user_id E:\phpstudy\WWW\intelligencemine\Application\Home\Controller\IndexController.class.php 第 110 行.
SQL: UPDATE `pa_personal` SET `flowsuanli`=flowsuanli-0.406 WHERE ( id =  ) [ RunTime:0.000000s ]
ERR: 1064:You have an error in your SQL syntax; check the manual that corresponds to your MySQL server version for the right syntax to use near ')' at line 1
 [ SQL语句 ] : UPDATE `pa_personal` SET `flowsuanli`=flowsuanli-0.406 WHERE ( id =  )
NOTIC: [8] Undefined index: user_id E:\phpstudy\WWW\intelligencemine\Application\Home\Controller\IndexController.class.php 第 111 行.
SQL: UPDATE `pa_personal` SET `buy_flowsuanli`=buy_flowsuanli-0 WHERE ( id =  ) [ RunTime:0.000000s ]
ERR: 1064:You have an error in your SQL syntax; check the manual that corresponds to your MySQL server version for the right syntax to use near ')' at line 1
 [ SQL语句 ] : UPDATE `pa_personal` SET `buy_flowsuanli`=buy_flowsuanli-0 WHERE ( id =  )
NOTIC: [8] Undefined index: user_id E:\phpstudy\WWW\intelligencemine\Application\Home\Controller\IndexController.class.php 第 110 行.
SQL: UPDATE `pa_personal` SET `flowsuanli`=flowsuanli-0.406 WHERE ( id =  ) [ RunTime:0.000000s ]
ERR: 1064:You have an error in your SQL syntax; check the manual that corresponds to your MySQL server version for the right syntax to use near ')' at line 1
 [ SQL语句 ] : UPDATE `pa_personal` SET `flowsuanli`=flowsuanli-0.406 WHERE ( id =  )
NOTIC: [8] Undefined index: user_id E:\phpstudy\WWW\intelligencemine\Application\Home\Controller\IndexController.class.php 第 111 行.
SQL: UPDATE `pa_personal` SET `buy_flowsuanli`=buy_flowsuanli-0 WHERE ( id =  ) [ RunTime:0.000000s ]
ERR: 1064:You have an error in your SQL syntax; check the manual that corresponds to your MySQL server version for the right syntax to use near ')' at line 1
 [ SQL语句 ] : UPDATE `pa_personal` SET `buy_flowsuanli`=buy_flowsuanli-0 WHERE ( id =  )
NOTIC: [8] Undefined index: user_id E:\phpstudy\WWW\intelligencemine\Application\Home\Controller\IndexController.class.php 第 110 行.
SQL: UPDATE `pa_personal` SET `flowsuanli`=flowsuanli-0.406 WHERE ( id =  ) [ RunTime:0.000000s ]
ERR: 1064:You have an error in your SQL syntax; check the manual that corresponds to your MySQL server version for the right syntax to use near ')' at line 1
 [ SQL语句 ] : UPDATE `pa_personal` SET `flowsuanli`=flowsuanli-0.406 WHERE ( id =  )
NOTIC: [8] Undefined index: user_id E:\phpstudy\WWW\intelligencemine\Application\Home\Controller\IndexController.class.php 第 111 行.
SQL: UPDATE `pa_personal` SET `buy_flowsuanli`=buy_flowsuanli-0 WHERE ( id =  ) [ RunTime:0.000000s ]
ERR: 1064:You have an error in your SQL syntax; check the manual that corresponds to your MySQL server version for the right syntax to use near ')' at line 1
 [ SQL语句 ] : UPDATE `pa_personal` SET `buy_flowsuanli`=buy_flowsuanli-0 WHERE ( id =  )
NOTIC: [8] Undefined index: user_id E:\phpstudy\WWW\intelligencemine\Application\Home\Controller\IndexController.class.php 第 110 行.
SQL: UPDATE `pa_personal` SET `flowsuanli`=flowsuanli-0.406 WHERE ( id =  ) [ RunTime:0.000000s ]
ERR: 1064:You have an error in your SQL syntax; check the manual that corresponds to your MySQL server version for the right syntax to use near ')' at line 1
 [ SQL语句 ] : UPDATE `pa_personal` SET `flowsuanli`=flowsuanli-0.406 WHERE ( id =  )
NOTIC: [8] Undefined index: user_id E:\phpstudy\WWW\intelligencemine\Application\Home\Controller\IndexController.class.php 第 111 行.
SQL: UPDATE `pa_personal` SET `buy_flowsuanli`=buy_flowsuanli-0 WHERE ( id =  ) [ RunTime:0.000000s ]
ERR: 1064:You have an error in your SQL syntax; check the manual that corresponds to your MySQL server version for the right syntax to use near ')' at line 1
 [ SQL语句 ] : UPDATE `pa_personal` SET `buy_flowsuanli`=buy_flowsuanli-0 WHERE ( id =  )
NOTIC: [8] Undefined index: user_id E:\phpstudy\WWW\intelligencemine\Application\Home\Controller\IndexController.class.php 第 110 行.
SQL: UPDATE `pa_personal` SET `flowsuanli`=flowsuanli-0.406 WHERE ( id =  ) [ RunTime:0.000000s ]
ERR: 1064:You have an error in your SQL syntax; check the manual that corresponds to your MySQL server version for the right syntax to use near ')' at line 1
 [ SQL语句 ] : UPDATE `pa_personal` SET `flowsuanli`=flowsuanli-0.406 WHERE ( id =  )
NOTIC: [8] Undefined index: user_id E:\phpstudy\WWW\intelligencemine\Application\Home\Controller\IndexController.class.php 第 111 行.
SQL: UPDATE `pa_personal` SET `buy_flowsuanli`=buy_flowsuanli-0 WHERE ( id =  ) [ RunTime:0.000000s ]
ERR: 1064:You have an error in your SQL syntax; check the manual that corresponds to your MySQL server version for the right syntax to use near ')' at line 1
 [ SQL语句 ] : UPDATE `pa_personal` SET `buy_flowsuanli`=buy_flowsuanli-0 WHERE ( id =  )
NOTIC: [8] Undefined index: user_id E:\phpstudy\WWW\intelligencemine\Application\Home\Controller\IndexController.class.php 第 110 行.
SQL: UPDATE `pa_personal` SET `flowsuanli`=flowsuanli-0.406 WHERE ( id =  ) [ RunTime:0.000000s ]
ERR: 1064:You have an error in your SQL syntax; check the manual that corresponds to your MySQL server version for the right syntax to use near ')' at line 1
 [ SQL语句 ] : UPDATE `pa_personal` SET `flowsuanli`=flowsuanli-0.406 WHERE ( id =  )
NOTIC: [8] Undefined index: user_id E:\phpstudy\WWW\intelligencemine\Application\Home\Controller\IndexController.class.php 第 111 行.
SQL: UPDATE `pa_personal` SET `buy_flowsuanli`=buy_flowsuanli-0 WHERE ( id =  ) [ RunTime:0.000000s ]
ERR: 1064:You have an error in your SQL syntax; check the manual that corresponds to your MySQL server version for the right syntax to use near ')' at line 1
 [ SQL语句 ] : UPDATE `pa_personal` SET `buy_flowsuanli`=buy_flowsuanli-0 WHERE ( id =  )
NOTIC: [8] Undefined index: user_id E:\phpstudy\WWW\intelligencemine\Application\Home\Controller\IndexController.class.php 第 110 行.
SQL: UPDATE `pa_personal` SET `flowsuanli`=flowsuanli-0.406 WHERE ( id =  ) [ RunTime:0.000000s ]
ERR: 1064:You have an error in your SQL syntax; check the manual that corresponds to your MySQL server version for the right syntax to use near ')' at line 1
 [ SQL语句 ] : UPDATE `pa_personal` SET `flowsuanli`=flowsuanli-0.406 WHERE ( id =  )
NOTIC: [8] Undefined index: user_id E:\phpstudy\WWW\intelligencemine\Application\Home\Controller\IndexController.class.php 第 111 行.
SQL: UPDATE `pa_personal` SET `buy_flowsuanli`=buy_flowsuanli-0 WHERE ( id =  ) [ RunTime:0.015626s ]
ERR: 1064:You have an error in your SQL syntax; check the manual that corresponds to your MySQL server version for the right syntax to use near ')' at line 1
 [ SQL语句 ] : UPDATE `pa_personal` SET `buy_flowsuanli`=buy_flowsuanli-0 WHERE ( id =  )
NOTIC: [8] Undefined index: user_id E:\phpstudy\WWW\intelligencemine\Application\Home\Controller\IndexController.class.php 第 110 行.
SQL: UPDATE `pa_personal` SET `flowsuanli`=flowsuanli-0.406 WHERE ( id =  ) [ RunTime:0.000000s ]
ERR: 1064:You have an error in your SQL syntax; check the manual that corresponds to your MySQL server version for the right syntax to use near ')' at line 1
 [ SQL语句 ] : UPDATE `pa_personal` SET `flowsuanli`=flowsuanli-0.406 WHERE ( id =  )
NOTIC: [8] Undefined index: user_id E:\phpstudy\WWW\intelligencemine\Application\Home\Controller\IndexController.class.php 第 111 行.
SQL: UPDATE `pa_personal` SET `buy_flowsuanli`=buy_flowsuanli-0 WHERE ( id =  ) [ RunTime:0.000000s ]
ERR: 1064:You have an error in your SQL syntax; check the manual that corresponds to your MySQL server version for the right syntax to use near ')' at line 1
 [ SQL语句 ] : UPDATE `pa_personal` SET `buy_flowsuanli`=buy_flowsuanli-0 WHERE ( id =  )
NOTIC: [8] Undefined index: user_id E:\phpstudy\WWW\intelligencemine\Application\Home\Controller\IndexController.class.php 第 110 行.
SQL: UPDATE `pa_personal` SET `flowsuanli`=flowsuanli-0.406 WHERE ( id =  ) [ RunTime:0.000000s ]
ERR: 1064:You have an error in your SQL syntax; check the manual that corresponds to your MySQL server version for the right syntax to use near ')' at line 1
 [ SQL语句 ] : UPDATE `pa_personal` SET `flowsuanli`=flowsuanli-0.406 WHERE ( id =  )
NOTIC: [8] Undefined index: user_id E:\phpstudy\WWW\intelligencemine\Application\Home\Controller\IndexController.class.php 第 111 行.
SQL: UPDATE `pa_personal` SET `buy_flowsuanli`=buy_flowsuanli-0 WHERE ( id =  ) [ RunTime:0.000000s ]
ERR: 1064:You have an error in your SQL syntax; check the manual that corresponds to your MySQL server version for the right syntax to use near ')' at line 1
 [ SQL语句 ] : UPDATE `pa_personal` SET `buy_flowsuanli`=buy_flowsuanli-0 WHERE ( id =  )
NOTIC: [8] Undefined index: user_id E:\phpstudy\WWW\intelligencemine\Application\Home\Controller\IndexController.class.php 第 110 行.
SQL: UPDATE `pa_personal` SET `flowsuanli`=flowsuanli-0.406 WHERE ( id =  ) [ RunTime:0.000000s ]
ERR: 1064:You have an error in your SQL syntax; check the manual that corresponds to your MySQL server version for the right syntax to use near ')' at line 1
 [ SQL语句 ] : UPDATE `pa_personal` SET `flowsuanli`=flowsuanli-0.406 WHERE ( id =  )
NOTIC: [8] Undefined index: user_id E:\phpstudy\WWW\intelligencemine\Application\Home\Controller\IndexController.class.php 第 111 行.
SQL: UPDATE `pa_personal` SET `buy_flowsuanli`=buy_flowsuanli-0 WHERE ( id =  ) [ RunTime:0.000000s ]
ERR: 1064:You have an error in your SQL syntax; check the manual that corresponds to your MySQL server version for the right syntax to use near ')' at line 1
 [ SQL语句 ] : UPDATE `pa_personal` SET `buy_flowsuanli`=buy_flowsuanli-0 WHERE ( id =  )
NOTIC: [8] Undefined index: user_id E:\phpstudy\WWW\intelligencemine\Application\Home\Controller\IndexController.class.php 第 110 行.
SQL: UPDATE `pa_personal` SET `flowsuanli`=flowsuanli-0.406 WHERE ( id =  ) [ RunTime:0.000000s ]
ERR: 1064:You have an error in your SQL syntax; check the manual that corresponds to your MySQL server version for the right syntax to use near ')' at line 1
 [ SQL语句 ] : UPDATE `pa_personal` SET `flowsuanli`=flowsuanli-0.406 WHERE ( id =  )
NOTIC: [8] Undefined index: user_id E:\phpstudy\WWW\intelligencemine\Application\Home\Controller\IndexController.class.php 第 111 行.
SQL: UPDATE `pa_personal` SET `buy_flowsuanli`=buy_flowsuanli-0 WHERE ( id =  ) [ RunTime:0.000000s ]
ERR: 1064:You have an error in your SQL syntax; check the manual that corresponds to your MySQL server version for the right syntax to use near ')' at line 1
 [ SQL语句 ] : UPDATE `pa_personal` SET `buy_flowsuanli`=buy_flowsuanli-0 WHERE ( id =  )
NOTIC: [8] Undefined index: user_id E:\phpstudy\WWW\intelligencemine\Application\Home\Controller\IndexController.class.php 第 110 行.
SQL: UPDATE `pa_personal` SET `flowsuanli`=flowsuanli-0.052 WHERE ( id =  ) [ RunTime:0.000000s ]
ERR: 1064:You have an error in your SQL syntax; check the manual that corresponds to your MySQL server version for the right syntax to use near ')' at line 1
 [ SQL语句 ] : UPDATE `pa_personal` SET `flowsuanli`=flowsuanli-0.052 WHERE ( id =  )
NOTIC: [8] Undefined index: user_id E:\phpstudy\WWW\intelligencemine\Application\Home\Controller\IndexController.class.php 第 111 行.
SQL: UPDATE `pa_personal` SET `buy_flowsuanli`=buy_flowsuanli-0 WHERE ( id =  ) [ RunTime:0.000000s ]
ERR: 1064:You have an error in your SQL syntax; check the manual that corresponds to your MySQL server version for the right syntax to use near ')' at line 1
 [ SQL语句 ] : UPDATE `pa_personal` SET `buy_flowsuanli`=buy_flowsuanli-0 WHERE ( id =  )
NOTIC: [8] Undefined index: user_id E:\phpstudy\WWW\intelligencemine\Application\Home\Controller\IndexController.class.php 第 110 行.
SQL: UPDATE `pa_personal` SET `flowsuanli`=flowsuanli-0.055 WHERE ( id =  ) [ RunTime:0.000000s ]
ERR: 1064:You have an error in your SQL syntax; check the manual that corresponds to your MySQL server version for the right syntax to use near ')' at line 1
 [ SQL语句 ] : UPDATE `pa_personal` SET `flowsuanli`=flowsuanli-0.055 WHERE ( id =  )
NOTIC: [8] Undefined index: user_id E:\phpstudy\WWW\intelligencemine\Application\Home\Controller\IndexController.class.php 第 111 行.
SQL: UPDATE `pa_personal` SET `buy_flowsuanli`=buy_flowsuanli-0 WHERE ( id =  ) [ RunTime:0.000000s ]
ERR: 1064:You have an error in your SQL syntax; check the manual that corresponds to your MySQL server version for the right syntax to use near ')' at line 1
 [ SQL语句 ] : UPDATE `pa_personal` SET `buy_flowsuanli`=buy_flowsuanli-0 WHERE ( id =  )
NOTIC: [8] Undefined index: user_id E:\phpstudy\WWW\intelligencemine\Application\Home\Controller\IndexController.class.php 第 110 行.
SQL: UPDATE `pa_personal` SET `flowsuanli`=flowsuanli-0.05 WHERE ( id =  ) [ RunTime:0.000000s ]
ERR: 1064:You have an error in your SQL syntax; check the manual that corresponds to your MySQL server version for the right syntax to use near ')' at line 1
 [ SQL语句 ] : UPDATE `pa_personal` SET `flowsuanli`=flowsuanli-0.05 WHERE ( id =  )
NOTIC: [8] Undefined index: user_id E:\phpstudy\WWW\intelligencemine\Application\Home\Controller\IndexController.class.php 第 111 行.
SQL: UPDATE `pa_personal` SET `buy_flowsuanli`=buy_flowsuanli-0 WHERE ( id =  ) [ RunTime:0.000000s ]
ERR: 1064:You have an error in your SQL syntax; check the manual that corresponds to your MySQL server version for the right syntax to use near ')' at line 1
 [ SQL语句 ] : UPDATE `pa_personal` SET `buy_flowsuanli`=buy_flowsuanli-0 WHERE ( id =  )
NOTIC: [8] Undefined index: user_id E:\phpstudy\WWW\intelligencemine\Application\Home\Controller\IndexController.class.php 第 110 行.
SQL: UPDATE `pa_personal` SET `flowsuanli`=flowsuanli-0.064 WHERE ( id =  ) [ RunTime:0.000000s ]
ERR: 1064:You have an error in your SQL syntax; check the manual that corresponds to your MySQL server version for the right syntax to use near ')' at line 1
 [ SQL语句 ] : UPDATE `pa_personal` SET `flowsuanli`=flowsuanli-0.064 WHERE ( id =  )
NOTIC: [8] Undefined index: user_id E:\phpstudy\WWW\intelligencemine\Application\Home\Controller\IndexController.class.php 第 111 行.
SQL: UPDATE `pa_personal` SET `buy_flowsuanli`=buy_flowsuanli-0 WHERE ( id =  ) [ RunTime:0.000000s ]
ERR: 1064:You have an error in your SQL syntax; check the manual that corresponds to your MySQL server version for the right syntax to use near ')' at line 1
 [ SQL语句 ] : UPDATE `pa_personal` SET `buy_flowsuanli`=buy_flowsuanli-0 WHERE ( id =  )
NOTIC: [8] Undefined index: user_id E:\phpstudy\WWW\intelligencemine\Application\Home\Controller\IndexController.class.php 第 110 行.
SQL: UPDATE `pa_personal` SET `flowsuanli`=flowsuanli-0.05 WHERE ( id =  ) [ RunTime:0.000000s ]
ERR: 1064:You have an error in your SQL syntax; check the manual that corresponds to your MySQL server version for the right syntax to use near ')' at line 1
 [ SQL语句 ] : UPDATE `pa_personal` SET `flowsuanli`=flowsuanli-0.05 WHERE ( id =  )
NOTIC: [8] Undefined index: user_id E:\phpstudy\WWW\intelligencemine\Application\Home\Controller\IndexController.class.php 第 111 行.
SQL: UPDATE `pa_personal` SET `buy_flowsuanli`=buy_flowsuanli-0 WHERE ( id =  ) [ RunTime:0.000000s ]
ERR: 1064:You have an error in your SQL syntax; check the manual that corresponds to your MySQL server version for the right syntax to use near ')' at line 1
 [ SQL语句 ] : UPDATE `pa_personal` SET `buy_flowsuanli`=buy_flowsuanli-0 WHERE ( id =  )
NOTIC: [8] Undefined index: user_id E:\phpstudy\WWW\intelligencemine\Application\Home\Controller\IndexController.class.php 第 110 行.
SQL: UPDATE `pa_personal` SET `flowsuanli`=flowsuanli-0.052 WHERE ( id =  ) [ RunTime:0.000000s ]
ERR: 1064:You have an error in your SQL syntax; check the manual that corresponds to your MySQL server version for the right syntax to use near ')' at line 1
 [ SQL语句 ] : UPDATE `pa_personal` SET `flowsuanli`=flowsuanli-0.052 WHERE ( id =  )
NOTIC: [8] Undefined index: user_id E:\phpstudy\WWW\intelligencemine\Application\Home\Controller\IndexController.class.php 第 111 行.
SQL: UPDATE `pa_personal` SET `buy_flowsuanli`=buy_flowsuanli-0 WHERE ( id =  ) [ RunTime:0.000000s ]
ERR: 1064:You have an error in your SQL syntax; check the manual that corresponds to your MySQL server version for the right syntax to use near ')' at line 1
 [ SQL语句 ] : UPDATE `pa_personal` SET `buy_flowsuanli`=buy_flowsuanli-0 WHERE ( id =  )
NOTIC: [8] Undefined index: user_id E:\phpstudy\WWW\intelligencemine\Application\Home\Controller\IndexController.class.php 第 110 行.
SQL: UPDATE `pa_personal` SET `flowsuanli`=flowsuanli-0.05 WHERE ( id =  ) [ RunTime:0.000000s ]
ERR: 1064:You have an error in your SQL syntax; check the manual that corresponds to your MySQL server version for the right syntax to use near ')' at line 1
 [ SQL语句 ] : UPDATE `pa_personal` SET `flowsuanli`=flowsuanli-0.05 WHERE ( id =  )
NOTIC: [8] Undefined index: user_id E:\phpstudy\WWW\intelligencemine\Application\Home\Controller\IndexController.class.php 第 111 行.
SQL: UPDATE `pa_personal` SET `buy_flowsuanli`=buy_flowsuanli-0 WHERE ( id =  ) [ RunTime:0.000000s ]
ERR: 1064:You have an error in your SQL syntax; check the manual that corresponds to your MySQL server version for the right syntax to use near ')' at line 1
 [ SQL语句 ] : UPDATE `pa_personal` SET `buy_flowsuanli`=buy_flowsuanli-0 WHERE ( id =  )
NOTIC: [8] Undefined index: user_id E:\phpstudy\WWW\intelligencemine\Application\Home\Controller\IndexController.class.php 第 110 行.
SQL: UPDATE `pa_personal` SET `flowsuanli`=flowsuanli-4.901 WHERE ( id =  ) [ RunTime:0.000000s ]
ERR: 1064:You have an error in your SQL syntax; check the manual that corresponds to your MySQL server version for the right syntax to use near ')' at line 1
 [ SQL语句 ] : UPDATE `pa_personal` SET `flowsuanli`=flowsuanli-4.901 WHERE ( id =  )
NOTIC: [8] Undefined index: user_id E:\phpstudy\WWW\intelligencemine\Application\Home\Controller\IndexController.class.php 第 111 行.
SQL: UPDATE `pa_personal` SET `buy_flowsuanli`=buy_flowsuanli-0 WHERE ( id =  ) [ RunTime:0.000000s ]
ERR: 1064:You have an error in your SQL syntax; check the manual that corresponds to your MySQL server version for the right syntax to use near ')' at line 1
 [ SQL语句 ] : UPDATE `pa_personal` SET `buy_flowsuanli`=buy_flowsuanli-0 WHERE ( id =  )
NOTIC: [8] Undefined index: user_id E:\phpstudy\WWW\intelligencemine\Application\Home\Controller\IndexController.class.php 第 110 行.
SQL: UPDATE `pa_personal` SET `flowsuanli`=flowsuanli-0.05 WHERE ( id =  ) [ RunTime:0.000000s ]
ERR: 1064:You have an error in your SQL syntax; check the manual that corresponds to your MySQL server version for the right syntax to use near ')' at line 1
 [ SQL语句 ] : UPDATE `pa_personal` SET `flowsuanli`=flowsuanli-0.05 WHERE ( id =  )
NOTIC: [8] Undefined index: user_id E:\phpstudy\WWW\intelligencemine\Application\Home\Controller\IndexController.class.php 第 111 行.
SQL: UPDATE `pa_personal` SET `buy_flowsuanli`=buy_flowsuanli-0 WHERE ( id =  ) [ RunTime:0.000000s ]
ERR: 1064:You have an error in your SQL syntax; check the manual that corresponds to your MySQL server version for the right syntax to use near ')' at line 1
 [ SQL语句 ] : UPDATE `pa_personal` SET `buy_flowsuanli`=buy_flowsuanli-0 WHERE ( id =  )
NOTIC: [8] Undefined index: user_id E:\phpstudy\WWW\intelligencemine\Application\Home\Controller\IndexController.class.php 第 110 行.
SQL: UPDATE `pa_personal` SET `flowsuanli`=flowsuanli-0.05 WHERE ( id =  ) [ RunTime:0.000000s ]
ERR: 1064:You have an error in your SQL syntax; check the manual that corresponds to your MySQL server version for the right syntax to use near ')' at line 1
 [ SQL语句 ] : UPDATE `pa_personal` SET `flowsuanli`=flowsuanli-0.05 WHERE ( id =  )
NOTIC: [8] Undefined index: user_id E:\phpstudy\WWW\intelligencemine\Application\Home\Controller\IndexController.class.php 第 111 行.
SQL: UPDATE `pa_personal` SET `buy_flowsuanli`=buy_flowsuanli-0 WHERE ( id =  ) [ RunTime:0.000000s ]
ERR: 1064:You have an error in your SQL syntax; check the manual that corresponds to your MySQL server version for the right syntax to use near ')' at line 1
 [ SQL语句 ] : UPDATE `pa_personal` SET `buy_flowsuanli`=buy_flowsuanli-0 WHERE ( id =  )
NOTIC: [8] Undefined index: user_id E:\phpstudy\WWW\intelligencemine\Application\Home\Controller\IndexController.class.php 第 110 行.
SQL: UPDATE `pa_personal` SET `flowsuanli`=flowsuanli-10 WHERE ( id =  ) [ RunTime:0.000000s ]
ERR: 1064:You have an error in your SQL syntax; check the manual that corresponds to your MySQL server version for the right syntax to use near ')' at line 1
 [ SQL语句 ] : UPDATE `pa_personal` SET `flowsuanli`=flowsuanli-10 WHERE ( id =  )
NOTIC: [8] Undefined index: user_id E:\phpstudy\WWW\intelligencemine\Application\Home\Controller\IndexController.class.php 第 111 行.
SQL: UPDATE `pa_personal` SET `buy_flowsuanli`=buy_flowsuanli-0 WHERE ( id =  ) [ RunTime:0.000000s ]
ERR: 1064:You have an error in your SQL syntax; check the manual that corresponds to your MySQL server version for the right syntax to use near ')' at line 1
 [ SQL语句 ] : UPDATE `pa_personal` SET `buy_flowsuanli`=buy_flowsuanli-0 WHERE ( id =  )
NOTIC: [8] Undefined index: user_id E:\phpstudy\WWW\intelligencemine\Application\Home\Controller\IndexController.class.php 第 110 行.
SQL: UPDATE `pa_personal` SET `flowsuanli`=flowsuanli-0.05 WHERE ( id =  ) [ RunTime:0.000000s ]
ERR: 1064:You have an error in your SQL syntax; check the manual that corresponds to your MySQL server version for the right syntax to use near ')' at line 1
 [ SQL语句 ] : UPDATE `pa_personal` SET `flowsuanli`=flowsuanli-0.05 WHERE ( id =  )
NOTIC: [8] Undefined index: user_id E:\phpstudy\WWW\intelligencemine\Application\Home\Controller\IndexController.class.php 第 111 行.
SQL: UPDATE `pa_personal` SET `buy_flowsuanli`=buy_flowsuanli-0 WHERE ( id =  ) [ RunTime:0.000000s ]
ERR: 1064:You have an error in your SQL syntax; check the manual that corresponds to your MySQL server version for the right syntax to use near ')' at line 1
 [ SQL语句 ] : UPDATE `pa_personal` SET `buy_flowsuanli`=buy_flowsuanli-0 WHERE ( id =  )
NOTIC: [8] Undefined index: user_id E:\phpstudy\WWW\intelligencemine\Application\Home\Controller\IndexController.class.php 第 110 行.
SQL: UPDATE `pa_personal` SET `flowsuanli`=flowsuanli-0.05 WHERE ( id =  ) [ RunTime:0.000000s ]
ERR: 1064:You have an error in your SQL syntax; check the manual that corresponds to your MySQL server version for the right syntax to use near ')' at line 1
 [ SQL语句 ] : UPDATE `pa_personal` SET `flowsuanli`=flowsuanli-0.05 WHERE ( id =  )
NOTIC: [8] Undefined index: user_id E:\phpstudy\WWW\intelligencemine\Application\Home\Controller\IndexController.class.php 第 111 行.
SQL: UPDATE `pa_personal` SET `buy_flowsuanli`=buy_flowsuanli-0 WHERE ( id =  ) [ RunTime:0.000000s ]
ERR: 1064:You have an error in your SQL syntax; check the manual that corresponds to your MySQL server version for the right syntax to use near ')' at line 1
 [ SQL语句 ] : UPDATE `pa_personal` SET `buy_flowsuanli`=buy_flowsuanli-0 WHERE ( id =  )
NOTIC: [8] Undefined index: user_id E:\phpstudy\WWW\intelligencemine\Application\Home\Controller\IndexController.class.php 第 110 行.
SQL: UPDATE `pa_personal` SET `flowsuanli`=flowsuanli-0.05 WHERE ( id =  ) [ RunTime:0.000000s ]
ERR: 1064:You have an error in your SQL syntax; check the manual that corresponds to your MySQL server version for the right syntax to use near ')' at line 1
 [ SQL语句 ] : UPDATE `pa_personal` SET `flowsuanli`=flowsuanli-0.05 WHERE ( id =  )
NOTIC: [8] Undefined index: user_id E:\phpstudy\WWW\intelligencemine\Application\Home\Controller\IndexController.class.php 第 111 行.
SQL: UPDATE `pa_personal` SET `buy_flowsuanli`=buy_flowsuanli-0 WHERE ( id =  ) [ RunTime:0.000000s ]
ERR: 1064:You have an error in your SQL syntax; check the manual that corresponds to your MySQL server version for the right syntax to use near ')' at line 1
 [ SQL语句 ] : UPDATE `pa_personal` SET `buy_flowsuanli`=buy_flowsuanli-0 WHERE ( id =  )
NOTIC: [8] Undefined index: user_id E:\phpstudy\WWW\intelligencemine\Application\Home\Controller\IndexController.class.php 第 110 行.
SQL: UPDATE `pa_personal` SET `flowsuanli`=flowsuanli-0.05 WHERE ( id =  ) [ RunTime:0.000000s ]
ERR: 1064:You have an error in your SQL syntax; check the manual that corresponds to your MySQL server version for the right syntax to use near ')' at line 1
 [ SQL语句 ] : UPDATE `pa_personal` SET `flowsuanli`=flowsuanli-0.05 WHERE ( id =  )
NOTIC: [8] Undefined index: user_id E:\phpstudy\WWW\intelligencemine\Application\Home\Controller\IndexController.class.php 第 111 行.
SQL: UPDATE `pa_personal` SET `buy_flowsuanli`=buy_flowsuanli-0 WHERE ( id =  ) [ RunTime:0.000000s ]
ERR: 1064:You have an error in your SQL syntax; check the manual that corresponds to your MySQL server version for the right syntax to use near ')' at line 1
 [ SQL语句 ] : UPDATE `pa_personal` SET `buy_flowsuanli`=buy_flowsuanli-0 WHERE ( id =  )
NOTIC: [8] Undefined index: user_id E:\phpstudy\WWW\intelligencemine\Application\Home\Controller\IndexController.class.php 第 110 行.
SQL: UPDATE `pa_personal` SET `flowsuanli`=flowsuanli-0.05 WHERE ( id =  ) [ RunTime:0.000000s ]
ERR: 1064:You have an error in your SQL syntax; check the manual that corresponds to your MySQL server version for the right syntax to use near ')' at line 1
 [ SQL语句 ] : UPDATE `pa_personal` SET `flowsuanli`=flowsuanli-0.05 WHERE ( id =  )
NOTIC: [8] Undefined index: user_id E:\phpstudy\WWW\intelligencemine\Application\Home\Controller\IndexController.class.php 第 111 行.
SQL: UPDATE `pa_personal` SET `buy_flowsuanli`=buy_flowsuanli-0 WHERE ( id =  ) [ RunTime:0.000000s ]
ERR: 1064:You have an error in your SQL syntax; check the manual that corresponds to your MySQL server version for the right syntax to use near ')' at line 1
 [ SQL语句 ] : UPDATE `pa_personal` SET `buy_flowsuanli`=buy_flowsuanli-0 WHERE ( id =  )
NOTIC: [8] Undefined index: user_id E:\phpstudy\WWW\intelligencemine\Application\Home\Controller\IndexController.class.php 第 110 行.
SQL: UPDATE `pa_personal` SET `flowsuanli`=flowsuanli-0.05 WHERE ( id =  ) [ RunTime:0.000000s ]
ERR: 1064:You have an error in your SQL syntax; check the manual that corresponds to your MySQL server version for the right syntax to use near ')' at line 1
 [ SQL语句 ] : UPDATE `pa_personal` SET `flowsuanli`=flowsuanli-0.05 WHERE ( id =  )
NOTIC: [8] Undefined index: user_id E:\phpstudy\WWW\intelligencemine\Application\Home\Controller\IndexController.class.php 第 111 行.
SQL: UPDATE `pa_personal` SET `buy_flowsuanli`=buy_flowsuanli-0 WHERE ( id =  ) [ RunTime:0.000000s ]
ERR: 1064:You have an error in your SQL syntax; check the manual that corresponds to your MySQL server version for the right syntax to use near ')' at line 1
 [ SQL语句 ] : UPDATE `pa_personal` SET `buy_flowsuanli`=buy_flowsuanli-0 WHERE ( id =  )
NOTIC: [8] Undefined index: user_id E:\phpstudy\WWW\intelligencemine\Application\Home\Controller\IndexController.class.php 第 110 行.
SQL: UPDATE `pa_personal` SET `flowsuanli`=flowsuanli-0.05 WHERE ( id =  ) [ RunTime:0.000000s ]
ERR: 1064:You have an error in your SQL syntax; check the manual that corresponds to your MySQL server version for the right syntax to use near ')' at line 1
 [ SQL语句 ] : UPDATE `pa_personal` SET `flowsuanli`=flowsuanli-0.05 WHERE ( id =  )
NOTIC: [8] Undefined index: user_id E:\phpstudy\WWW\intelligencemine\Application\Home\Controller\IndexController.class.php 第 111 行.
SQL: UPDATE `pa_personal` SET `buy_flowsuanli`=buy_flowsuanli-0 WHERE ( id =  ) [ RunTime:0.000000s ]
ERR: 1064:You have an error in your SQL syntax; check the manual that corresponds to your MySQL server version for the right syntax to use near ')' at line 1
 [ SQL语句 ] : UPDATE `pa_personal` SET `buy_flowsuanli`=buy_flowsuanli-0 WHERE ( id =  )
NOTIC: [8] Undefined index: user_id E:\phpstudy\WWW\intelligencemine\Application\Home\Controller\IndexController.class.php 第 110 行.
SQL: UPDATE `pa_personal` SET `flowsuanli`=flowsuanli-0.05 WHERE ( id =  ) [ RunTime:0.000000s ]
ERR: 1064:You have an error in your SQL syntax; check the manual that corresponds to your MySQL server version for the right syntax to use near ')' at line 1
 [ SQL语句 ] : UPDATE `pa_personal` SET `flowsuanli`=flowsuanli-0.05 WHERE ( id =  )
NOTIC: [8] Undefined index: user_id E:\phpstudy\WWW\intelligencemine\Application\Home\Controller\IndexController.class.php 第 111 行.
SQL: UPDATE `pa_personal` SET `buy_flowsuanli`=buy_flowsuanli-0 WHERE ( id =  ) [ RunTime:0.000000s ]
ERR: 1064:You have an error in your SQL syntax; check the manual that corresponds to your MySQL server version for the right syntax to use near ')' at line 1
 [ SQL语句 ] : UPDATE `pa_personal` SET `buy_flowsuanli`=buy_flowsuanli-0 WHERE ( id =  )
NOTIC: [8] Undefined index: user_id E:\phpstudy\WWW\intelligencemine\Application\Home\Controller\IndexController.class.php 第 110 行.
SQL: UPDATE `pa_personal` SET `flowsuanli`=flowsuanli-0.05 WHERE ( id =  ) [ RunTime:0.000000s ]
ERR: 1064:You have an error in your SQL syntax; check the manual that corresponds to your MySQL server version for the right syntax to use near ')' at line 1
 [ SQL语句 ] : UPDATE `pa_personal` SET `flowsuanli`=flowsuanli-0.05 WHERE ( id =  )
NOTIC: [8] Undefined index: user_id E:\phpstudy\WWW\intelligencemine\Application\Home\Controller\IndexController.class.php 第 111 行.
SQL: UPDATE `pa_personal` SET `buy_flowsuanli`=buy_flowsuanli-0 WHERE ( id =  ) [ RunTime:0.000000s ]
ERR: 1064:You have an error in your SQL syntax; check the manual that corresponds to your MySQL server version for the right syntax to use near ')' at line 1
 [ SQL语句 ] : UPDATE `pa_personal` SET `buy_flowsuanli`=buy_flowsuanli-0 WHERE ( id =  )
NOTIC: [8] Undefined index: user_id E:\phpstudy\WWW\intelligencemine\Application\Home\Controller\IndexController.class.php 第 110 行.
SQL: UPDATE `pa_personal` SET `flowsuanli`=flowsuanli-0.05 WHERE ( id =  ) [ RunTime:0.000000s ]
ERR: 1064:You have an error in your SQL syntax; check the manual that corresponds to your MySQL server version for the right syntax to use near ')' at line 1
 [ SQL语句 ] : UPDATE `pa_personal` SET `flowsuanli`=flowsuanli-0.05 WHERE ( id =  )
NOTIC: [8] Undefined index: user_id E:\phpstudy\WWW\intelligencemine\Application\Home\Controller\IndexController.class.php 第 111 行.
SQL: UPDATE `pa_personal` SET `buy_flowsuanli`=buy_flowsuanli-0 WHERE ( id =  ) [ RunTime:0.000000s ]
ERR: 1064:You have an error in your SQL syntax; check the manual that corresponds to your MySQL server version for the right syntax to use near ')' at line 1
 [ SQL语句 ] : UPDATE `pa_personal` SET `buy_flowsuanli`=buy_flowsuanli-0 WHERE ( id =  )
NOTIC: [8] Undefined index: user_id E:\phpstudy\WWW\intelligencemine\Application\Home\Controller\IndexController.class.php 第 110 行.
SQL: UPDATE `pa_personal` SET `flowsuanli`=flowsuanli-0.05 WHERE ( id =  ) [ RunTime:0.000000s ]
ERR: 1064:You have an error in your SQL syntax; check the manual that corresponds to your MySQL server version for the right syntax to use near ')' at line 1
 [ SQL语句 ] : UPDATE `pa_personal` SET `flowsuanli`=flowsuanli-0.05 WHERE ( id =  )
NOTIC: [8] Undefined index: user_id E:\phpstudy\WWW\intelligencemine\Application\Home\Controller\IndexController.class.php 第 111 行.
SQL: UPDATE `pa_personal` SET `buy_flowsuanli`=buy_flowsuanli-0 WHERE ( id =  ) [ RunTime:0.000000s ]
ERR: 1064:You have an error in your SQL syntax; check the manual that corresponds to your MySQL server version for the right syntax to use near ')' at line 1
 [ SQL语句 ] : UPDATE `pa_personal` SET `buy_flowsuanli`=buy_flowsuanli-0 WHERE ( id =  )
NOTIC: [8] Undefined index: user_id E:\phpstudy\WWW\intelligencemine\Application\Home\Controller\IndexController.class.php 第 110 行.
SQL: UPDATE `pa_personal` SET `flowsuanli`=flowsuanli-105.05 WHERE ( id =  ) [ RunTime:0.000000s ]
ERR: 1064:You have an error in your SQL syntax; check the manual that corresponds to your MySQL server version for the right syntax to use near ')' at line 1
 [ SQL语句 ] : UPDATE `pa_personal` SET `flowsuanli`=flowsuanli-105.05 WHERE ( id =  )
NOTIC: [8] Undefined index: user_id E:\phpstudy\WWW\intelligencemine\Application\Home\Controller\IndexController.class.php 第 111 行.
SQL: UPDATE `pa_personal` SET `buy_flowsuanli`=buy_flowsuanli-0 WHERE ( id =  ) [ RunTime:0.000000s ]
ERR: 1064:You have an error in your SQL syntax; check the manual that corresponds to your MySQL server version for the right syntax to use near ')' at line 1
 [ SQL语句 ] : UPDATE `pa_personal` SET `buy_flowsuanli`=buy_flowsuanli-0 WHERE ( id =  )
NOTIC: [8] Undefined index: user_id E:\phpstudy\WWW\intelligencemine\Application\Home\Controller\IndexController.class.php 第 110 行.
SQL: UPDATE `pa_personal` SET `flowsuanli`=flowsuanli-0 WHERE ( id =  ) [ RunTime:0.000000s ]
ERR: 1064:You have an error in your SQL syntax; check the manual that corresponds to your MySQL server version for the right syntax to use near ')' at line 1
 [ SQL语句 ] : UPDATE `pa_personal` SET `flowsuanli`=flowsuanli-0 WHERE ( id =  )
NOTIC: [8] Undefined index: user_id E:\phpstudy\WWW\intelligencemine\Application\Home\Controller\IndexController.class.php 第 111 行.
SQL: UPDATE `pa_personal` SET `buy_flowsuanli`=buy_flowsuanli-0 WHERE ( id =  ) [ RunTime:0.000000s ]
ERR: 1064:You have an error in your SQL syntax; check the manual that corresponds to your MySQL server version for the right syntax to use near ')' at line 1
 [ SQL语句 ] : UPDATE `pa_personal` SET `buy_flowsuanli`=buy_flowsuanli-0 WHERE ( id =  )
NOTIC: [8] Undefined index: user_id E:\phpstudy\WWW\intelligencemine\Application\Home\Controller\IndexController.class.php 第 110 行.
SQL: UPDATE `pa_personal` SET `flowsuanli`=flowsuanli-0 WHERE ( id =  ) [ RunTime:0.000000s ]
ERR: 1064:You have an error in your SQL syntax; check the manual that corresponds to your MySQL server version for the right syntax to use near ')' at line 1
 [ SQL语句 ] : UPDATE `pa_personal` SET `flowsuanli`=flowsuanli-0 WHERE ( id =  )
NOTIC: [8] Undefined index: user_id E:\phpstudy\WWW\intelligencemine\Application\Home\Controller\IndexController.class.php 第 111 行.
SQL: UPDATE `pa_personal` SET `buy_flowsuanli`=buy_flowsuanli-0 WHERE ( id =  ) [ RunTime:0.000000s ]
ERR: 1064:You have an error in your SQL syntax; check the manual that corresponds to your MySQL server version for the right syntax to use near ')' at line 1
 [ SQL语句 ] : UPDATE `pa_personal` SET `buy_flowsuanli`=buy_flowsuanli-0 WHERE ( id =  )
NOTIC: [8] Undefined index: user_id E:\phpstudy\WWW\intelligencemine\Application\Home\Controller\IndexController.class.php 第 110 行.
SQL: UPDATE `pa_personal` SET `flowsuanli`=flowsuanli-0 WHERE ( id =  ) [ RunTime:0.000000s ]
ERR: 1064:You have an error in your SQL syntax; check the manual that corresponds to your MySQL server version for the right syntax to use near ')' at line 1
 [ SQL语句 ] : UPDATE `pa_personal` SET `flowsuanli`=flowsuanli-0 WHERE ( id =  )
NOTIC: [8] Undefined index: user_id E:\phpstudy\WWW\intelligencemine\Application\Home\Controller\IndexController.class.php 第 111 行.
SQL: UPDATE `pa_personal` SET `buy_flowsuanli`=buy_flowsuanli-0 WHERE ( id =  ) [ RunTime:0.000000s ]
ERR: 1064:You have an error in your SQL syntax; check the manual that corresponds to your MySQL server version for the right syntax to use near ')' at line 1
 [ SQL语句 ] : UPDATE `pa_personal` SET `buy_flowsuanli`=buy_flowsuanli-0 WHERE ( id =  )
NOTIC: [8] Undefined index: user_id E:\phpstudy\WWW\intelligencemine\Application\Home\Controller\IndexController.class.php 第 110 行.
SQL: UPDATE `pa_personal` SET `flowsuanli`=flowsuanli-0 WHERE ( id =  ) [ RunTime:0.000000s ]
ERR: 1064:You have an error in your SQL syntax; check the manual that corresponds to your MySQL server version for the right syntax to use near ')' at line 1
 [ SQL语句 ] : UPDATE `pa_personal` SET `flowsuanli`=flowsuanli-0 WHERE ( id =  )
NOTIC: [8] Undefined index: user_id E:\phpstudy\WWW\intelligencemine\Application\Home\Controller\IndexController.class.php 第 111 行.
SQL: UPDATE `pa_personal` SET `buy_flowsuanli`=buy_flowsuanli-0 WHERE ( id =  ) [ RunTime:0.000000s ]
ERR: 1064:You have an error in your SQL syntax; check the manual that corresponds to your MySQL server version for the right syntax to use near ')' at line 1
 [ SQL语句 ] : UPDATE `pa_personal` SET `buy_flowsuanli`=buy_flowsuanli-0 WHERE ( id =  )
NOTIC: [8] Undefined index: user_id E:\phpstudy\WWW\intelligencemine\Application\Home\Controller\IndexController.class.php 第 110 行.
SQL: UPDATE `pa_personal` SET `flowsuanli`=flowsuanli-0 WHERE ( id =  ) [ RunTime:0.000000s ]
ERR: 1064:You have an error in your SQL syntax; check the manual that corresponds to your MySQL server version for the right syntax to use near ')' at line 1
 [ SQL语句 ] : UPDATE `pa_personal` SET `flowsuanli`=flowsuanli-0 WHERE ( id =  )
NOTIC: [8] Undefined index: user_id E:\phpstudy\WWW\intelligencemine\Application\Home\Controller\IndexController.class.php 第 111 行.
SQL: UPDATE `pa_personal` SET `buy_flowsuanli`=buy_flowsuanli-0 WHERE ( id =  ) [ RunTime:0.000000s ]
ERR: 1064:You have an error in your SQL syntax; check the manual that corresponds to your MySQL server version for the right syntax to use near ')' at line 1
 [ SQL语句 ] : UPDATE `pa_personal` SET `buy_flowsuanli`=buy_flowsuanli-0 WHERE ( id =  )
NOTIC: [8] Undefined index: user_id E:\phpstudy\WWW\intelligencemine\Application\Home\Controller\IndexController.class.php 第 110 行.
SQL: UPDATE `pa_personal` SET `flowsuanli`=flowsuanli-0 WHERE ( id =  ) [ RunTime:0.000000s ]
ERR: 1064:You have an error in your SQL syntax; check the manual that corresponds to your MySQL server version for the right syntax to use near ')' at line 1
 [ SQL语句 ] : UPDATE `pa_personal` SET `flowsuanli`=flowsuanli-0 WHERE ( id =  )
NOTIC: [8] Undefined index: user_id E:\phpstudy\WWW\intelligencemine\Application\Home\Controller\IndexController.class.php 第 111 行.
SQL: UPDATE `pa_personal` SET `buy_flowsuanli`=buy_flowsuanli-0 WHERE ( id =  ) [ RunTime:0.000000s ]
ERR: 1064:You have an error in your SQL syntax; check the manual that corresponds to your MySQL server version for the right syntax to use near ')' at line 1
 [ SQL语句 ] : UPDATE `pa_personal` SET `buy_flowsuanli`=buy_flowsuanli-0 WHERE ( id =  )
NOTIC: [8] Undefined index: user_id E:\phpstudy\WWW\intelligencemine\Application\Home\Controller\IndexController.class.php 第 110 行.
SQL: UPDATE `pa_personal` SET `flowsuanli`=flowsuanli-0 WHERE ( id =  ) [ RunTime:0.000000s ]
ERR: 1064:You have an error in your SQL syntax; check the manual that corresponds to your MySQL server version for the right syntax to use near ')' at line 1
 [ SQL语句 ] : UPDATE `pa_personal` SET `flowsuanli`=flowsuanli-0 WHERE ( id =  )
NOTIC: [8] Undefined index: user_id E:\phpstudy\WWW\intelligencemine\Application\Home\Controller\IndexController.class.php 第 111 行.
SQL: UPDATE `pa_personal` SET `buy_flowsuanli`=buy_flowsuanli-0 WHERE ( id =  ) [ RunTime:0.000000s ]
ERR: 1064:You have an error in your SQL syntax; check the manual that corresponds to your MySQL server version for the right syntax to use near ')' at line 1
 [ SQL语句 ] : UPDATE `pa_personal` SET `buy_flowsuanli`=buy_flowsuanli-0 WHERE ( id =  )
NOTIC: [8] Undefined index: user_id E:\phpstudy\WWW\intelligencemine\Application\Home\Controller\IndexController.class.php 第 110 行.
SQL: UPDATE `pa_personal` SET `flowsuanli`=flowsuanli-0 WHERE ( id =  ) [ RunTime:0.000000s ]
ERR: 1064:You have an error in your SQL syntax; check the manual that corresponds to your MySQL server version for the right syntax to use near ')' at line 1
 [ SQL语句 ] : UPDATE `pa_personal` SET `flowsuanli`=flowsuanli-0 WHERE ( id =  )
NOTIC: [8] Undefined index: user_id E:\phpstudy\WWW\intelligencemine\Application\Home\Controller\IndexController.class.php 第 111 行.
SQL: UPDATE `pa_personal` SET `buy_flowsuanli`=buy_flowsuanli-0 WHERE ( id =  ) [ RunTime:0.000000s ]
ERR: 1064:You have an error in your SQL syntax; check the manual that corresponds to your MySQL server version for the right syntax to use near ')' at line 1
 [ SQL语句 ] : UPDATE `pa_personal` SET `buy_flowsuanli`=buy_flowsuanli-0 WHERE ( id =  )
NOTIC: [8] Undefined index: user_id E:\phpstudy\WWW\intelligencemine\Application\Home\Controller\IndexController.class.php 第 110 行.
SQL: UPDATE `pa_personal` SET `flowsuanli`=flowsuanli-0 WHERE ( id =  ) [ RunTime:0.000000s ]
ERR: 1064:You have an error in your SQL syntax; check the manual that corresponds to your MySQL server version for the right syntax to use near ')' at line 1
 [ SQL语句 ] : UPDATE `pa_personal` SET `flowsuanli`=flowsuanli-0 WHERE ( id =  )
NOTIC: [8] Undefined index: user_id E:\phpstudy\WWW\intelligencemine\Application\Home\Controller\IndexController.class.php 第 111 行.
SQL: UPDATE `pa_personal` SET `buy_flowsuanli`=buy_flowsuanli-0 WHERE ( id =  ) [ RunTime:0.000000s ]
ERR: 1064:You have an error in your SQL syntax; check the manual that corresponds to your MySQL server version for the right syntax to use near ')' at line 1
 [ SQL语句 ] : UPDATE `pa_personal` SET `buy_flowsuanli`=buy_flowsuanli-0 WHERE ( id =  )
NOTIC: [8] Undefined index: user_id E:\phpstudy\WWW\intelligencemine\Application\Home\Controller\IndexController.class.php 第 110 行.
SQL: UPDATE `pa_personal` SET `flowsuanli`=flowsuanli-0 WHERE ( id =  ) [ RunTime:0.000000s ]
ERR: 1064:You have an error in your SQL syntax; check the manual that corresponds to your MySQL server version for the right syntax to use near ')' at line 1
 [ SQL语句 ] : UPDATE `pa_personal` SET `flowsuanli`=flowsuanli-0 WHERE ( id =  )
NOTIC: [8] Undefined index: user_id E:\phpstudy\WWW\intelligencemine\Application\Home\Controller\IndexController.class.php 第 111 行.
SQL: UPDATE `pa_personal` SET `buy_flowsuanli`=buy_flowsuanli-0 WHERE ( id =  ) [ RunTime:0.000000s ]
ERR: 1064:You have an error in your SQL syntax; check the manual that corresponds to your MySQL server version for the right syntax to use near ')' at line 1
 [ SQL语句 ] : UPDATE `pa_personal` SET `buy_flowsuanli`=buy_flowsuanli-0 WHERE ( id =  )
NOTIC: [8] Undefined index: user_id E:\phpstudy\WWW\intelligencemine\Application\Home\Controller\IndexController.class.php 第 110 行.
SQL: UPDATE `pa_personal` SET `flowsuanli`=flowsuanli-0 WHERE ( id =  ) [ RunTime:0.000000s ]
ERR: 1064:You have an error in your SQL syntax; check the manual that corresponds to your MySQL server version for the right syntax to use near ')' at line 1
 [ SQL语句 ] : UPDATE `pa_personal` SET `flowsuanli`=flowsuanli-0 WHERE ( id =  )
NOTIC: [8] Undefined index: user_id E:\phpstudy\WWW\intelligencemine\Application\Home\Controller\IndexController.class.php 第 111 行.
SQL: UPDATE `pa_personal` SET `buy_flowsuanli`=buy_flowsuanli-0 WHERE ( id =  ) [ RunTime:0.000000s ]
ERR: 1064:You have an error in your SQL syntax; check the manual that corresponds to your MySQL server version for the right syntax to use near ')' at line 1
 [ SQL语句 ] : UPDATE `pa_personal` SET `buy_flowsuanli`=buy_flowsuanli-0 WHERE ( id =  )
SQL: SHOW COLUMNS FROM `pa_mining` [ RunTime:0.015625s ]
NOTIC: [8] Array to string conversion E:\phpstudy\WWW\intelligencemine\ThinkPHP\Library\Think\Model.class.php 第 255 行.
ERR: 非法数据对象！:[0=>Array]

[ 2018-10-03T02:37:02+08:00 ] 111.231.227.67 /
INFO: [ app_init ] --START--
INFO: Run Behavior\BuildLiteBehavior [ RunTime:0.000000s ]
INFO: [ app_init ] --END-- [ RunTime:0.000000s ]
INFO: [ app_begin ] --START--
INFO: Run Behavior\ReadHtmlCacheBehavior [ RunTime:0.000000s ]
INFO: Run Behavior\CheckLangBehavior [ RunTime:0.000000s ]
INFO: [ app_begin ] --END-- [ RunTime:0.000000s ]
NOTIC: [8192] mysql_connect(): The mysql extension is deprecated and will be removed in the future: use mysqli or PDO instead E:\phpstudy\WWW\intelligencemine\ThinkPHP\Library\Think\Db\Driver\Mysql.class.php 第 52 行.
SQL: SHOW COLUMNS FROM `pa_personal` [ RunTime:0.000000s ]
NOTIC: [8] Undefined index: access_token E:\phpstudy\WWW\intelligencemine\Application\Home\Controller\IndexController.class.php 第 7 行.
SQL: SELECT `user_id`,`user_img`,`mineral`,`user_tel`,`flowsuanli`,`user_nickname`,`user_number`,`suanli`,`user_jine`,`dig`,`buy_flowsuanli` FROM `pa_personal` WHERE ( access_token = "" ) LIMIT 1   [ RunTime:0.000000s ]

[ 2018-10-03T02:37:06+08:00 ] 111.231.227.67 /
INFO: [ app_init ] --START--
INFO: Run Behavior\BuildLiteBehavior [ RunTime:0.000000s ]
INFO: [ app_init ] --END-- [ RunTime:0.000000s ]
INFO: [ app_begin ] --START--
INFO: Run Behavior\ReadHtmlCacheBehavior [ RunTime:0.000000s ]
INFO: Run Behavior\CheckLangBehavior [ RunTime:0.000000s ]
INFO: [ app_begin ] --END-- [ RunTime:0.000000s ]
NOTIC: [8192] mysql_connect(): The mysql extension is deprecated and will be removed in the future: use mysqli or PDO instead E:\phpstudy\WWW\intelligencemine\ThinkPHP\Library\Think\Db\Driver\Mysql.class.php 第 52 行.
SQL: SHOW COLUMNS FROM `pa_personal` [ RunTime:0.000000s ]
NOTIC: [8] Undefined index: access_token E:\phpstudy\WWW\intelligencemine\Application\Home\Controller\IndexController.class.php 第 7 行.
SQL: SELECT `user_id`,`user_img`,`mineral`,`user_tel`,`flowsuanli`,`user_nickname`,`user_number`,`suanli`,`user_jine`,`dig`,`buy_flowsuanli` FROM `pa_personal` WHERE ( access_token = "" ) LIMIT 1   [ RunTime:0.000000s ]

[ 2018-10-03T13:07:44+08:00 ] 171.43.222.119 /index.php/Home/Login/login.html
INFO: [ app_init ] --START--
INFO: Run Behavior\BuildLiteBehavior [ RunTime:0.000000s ]
INFO: [ app_init ] --END-- [ RunTime:0.000000s ]
INFO: [ app_begin ] --START--
INFO: Run Behavior\ReadHtmlCacheBehavior [ RunTime:0.000000s ]
INFO: Run Behavior\CheckLangBehavior [ RunTime:0.000000s ]
INFO: [ app_begin ] --END-- [ RunTime:0.000000s ]
NOTIC: [8192] mysql_connect(): The mysql extension is deprecated and will be removed in the future: use mysqli or PDO instead E:\phpstudy\WWW\intelligencemine\ThinkPHP\Library\Think\Db\Driver\Mysql.class.php 第 52 行.
SQL: SHOW COLUMNS FROM `pa_personal` [ RunTime:0.015624s ]
SQL: SELECT * FROM `pa_personal` WHERE ( user_tel = "13971293303" and user_password = "73280f04c94f01a366051a66c267da1f" ) LIMIT 1   [ RunTime:0.000000s ]
SQL: UPDATE `pa_personal` SET `access_token`='7e85640c31f8847f9fdbc21bd3b98577',`user_logintime`=1538543264 WHERE ( user_id = "101" ) [ RunTime:0.000000s ]

[ 2018-10-03T13:07:46+08:00 ] 171.43.222.119 /index.php/Home/Index/category
INFO: [ app_init ] --START--
INFO: Run Behavior\BuildLiteBehavior [ RunTime:0.000000s ]
INFO: [ app_init ] --END-- [ RunTime:0.000000s ]
INFO: [ app_begin ] --START--
INFO: Run Behavior\ReadHtmlCacheBehavior [ RunTime:0.000000s ]
INFO: Run Behavior\CheckLangBehavior [ RunTime:0.000000s ]
INFO: [ app_begin ] --END-- [ RunTime:0.000000s ]
NOTIC: [8192] mysql_connect(): The mysql extension is deprecated and will be removed in the future: use mysqli or PDO instead E:\phpstudy\WWW\intelligencemine\ThinkPHP\Library\Think\Db\Driver\Mysql.class.php 第 52 行.
SQL: SHOW COLUMNS FROM `pa_category` [ RunTime:0.000000s ]
SQL: SELECT `cid`,`name` FROM `pa_category` WHERE ( type = "p" ) ORDER BY sort  [ RunTime:0.000000s ]

[ 2018-10-03T13:07:47+08:00 ] 171.43.222.119 /Index/block
INFO: [ app_init ] --START--
INFO: Run Behavior\BuildLiteBehavior [ RunTime:0.000000s ]
INFO: [ app_init ] --END-- [ RunTime:0.000000s ]
INFO: [ app_begin ] --START--
INFO: Run Behavior\ReadHtmlCacheBehavior [ RunTime:0.000000s ]
INFO: Run Behavior\CheckLangBehavior [ RunTime:0.000000s ]
INFO: [ app_begin ] --END-- [ RunTime:0.000000s ]
NOTIC: [8192] mysql_connect(): The mysql extension is deprecated and will be removed in the future: use mysqli or PDO instead E:\phpstudy\WWW\intelligencemine\ThinkPHP\Library\Think\Db\Driver\Mysql.class.php 第 52 行.
SQL: SHOW COLUMNS FROM `pa_personal` [ RunTime:0.000000s ]
SQL: SELECT * FROM `pa_personal` WHERE ( access_token = "7e85640c31f8847f9fdbc21bd3b98577" ) LIMIT 1   [ RunTime:0.000000s ]
SQL: SELECT COUNT(*) AS tp_count FROM `pa_personal` LIMIT 1   [ RunTime:0.000000s ]
SQL: SELECT COUNT(*) AS tp_count FROM `pa_personal` WHERE ( user_type != 1 ) LIMIT 1   [ RunTime:0.000000s ]
SQL: SHOW COLUMNS FROM `pa_ad` [ RunTime:0.015624s ]
SQL: SELECT `id`,`ad_link`,`ad_img` FROM `pa_ad` WHERE ( position = "blockworld" ) ORDER BY sort desc LIMIT 1   [ RunTime:0.000000s ]
SQL: SELECT `ad_link`,`ad_img` FROM `pa_ad` WHERE ( position = "banner" ) ORDER BY sort desc  [ RunTime:0.000000s ]
SQL: SHOW COLUMNS FROM pa_news n [ RunTime:0.000000s ]
ERR: 1064:You have an error in your SQL syntax; check the manual that corresponds to your MySQL server version for the right syntax to use near 'n' at line 1
 [ SQL语句 ] : SHOW COLUMNS FROM pa_news n
SQL: SELECT `title`,`id` FROM pa_news n INNER JOIN pa_category c on c.cid = n.cid  WHERE ( c.name = "城市公告" )  [ RunTime:0.000000s ]
SQL: SELECT `title`,`id` FROM pa_news n INNER JOIN pa_category c on c.cid = n.cid  WHERE ( c.name = "BlockWorld挖矿简介" )  [ RunTime:0.000000s ]
SQL: SHOW COLUMNS FROM `pa_liveset` [ RunTime:0.015625s ]
SQL: SELECT * FROM `pa_liveset` LIMIT 1   [ RunTime:0.000000s ]

[ 2018-10-03T13:07:51+08:00 ] 171.43.222.119 /index.php/Home/My/MyMessage/
INFO: [ app_init ] --START--
INFO: Run Behavior\BuildLiteBehavior [ RunTime:0.000000s ]
INFO: [ app_init ] --END-- [ RunTime:0.000000s ]
INFO: [ app_begin ] --START--
INFO: Run Behavior\ReadHtmlCacheBehavior [ RunTime:0.000000s ]
INFO: Run Behavior\CheckLangBehavior [ RunTime:0.000000s ]
INFO: [ app_begin ] --END-- [ RunTime:0.000000s ]
NOTIC: [8192] mysql_connect(): The mysql extension is deprecated and will be removed in the future: use mysqli or PDO instead E:\phpstudy\WWW\intelligencemine\ThinkPHP\Library\Think\Db\Driver\Mysql.class.php 第 52 行.
SQL: SHOW COLUMNS FROM `pa_personal` [ RunTime:0.000000s ]
SQL: SELECT `user_id`,`user_number`,`user_img`,`user_nickname`,`suanli`,`flowsuanli`,`mineral`,`identity`,`user_tel`,`payword`,`real_name` FROM `pa_personal` WHERE ( access_token = "7e85640c31f8847f9fdbc21bd3b98577" ) LIMIT 1   [ RunTime:0.000000s ]

[ 2018-10-03T13:07:57+08:00 ] 171.43.222.119 /index.php/Home/My/system_sale
INFO: [ app_init ] --START--
INFO: Run Behavior\BuildLiteBehavior [ RunTime:0.000000s ]
INFO: [ app_init ] --END-- [ RunTime:0.000000s ]
INFO: [ app_begin ] --START--
INFO: Run Behavior\ReadHtmlCacheBehavior [ RunTime:0.000000s ]
INFO: Run Behavior\CheckLangBehavior [ RunTime:0.000000s ]
INFO: [ app_begin ] --END-- [ RunTime:0.000000s ]
NOTIC: [8192] mysql_connect(): The mysql extension is deprecated and will be removed in the future: use mysqli or PDO instead E:\phpstudy\WWW\intelligencemine\ThinkPHP\Library\Think\Db\Driver\Mysql.class.php 第 52 行.
SQL: SHOW COLUMNS FROM `pa_personal` [ RunTime:0.000000s ]
SQL: SELECT `user_id`,`user_img`,`user_nickname`,`identity`,`front_img`,`contrary_img`,`hand_img` FROM `pa_personal` WHERE ( access_token = "7e85640c31f8847f9fdbc21bd3b98577" ) LIMIT 1   [ RunTime:0.000000s ]

[ 2018-10-03T13:08:06+08:00 ] 171.43.222.119 /index.php/Home/My/MyMessage/
INFO: [ app_init ] --START--
INFO: Run Behavior\BuildLiteBehavior [ RunTime:0.000000s ]
INFO: [ app_init ] --END-- [ RunTime:0.000000s ]
INFO: [ app_begin ] --START--
INFO: Run Behavior\ReadHtmlCacheBehavior [ RunTime:0.000000s ]
INFO: Run Behavior\CheckLangBehavior [ RunTime:0.000000s ]
INFO: [ app_begin ] --END-- [ RunTime:0.000000s ]
NOTIC: [8192] mysql_connect(): The mysql extension is deprecated and will be removed in the future: use mysqli or PDO instead E:\phpstudy\WWW\intelligencemine\ThinkPHP\Library\Think\Db\Driver\Mysql.class.php 第 52 行.
SQL: SHOW COLUMNS FROM `pa_personal` [ RunTime:0.000000s ]
SQL: SELECT `user_id`,`user_number`,`user_img`,`user_nickname`,`suanli`,`flowsuanli`,`mineral`,`identity`,`user_tel`,`payword`,`real_name` FROM `pa_personal` WHERE ( access_token = "7e85640c31f8847f9fdbc21bd3b98577" ) LIMIT 1   [ RunTime:0.000000s ]

[ 2018-10-03T13:08:08+08:00 ] 171.43.222.119 /Index/block
INFO: [ app_init ] --START--
INFO: Run Behavior\BuildLiteBehavior [ RunTime:0.000000s ]
INFO: [ app_init ] --END-- [ RunTime:0.000000s ]
INFO: [ app_begin ] --START--
INFO: Run Behavior\ReadHtmlCacheBehavior [ RunTime:0.000000s ]
INFO: Run Behavior\CheckLangBehavior [ RunTime:0.015624s ]
INFO: [ app_begin ] --END-- [ RunTime:0.015624s ]
NOTIC: [8192] mysql_connect(): The mysql extension is deprecated and will be removed in the future: use mysqli or PDO instead E:\phpstudy\WWW\intelligencemine\ThinkPHP\Library\Think\Db\Driver\Mysql.class.php 第 52 行.
SQL: SHOW COLUMNS FROM `pa_personal` [ RunTime:0.000000s ]
SQL: SELECT * FROM `pa_personal` WHERE ( access_token = "7e85640c31f8847f9fdbc21bd3b98577" ) LIMIT 1   [ RunTime:0.000000s ]
SQL: SELECT COUNT(*) AS tp_count FROM `pa_personal` LIMIT 1   [ RunTime:0.000000s ]
SQL: SELECT COUNT(*) AS tp_count FROM `pa_personal` WHERE ( user_type != 1 ) LIMIT 1   [ RunTime:0.000000s ]
SQL: SHOW COLUMNS FROM `pa_ad` [ RunTime:0.015624s ]
SQL: SELECT `id`,`ad_link`,`ad_img` FROM `pa_ad` WHERE ( position = "blockworld" ) ORDER BY sort desc LIMIT 1   [ RunTime:0.000000s ]
SQL: SELECT `ad_link`,`ad_img` FROM `pa_ad` WHERE ( position = "banner" ) ORDER BY sort desc  [ RunTime:0.000000s ]
SQL: SHOW COLUMNS FROM pa_news n [ RunTime:0.000000s ]
ERR: 1064:You have an error in your SQL syntax; check the manual that corresponds to your MySQL server version for the right syntax to use near 'n' at line 1
 [ SQL语句 ] : SHOW COLUMNS FROM pa_news n
SQL: SELECT `title`,`id` FROM pa_news n INNER JOIN pa_category c on c.cid = n.cid  WHERE ( c.name = "城市公告" )  [ RunTime:0.000000s ]
SQL: SELECT `title`,`id` FROM pa_news n INNER JOIN pa_category c on c.cid = n.cid  WHERE ( c.name = "BlockWorld挖矿简介" )  [ RunTime:0.000000s ]
SQL: SHOW COLUMNS FROM `pa_liveset` [ RunTime:0.000000s ]
SQL: SELECT * FROM `pa_liveset` LIMIT 1   [ RunTime:0.000000s ]

[ 2018-10-03T13:08:12+08:00 ] 171.43.222.119 /index.php/Home/My/MyMessage/
INFO: [ app_init ] --START--
INFO: Run Behavior\BuildLiteBehavior [ RunTime:0.000000s ]
INFO: [ app_init ] --END-- [ RunTime:0.000000s ]
INFO: [ app_begin ] --START--
INFO: Run Behavior\ReadHtmlCacheBehavior [ RunTime:0.000000s ]
INFO: Run Behavior\CheckLangBehavior [ RunTime:0.000000s ]
INFO: [ app_begin ] --END-- [ RunTime:0.000000s ]
NOTIC: [8192] mysql_connect(): The mysql extension is deprecated and will be removed in the future: use mysqli or PDO instead E:\phpstudy\WWW\intelligencemine\ThinkPHP\Library\Think\Db\Driver\Mysql.class.php 第 52 行.
SQL: SHOW COLUMNS FROM `pa_personal` [ RunTime:0.000000s ]
SQL: SELECT `user_id`,`user_number`,`user_img`,`user_nickname`,`suanli`,`flowsuanli`,`mineral`,`identity`,`user_tel`,`payword`,`real_name` FROM `pa_personal` WHERE ( access_token = "7e85640c31f8847f9fdbc21bd3b98577" ) LIMIT 1   [ RunTime:0.000000s ]

[ 2018-10-03T13:08:18+08:00 ] 171.43.222.119 /Index/block
INFO: [ app_init ] --START--
INFO: Run Behavior\BuildLiteBehavior [ RunTime:0.000000s ]
INFO: [ app_init ] --END-- [ RunTime:0.000000s ]
INFO: [ app_begin ] --START--
INFO: Run Behavior\ReadHtmlCacheBehavior [ RunTime:0.000000s ]
INFO: Run Behavior\CheckLangBehavior [ RunTime:0.000000s ]
INFO: [ app_begin ] --END-- [ RunTime:0.000000s ]
NOTIC: [8192] mysql_connect(): The mysql extension is deprecated and will be removed in the future: use mysqli or PDO instead E:\phpstudy\WWW\intelligencemine\ThinkPHP\Library\Think\Db\Driver\Mysql.class.php 第 52 行.
SQL: SHOW COLUMNS FROM `pa_personal` [ RunTime:0.000000s ]
SQL: SELECT * FROM `pa_personal` WHERE ( access_token = "7e85640c31f8847f9fdbc21bd3b98577" ) LIMIT 1   [ RunTime:0.000000s ]
SQL: SELECT COUNT(*) AS tp_count FROM `pa_personal` LIMIT 1   [ RunTime:0.000000s ]
SQL: SELECT COUNT(*) AS tp_count FROM `pa_personal` WHERE ( user_type != 1 ) LIMIT 1   [ RunTime:0.000000s ]
SQL: SHOW COLUMNS FROM `pa_ad` [ RunTime:0.015625s ]
SQL: SELECT `id`,`ad_link`,`ad_img` FROM `pa_ad` WHERE ( position = "blockworld" ) ORDER BY sort desc LIMIT 1   [ RunTime:0.000000s ]
SQL: SELECT `ad_link`,`ad_img` FROM `pa_ad` WHERE ( position = "banner" ) ORDER BY sort desc  [ RunTime:0.000000s ]
SQL: SHOW COLUMNS FROM pa_news n [ RunTime:0.000000s ]
ERR: 1064:You have an error in your SQL syntax; check the manual that corresponds to your MySQL server version for the right syntax to use near 'n' at line 1
 [ SQL语句 ] : SHOW COLUMNS FROM pa_news n
SQL: SELECT `title`,`id` FROM pa_news n INNER JOIN pa_category c on c.cid = n.cid  WHERE ( c.name = "城市公告" )  [ RunTime:0.000000s ]
SQL: SELECT `title`,`id` FROM pa_news n INNER JOIN pa_category c on c.cid = n.cid  WHERE ( c.name = "BlockWorld挖矿简介" )  [ RunTime:0.000000s ]
SQL: SHOW COLUMNS FROM `pa_liveset` [ RunTime:0.000000s ]
SQL: SELECT * FROM `pa_liveset` LIMIT 1   [ RunTime:0.000000s ]

[ 2018-10-03T13:08:21+08:00 ] 171.43.222.119 /index.php/Home/My/Sel_Bankcard
INFO: [ app_init ] --START--
INFO: Run Behavior\BuildLiteBehavior [ RunTime:0.000000s ]
INFO: [ app_init ] --END-- [ RunTime:0.000000s ]
INFO: [ app_begin ] --START--
INFO: Run Behavior\ReadHtmlCacheBehavior [ RunTime:0.000000s ]
INFO: Run Behavior\CheckLangBehavior [ RunTime:0.000000s ]
INFO: [ app_begin ] --END-- [ RunTime:0.000000s ]
NOTIC: [8192] mysql_connect(): The mysql extension is deprecated and will be removed in the future: use mysqli or PDO instead E:\phpstudy\WWW\intelligencemine\ThinkPHP\Library\Think\Db\Driver\Mysql.class.php 第 52 行.
SQL: SHOW COLUMNS FROM `pa_personal` [ RunTime:0.000000s ]
SQL: SELECT `user_id`,`user_password`,`payword` FROM `pa_personal` WHERE ( access_token = "7e85640c31f8847f9fdbc21bd3b98577" ) LIMIT 1   [ RunTime:0.000000s ]
SQL: SHOW COLUMNS FROM `pa_bankinfo` [ RunTime:0.015625s ]
SQL: SELECT * FROM `pa_bankinfo` WHERE ( user_id = "101" )  [ RunTime:0.000000s ]

[ 2018-10-03T13:08:30+08:00 ] 171.43.222.119 /index.php/Home/Index/buylist
INFO: [ app_init ] --START--
INFO: Run Behavior\BuildLiteBehavior [ RunTime:0.000000s ]
INFO: [ app_init ] --END-- [ RunTime:0.000000s ]
INFO: [ app_begin ] --START--
INFO: Run Behavior\ReadHtmlCacheBehavior [ RunTime:0.000000s ]
INFO: Run Behavior\CheckLangBehavior [ RunTime:0.000000s ]
INFO: [ app_begin ] --END-- [ RunTime:0.000000s ]
NOTIC: [8192] mysql_connect(): The mysql extension is deprecated and will be removed in the future: use mysqli or PDO instead E:\phpstudy\WWW\intelligencemine\ThinkPHP\Library\Think\Db\Driver\Mysql.class.php 第 52 行.
SQL: SHOW COLUMNS FROM `pa_ad` [ RunTime:0.000000s ]
SQL: SELECT `ad_img` FROM `pa_ad` WHERE ( position = "shop" ) ORDER BY sort desc  [ RunTime:0.000000s ]
SQL: SHOW COLUMNS FROM `pa_liveset` [ RunTime:0.000000s ]
SQL: SELECT * FROM `pa_liveset` LIMIT 1   [ RunTime:0.000000s ]
SQL: SHOW COLUMNS FROM pa_product p [ RunTime:0.000000s ]
ERR: 1064:You have an error in your SQL syntax; check the manual that corresponds to your MySQL server version for the right syntax to use near 'p' at line 1
 [ SQL语句 ] : SHOW COLUMNS FROM pa_product p
SQL: SELECT p.id,p.title,p.price,p.image_id FROM pa_product p WHERE ( `cid` = '13' )  [ RunTime:0.000000s ]
SQL: SHOW COLUMNS FROM `pa_images` [ RunTime:0.000000s ]
SQL: SELECT * FROM `pa_images` WHERE ( id = "189" ) LIMIT 1   [ RunTime:0.000000s ]

[ 2018-10-03T13:08:32+08:00 ] 171.43.222.119 /Index/block
INFO: [ app_init ] --START--
INFO: Run Behavior\BuildLiteBehavior [ RunTime:0.000000s ]
INFO: [ app_init ] --END-- [ RunTime:0.000000s ]
INFO: [ app_begin ] --START--
INFO: Run Behavior\ReadHtmlCacheBehavior [ RunTime:0.000000s ]
INFO: Run Behavior\CheckLangBehavior [ RunTime:0.015624s ]
INFO: [ app_begin ] --END-- [ RunTime:0.015624s ]
NOTIC: [8192] mysql_connect(): The mysql extension is deprecated and will be removed in the future: use mysqli or PDO instead E:\phpstudy\WWW\intelligencemine\ThinkPHP\Library\Think\Db\Driver\Mysql.class.php 第 52 行.
SQL: SHOW COLUMNS FROM `pa_personal` [ RunTime:0.000000s ]
SQL: SELECT * FROM `pa_personal` WHERE ( access_token = "7e85640c31f8847f9fdbc21bd3b98577" ) LIMIT 1   [ RunTime:0.000000s ]
SQL: SELECT COUNT(*) AS tp_count FROM `pa_personal` LIMIT 1   [ RunTime:0.000000s ]
SQL: SELECT COUNT(*) AS tp_count FROM `pa_personal` WHERE ( user_type != 1 ) LIMIT 1   [ RunTime:0.000000s ]
SQL: SHOW COLUMNS FROM `pa_ad` [ RunTime:0.015625s ]
SQL: SELECT `id`,`ad_link`,`ad_img` FROM `pa_ad` WHERE ( position = "blockworld" ) ORDER BY sort desc LIMIT 1   [ RunTime:0.000000s ]
SQL: SELECT `ad_link`,`ad_img` FROM `pa_ad` WHERE ( position = "banner" ) ORDER BY sort desc  [ RunTime:0.000000s ]
SQL: SHOW COLUMNS FROM pa_news n [ RunTime:0.000000s ]
ERR: 1064:You have an error in your SQL syntax; check the manual that corresponds to your MySQL server version for the right syntax to use near 'n' at line 1
 [ SQL语句 ] : SHOW COLUMNS FROM pa_news n
SQL: SELECT `title`,`id` FROM pa_news n INNER JOIN pa_category c on c.cid = n.cid  WHERE ( c.name = "城市公告" )  [ RunTime:0.000000s ]
SQL: SELECT `title`,`id` FROM pa_news n INNER JOIN pa_category c on c.cid = n.cid  WHERE ( c.name = "BlockWorld挖矿简介" )  [ RunTime:0.000000s ]
SQL: SHOW COLUMNS FROM `pa_liveset` [ RunTime:0.015624s ]
SQL: SELECT * FROM `pa_liveset` LIMIT 1   [ RunTime:0.000000s ]

[ 2018-10-03T13:08:34+08:00 ] 171.43.222.119 /Index/block
INFO: [ app_init ] --START--
INFO: Run Behavior\BuildLiteBehavior [ RunTime:0.000000s ]
INFO: [ app_init ] --END-- [ RunTime:0.000000s ]
INFO: [ app_begin ] --START--
INFO: Run Behavior\ReadHtmlCacheBehavior [ RunTime:0.015625s ]
INFO: Run Behavior\CheckLangBehavior [ RunTime:0.000000s ]
INFO: [ app_begin ] --END-- [ RunTime:0.015625s ]
NOTIC: [8192] mysql_connect(): The mysql extension is deprecated and will be removed in the future: use mysqli or PDO instead E:\phpstudy\WWW\intelligencemine\ThinkPHP\Library\Think\Db\Driver\Mysql.class.php 第 52 行.
SQL: SHOW COLUMNS FROM `pa_personal` [ RunTime:0.000000s ]
SQL: SELECT * FROM `pa_personal` WHERE ( access_token = "7e85640c31f8847f9fdbc21bd3b98577" ) LIMIT 1   [ RunTime:0.000000s ]
SQL: SELECT COUNT(*) AS tp_count FROM `pa_personal` LIMIT 1   [ RunTime:0.000000s ]
SQL: SELECT COUNT(*) AS tp_count FROM `pa_personal` WHERE ( user_type != 1 ) LIMIT 1   [ RunTime:0.000000s ]
SQL: SHOW COLUMNS FROM `pa_ad` [ RunTime:0.015625s ]
SQL: SELECT `id`,`ad_link`,`ad_img` FROM `pa_ad` WHERE ( position = "blockworld" ) ORDER BY sort desc LIMIT 1   [ RunTime:0.000000s ]
SQL: SELECT `ad_link`,`ad_img` FROM `pa_ad` WHERE ( position = "banner" ) ORDER BY sort desc  [ RunTime:0.000000s ]
SQL: SHOW COLUMNS FROM pa_news n [ RunTime:0.000000s ]
ERR: 1064:You have an error in your SQL syntax; check the manual that corresponds to your MySQL server version for the right syntax to use near 'n' at line 1
 [ SQL语句 ] : SHOW COLUMNS FROM pa_news n
SQL: SELECT `title`,`id` FROM pa_news n INNER JOIN pa_category c on c.cid = n.cid  WHERE ( c.name = "城市公告" )  [ RunTime:0.000000s ]
SQL: SELECT `title`,`id` FROM pa_news n INNER JOIN pa_category c on c.cid = n.cid  WHERE ( c.name = "BlockWorld挖矿简介" )  [ RunTime:0.000000s ]
SQL: SHOW COLUMNS FROM `pa_liveset` [ RunTime:0.015624s ]
SQL: SELECT * FROM `pa_liveset` LIMIT 1   [ RunTime:0.000000s ]

[ 2018-10-03T13:08:35+08:00 ] 171.43.222.119 /index.php/Home/My/MyMessage/
INFO: [ app_init ] --START--
INFO: Run Behavior\BuildLiteBehavior [ RunTime:0.000000s ]
INFO: [ app_init ] --END-- [ RunTime:0.000000s ]
INFO: [ app_begin ] --START--
INFO: Run Behavior\ReadHtmlCacheBehavior [ RunTime:0.000000s ]
INFO: Run Behavior\CheckLangBehavior [ RunTime:0.000000s ]
INFO: [ app_begin ] --END-- [ RunTime:0.000000s ]
NOTIC: [8192] mysql_connect(): The mysql extension is deprecated and will be removed in the future: use mysqli or PDO instead E:\phpstudy\WWW\intelligencemine\ThinkPHP\Library\Think\Db\Driver\Mysql.class.php 第 52 行.
SQL: SHOW COLUMNS FROM `pa_personal` [ RunTime:0.000000s ]
SQL: SELECT `user_id`,`user_number`,`user_img`,`user_nickname`,`suanli`,`flowsuanli`,`mineral`,`identity`,`user_tel`,`payword`,`real_name` FROM `pa_personal` WHERE ( access_token = "7e85640c31f8847f9fdbc21bd3b98577" ) LIMIT 1   [ RunTime:0.000000s ]

[ 2018-10-03T16:17:40+08:00 ] 117.136.81.235 /index.php/Home/Login/login.html
INFO: [ app_init ] --START--
INFO: Run Behavior\BuildLiteBehavior [ RunTime:0.000000s ]
INFO: [ app_init ] --END-- [ RunTime:0.000000s ]
INFO: [ app_begin ] --START--
INFO: Run Behavior\ReadHtmlCacheBehavior [ RunTime:0.000000s ]
INFO: Run Behavior\CheckLangBehavior [ RunTime:0.000000s ]
INFO: [ app_begin ] --END-- [ RunTime:0.000000s ]
NOTIC: [8192] mysql_connect(): The mysql extension is deprecated and will be removed in the future: use mysqli or PDO instead E:\phpstudy\WWW\intelligencemine\ThinkPHP\Library\Think\Db\Driver\Mysql.class.php 第 52 行.
SQL: SHOW COLUMNS FROM `pa_personal` [ RunTime:0.000000s ]
SQL: SELECT * FROM `pa_personal` WHERE ( user_tel = "13971293303" and user_password = "73280f04c94f01a366051a66c267da1f" ) LIMIT 1   [ RunTime:0.000000s ]
SQL: UPDATE `pa_personal` SET `access_token`='893573a94a48cb3e0bd5ae39fe05ecfc',`user_logintime`=1538554660 WHERE ( user_id = "101" ) [ RunTime:0.000000s ]

[ 2018-10-03T16:17:42+08:00 ] 117.136.81.235 /index.php/Home/Index/category
INFO: [ app_init ] --START--
INFO: Run Behavior\BuildLiteBehavior [ RunTime:0.000000s ]
INFO: [ app_init ] --END-- [ RunTime:0.000000s ]
INFO: [ app_begin ] --START--
INFO: Run Behavior\ReadHtmlCacheBehavior [ RunTime:0.000000s ]
INFO: Run Behavior\CheckLangBehavior [ RunTime:0.000000s ]
INFO: [ app_begin ] --END-- [ RunTime:0.000000s ]
NOTIC: [8192] mysql_connect(): The mysql extension is deprecated and will be removed in the future: use mysqli or PDO instead E:\phpstudy\WWW\intelligencemine\ThinkPHP\Library\Think\Db\Driver\Mysql.class.php 第 52 行.
SQL: SHOW COLUMNS FROM `pa_category` [ RunTime:0.000000s ]
SQL: SELECT `cid`,`name` FROM `pa_category` WHERE ( type = "p" ) ORDER BY sort  [ RunTime:0.000000s ]

[ 2018-10-03T16:17:43+08:00 ] 117.136.81.235 /Index/block
INFO: [ app_init ] --START--
INFO: Run Behavior\BuildLiteBehavior [ RunTime:0.000000s ]
INFO: [ app_init ] --END-- [ RunTime:0.000000s ]
INFO: [ app_begin ] --START--
INFO: Run Behavior\ReadHtmlCacheBehavior [ RunTime:0.000000s ]
INFO: Run Behavior\CheckLangBehavior [ RunTime:0.000000s ]
INFO: [ app_begin ] --END-- [ RunTime:0.000000s ]
NOTIC: [8192] mysql_connect(): The mysql extension is deprecated and will be removed in the future: use mysqli or PDO instead E:\phpstudy\WWW\intelligencemine\ThinkPHP\Library\Think\Db\Driver\Mysql.class.php 第 52 行.
SQL: SHOW COLUMNS FROM `pa_personal` [ RunTime:0.015625s ]
SQL: SELECT * FROM `pa_personal` WHERE ( access_token = "893573a94a48cb3e0bd5ae39fe05ecfc" ) LIMIT 1   [ RunTime:0.000000s ]
SQL: SELECT COUNT(*) AS tp_count FROM `pa_personal` LIMIT 1   [ RunTime:0.000000s ]
SQL: SELECT COUNT(*) AS tp_count FROM `pa_personal` WHERE ( user_type != 1 ) LIMIT 1   [ RunTime:0.000000s ]
SQL: SHOW COLUMNS FROM `pa_ad` [ RunTime:0.000000s ]
SQL: SELECT `id`,`ad_link`,`ad_img` FROM `pa_ad` WHERE ( position = "blockworld" ) ORDER BY sort desc LIMIT 1   [ RunTime:0.000000s ]
SQL: SELECT `ad_link`,`ad_img` FROM `pa_ad` WHERE ( position = "banner" ) ORDER BY sort desc  [ RunTime:0.000000s ]
SQL: SHOW COLUMNS FROM pa_news n [ RunTime:0.000000s ]
ERR: 1064:You have an error in your SQL syntax; check the manual that corresponds to your MySQL server version for the right syntax to use near 'n' at line 1
 [ SQL语句 ] : SHOW COLUMNS FROM pa_news n
SQL: SELECT `title`,`id` FROM pa_news n INNER JOIN pa_category c on c.cid = n.cid  WHERE ( c.name = "城市公告" )  [ RunTime:0.015625s ]
SQL: SELECT `title`,`id` FROM pa_news n INNER JOIN pa_category c on c.cid = n.cid  WHERE ( c.name = "BlockWorld挖矿简介" )  [ RunTime:0.000000s ]
SQL: SHOW COLUMNS FROM `pa_liveset` [ RunTime:0.000000s ]
SQL: SELECT * FROM `pa_liveset` LIMIT 1   [ RunTime:0.000000s ]

[ 2018-10-03T16:17:46+08:00 ] 117.136.81.235 /index.php/Home/My/Sel_Bankcard
INFO: [ app_init ] --START--
INFO: Run Behavior\BuildLiteBehavior [ RunTime:0.000000s ]
INFO: [ app_init ] --END-- [ RunTime:0.000000s ]
INFO: [ app_begin ] --START--
INFO: Run Behavior\ReadHtmlCacheBehavior [ RunTime:0.000000s ]
INFO: Run Behavior\CheckLangBehavior [ RunTime:0.015625s ]
INFO: [ app_begin ] --END-- [ RunTime:0.015625s ]
NOTIC: [8192] mysql_connect(): The mysql extension is deprecated and will be removed in the future: use mysqli or PDO instead E:\phpstudy\WWW\intelligencemine\ThinkPHP\Library\Think\Db\Driver\Mysql.class.php 第 52 行.
SQL: SHOW COLUMNS FROM `pa_personal` [ RunTime:0.000000s ]
SQL: SELECT `user_id`,`user_password`,`payword` FROM `pa_personal` WHERE ( access_token = "893573a94a48cb3e0bd5ae39fe05ecfc" ) LIMIT 1   [ RunTime:0.000000s ]
SQL: SHOW COLUMNS FROM `pa_bankinfo` [ RunTime:0.015625s ]
SQL: SELECT * FROM `pa_bankinfo` WHERE ( user_id = "101" )  [ RunTime:0.000000s ]

[ 2018-10-03T16:17:47+08:00 ] 117.136.81.235 /index.php/Home/Index/buylist
INFO: [ app_init ] --START--
INFO: Run Behavior\BuildLiteBehavior [ RunTime:0.000000s ]
INFO: [ app_init ] --END-- [ RunTime:0.000000s ]
INFO: [ app_begin ] --START--
INFO: Run Behavior\ReadHtmlCacheBehavior [ RunTime:0.000000s ]
INFO: Run Behavior\CheckLangBehavior [ RunTime:0.000000s ]
INFO: [ app_begin ] --END-- [ RunTime:0.000000s ]
NOTIC: [8192] mysql_connect(): The mysql extension is deprecated and will be removed in the future: use mysqli or PDO instead E:\phpstudy\WWW\intelligencemine\ThinkPHP\Library\Think\Db\Driver\Mysql.class.php 第 52 行.
SQL: SHOW COLUMNS FROM `pa_ad` [ RunTime:0.000000s ]
SQL: SELECT `ad_img` FROM `pa_ad` WHERE ( position = "shop" ) ORDER BY sort desc  [ RunTime:0.000000s ]
SQL: SHOW COLUMNS FROM `pa_liveset` [ RunTime:0.015625s ]
SQL: SELECT * FROM `pa_liveset` LIMIT 1   [ RunTime:0.000000s ]
SQL: SHOW COLUMNS FROM pa_product p [ RunTime:0.000000s ]
ERR: 1064:You have an error in your SQL syntax; check the manual that corresponds to your MySQL server version for the right syntax to use near 'p' at line 1
 [ SQL语句 ] : SHOW COLUMNS FROM pa_product p
SQL: SELECT p.id,p.title,p.price,p.image_id FROM pa_product p WHERE ( `cid` = '13' )  [ RunTime:0.000000s ]
SQL: SHOW COLUMNS FROM `pa_images` [ RunTime:0.015625s ]
SQL: SELECT * FROM `pa_images` WHERE ( id = "189" ) LIMIT 1   [ RunTime:0.000000s ]

[ 2018-10-03T16:17:49+08:00 ] 117.136.81.235 /index.php/Home/Index/buylist
INFO: [ app_init ] --START--
INFO: Run Behavior\BuildLiteBehavior [ RunTime:0.000000s ]
INFO: [ app_init ] --END-- [ RunTime:0.000000s ]
INFO: [ app_begin ] --START--
INFO: Run Behavior\ReadHtmlCacheBehavior [ RunTime:0.000000s ]
INFO: Run Behavior\CheckLangBehavior [ RunTime:0.000000s ]
INFO: [ app_begin ] --END-- [ RunTime:0.000000s ]
NOTIC: [8192] mysql_connect(): The mysql extension is deprecated and will be removed in the future: use mysqli or PDO instead E:\phpstudy\WWW\intelligencemine\ThinkPHP\Library\Think\Db\Driver\Mysql.class.php 第 52 行.
SQL: SHOW COLUMNS FROM `pa_ad` [ RunTime:0.000000s ]
SQL: SELECT `ad_img` FROM `pa_ad` WHERE ( position = "shop" ) ORDER BY sort desc  [ RunTime:0.000000s ]
SQL: SHOW COLUMNS FROM `pa_liveset` [ RunTime:0.015626s ]
SQL: SELECT * FROM `pa_liveset` LIMIT 1   [ RunTime:0.000000s ]
SQL: SHOW COLUMNS FROM pa_product p [ RunTime:0.000000s ]
ERR: 1064:You have an error in your SQL syntax; check the manual that corresponds to your MySQL server version for the right syntax to use near 'p' at line 1
 [ SQL语句 ] : SHOW COLUMNS FROM pa_product p
SQL: SELECT p.id,p.title,p.price,p.image_id FROM pa_product p WHERE ( `cid` = '14' )  [ RunTime:0.000000s ]
SQL: SHOW COLUMNS FROM `pa_images` [ RunTime:0.000000s ]
SQL: SELECT * FROM `pa_images` WHERE ( id = "202" ) LIMIT 1   [ RunTime:0.000000s ]
SQL: SELECT * FROM `pa_images` WHERE ( id = "200" ) LIMIT 1   [ RunTime:0.000000s ]
SQL: SELECT * FROM `pa_images` WHERE ( id = "201" ) LIMIT 1   [ RunTime:0.000000s ]
SQL: SELECT * FROM `pa_images` WHERE ( id = "193" ) LIMIT 1   [ RunTime:0.000000s ]
SQL: SELECT * FROM `pa_images` WHERE ( id = "194" ) LIMIT 1   [ RunTime:0.015625s ]
SQL: SELECT * FROM `pa_images` WHERE ( id = "195" ) LIMIT 1   [ RunTime:0.000000s ]
SQL: SELECT * FROM `pa_images` WHERE ( id = "196" ) LIMIT 1   [ RunTime:0.000000s ]
SQL: SELECT * FROM `pa_images` WHERE ( id = "197" ) LIMIT 1   [ RunTime:0.000000s ]
SQL: SELECT * FROM `pa_images` WHERE ( id = "198" ) LIMIT 1   [ RunTime:0.000000s ]
SQL: SELECT * FROM `pa_images` WHERE ( id = "199" ) LIMIT 1   [ RunTime:0.000000s ]
SQL: SELECT * FROM `pa_images` WHERE ( id = "203" ) LIMIT 1   [ RunTime:0.000000s ]
SQL: SELECT * FROM `pa_images` WHERE ( id = "204" ) LIMIT 1   [ RunTime:0.000000s ]
SQL: SELECT * FROM `pa_images` WHERE ( id = "205" ) LIMIT 1   [ RunTime:0.000000s ]
SQL: SELECT * FROM `pa_images` WHERE ( id = "206" ) LIMIT 1   [ RunTime:0.000000s ]
SQL: SELECT * FROM `pa_images` WHERE ( id = "207" ) LIMIT 1   [ RunTime:0.000000s ]
SQL: SELECT * FROM `pa_images` WHERE ( id = "208" ) LIMIT 1   [ RunTime:0.000000s ]
SQL: SELECT * FROM `pa_images` WHERE ( id = "209" ) LIMIT 1   [ RunTime:0.000000s ]
SQL: SELECT * FROM `pa_images` WHERE ( id = "210" ) LIMIT 1   [ RunTime:0.000000s ]
SQL: SELECT * FROM `pa_images` WHERE ( id = "211" ) LIMIT 1   [ RunTime:0.000000s ]
SQL: SELECT * FROM `pa_images` WHERE ( id = "212" ) LIMIT 1   [ RunTime:0.000000s ]

[ 2018-10-03T16:17:50+08:00 ] 117.136.81.235 /index.php/Home/My/Sel_Bankcard
INFO: [ app_init ] --START--
INFO: Run Behavior\BuildLiteBehavior [ RunTime:0.000000s ]
INFO: [ app_init ] --END-- [ RunTime:0.000000s ]
INFO: [ app_begin ] --START--
INFO: Run Behavior\ReadHtmlCacheBehavior [ RunTime:0.000000s ]
INFO: Run Behavior\CheckLangBehavior [ RunTime:0.000000s ]
INFO: [ app_begin ] --END-- [ RunTime:0.000000s ]
NOTIC: [8192] mysql_connect(): The mysql extension is deprecated and will be removed in the future: use mysqli or PDO instead E:\phpstudy\WWW\intelligencemine\ThinkPHP\Library\Think\Db\Driver\Mysql.class.php 第 52 行.
SQL: SHOW COLUMNS FROM `pa_personal` [ RunTime:0.000000s ]
SQL: SELECT `user_id`,`user_password`,`payword` FROM `pa_personal` WHERE ( access_token = "893573a94a48cb3e0bd5ae39fe05ecfc" ) LIMIT 1   [ RunTime:0.000000s ]
SQL: SHOW COLUMNS FROM `pa_bankinfo` [ RunTime:0.015625s ]
SQL: SELECT * FROM `pa_bankinfo` WHERE ( user_id = "101" )  [ RunTime:0.000000s ]

[ 2018-10-03T16:17:52+08:00 ] 117.136.81.235 /index.php/Home/Index/shopdetail
INFO: [ app_init ] --START--
INFO: Run Behavior\BuildLiteBehavior [ RunTime:0.000000s ]
INFO: [ app_init ] --END-- [ RunTime:0.000000s ]
INFO: [ app_begin ] --START--
INFO: Run Behavior\ReadHtmlCacheBehavior [ RunTime:0.000000s ]
INFO: Run Behavior\CheckLangBehavior [ RunTime:0.000000s ]
INFO: [ app_begin ] --END-- [ RunTime:0.000000s ]
NOTIC: [8192] mysql_connect(): The mysql extension is deprecated and will be removed in the future: use mysqli or PDO instead E:\phpstudy\WWW\intelligencemine\ThinkPHP\Library\Think\Db\Driver\Mysql.class.php 第 52 行.
SQL: SHOW COLUMNS FROM `pa_liveset` [ RunTime:0.015625s ]
SQL: SELECT * FROM `pa_liveset` LIMIT 1   [ RunTime:0.000000s ]
SQL: SHOW COLUMNS FROM `pa_product` [ RunTime:0.000000s ]
SQL: SELECT `id`,`title`,`price`,`image_id`,`content` FROM `pa_product` WHERE ( id = "25" ) LIMIT 1   [ RunTime:0.000000s ]
SQL: SHOW COLUMNS FROM `pa_images` [ RunTime:0.015625s ]
SQL: SELECT * FROM `pa_images` WHERE ( id = "200" ) LIMIT 1   [ RunTime:0.000000s ]

