[ 2018-11-11T09:28:55+08:00 ] 127.0.0.1 /index.php/home/VIP/test
INFO: [ app_init ] --START--
INFO: Run Behavior\BuildLiteBehavior [ RunTime:0.000011s ]
INFO: [ app_init ] --END-- [ RunTime:0.000338s ]
INFO: [ app_begin ] --START--
INFO: Run Behavior\ReadHtmlCacheBehavior [ RunTime:0.000635s ]
INFO: Run Behavior\CheckLangBehavior [ RunTime:0.001002s ]
INFO: [ app_begin ] --END-- [ RunTime:0.001705s ]
ERR: 无法加载控制器:VIP

[ 2018-11-11T09:29:34+08:00 ] 127.0.0.1 /index.php/home/VIP/test
INFO: [ app_init ] --START--
INFO: Run Behavior\BuildLiteBehavior [ RunTime:0.000018s ]
INFO: [ app_init ] --END-- [ RunTime:0.000510s ]
INFO: [ app_begin ] --START--
INFO: Run Behavior\ReadHtmlCacheBehavior [ RunTime:0.001011s ]
INFO: Run Behavior\CheckLangBehavior [ RunTime:0.001616s ]
INFO: [ app_begin ] --END-- [ RunTime:0.002770s ]
ERR: 无法加载控制器:VIP

[ 2018-11-11T09:29:42+08:00 ] 127.0.0.1 /index.php/home/VIP/test
INFO: [ app_init ] --START--
INFO: Run Behavior\BuildLiteBehavior [ RunTime:0.000017s ]
INFO: [ app_init ] --END-- [ RunTime:0.000538s ]
INFO: [ app_begin ] --START--
INFO: Run Behavior\ReadHtmlCacheBehavior [ RunTime:0.000681s ]
INFO: Run Behavior\CheckLangBehavior [ RunTime:0.003290s ]
INFO: [ app_begin ] --END-- [ RunTime:0.004102s ]
ERR: 无法加载控制器:VIP

[ 2018-11-11T09:29:43+08:00 ] 127.0.0.1 /index.php/home/VIP/test
INFO: [ app_init ] --START--
INFO: Run Behavior\BuildLiteBehavior [ RunTime:0.000018s ]
INFO: [ app_init ] --END-- [ RunTime:0.000544s ]
INFO: [ app_begin ] --START--
INFO: Run Behavior\ReadHtmlCacheBehavior [ RunTime:0.001822s ]
INFO: Run Behavior\CheckLangBehavior [ RunTime:0.001813s ]
INFO: [ app_begin ] --END-- [ RunTime:0.003843s ]
ERR: 无法加载控制器:VIP

[ 2018-11-11T09:32:59+08:00 ] 127.0.0.1 /index.php/home/VIP/test
INFO: [ app_init ] --START--
INFO: Run Behavior\BuildLiteBehavior [ RunTime:0.000027s ]
INFO: [ app_init ] --END-- [ RunTime:0.000603s ]
INFO: [ app_begin ] --START--
INFO: Run Behavior\ReadHtmlCacheBehavior [ RunTime:0.000951s ]
INFO: Run Behavior\CheckLangBehavior [ RunTime:0.004524s ]
INFO: [ app_begin ] --END-- [ RunTime:0.005960s ]
ERR: 无法加载控制器:VIP

[ 2018-11-11T09:34:40+08:00 ] 127.0.0.1 /
INFO: [ app_init ] --START--
INFO: Run Behavior\BuildLiteBehavior [ RunTime:0.000016s ]
INFO: [ app_init ] --END-- [ RunTime:0.000390s ]
INFO: [ app_begin ] --START--
INFO: Run Behavior\ReadHtmlCacheBehavior [ RunTime:0.000514s ]
INFO: Run Behavior\CheckLangBehavior [ RunTime:0.000804s ]
INFO: [ app_begin ] --END-- [ RunTime:0.001393s ]

[ 2018-11-11T09:34:52+08:00 ] 127.0.0.1 /admin
INFO: [ app_init ] --START--
INFO: Run Behavior\BuildLiteBehavior [ RunTime:0.000018s ]
INFO: [ app_init ] --END-- [ RunTime:0.000352s ]
INFO: [ app_begin ] --START--
INFO: Run Behavior\ReadHtmlCacheBehavior [ RunTime:0.000446s ]
INFO: Run Behavior\CheckLangBehavior [ RunTime:0.000746s ]
INFO: [ app_begin ] --END-- [ RunTime:0.001300s ]
ERR: 无法加载控制器:Admin

[ 2018-11-11T09:35:01+08:00 ] 127.0.0.1 /index.php/admin
INFO: [ app_init ] --START--
INFO: Run Behavior\BuildLiteBehavior [ RunTime:0.000012s ]
INFO: [ app_init ] --END-- [ RunTime:0.000301s ]
INFO: [ app_begin ] --START--
INFO: Run Behavior\ReadHtmlCacheBehavior [ RunTime:0.000451s ]
INFO: Run Behavior\CheckLangBehavior [ RunTime:0.000703s ]
INFO: [ app_begin ] --END-- [ RunTime:0.001243s ]
ERR: 无法加载控制器:Admin

[ 2018-11-11T09:35:07+08:00 ] 127.0.0.1 /index.php/admin
INFO: [ app_init ] --START--
INFO: Run Behavior\BuildLiteBehavior [ RunTime:0.000055s ]
INFO: [ app_init ] --END-- [ RunTime:0.000564s ]
INFO: [ app_begin ] --START--
INFO: Run Behavior\ReadHtmlCacheBehavior [ RunTime:0.000430s ]
INFO: Run Behavior\CheckLangBehavior [ RunTime:0.000620s ]
INFO: [ app_begin ] --END-- [ RunTime:0.001128s ]
ERR: 无法加载控制器:Admin

[ 2018-11-11T09:35:57+08:00 ] 127.0.0.1 /index.php/home
INFO: [ app_init ] --START--
INFO: Run Behavior\BuildLiteBehavior [ RunTime:0.000012s ]
INFO: [ app_init ] --END-- [ RunTime:0.000290s ]
INFO: [ app_begin ] --START--
INFO: Run Behavior\ReadHtmlCacheBehavior [ RunTime:0.000563s ]
INFO: Run Behavior\CheckLangBehavior [ RunTime:0.000702s ]
INFO: [ app_begin ] --END-- [ RunTime:0.001358s ]

[ 2018-11-11T09:38:31+08:00 ] 127.0.0.1 /index.php/home
INFO: [ app_init ] --START--
INFO: Run Behavior\BuildLiteBehavior [ RunTime:0.000011s ]
INFO: [ app_init ] --END-- [ RunTime:0.000317s ]
INFO: [ app_begin ] --START--
INFO: Run Behavior\ReadHtmlCacheBehavior [ RunTime:0.000529s ]
INFO: Run Behavior\CheckLangBehavior [ RunTime:0.000756s ]
INFO: [ app_begin ] --END-- [ RunTime:0.001357s ]

[ 2018-11-11T09:38:36+08:00 ] 127.0.0.1 /index.php/home
INFO: [ app_init ] --START--
INFO: Run Behavior\BuildLiteBehavior [ RunTime:0.000011s ]
INFO: [ app_init ] --END-- [ RunTime:0.000268s ]
INFO: [ app_begin ] --START--
INFO: Run Behavior\ReadHtmlCacheBehavior [ RunTime:0.000668s ]
INFO: Run Behavior\CheckLangBehavior [ RunTime:0.000704s ]
INFO: [ app_begin ] --END-- [ RunTime:0.001473s ]

[ 2018-11-11T09:38:37+08:00 ] 127.0.0.1 /index.php/home
INFO: [ app_init ] --START--
INFO: Run Behavior\BuildLiteBehavior [ RunTime:0.000014s ]
INFO: [ app_init ] --END-- [ RunTime:0.000332s ]
INFO: [ app_begin ] --START--
INFO: Run Behavior\ReadHtmlCacheBehavior [ RunTime:0.000513s ]
INFO: Run Behavior\CheckLangBehavior [ RunTime:0.000686s ]
INFO: [ app_begin ] --END-- [ RunTime:0.001280s ]

[ 2018-11-11T09:38:47+08:00 ] 127.0.0.1 /index.php/home/
INFO: [ app_init ] --START--
INFO: Run Behavior\BuildLiteBehavior [ RunTime:0.000023s ]
INFO: [ app_init ] --END-- [ RunTime:0.000444s ]
INFO: [ app_begin ] --START--
INFO: Run Behavior\ReadHtmlCacheBehavior [ RunTime:0.000501s ]
INFO: Run Behavior\CheckLangBehavior [ RunTime:0.000650s ]
INFO: [ app_begin ] --END-- [ RunTime:0.001260s ]

[ 2018-11-11T09:39:00+08:00 ] 127.0.0.1 /index.php/home/d
INFO: [ app_init ] --START--
INFO: Run Behavior\BuildLiteBehavior [ RunTime:0.000017s ]
INFO: [ app_init ] --END-- [ RunTime:0.000448s ]
INFO: [ app_begin ] --START--
INFO: Run Behavior\ReadHtmlCacheBehavior [ RunTime:0.000657s ]
INFO: Run Behavior\CheckLangBehavior [ RunTime:0.000860s ]
INFO: [ app_begin ] --END-- [ RunTime:0.001626s ]
ERR: 无法加载控制器:D

[ 2018-11-11T09:41:01+08:00 ] 127.0.0.1 /index.php/admin
INFO: [ app_init ] --START--
INFO: Run Behavior\BuildLiteBehavior [ RunTime:0.000010s ]
INFO: [ app_init ] --END-- [ RunTime:0.000295s ]
INFO: [ app_begin ] --START--
INFO: Run Behavior\ReadHtmlCacheBehavior [ RunTime:0.000470s ]
INFO: Run Behavior\CheckLangBehavior [ RunTime:0.000716s ]
INFO: [ app_begin ] --END-- [ RunTime:0.001251s ]
ERR: 无法加载控制器:Admin

[ 2018-11-11T09:43:44+08:00 ] 127.0.0.1 /index.php/admin
INFO: [ app_init ] --START--
INFO: Run Behavior\BuildLiteBehavior [ RunTime:0.000010s ]
INFO: [ app_init ] --END-- [ RunTime:0.000335s ]
INFO: [ app_begin ] --START--
INFO: Run Behavior\ReadHtmlCacheBehavior [ RunTime:0.000490s ]
INFO: Run Behavior\CheckLangBehavior [ RunTime:0.000700s ]
INFO: [ app_begin ] --END-- [ RunTime:0.001255s ]
ERR: 无法加载控制器:Admin

[ 2018-11-11T09:44:09+08:00 ] 127.0.0.1 /index.php/home
INFO: [ app_init ] --START--
INFO: Run Behavior\BuildLiteBehavior [ RunTime:0.000011s ]
INFO: [ app_init ] --END-- [ RunTime:0.000280s ]
INFO: [ app_begin ] --START--
INFO: Run Behavior\ReadHtmlCacheBehavior [ RunTime:0.000423s ]
INFO: Run Behavior\CheckLangBehavior [ RunTime:0.000735s ]
INFO: [ app_begin ] --END-- [ RunTime:0.001237s ]

[ 2018-11-11T09:44:48+08:00 ] 127.0.0.1 /index.php/home
INFO: [ app_init ] --START--
INFO: Run Behavior\BuildLiteBehavior [ RunTime:0.000015s ]
INFO: [ app_init ] --END-- [ RunTime:0.000407s ]
INFO: [ app_begin ] --START--
INFO: Run Behavior\ReadHtmlCacheBehavior [ RunTime:0.000431s ]
INFO: Run Behavior\CheckLangBehavior [ RunTime:0.000618s ]
INFO: [ app_begin ] --END-- [ RunTime:0.001119s ]

[ 2018-11-11T09:44:51+08:00 ] 127.0.0.1 /index.php/home
INFO: [ app_init ] --START--
INFO: Run Behavior\BuildLiteBehavior [ RunTime:0.000034s ]
INFO: [ app_init ] --END-- [ RunTime:0.000508s ]
INFO: [ app_begin ] --START--
INFO: Run Behavior\ReadHtmlCacheBehavior [ RunTime:0.000480s ]
INFO: Run Behavior\CheckLangBehavior [ RunTime:0.000736s ]
INFO: [ app_begin ] --END-- [ RunTime:0.001306s ]

[ 2018-11-11T09:44:51+08:00 ] 127.0.0.1 /index.php/home
INFO: [ app_init ] --START--
INFO: Run Behavior\BuildLiteBehavior [ RunTime:0.000017s ]
INFO: [ app_init ] --END-- [ RunTime:0.000600s ]
INFO: [ app_begin ] --START--
INFO: Run Behavior\ReadHtmlCacheBehavior [ RunTime:0.000958s ]
INFO: Run Behavior\CheckLangBehavior [ RunTime:0.001005s ]
INFO: [ app_begin ] --END-- [ RunTime:0.002108s ]

[ 2018-11-11T09:44:51+08:00 ] 127.0.0.1 /index.php/home
INFO: [ app_init ] --START--
INFO: Run Behavior\BuildLiteBehavior [ RunTime:0.000015s ]
INFO: [ app_init ] --END-- [ RunTime:0.000290s ]
INFO: [ app_begin ] --START--
INFO: Run Behavior\ReadHtmlCacheBehavior [ RunTime:0.000442s ]
INFO: Run Behavior\CheckLangBehavior [ RunTime:0.000639s ]
INFO: [ app_begin ] --END-- [ RunTime:0.001154s ]

[ 2018-11-11T09:44:52+08:00 ] 127.0.0.1 /index.php/home
INFO: [ app_init ] --START--
INFO: Run Behavior\BuildLiteBehavior [ RunTime:0.000015s ]
INFO: [ app_init ] --END-- [ RunTime:0.000382s ]
INFO: [ app_begin ] --START--
INFO: Run Behavior\ReadHtmlCacheBehavior [ RunTime:0.000437s ]
INFO: Run Behavior\CheckLangBehavior [ RunTime:0.000634s ]
INFO: [ app_begin ] --END-- [ RunTime:0.001141s ]

[ 2018-11-11T09:44:52+08:00 ] 127.0.0.1 /index.php/home
INFO: [ app_init ] --START--
INFO: Run Behavior\BuildLiteBehavior [ RunTime:0.000017s ]
INFO: [ app_init ] --END-- [ RunTime:0.000411s ]
INFO: [ app_begin ] --START--
INFO: Run Behavior\ReadHtmlCacheBehavior [ RunTime:0.000596s ]
INFO: Run Behavior\CheckLangBehavior [ RunTime:0.000869s ]
INFO: [ app_begin ] --END-- [ RunTime:0.001564s ]

[ 2018-11-11T09:44:52+08:00 ] 127.0.0.1 /index.php/home
INFO: [ app_init ] --START--
INFO: Run Behavior\BuildLiteBehavior [ RunTime:0.000010s ]
INFO: [ app_init ] --END-- [ RunTime:0.000281s ]
INFO: [ app_begin ] --START--
INFO: Run Behavior\ReadHtmlCacheBehavior [ RunTime:0.000626s ]
INFO: Run Behavior\CheckLangBehavior [ RunTime:0.000825s ]
INFO: [ app_begin ] --END-- [ RunTime:0.001583s ]

[ 2018-11-11T09:45:13+08:00 ] 127.0.0.1 /index.php/home
INFO: [ app_init ] --START--
INFO: Run Behavior\BuildLiteBehavior [ RunTime:0.000020s ]
INFO: [ app_init ] --END-- [ RunTime:0.000415s ]
INFO: [ app_begin ] --START--
INFO: Run Behavior\ReadHtmlCacheBehavior [ RunTime:0.000660s ]
INFO: Run Behavior\CheckLangBehavior [ RunTime:0.000949s ]
INFO: [ app_begin ] --END-- [ RunTime:0.001745s ]
NOTIC: [8] Undefined index: activity_type D:\Tools\phpStudy\PHPTutorial\WWW\zxk\Application\Home\Controller\IndexController.class.php 第 19 行.
NOTIC: [8] Undefined variable: type D:\Tools\phpStudy\PHPTutorial\WWW\zxk\Application\Home\Controller\IndexController.class.php 第 20 行.
NOTIC: [8192] mysql_connect(): The mysql extension is deprecated and will be removed in the future: use mysqli or PDO instead D:\Tools\phpStudy\PHPTutorial\WWW\zxk\ThinkPHP\Library\Think\Db\Driver\Mysql.class.php 第 52 行.
SQL: SHOW COLUMNS FROM `pa_task` [ RunTime:0.006365s ]
SQL: SELECT * FROM `pa_task` WHERE ( activity_type )  [ RunTime:0.000232s ]

[ 2018-11-11T09:45:19+08:00 ] 127.0.0.1 /index.php/admin
INFO: [ app_init ] --START--
INFO: Run Behavior\BuildLiteBehavior [ RunTime:0.000013s ]
INFO: [ app_init ] --END-- [ RunTime:0.000317s ]
INFO: [ app_begin ] --START--
INFO: Run Behavior\ReadHtmlCacheBehavior [ RunTime:0.000429s ]
INFO: Run Behavior\CheckLangBehavior [ RunTime:0.000620s ]
INFO: [ app_begin ] --END-- [ RunTime:0.001118s ]
ERR: 无法加载控制器:Admin

[ 2018-11-11T09:45:21+08:00 ] 127.0.0.1 /index.php/home
INFO: [ app_init ] --START--
INFO: Run Behavior\BuildLiteBehavior [ RunTime:0.000066s ]
INFO: [ app_init ] --END-- [ RunTime:0.000726s ]
INFO: [ app_begin ] --START--
INFO: Run Behavior\ReadHtmlCacheBehavior [ RunTime:0.000437s ]
INFO: Run Behavior\CheckLangBehavior [ RunTime:0.000622s ]
INFO: [ app_begin ] --END-- [ RunTime:0.001133s ]
NOTIC: [8] Undefined index: activity_type D:\Tools\phpStudy\PHPTutorial\WWW\zxk\Application\Home\Controller\IndexController.class.php 第 19 行.
NOTIC: [8] Undefined variable: type D:\Tools\phpStudy\PHPTutorial\WWW\zxk\Application\Home\Controller\IndexController.class.php 第 20 行.
NOTIC: [8192] mysql_connect(): The mysql extension is deprecated and will be removed in the future: use mysqli or PDO instead D:\Tools\phpStudy\PHPTutorial\WWW\zxk\ThinkPHP\Library\Think\Db\Driver\Mysql.class.php 第 52 行.
SQL: SHOW COLUMNS FROM `pa_task` [ RunTime:0.004935s ]
SQL: SELECT * FROM `pa_task` WHERE ( activity_type )  [ RunTime:0.000245s ]

[ 2018-11-11T09:47:14+08:00 ] 127.0.0.1 /index.php/admin
INFO: [ app_init ] --START--
INFO: Run Behavior\BuildLiteBehavior [ RunTime:0.000013s ]
INFO: [ app_init ] --END-- [ RunTime:0.000346s ]
INFO: [ app_begin ] --START--
INFO: Run Behavior\ReadHtmlCacheBehavior [ RunTime:0.000538s ]
INFO: Run Behavior\CheckLangBehavior [ RunTime:0.000837s ]
INFO: [ app_begin ] --END-- [ RunTime:0.001451s ]
ERR: 无法加载控制器:Admin

[ 2018-11-11T09:47:27+08:00 ] 127.0.0.1 /index.php/home/d
INFO: [ app_init ] --START--
INFO: Run Behavior\BuildLiteBehavior [ RunTime:0.000011s ]
INFO: [ app_init ] --END-- [ RunTime:0.000272s ]
INFO: [ app_begin ] --START--
INFO: Run Behavior\ReadHtmlCacheBehavior [ RunTime:0.000502s ]
INFO: Run Behavior\CheckLangBehavior [ RunTime:0.000739s ]
INFO: [ app_begin ] --END-- [ RunTime:0.001351s ]
ERR: 无法加载控制器:D

[ 2018-11-11T09:47:33+08:00 ] 127.0.0.1 /index.php/home/
INFO: [ app_init ] --START--
INFO: Run Behavior\BuildLiteBehavior [ RunTime:0.000016s ]
INFO: [ app_init ] --END-- [ RunTime:0.000406s ]
INFO: [ app_begin ] --START--
INFO: Run Behavior\ReadHtmlCacheBehavior [ RunTime:0.000503s ]
INFO: Run Behavior\CheckLangBehavior [ RunTime:0.000700s ]
INFO: [ app_begin ] --END-- [ RunTime:0.001293s ]
NOTIC: [8] Undefined index: activity_type D:\Tools\phpStudy\PHPTutorial\WWW\zxk\Application\Home\Controller\IndexController.class.php 第 19 行.
NOTIC: [8] Undefined variable: type D:\Tools\phpStudy\PHPTutorial\WWW\zxk\Application\Home\Controller\IndexController.class.php 第 20 行.
NOTIC: [8192] mysql_connect(): The mysql extension is deprecated and will be removed in the future: use mysqli or PDO instead D:\Tools\phpStudy\PHPTutorial\WWW\zxk\ThinkPHP\Library\Think\Db\Driver\Mysql.class.php 第 52 行.
SQL: SHOW COLUMNS FROM `pa_task` [ RunTime:0.005808s ]
SQL: SELECT * FROM `pa_task` WHERE ( activity_type )  [ RunTime:0.000250s ]

[ 2018-11-11T09:52:38+08:00 ] 127.0.0.1 /index.php/home/?type=1
INFO: [ app_init ] --START--
INFO: Run Behavior\BuildLiteBehavior [ RunTime:0.000022s ]
INFO: [ app_init ] --END-- [ RunTime:0.000680s ]
INFO: [ app_begin ] --START--
INFO: Run Behavior\ReadHtmlCacheBehavior [ RunTime:0.000573s ]
INFO: Run Behavior\CheckLangBehavior [ RunTime:0.000836s ]
INFO: [ app_begin ] --END-- [ RunTime:0.001505s ]
NOTIC: [8] Undefined index: activity_type D:\Tools\phpStudy\PHPTutorial\WWW\zxk\Application\Home\Controller\IndexController.class.php 第 19 行.
NOTIC: [8] Undefined variable: type D:\Tools\phpStudy\PHPTutorial\WWW\zxk\Application\Home\Controller\IndexController.class.php 第 20 行.
NOTIC: [8192] mysql_connect(): The mysql extension is deprecated and will be removed in the future: use mysqli or PDO instead D:\Tools\phpStudy\PHPTutorial\WWW\zxk\ThinkPHP\Library\Think\Db\Driver\Mysql.class.php 第 52 行.
SQL: SHOW COLUMNS FROM `pa_task` [ RunTime:0.004975s ]
SQL: SELECT * FROM `pa_task` WHERE ( activity_type )  [ RunTime:0.000254s ]

[ 2018-11-11T09:54:20+08:00 ] 127.0.0.1 /index.php/home/?type=1
INFO: [ app_init ] --START--
INFO: Run Behavior\BuildLiteBehavior [ RunTime:0.000016s ]
INFO: [ app_init ] --END-- [ RunTime:0.000328s ]
INFO: [ app_begin ] --START--
INFO: Run Behavior\ReadHtmlCacheBehavior [ RunTime:0.001541s ]
INFO: Run Behavior\CheckLangBehavior [ RunTime:0.001016s ]
INFO: [ app_begin ] --END-- [ RunTime:0.002792s ]
NOTIC: [8] Undefined index: activity_type D:\Tools\phpStudy\PHPTutorial\WWW\zxk\Application\Home\Controller\IndexController.class.php 第 19 行.
NOTIC: [8] Undefined variable: type D:\Tools\phpStudy\PHPTutorial\WWW\zxk\Application\Home\Controller\IndexController.class.php 第 20 行.
NOTIC: [8192] mysql_connect(): The mysql extension is deprecated and will be removed in the future: use mysqli or PDO instead D:\Tools\phpStudy\PHPTutorial\WWW\zxk\ThinkPHP\Library\Think\Db\Driver\Mysql.class.php 第 52 行.
SQL: SHOW COLUMNS FROM `pa_task` [ RunTime:0.004755s ]
SQL: SELECT * FROM `pa_task` WHERE ( activity_type )  [ RunTime:0.000222s ]

[ 2018-11-11T10:13:55+08:00 ] 127.0.0.1 /index.php/admin
INFO: [ app_init ] --START--
INFO: Run Behavior\BuildLiteBehavior [ RunTime:0.000012s ]
INFO: [ app_init ] --END-- [ RunTime:0.000330s ]
INFO: [ app_begin ] --START--
INFO: Run Behavior\ReadHtmlCacheBehavior [ RunTime:0.000513s ]
INFO: Run Behavior\CheckLangBehavior [ RunTime:0.000749s ]
INFO: [ app_begin ] --END-- [ RunTime:0.001332s ]
ERR: 无法加载控制器:Admin

[ 2018-11-11T10:14:09+08:00 ] 127.0.0.1 /index.php/admin/index.php
INFO: [ app_init ] --START--
INFO: Run Behavior\BuildLiteBehavior [ RunTime:0.000011s ]
INFO: [ app_init ] --END-- [ RunTime:0.000273s ]
INFO: [ app_begin ] --START--
INFO: Run Behavior\ReadHtmlCacheBehavior [ RunTime:0.000441s ]
INFO: Run Behavior\CheckLangBehavior [ RunTime:0.000613s ]
INFO: [ app_begin ] --END-- [ RunTime:0.001121s ]
ERR: 无法加载控制器:Admin

[ 2018-11-11T10:14:16+08:00 ] 127.0.0.1 /index.php/admin/index
INFO: [ app_init ] --START--
INFO: Run Behavior\BuildLiteBehavior [ RunTime:0.000012s ]
INFO: [ app_init ] --END-- [ RunTime:0.000291s ]
INFO: [ app_begin ] --START--
INFO: Run Behavior\ReadHtmlCacheBehavior [ RunTime:0.000454s ]
INFO: Run Behavior\CheckLangBehavior [ RunTime:0.000583s ]
INFO: [ app_begin ] --END-- [ RunTime:0.001104s ]
ERR: 无法加载控制器:Admin

[ 2018-11-11T10:21:25+08:00 ] 127.0.0.1 /index.php/home/Viip/index
INFO: [ app_init ] --START--
INFO: Run Behavior\BuildLiteBehavior [ RunTime:0.000023s ]
INFO: [ app_init ] --END-- [ RunTime:0.000593s ]
INFO: [ app_begin ] --START--
INFO: Run Behavior\ReadHtmlCacheBehavior [ RunTime:0.000739s ]
INFO: Run Behavior\CheckLangBehavior [ RunTime:0.000892s ]
INFO: [ app_begin ] --END-- [ RunTime:0.001757s ]
ERR: 无法加载控制器:Viip

[ 2018-11-11T10:22:13+08:00 ] 127.0.0.1 /index.php/home/Viip/index?user_id=1&type=1
INFO: [ app_init ] --START--
INFO: Run Behavior\BuildLiteBehavior [ RunTime:0.000012s ]
INFO: [ app_init ] --END-- [ RunTime:0.000305s ]
INFO: [ app_begin ] --START--
INFO: Run Behavior\ReadHtmlCacheBehavior [ RunTime:0.000437s ]
INFO: Run Behavior\CheckLangBehavior [ RunTime:0.000619s ]
INFO: [ app_begin ] --END-- [ RunTime:0.001134s ]
ERR: 无法加载控制器:Viip

[ 2018-11-11T10:22:34+08:00 ] 127.0.0.1 /index.php/home/Vip/index?user_id=1&type=1
INFO: [ app_init ] --START--
INFO: Run Behavior\BuildLiteBehavior [ RunTime:0.000011s ]
INFO: [ app_init ] --END-- [ RunTime:0.000293s ]
INFO: [ app_begin ] --START--
INFO: Run Behavior\ReadHtmlCacheBehavior [ RunTime:0.000476s ]
INFO: Run Behavior\CheckLangBehavior [ RunTime:0.000686s ]
INFO: [ app_begin ] --END-- [ RunTime:0.001243s ]
NOTIC: [2048] Declaration of Home\Controller\VipController::show() should be compatible with Think\Controller::show($content, $charset = '', $contentType = '', $prefix = '') D:\Tools\phpStudy\PHPTutorial\WWW\zxk\Application\Home\Controller\VipController.class.php 第 130 行.
ERR: 非法操作:index

[ 2018-11-11T10:23:29+08:00 ] 127.0.0.1 /index.php/home/Vip/index?user_id=1&type=1
INFO: [ app_init ] --START--
INFO: Run Behavior\BuildLiteBehavior [ RunTime:0.000012s ]
INFO: [ app_init ] --END-- [ RunTime:0.000397s ]
INFO: [ app_begin ] --START--
INFO: Run Behavior\ReadHtmlCacheBehavior [ RunTime:0.000558s ]
INFO: Run Behavior\CheckLangBehavior [ RunTime:0.000855s ]
INFO: [ app_begin ] --END-- [ RunTime:0.001501s ]
NOTIC: [2048] Declaration of Home\Controller\VipController::show() should be compatible with Think\Controller::show($content, $charset = '', $contentType = '', $prefix = '') D:\Tools\phpStudy\PHPTutorial\WWW\zxk\Application\Home\Controller\VipController.class.php 第 130 行.
ERR: 非法操作:index

[ 2018-11-11T10:24:12+08:00 ] 127.0.0.1 /index.php/home/Vip/show_list
INFO: [ app_init ] --START--
INFO: Run Behavior\BuildLiteBehavior [ RunTime:0.000012s ]
INFO: [ app_init ] --END-- [ RunTime:0.000293s ]
INFO: [ app_begin ] --START--
INFO: Run Behavior\ReadHtmlCacheBehavior [ RunTime:0.000445s ]
INFO: Run Behavior\CheckLangBehavior [ RunTime:0.000624s ]
INFO: [ app_begin ] --END-- [ RunTime:0.001148s ]
NOTIC: [2048] Declaration of Home\Controller\VipController::show() should be compatible with Think\Controller::show($content, $charset = '', $contentType = '', $prefix = '') D:\Tools\phpStudy\PHPTutorial\WWW\zxk\Application\Home\Controller\VipController.class.php 第 130 行.
NOTIC: [8192] mysql_connect(): The mysql extension is deprecated and will be removed in the future: use mysqli or PDO instead D:\Tools\phpStudy\PHPTutorial\WWW\zxk\ThinkPHP\Library\Think\Db\Driver\Mysql.class.php 第 52 行.
SQL: SHOW COLUMNS FROM `pa_apply` [ RunTime:0.018422s ]
SQL: SELECT * FROM `pa_apply` WHERE ( `user_id` = 1 ) AND ( `state` = 0 )  [ RunTime:0.000576s ]

[ 2018-11-11T10:43:34+08:00 ] 127.0.0.1 /index.php/home/index/search
INFO: [ app_init ] --START--
INFO: Run Behavior\BuildLiteBehavior [ RunTime:0.000024s ]
INFO: [ app_init ] --END-- [ RunTime:0.000631s ]
INFO: [ app_begin ] --START--
INFO: Run Behavior\ReadHtmlCacheBehavior [ RunTime:0.000606s ]
INFO: Run Behavior\CheckLangBehavior [ RunTime:0.000798s ]
INFO: [ app_begin ] --END-- [ RunTime:0.001497s ]
NOTIC: [8] Undefined index: name D:\Tools\phpStudy\PHPTutorial\WWW\zxk\Application\Home\Controller\IndexController.class.php 第 12 行.
NOTIC: [8192] mysql_connect(): The mysql extension is deprecated and will be removed in the future: use mysqli or PDO instead D:\Tools\phpStudy\PHPTutorial\WWW\zxk\ThinkPHP\Library\Think\Db\Driver\Mysql.class.php 第 52 行.
SQL: SHOW COLUMNS FROM `pa_task` [ RunTime:0.005349s ]
SQL: SELECT * FROM `pa_task` WHERE ( $where )  [ RunTime:0.000684s ]
ERR: 1054:Unknown column '$where' in 'where clause'
 [ SQL语句 ] : SELECT * FROM `pa_task` WHERE ( $where ) 

[ 2018-11-11T10:44:16+08:00 ] 127.0.0.1 /index.php/home/index/index
INFO: [ app_init ] --START--
INFO: Run Behavior\BuildLiteBehavior [ RunTime:0.000012s ]
INFO: [ app_init ] --END-- [ RunTime:0.000294s ]
INFO: [ app_begin ] --START--
INFO: Run Behavior\ReadHtmlCacheBehavior [ RunTime:0.000516s ]
INFO: Run Behavior\CheckLangBehavior [ RunTime:0.000996s ]
INFO: [ app_begin ] --END-- [ RunTime:0.002395s ]
NOTIC: [8] Undefined index: activity_type D:\Tools\phpStudy\PHPTutorial\WWW\zxk\Application\Home\Controller\IndexController.class.php 第 19 行.
NOTIC: [8] Undefined variable: type D:\Tools\phpStudy\PHPTutorial\WWW\zxk\Application\Home\Controller\IndexController.class.php 第 20 行.
NOTIC: [8192] mysql_connect(): The mysql extension is deprecated and will be removed in the future: use mysqli or PDO instead D:\Tools\phpStudy\PHPTutorial\WWW\zxk\ThinkPHP\Library\Think\Db\Driver\Mysql.class.php 第 52 行.
SQL: SHOW COLUMNS FROM `pa_task` [ RunTime:0.005763s ]
SQL: SELECT * FROM `pa_task` WHERE ( activity_type )  [ RunTime:0.000260s ]

[ 2018-11-11T13:57:13+08:00 ] 127.0.0.1 /index.php/home/Login/register
INFO: [ app_init ] --START--
INFO: Run Behavior\BuildLiteBehavior [ RunTime:0.000026s ]
INFO: [ app_init ] --END-- [ RunTime:0.000668s ]
INFO: [ app_begin ] --START--
INFO: Run Behavior\ReadHtmlCacheBehavior [ RunTime:0.000647s ]
INFO: Run Behavior\CheckLangBehavior [ RunTime:0.000753s ]
INFO: [ app_begin ] --END-- [ RunTime:0.001481s ]

[ 2018-11-11T14:06:23+08:00 ] 127.0.0.1 /index.php/home/Login/login?tel=18525425722&password=123
INFO: [ app_init ] --START--
INFO: Run Behavior\BuildLiteBehavior [ RunTime:0.000012s ]
INFO: [ app_init ] --END-- [ RunTime:0.000318s ]
INFO: [ app_begin ] --START--
INFO: Run Behavior\ReadHtmlCacheBehavior [ RunTime:0.000533s ]
INFO: Run Behavior\CheckLangBehavior [ RunTime:0.000749s ]
INFO: [ app_begin ] --END-- [ RunTime:0.001355s ]

[ 2018-11-11T14:07:08+08:00 ] 127.0.0.1 /index.php/home/Login/login
INFO: [ app_init ] --START--
INFO: Run Behavior\BuildLiteBehavior [ RunTime:0.000012s ]
INFO: [ app_init ] --END-- [ RunTime:0.000286s ]
INFO: [ app_begin ] --START--
INFO: Run Behavior\ReadHtmlCacheBehavior [ RunTime:0.000443s ]
INFO: Run Behavior\CheckLangBehavior [ RunTime:0.000624s ]
INFO: [ app_begin ] --END-- [ RunTime:0.001143s ]

[ 2018-11-11T14:07:37+08:00 ] 127.0.0.1 /index.php/home/Login/login
INFO: [ app_init ] --START--
INFO: Run Behavior\BuildLiteBehavior [ RunTime:0.000012s ]
INFO: [ app_init ] --END-- [ RunTime:0.000308s ]
INFO: [ app_begin ] --START--
INFO: Run Behavior\ReadHtmlCacheBehavior [ RunTime:0.000487s ]
INFO: Run Behavior\CheckLangBehavior [ RunTime:0.000646s ]
INFO: [ app_begin ] --END-- [ RunTime:0.001217s ]
NOTIC: [8192] mysql_connect(): The mysql extension is deprecated and will be removed in the future: use mysqli or PDO instead D:\Tools\phpStudy\PHPTutorial\WWW\zxk\ThinkPHP\Library\Think\Db\Driver\Mysql.class.php 第 52 行.
SQL: SHOW COLUMNS FROM `pa_user` [ RunTime:0.004972s ]
SQL: SELECT * FROM `pa_user` WHERE ( tel = "18525425722" and password = "202cb962ac59075b964b07152d234b70" ) LIMIT 1   [ RunTime:0.000376s ]
NOTIC: [8] Undefined variable: re2 D:\Tools\phpStudy\PHPTutorial\WWW\zxk\Application\Home\Controller\LoginController.class.php 第 147 行.

[ 2018-11-11T14:10:19+08:00 ] 127.0.0.1 /index.php/home/Login/login
INFO: [ app_init ] --START--
INFO: Run Behavior\BuildLiteBehavior [ RunTime:0.000021s ]
INFO: [ app_init ] --END-- [ RunTime:0.001093s ]
INFO: [ app_begin ] --START--
INFO: Run Behavior\ReadHtmlCacheBehavior [ RunTime:0.000567s ]
INFO: Run Behavior\CheckLangBehavior [ RunTime:0.000788s ]
INFO: [ app_begin ] --END-- [ RunTime:0.001447s ]
NOTIC: [8192] mysql_connect(): The mysql extension is deprecated and will be removed in the future: use mysqli or PDO instead D:\Tools\phpStudy\PHPTutorial\WWW\zxk\ThinkPHP\Library\Think\Db\Driver\Mysql.class.php 第 52 行.
SQL: SHOW COLUMNS FROM `pa_user` [ RunTime:0.007538s ]
SQL: SELECT * FROM `pa_user` WHERE ( tel = "18525425722" and password = "202cb962ac59075b964b07152d234b70" ) LIMIT 1   [ RunTime:0.000371s ]
NOTIC: [8] Undefined variable: re2 D:\Tools\phpStudy\PHPTutorial\WWW\zxk\Application\Home\Controller\LoginController.class.php 第 147 行.

[ 2018-11-11T14:10:37+08:00 ] 127.0.0.1 /index.php/home/Login/login
INFO: [ app_init ] --START--
INFO: Run Behavior\BuildLiteBehavior [ RunTime:0.000021s ]
INFO: [ app_init ] --END-- [ RunTime:0.000488s ]
INFO: [ app_begin ] --START--
INFO: Run Behavior\ReadHtmlCacheBehavior [ RunTime:0.000454s ]
INFO: Run Behavior\CheckLangBehavior [ RunTime:0.000634s ]
INFO: [ app_begin ] --END-- [ RunTime:0.001171s ]
NOTIC: [8192] mysql_connect(): The mysql extension is deprecated and will be removed in the future: use mysqli or PDO instead D:\Tools\phpStudy\PHPTutorial\WWW\zxk\ThinkPHP\Library\Think\Db\Driver\Mysql.class.php 第 52 行.
SQL: SHOW COLUMNS FROM `pa_user` [ RunTime:0.004878s ]
SQL: SELECT * FROM `pa_user` WHERE ( tel = "18525425722" and password = "202cb962ac59075b964b07152d234b70" ) LIMIT 1   [ RunTime:0.000353s ]
NOTIC: [8] Undefined variable: re2 D:\Tools\phpStudy\PHPTutorial\WWW\zxk\Application\Home\Controller\LoginController.class.php 第 147 行.

[ 2018-11-11T14:11:43+08:00 ] 127.0.0.1 /index.php/home/Login/login
INFO: [ app_init ] --START--
INFO: Run Behavior\BuildLiteBehavior [ RunTime:0.000016s ]
INFO: [ app_init ] --END-- [ RunTime:0.000350s ]
INFO: [ app_begin ] --START--
INFO: Run Behavior\ReadHtmlCacheBehavior [ RunTime:0.000459s ]
INFO: Run Behavior\CheckLangBehavior [ RunTime:0.000656s ]
INFO: [ app_begin ] --END-- [ RunTime:0.001194s ]
NOTIC: [8192] mysql_connect(): The mysql extension is deprecated and will be removed in the future: use mysqli or PDO instead D:\Tools\phpStudy\PHPTutorial\WWW\zxk\ThinkPHP\Library\Think\Db\Driver\Mysql.class.php 第 52 行.
SQL: SHOW COLUMNS FROM `pa_user` [ RunTime:0.006546s ]
SQL: SELECT * FROM `pa_user` WHERE ( tel = "18525425722" and password = "202cb962ac59075b964b07152d234b70" ) LIMIT 1   [ RunTime:0.000594s ]

[ 2018-11-11T14:12:03+08:00 ] 127.0.0.1 /index.php/home/Login/login
INFO: [ app_init ] --START--
INFO: Run Behavior\BuildLiteBehavior [ RunTime:0.000018s ]
INFO: [ app_init ] --END-- [ RunTime:0.000340s ]
INFO: [ app_begin ] --START--
INFO: Run Behavior\ReadHtmlCacheBehavior [ RunTime:0.000457s ]
INFO: Run Behavior\CheckLangBehavior [ RunTime:0.000755s ]
INFO: [ app_begin ] --END-- [ RunTime:0.001305s ]
NOTIC: [8192] mysql_connect(): The mysql extension is deprecated and will be removed in the future: use mysqli or PDO instead D:\Tools\phpStudy\PHPTutorial\WWW\zxk\ThinkPHP\Library\Think\Db\Driver\Mysql.class.php 第 52 行.
SQL: SHOW COLUMNS FROM `pa_user` [ RunTime:0.004526s ]
SQL: SELECT * FROM `pa_user` WHERE ( tel = "18525425722" and password = "202cb962ac59075b964b07152d234b70" ) LIMIT 1   [ RunTime:0.000361s ]

[ 2018-11-11T14:12:18+08:00 ] 127.0.0.1 /index.php/home/Login/login
INFO: [ app_init ] --START--
INFO: Run Behavior\BuildLiteBehavior [ RunTime:0.000029s ]
INFO: [ app_init ] --END-- [ RunTime:0.000620s ]
INFO: [ app_begin ] --START--
INFO: Run Behavior\ReadHtmlCacheBehavior [ RunTime:0.000640s ]
INFO: Run Behavior\CheckLangBehavior [ RunTime:0.001272s ]
INFO: [ app_begin ] --END-- [ RunTime:0.002079s ]
NOTIC: [8192] mysql_connect(): The mysql extension is deprecated and will be removed in the future: use mysqli or PDO instead D:\Tools\phpStudy\PHPTutorial\WWW\zxk\ThinkPHP\Library\Think\Db\Driver\Mysql.class.php 第 52 行.
SQL: SHOW COLUMNS FROM `pa_user` [ RunTime:0.004408s ]
SQL: SELECT * FROM `pa_user` WHERE ( tel = "18525425722" and password = "202cb962ac59075b964b07152d234b70" ) LIMIT 1   [ RunTime:0.000341s ]

[ 2018-11-11T14:16:01+08:00 ] 127.0.0.1 /index.php/home/index/search
INFO: [ app_init ] --START--
INFO: Run Behavior\BuildLiteBehavior [ RunTime:0.000014s ]
INFO: [ app_init ] --END-- [ RunTime:0.000352s ]
INFO: [ app_begin ] --START--
INFO: Run Behavior\ReadHtmlCacheBehavior [ RunTime:0.000526s ]
INFO: Run Behavior\CheckLangBehavior [ RunTime:0.000771s ]
INFO: [ app_begin ] --END-- [ RunTime:0.001373s ]
NOTIC: [8] Undefined index: name D:\Tools\phpStudy\PHPTutorial\WWW\zxk\Application\Home\Controller\IndexController.class.php 第 12 行.
NOTIC: [8192] mysql_connect(): The mysql extension is deprecated and will be removed in the future: use mysqli or PDO instead D:\Tools\phpStudy\PHPTutorial\WWW\zxk\ThinkPHP\Library\Think\Db\Driver\Mysql.class.php 第 52 行.
SQL: SHOW COLUMNS FROM `pa_task` [ RunTime:0.005041s ]
SQL: SELECT * FROM `pa_task` WHERE ( $where )  [ RunTime:0.000175s ]
ERR: 1054:Unknown column '$where' in 'where clause'
 [ SQL语句 ] : SELECT * FROM `pa_task` WHERE ( $where ) 

[ 2018-11-11T14:17:06+08:00 ] 127.0.0.1 /index.php/home/Vip/show_list
INFO: [ app_init ] --START--
INFO: Run Behavior\BuildLiteBehavior [ RunTime:0.000012s ]
INFO: [ app_init ] --END-- [ RunTime:0.000302s ]
INFO: [ app_begin ] --START--
INFO: Run Behavior\ReadHtmlCacheBehavior [ RunTime:0.000585s ]
INFO: Run Behavior\CheckLangBehavior [ RunTime:0.001201s ]
INFO: [ app_begin ] --END-- [ RunTime:0.001897s ]
NOTIC: [2048] Declaration of Home\Controller\VipController::show() should be compatible with Think\Controller::show($content, $charset = '', $contentType = '', $prefix = '') D:\Tools\phpStudy\PHPTutorial\WWW\zxk\Application\Home\Controller\VipController.class.php 第 130 行.

[ 2018-11-11T14:19:31+08:00 ] 127.0.0.1 /index.php/home/index/recommendList
INFO: [ app_init ] --START--
INFO: Run Behavior\BuildLiteBehavior [ RunTime:0.000013s ]
INFO: [ app_init ] --END-- [ RunTime:0.000354s ]
INFO: [ app_begin ] --START--
INFO: Run Behavior\ReadHtmlCacheBehavior [ RunTime:0.000680s ]
INFO: Run Behavior\CheckLangBehavior [ RunTime:0.001248s ]
INFO: [ app_begin ] --END-- [ RunTime:0.002078s ]
NOTIC: [8192] mysql_connect(): The mysql extension is deprecated and will be removed in the future: use mysqli or PDO instead D:\Tools\phpStudy\PHPTutorial\WWW\zxk\ThinkPHP\Library\Think\Db\Driver\Mysql.class.php 第 52 行.
SQL: SHOW COLUMNS FROM `pa_task` [ RunTime:0.005246s ]
SQL: SELECT `type_name` FROM `pa_task` WHERE ( is_recommend = 1 ) LIMIT 1   [ RunTime:0.000196s ]
ERR: 1054:Unknown column 'type_name' in 'field list'
 [ SQL语句 ] : SELECT `type_name` FROM `pa_task` WHERE ( is_recommend = 1 ) LIMIT 1  
NOTIC: [8] Undefined variable: type D:\Tools\phpStudy\PHPTutorial\WWW\zxk\Application\Home\Controller\IndexController.class.php 第 28 行.
SQL: SELECT * FROM `pa_task` WHERE ( task_type )  [ RunTime:0.000235s ]

[ 2018-11-11T14:21:25+08:00 ] 127.0.0.1 /index.php/home/Login/login
INFO: [ app_init ] --START--
INFO: Run Behavior\BuildLiteBehavior [ RunTime:0.000013s ]
INFO: [ app_init ] --END-- [ RunTime:0.000319s ]
INFO: [ app_begin ] --START--
INFO: Run Behavior\ReadHtmlCacheBehavior [ RunTime:0.000565s ]
INFO: Run Behavior\CheckLangBehavior [ RunTime:0.000864s ]
INFO: [ app_begin ] --END-- [ RunTime:0.001560s ]
NOTIC: [8] Undefined index: password D:\Tools\phpStudy\PHPTutorial\WWW\zxk\Application\Home\Controller\LoginController.class.php 第 130 行.
NOTIC: [8] Undefined index: tel D:\Tools\phpStudy\PHPTutorial\WWW\zxk\Application\Home\Controller\LoginController.class.php 第 136 行.
NOTIC: [8192] mysql_connect(): The mysql extension is deprecated and will be removed in the future: use mysqli or PDO instead D:\Tools\phpStudy\PHPTutorial\WWW\zxk\ThinkPHP\Library\Think\Db\Driver\Mysql.class.php 第 52 行.
SQL: SHOW COLUMNS FROM `pa_user` [ RunTime:0.005008s ]
SQL: SELECT * FROM `pa_user` WHERE ( tel = "" and password = "d41d8cd98f00b204e9800998ecf8427e" ) LIMIT 1   [ RunTime:0.000365s ]

[ 2018-11-11T14:22:45+08:00 ] 127.0.0.1 /index.php/home/index/index
INFO: [ app_init ] --START--
INFO: Run Behavior\BuildLiteBehavior [ RunTime:0.000029s ]
INFO: [ app_init ] --END-- [ RunTime:0.000567s ]
INFO: [ app_begin ] --START--
INFO: Run Behavior\ReadHtmlCacheBehavior [ RunTime:0.000536s ]
INFO: Run Behavior\CheckLangBehavior [ RunTime:0.000766s ]
INFO: [ app_begin ] --END-- [ RunTime:0.001386s ]
NOTIC: [8] Undefined index: activity_type D:\Tools\phpStudy\PHPTutorial\WWW\zxk\Application\Home\Controller\IndexController.class.php 第 19 行.
NOTIC: [8] Undefined variable: type D:\Tools\phpStudy\PHPTutorial\WWW\zxk\Application\Home\Controller\IndexController.class.php 第 20 行.
NOTIC: [8192] mysql_connect(): The mysql extension is deprecated and will be removed in the future: use mysqli or PDO instead D:\Tools\phpStudy\PHPTutorial\WWW\zxk\ThinkPHP\Library\Think\Db\Driver\Mysql.class.php 第 52 行.
SQL: SHOW COLUMNS FROM `pa_task` [ RunTime:0.004718s ]
SQL: SELECT * FROM `pa_task` WHERE ( activity_type )  [ RunTime:0.000329s ]

[ 2018-11-11T14:24:11+08:00 ] 127.0.0.1 /index.php/home/Vip/wallet
INFO: [ app_init ] --START--
INFO: Run Behavior\BuildLiteBehavior [ RunTime:0.000022s ]
INFO: [ app_init ] --END-- [ RunTime:0.000451s ]
INFO: [ app_begin ] --START--
INFO: Run Behavior\ReadHtmlCacheBehavior [ RunTime:0.000450s ]
INFO: Run Behavior\CheckLangBehavior [ RunTime:0.000629s ]
INFO: [ app_begin ] --END-- [ RunTime:0.001158s ]
NOTIC: [2048] Declaration of Home\Controller\VipController::show() should be compatible with Think\Controller::show($content, $charset = '', $contentType = '', $prefix = '') D:\Tools\phpStudy\PHPTutorial\WWW\zxk\Application\Home\Controller\VipController.class.php 第 130 行.
NOTIC: [8192] mysql_connect(): The mysql extension is deprecated and will be removed in the future: use mysqli or PDO instead D:\Tools\phpStudy\PHPTutorial\WWW\zxk\ThinkPHP\Library\Think\Db\Driver\Mysql.class.php 第 52 行.
SQL: SHOW COLUMNS FROM `pa_user` [ RunTime:0.004821s ]
SQL: SELECT * FROM `pa_user` WHERE ( id ) LIMIT 1   [ RunTime:0.000299s ]
SQL: SHOW COLUMNS FROM `pa_bill` [ RunTime:0.005573s ]
SQL: SELECT SUM(amount) AS tp_sum FROM `pa_bill` WHERE ( add_time < '1541952000' and add_time >'1541865600' and state = 0 and state = 2 and user_id = '1' ) LIMIT 1   [ RunTime:0.002234s ]
SQL: SELECT SUM(amount) AS tp_sum FROM `pa_bill` WHERE ( add_time < '1543593600' and add_time >'1541001600' and state = 0 and state = 2 ) LIMIT 1   [ RunTime:0.000224s ]
SQL: SELECT SUM(amount) AS tp_sum FROM `pa_bill` WHERE ( state = 0 and state = 2 and user_id = '1' ) LIMIT 1   [ RunTime:0.000186s ]
SQL: SELECT SUM(amount) AS tp_sum FROM `pa_bill` WHERE ( state = 1 and user_id = '1' and modify_time > '1541865600' and modify_time < '1541952000' ) LIMIT 1   [ RunTime:0.000659s ]
SQL: SELECT SUM(amount) AS tp_sum FROM `pa_bill` WHERE ( state = 1 and user_id = '1' and modify_time > '1541001600' and modify_time < '1543593600' ) LIMIT 1   [ RunTime:0.000178s ]
SQL: SELECT SUM(amount) AS tp_sum FROM `pa_bill` WHERE ( state = 1 and user_id = '1'  ) LIMIT 1   [ RunTime:0.000145s ]
SQL: SHOW COLUMNS FROM `pa_distribution` [ RunTime:0.005407s ]
SQL: SELECT COUNT(*) AS tp_count FROM `pa_distribution` WHERE ( superior_id ) LIMIT 1   [ RunTime:0.000184s ]
SQL: SELECT * FROM `pa_user` WHERE ( id ) LIMIT 1   [ RunTime:0.000242s ]

[ 2018-11-11T14:24:14+08:00 ] 127.0.0.1 /index.php/home/Vip/wallet
INFO: [ app_init ] --START--
INFO: Run Behavior\BuildLiteBehavior [ RunTime:0.000012s ]
INFO: [ app_init ] --END-- [ RunTime:0.000320s ]
INFO: [ app_begin ] --START--
INFO: Run Behavior\ReadHtmlCacheBehavior [ RunTime:0.000634s ]
INFO: Run Behavior\CheckLangBehavior [ RunTime:0.000951s ]
INFO: [ app_begin ] --END-- [ RunTime:0.001712s ]
NOTIC: [2048] Declaration of Home\Controller\VipController::show() should be compatible with Think\Controller::show($content, $charset = '', $contentType = '', $prefix = '') D:\Tools\phpStudy\PHPTutorial\WWW\zxk\Application\Home\Controller\VipController.class.php 第 130 行.
NOTIC: [8192] mysql_connect(): The mysql extension is deprecated and will be removed in the future: use mysqli or PDO instead D:\Tools\phpStudy\PHPTutorial\WWW\zxk\ThinkPHP\Library\Think\Db\Driver\Mysql.class.php 第 52 行.
SQL: SHOW COLUMNS FROM `pa_user` [ RunTime:0.004918s ]
SQL: SELECT * FROM `pa_user` WHERE ( id ) LIMIT 1   [ RunTime:0.000271s ]
SQL: SHOW COLUMNS FROM `pa_bill` [ RunTime:0.004125s ]
SQL: SELECT SUM(amount) AS tp_sum FROM `pa_bill` WHERE ( add_time < '1541952000' and add_time >'1541865600' and state = 0 and state = 2 and user_id = '1' ) LIMIT 1   [ RunTime:0.000200s ]
SQL: SELECT SUM(amount) AS tp_sum FROM `pa_bill` WHERE ( add_time < '1543593600' and add_time >'1541001600' and state = 0 and state = 2 ) LIMIT 1   [ RunTime:0.000178s ]
SQL: SELECT SUM(amount) AS tp_sum FROM `pa_bill` WHERE ( state = 0 and state = 2 and user_id = '1' ) LIMIT 1   [ RunTime:0.000184s ]
SQL: SELECT SUM(amount) AS tp_sum FROM `pa_bill` WHERE ( state = 1 and user_id = '1' and modify_time > '1541865600' and modify_time < '1541952000' ) LIMIT 1   [ RunTime:0.000193s ]
SQL: SELECT SUM(amount) AS tp_sum FROM `pa_bill` WHERE ( state = 1 and user_id = '1' and modify_time > '1541001600' and modify_time < '1543593600' ) LIMIT 1   [ RunTime:0.000188s ]
SQL: SELECT SUM(amount) AS tp_sum FROM `pa_bill` WHERE ( state = 1 and user_id = '1'  ) LIMIT 1   [ RunTime:0.000169s ]
SQL: SHOW COLUMNS FROM `pa_distribution` [ RunTime:0.004743s ]
SQL: SELECT COUNT(*) AS tp_count FROM `pa_distribution` WHERE ( superior_id ) LIMIT 1   [ RunTime:0.000199s ]
SQL: SELECT * FROM `pa_user` WHERE ( id ) LIMIT 1   [ RunTime:0.000253s ]

